ARM GAS  /tmp/ccArwE02.s 			page 1


   1              		.cpu cortex-m4
   2              		.arch armv7e-m
   3              		.fpu fpv4-sp-d16
   4              		.eabi_attribute 27, 1
   5              		.eabi_attribute 28, 1
   6              		.eabi_attribute 20, 1
   7              		.eabi_attribute 21, 1
   8              		.eabi_attribute 23, 3
   9              		.eabi_attribute 24, 1
  10              		.eabi_attribute 25, 1
  11              		.eabi_attribute 26, 1
  12              		.eabi_attribute 30, 2
  13              		.eabi_attribute 34, 1
  14              		.eabi_attribute 18, 4
  15              		.file	"bsp_buzzer.c"
  16              		.text
  17              	.Ltext0:
  18              		.cfi_sections	.debug_frame
  19              		.section	.text.buzzer_on,"ax",%progbits
  20              		.align	1
  21              		.p2align 2,,3
  22              		.global	buzzer_on
  23              		.syntax unified
  24              		.thumb
  25              		.thumb_func
  27              	buzzer_on:
  28              	.LVL0:
  29              	.LFB235:
  30              		.file 1 "bsp/boards/Src/bsp_buzzer.c"
   1:bsp/boards/Src/bsp_buzzer.c **** #include "bsp_buzzer.h"
   2:bsp/boards/Src/bsp_buzzer.c **** #include "main.h"
   3:bsp/boards/Src/bsp_buzzer.c **** extern TIM_HandleTypeDef htim4;
   4:bsp/boards/Src/bsp_buzzer.c **** void buzzer_on(uint16_t psc, uint16_t pwm)
   5:bsp/boards/Src/bsp_buzzer.c **** {
  31              		.loc 1 5 1 view -0
  32              		.cfi_startproc
  33              		@ args = 0, pretend = 0, frame = 0
  34              		@ frame_needed = 0, uses_anonymous_args = 0
  35              		@ link register save eliminated.
   6:bsp/boards/Src/bsp_buzzer.c ****     __HAL_TIM_PRESCALER(&htim4, psc);
  36              		.loc 1 6 5 view .LVU1
  37 0000 024B     		ldr	r3, .L3
  38 0002 1B68     		ldr	r3, [r3]
  39 0004 9862     		str	r0, [r3, #40]
   7:bsp/boards/Src/bsp_buzzer.c ****     __HAL_TIM_SetCompare(&htim4, TIM_CHANNEL_3, pwm);
  40              		.loc 1 7 5 view .LVU2
  41 0006 D963     		str	r1, [r3, #60]
   8:bsp/boards/Src/bsp_buzzer.c **** 
   9:bsp/boards/Src/bsp_buzzer.c **** }
  42              		.loc 1 9 1 is_stmt 0 view .LVU3
  43 0008 7047     		bx	lr
  44              	.L4:
  45 000a 00BF     		.align	2
  46              	.L3:
  47 000c 00000000 		.word	htim4
  48              		.cfi_endproc
  49              	.LFE235:
ARM GAS  /tmp/ccArwE02.s 			page 2


  51              		.section	.text.buzzer_off,"ax",%progbits
  52              		.align	1
  53              		.p2align 2,,3
  54              		.global	buzzer_off
  55              		.syntax unified
  56              		.thumb
  57              		.thumb_func
  59              	buzzer_off:
  60              	.LFB236:
  10:bsp/boards/Src/bsp_buzzer.c **** void buzzer_off(void)
  11:bsp/boards/Src/bsp_buzzer.c **** {
  61              		.loc 1 11 1 is_stmt 1 view -0
  62              		.cfi_startproc
  63              		@ args = 0, pretend = 0, frame = 0
  64              		@ frame_needed = 0, uses_anonymous_args = 0
  65              		@ link register save eliminated.
  12:bsp/boards/Src/bsp_buzzer.c ****     __HAL_TIM_SetCompare(&htim4, TIM_CHANNEL_3, 0);
  66              		.loc 1 12 5 view .LVU5
  67 0000 024B     		ldr	r3, .L6
  68 0002 1B68     		ldr	r3, [r3]
  69 0004 0022     		movs	r2, #0
  70 0006 DA63     		str	r2, [r3, #60]
  13:bsp/boards/Src/bsp_buzzer.c **** }
  71              		.loc 1 13 1 is_stmt 0 view .LVU6
  72 0008 7047     		bx	lr
  73              	.L7:
  74 000a 00BF     		.align	2
  75              	.L6:
  76 000c 00000000 		.word	htim4
  77              		.cfi_endproc
  78              	.LFE236:
  80              		.text
  81              	.Letext0:
  82              		.file 2 "/opt/gcc-arm-none-eabi-10.3-2021.10/arm-none-eabi/include/machine/_default_types.h"
  83              		.file 3 "/opt/gcc-arm-none-eabi-10.3-2021.10/arm-none-eabi/include/sys/_stdint.h"
  84              		.file 4 "Drivers/CMSIS/Device/ST/STM32F4xx/Include/stm32f407xx.h"
  85              		.file 5 "Drivers/STM32F4xx_HAL_Driver/Inc/stm32f4xx_hal_def.h"
  86              		.file 6 "Drivers/STM32F4xx_HAL_Driver/Inc/stm32f4xx_hal_dma.h"
  87              		.file 7 "Drivers/STM32F4xx_HAL_Driver/Inc/stm32f4xx_hal_tim.h"
ARM GAS  /tmp/ccArwE02.s 			page 3


DEFINED SYMBOLS
                            *ABS*:0000000000000000 bsp_buzzer.c
     /tmp/ccArwE02.s:20     .text.buzzer_on:0000000000000000 $t
     /tmp/ccArwE02.s:27     .text.buzzer_on:0000000000000000 buzzer_on
     /tmp/ccArwE02.s:47     .text.buzzer_on:000000000000000c $d
     /tmp/ccArwE02.s:52     .text.buzzer_off:0000000000000000 $t
     /tmp/ccArwE02.s:59     .text.buzzer_off:0000000000000000 buzzer_off
     /tmp/ccArwE02.s:76     .text.buzzer_off:000000000000000c $d

UNDEFINED SYMBOLS
htim4
