ARM GAS  /tmp/ccWY3YlD.s 			page 1


   1              		.cpu cortex-m4
   2              		.arch armv7e-m
   3              		.fpu fpv4-sp-d16
   4              		.eabi_attribute 27, 1
   5              		.eabi_attribute 28, 1
   6              		.eabi_attribute 20, 1
   7              		.eabi_attribute 21, 1
   8              		.eabi_attribute 23, 3
   9              		.eabi_attribute 24, 1
  10              		.eabi_attribute 25, 1
  11              		.eabi_attribute 26, 1
  12              		.eabi_attribute 30, 2
  13              		.eabi_attribute 34, 1
  14              		.eabi_attribute 18, 4
  15              		.file	"gpio.c"
  16              		.text
  17              	.Ltext0:
  18              		.cfi_sections	.debug_frame
  19              		.section	.text.MX_GPIO_Init,"ax",%progbits
  20              		.align	1
  21              		.p2align 2,,3
  22              		.global	MX_GPIO_Init
  23              		.syntax unified
  24              		.thumb
  25              		.thumb_func
  27              	MX_GPIO_Init:
  28              	.LFB235:
  29              		.file 1 "Core/Src/gpio.c"
   1:Core/Src/gpio.c **** /* USER CODE BEGIN Header */
   2:Core/Src/gpio.c **** /**
   3:Core/Src/gpio.c ****   ******************************************************************************
   4:Core/Src/gpio.c ****   * @file    gpio.c
   5:Core/Src/gpio.c ****   * @brief   This file provides code for the configuration
   6:Core/Src/gpio.c ****   *          of all used GPIO pins.
   7:Core/Src/gpio.c ****   ******************************************************************************
   8:Core/Src/gpio.c ****   * @attention
   9:Core/Src/gpio.c ****   *
  10:Core/Src/gpio.c ****   * Copyright (c) 2022 STMicroelectronics.
  11:Core/Src/gpio.c ****   * All rights reserved.
  12:Core/Src/gpio.c ****   *
  13:Core/Src/gpio.c ****   * This software is licensed under terms that can be found in the LICENSE file
  14:Core/Src/gpio.c ****   * in the root directory of this software component.
  15:Core/Src/gpio.c ****   * If no LICENSE file comes with this software, it is provided AS-IS.
  16:Core/Src/gpio.c ****   *
  17:Core/Src/gpio.c ****   ******************************************************************************
  18:Core/Src/gpio.c ****   */
  19:Core/Src/gpio.c **** /* USER CODE END Header */
  20:Core/Src/gpio.c **** 
  21:Core/Src/gpio.c **** /* Includes ------------------------------------------------------------------*/
  22:Core/Src/gpio.c **** #include "gpio.h"
  23:Core/Src/gpio.c **** 
  24:Core/Src/gpio.c **** /* USER CODE BEGIN 0 */
  25:Core/Src/gpio.c **** 
  26:Core/Src/gpio.c **** /* USER CODE END 0 */
  27:Core/Src/gpio.c **** 
  28:Core/Src/gpio.c **** /*----------------------------------------------------------------------------*/
  29:Core/Src/gpio.c **** /* Configure GPIO                                                             */
ARM GAS  /tmp/ccWY3YlD.s 			page 2


  30:Core/Src/gpio.c **** /*----------------------------------------------------------------------------*/
  31:Core/Src/gpio.c **** /* USER CODE BEGIN 1 */
  32:Core/Src/gpio.c **** 
  33:Core/Src/gpio.c **** /* USER CODE END 1 */
  34:Core/Src/gpio.c **** 
  35:Core/Src/gpio.c **** /** Configure pins as
  36:Core/Src/gpio.c ****         * Analog
  37:Core/Src/gpio.c ****         * Input
  38:Core/Src/gpio.c ****         * Output
  39:Core/Src/gpio.c ****         * EVENT_OUT
  40:Core/Src/gpio.c ****         * EXTI
  41:Core/Src/gpio.c **** */
  42:Core/Src/gpio.c **** void MX_GPIO_Init(void)
  43:Core/Src/gpio.c **** {
  30              		.loc 1 43 1 view -0
  31              		.cfi_startproc
  32              		@ args = 0, pretend = 0, frame = 56
  33              		@ frame_needed = 0, uses_anonymous_args = 0
  44:Core/Src/gpio.c **** 
  45:Core/Src/gpio.c ****   GPIO_InitTypeDef GPIO_InitStruct = {0};
  34              		.loc 1 45 3 view .LVU1
  43:Core/Src/gpio.c **** 
  35              		.loc 1 43 1 is_stmt 0 view .LVU2
  36 0000 2DE9F047 		push	{r4, r5, r6, r7, r8, r9, r10, lr}
  37              		.cfi_def_cfa_offset 32
  38              		.cfi_offset 4, -32
  39              		.cfi_offset 5, -28
  40              		.cfi_offset 6, -24
  41              		.cfi_offset 7, -20
  42              		.cfi_offset 8, -16
  43              		.cfi_offset 9, -12
  44              		.cfi_offset 10, -8
  45              		.cfi_offset 14, -4
  46              		.loc 1 45 20 view .LVU3
  47 0004 0024     		movs	r4, #0
  43:Core/Src/gpio.c **** 
  48              		.loc 1 43 1 view .LVU4
  49 0006 8EB0     		sub	sp, sp, #56
  50              		.cfi_def_cfa_offset 88
  51              		.loc 1 45 20 view .LVU5
  52 0008 CDE90944 		strd	r4, r4, [sp, #36]
  53 000c CDE90B44 		strd	r4, r4, [sp, #44]
  54              	.LBB2:
  46:Core/Src/gpio.c **** 
  47:Core/Src/gpio.c ****   /* GPIO Ports Clock Enable */
  48:Core/Src/gpio.c ****   __HAL_RCC_GPIOB_CLK_ENABLE();
  55              		.loc 1 48 3 view .LVU6
  56 0010 734B     		ldr	r3, .L4
  57 0012 0094     		str	r4, [sp]
  58              	.LBE2:
  45:Core/Src/gpio.c **** 
  59              		.loc 1 45 20 view .LVU7
  60 0014 0D94     		str	r4, [sp, #52]
  61              		.loc 1 48 3 is_stmt 1 view .LVU8
  62              	.LBB3:
  63              		.loc 1 48 3 view .LVU9
  64              		.loc 1 48 3 view .LVU10
ARM GAS  /tmp/ccWY3YlD.s 			page 3


  65 0016 1A6B     		ldr	r2, [r3, #48]
  66              	.LBE3:
  49:Core/Src/gpio.c ****   __HAL_RCC_GPIOG_CLK_ENABLE();
  50:Core/Src/gpio.c ****   __HAL_RCC_GPIOA_CLK_ENABLE();
  51:Core/Src/gpio.c ****   __HAL_RCC_GPIOD_CLK_ENABLE();
  52:Core/Src/gpio.c ****   __HAL_RCC_GPIOC_CLK_ENABLE();
  53:Core/Src/gpio.c ****   __HAL_RCC_GPIOI_CLK_ENABLE();
  54:Core/Src/gpio.c ****   __HAL_RCC_GPIOF_CLK_ENABLE();
  55:Core/Src/gpio.c ****   __HAL_RCC_GPIOH_CLK_ENABLE();
  56:Core/Src/gpio.c ****   __HAL_RCC_GPIOE_CLK_ENABLE();
  57:Core/Src/gpio.c **** 
  58:Core/Src/gpio.c ****   /*Configure GPIO pin Output Level */
  59:Core/Src/gpio.c ****   HAL_GPIO_WritePin(RSTN_IST8310_GPIO_Port, RSTN_IST8310_Pin, GPIO_PIN_SET);
  67              		.loc 1 59 3 is_stmt 0 view .LVU11
  68 0018 724E     		ldr	r6, .L4+4
  60:Core/Src/gpio.c **** 
  61:Core/Src/gpio.c ****   /*Configure GPIO pin Output Level */
  62:Core/Src/gpio.c ****   HAL_GPIO_WritePin(CS1_ACCEL_GPIO_Port, CS1_ACCEL_Pin, GPIO_PIN_SET);
  69              		.loc 1 62 3 view .LVU12
  70 001a DFF8D481 		ldr	r8, .L4+16
  63:Core/Src/gpio.c **** 
  64:Core/Src/gpio.c ****   /*Configure GPIO pin Output Level */
  65:Core/Src/gpio.c ****   HAL_GPIO_WritePin(GPIOB, SPI2_CS_Pin|CS1_GYRO_Pin, GPIO_PIN_SET);
  71              		.loc 1 65 3 view .LVU13
  72 001e 724F     		ldr	r7, .L4+8
  66:Core/Src/gpio.c **** 
  67:Core/Src/gpio.c ****   /*Configure GPIO pin : PtPin */
  68:Core/Src/gpio.c ****   GPIO_InitStruct.Pin = BUTTON_TRIG_Pin;
  69:Core/Src/gpio.c ****   GPIO_InitStruct.Mode = GPIO_MODE_INPUT;
  70:Core/Src/gpio.c ****   GPIO_InitStruct.Pull = GPIO_PULLUP;
  71:Core/Src/gpio.c ****   HAL_GPIO_Init(BUTTON_TRIG_GPIO_Port, &GPIO_InitStruct);
  72:Core/Src/gpio.c **** 
  73:Core/Src/gpio.c ****   /*Configure GPIO pin : PtPin */
  74:Core/Src/gpio.c ****   GPIO_InitStruct.Pin = RSTN_IST8310_Pin;
  75:Core/Src/gpio.c ****   GPIO_InitStruct.Mode = GPIO_MODE_OUTPUT_PP;
  76:Core/Src/gpio.c ****   GPIO_InitStruct.Pull = GPIO_PULLUP;
  77:Core/Src/gpio.c ****   GPIO_InitStruct.Speed = GPIO_SPEED_FREQ_MEDIUM;
  78:Core/Src/gpio.c ****   HAL_GPIO_Init(RSTN_IST8310_GPIO_Port, &GPIO_InitStruct);
  79:Core/Src/gpio.c **** 
  80:Core/Src/gpio.c ****   /*Configure GPIO pins : PGPin PG0 */
  81:Core/Src/gpio.c ****   GPIO_InitStruct.Pin = DRDY_IST8310_Pin|GPIO_PIN_0;
  82:Core/Src/gpio.c ****   GPIO_InitStruct.Mode = GPIO_MODE_IT_FALLING;
  83:Core/Src/gpio.c ****   GPIO_InitStruct.Pull = GPIO_PULLUP;
  84:Core/Src/gpio.c ****   HAL_GPIO_Init(GPIOG, &GPIO_InitStruct);
  85:Core/Src/gpio.c **** 
  86:Core/Src/gpio.c ****   /*Configure GPIO pins : PCPin PCPin PCPin */
  87:Core/Src/gpio.c ****   GPIO_InitStruct.Pin = HW0_Pin|HW1_Pin|HW2_Pin;
  88:Core/Src/gpio.c ****   GPIO_InitStruct.Mode = GPIO_MODE_INPUT;
  89:Core/Src/gpio.c ****   GPIO_InitStruct.Pull = GPIO_NOPULL;
  90:Core/Src/gpio.c ****   HAL_GPIO_Init(GPIOC, &GPIO_InitStruct);
  73              		.loc 1 90 3 view .LVU14
  74 0020 DFF8D091 		ldr	r9, .L4+20
  75              	.LBB4:
  48:Core/Src/gpio.c ****   __HAL_RCC_GPIOG_CLK_ENABLE();
  76              		.loc 1 48 3 view .LVU15
  77 0024 42F00202 		orr	r2, r2, #2
  78 0028 1A63     		str	r2, [r3, #48]
ARM GAS  /tmp/ccWY3YlD.s 			page 4


  48:Core/Src/gpio.c ****   __HAL_RCC_GPIOG_CLK_ENABLE();
  79              		.loc 1 48 3 is_stmt 1 view .LVU16
  80 002a 1A6B     		ldr	r2, [r3, #48]
  81 002c 02F00202 		and	r2, r2, #2
  82 0030 0092     		str	r2, [sp]
  48:Core/Src/gpio.c ****   __HAL_RCC_GPIOG_CLK_ENABLE();
  83              		.loc 1 48 3 view .LVU17
  84 0032 009A     		ldr	r2, [sp]
  85              	.LBE4:
  48:Core/Src/gpio.c ****   __HAL_RCC_GPIOG_CLK_ENABLE();
  86              		.loc 1 48 3 view .LVU18
  49:Core/Src/gpio.c ****   __HAL_RCC_GPIOA_CLK_ENABLE();
  87              		.loc 1 49 3 view .LVU19
  88              	.LBB5:
  49:Core/Src/gpio.c ****   __HAL_RCC_GPIOA_CLK_ENABLE();
  89              		.loc 1 49 3 view .LVU20
  90 0034 0194     		str	r4, [sp, #4]
  49:Core/Src/gpio.c ****   __HAL_RCC_GPIOA_CLK_ENABLE();
  91              		.loc 1 49 3 view .LVU21
  92 0036 1A6B     		ldr	r2, [r3, #48]
  93 0038 42F04002 		orr	r2, r2, #64
  94 003c 1A63     		str	r2, [r3, #48]
  49:Core/Src/gpio.c ****   __HAL_RCC_GPIOA_CLK_ENABLE();
  95              		.loc 1 49 3 view .LVU22
  96 003e 1A6B     		ldr	r2, [r3, #48]
  97 0040 02F04002 		and	r2, r2, #64
  98 0044 0192     		str	r2, [sp, #4]
  49:Core/Src/gpio.c ****   __HAL_RCC_GPIOA_CLK_ENABLE();
  99              		.loc 1 49 3 view .LVU23
 100 0046 019A     		ldr	r2, [sp, #4]
 101              	.LBE5:
  49:Core/Src/gpio.c ****   __HAL_RCC_GPIOA_CLK_ENABLE();
 102              		.loc 1 49 3 view .LVU24
  50:Core/Src/gpio.c ****   __HAL_RCC_GPIOD_CLK_ENABLE();
 103              		.loc 1 50 3 view .LVU25
 104              	.LBB6:
  50:Core/Src/gpio.c ****   __HAL_RCC_GPIOD_CLK_ENABLE();
 105              		.loc 1 50 3 view .LVU26
 106 0048 0294     		str	r4, [sp, #8]
  50:Core/Src/gpio.c ****   __HAL_RCC_GPIOD_CLK_ENABLE();
 107              		.loc 1 50 3 view .LVU27
 108 004a 1A6B     		ldr	r2, [r3, #48]
 109 004c 42F00102 		orr	r2, r2, #1
 110 0050 1A63     		str	r2, [r3, #48]
  50:Core/Src/gpio.c ****   __HAL_RCC_GPIOD_CLK_ENABLE();
 111              		.loc 1 50 3 view .LVU28
 112 0052 1A6B     		ldr	r2, [r3, #48]
 113 0054 02F00102 		and	r2, r2, #1
 114 0058 0292     		str	r2, [sp, #8]
  50:Core/Src/gpio.c ****   __HAL_RCC_GPIOD_CLK_ENABLE();
 115              		.loc 1 50 3 view .LVU29
 116 005a 029A     		ldr	r2, [sp, #8]
 117              	.LBE6:
  50:Core/Src/gpio.c ****   __HAL_RCC_GPIOD_CLK_ENABLE();
 118              		.loc 1 50 3 view .LVU30
  51:Core/Src/gpio.c ****   __HAL_RCC_GPIOC_CLK_ENABLE();
 119              		.loc 1 51 3 view .LVU31
ARM GAS  /tmp/ccWY3YlD.s 			page 5


 120              	.LBB7:
  51:Core/Src/gpio.c ****   __HAL_RCC_GPIOC_CLK_ENABLE();
 121              		.loc 1 51 3 view .LVU32
 122 005c 0394     		str	r4, [sp, #12]
  51:Core/Src/gpio.c ****   __HAL_RCC_GPIOC_CLK_ENABLE();
 123              		.loc 1 51 3 view .LVU33
 124 005e 1A6B     		ldr	r2, [r3, #48]
 125 0060 42F00802 		orr	r2, r2, #8
 126 0064 1A63     		str	r2, [r3, #48]
  51:Core/Src/gpio.c ****   __HAL_RCC_GPIOC_CLK_ENABLE();
 127              		.loc 1 51 3 view .LVU34
 128 0066 1A6B     		ldr	r2, [r3, #48]
 129 0068 02F00802 		and	r2, r2, #8
 130 006c 0392     		str	r2, [sp, #12]
  51:Core/Src/gpio.c ****   __HAL_RCC_GPIOC_CLK_ENABLE();
 131              		.loc 1 51 3 view .LVU35
 132 006e 039A     		ldr	r2, [sp, #12]
 133              	.LBE7:
  51:Core/Src/gpio.c ****   __HAL_RCC_GPIOC_CLK_ENABLE();
 134              		.loc 1 51 3 view .LVU36
  52:Core/Src/gpio.c ****   __HAL_RCC_GPIOI_CLK_ENABLE();
 135              		.loc 1 52 3 view .LVU37
 136              	.LBB8:
  52:Core/Src/gpio.c ****   __HAL_RCC_GPIOI_CLK_ENABLE();
 137              		.loc 1 52 3 view .LVU38
 138 0070 0494     		str	r4, [sp, #16]
  52:Core/Src/gpio.c ****   __HAL_RCC_GPIOI_CLK_ENABLE();
 139              		.loc 1 52 3 view .LVU39
 140 0072 1A6B     		ldr	r2, [r3, #48]
 141 0074 42F00402 		orr	r2, r2, #4
 142 0078 1A63     		str	r2, [r3, #48]
  52:Core/Src/gpio.c ****   __HAL_RCC_GPIOI_CLK_ENABLE();
 143              		.loc 1 52 3 view .LVU40
 144 007a 1A6B     		ldr	r2, [r3, #48]
 145 007c 02F00402 		and	r2, r2, #4
 146 0080 0492     		str	r2, [sp, #16]
  52:Core/Src/gpio.c ****   __HAL_RCC_GPIOI_CLK_ENABLE();
 147              		.loc 1 52 3 view .LVU41
 148 0082 049A     		ldr	r2, [sp, #16]
 149              	.LBE8:
  52:Core/Src/gpio.c ****   __HAL_RCC_GPIOI_CLK_ENABLE();
 150              		.loc 1 52 3 view .LVU42
  53:Core/Src/gpio.c ****   __HAL_RCC_GPIOF_CLK_ENABLE();
 151              		.loc 1 53 3 view .LVU43
 152              	.LBB9:
  53:Core/Src/gpio.c ****   __HAL_RCC_GPIOF_CLK_ENABLE();
 153              		.loc 1 53 3 view .LVU44
 154 0084 0594     		str	r4, [sp, #20]
  53:Core/Src/gpio.c ****   __HAL_RCC_GPIOF_CLK_ENABLE();
 155              		.loc 1 53 3 view .LVU45
 156 0086 1A6B     		ldr	r2, [r3, #48]
 157 0088 42F48072 		orr	r2, r2, #256
 158 008c 1A63     		str	r2, [r3, #48]
  53:Core/Src/gpio.c ****   __HAL_RCC_GPIOF_CLK_ENABLE();
 159              		.loc 1 53 3 view .LVU46
 160 008e 1A6B     		ldr	r2, [r3, #48]
 161 0090 02F48072 		and	r2, r2, #256
ARM GAS  /tmp/ccWY3YlD.s 			page 6


 162 0094 0592     		str	r2, [sp, #20]
  53:Core/Src/gpio.c ****   __HAL_RCC_GPIOF_CLK_ENABLE();
 163              		.loc 1 53 3 view .LVU47
 164 0096 059A     		ldr	r2, [sp, #20]
 165              	.LBE9:
  53:Core/Src/gpio.c ****   __HAL_RCC_GPIOF_CLK_ENABLE();
 166              		.loc 1 53 3 view .LVU48
  54:Core/Src/gpio.c ****   __HAL_RCC_GPIOH_CLK_ENABLE();
 167              		.loc 1 54 3 view .LVU49
 168              	.LBB10:
  54:Core/Src/gpio.c ****   __HAL_RCC_GPIOH_CLK_ENABLE();
 169              		.loc 1 54 3 view .LVU50
 170 0098 0694     		str	r4, [sp, #24]
  54:Core/Src/gpio.c ****   __HAL_RCC_GPIOH_CLK_ENABLE();
 171              		.loc 1 54 3 view .LVU51
 172 009a 1A6B     		ldr	r2, [r3, #48]
 173 009c 42F02002 		orr	r2, r2, #32
 174 00a0 1A63     		str	r2, [r3, #48]
  54:Core/Src/gpio.c ****   __HAL_RCC_GPIOH_CLK_ENABLE();
 175              		.loc 1 54 3 view .LVU52
 176 00a2 1A6B     		ldr	r2, [r3, #48]
 177 00a4 02F02002 		and	r2, r2, #32
 178 00a8 0692     		str	r2, [sp, #24]
  54:Core/Src/gpio.c ****   __HAL_RCC_GPIOH_CLK_ENABLE();
 179              		.loc 1 54 3 view .LVU53
 180 00aa 069A     		ldr	r2, [sp, #24]
 181              	.LBE10:
  54:Core/Src/gpio.c ****   __HAL_RCC_GPIOH_CLK_ENABLE();
 182              		.loc 1 54 3 view .LVU54
  55:Core/Src/gpio.c ****   __HAL_RCC_GPIOE_CLK_ENABLE();
 183              		.loc 1 55 3 view .LVU55
 184              	.LBB11:
  55:Core/Src/gpio.c ****   __HAL_RCC_GPIOE_CLK_ENABLE();
 185              		.loc 1 55 3 view .LVU56
 186 00ac 0794     		str	r4, [sp, #28]
  55:Core/Src/gpio.c ****   __HAL_RCC_GPIOE_CLK_ENABLE();
 187              		.loc 1 55 3 view .LVU57
 188 00ae 1A6B     		ldr	r2, [r3, #48]
 189 00b0 42F08002 		orr	r2, r2, #128
 190 00b4 1A63     		str	r2, [r3, #48]
  55:Core/Src/gpio.c ****   __HAL_RCC_GPIOE_CLK_ENABLE();
 191              		.loc 1 55 3 view .LVU58
 192 00b6 1A6B     		ldr	r2, [r3, #48]
 193 00b8 02F08002 		and	r2, r2, #128
 194 00bc 0792     		str	r2, [sp, #28]
  55:Core/Src/gpio.c ****   __HAL_RCC_GPIOE_CLK_ENABLE();
 195              		.loc 1 55 3 view .LVU59
 196 00be 079A     		ldr	r2, [sp, #28]
 197              	.LBE11:
  55:Core/Src/gpio.c ****   __HAL_RCC_GPIOE_CLK_ENABLE();
 198              		.loc 1 55 3 view .LVU60
  56:Core/Src/gpio.c **** 
 199              		.loc 1 56 3 view .LVU61
 200              	.LBB12:
  56:Core/Src/gpio.c **** 
 201              		.loc 1 56 3 view .LVU62
 202 00c0 0894     		str	r4, [sp, #32]
ARM GAS  /tmp/ccWY3YlD.s 			page 7


  56:Core/Src/gpio.c **** 
 203              		.loc 1 56 3 view .LVU63
 204 00c2 1A6B     		ldr	r2, [r3, #48]
 205 00c4 42F01002 		orr	r2, r2, #16
 206 00c8 1A63     		str	r2, [r3, #48]
  56:Core/Src/gpio.c **** 
 207              		.loc 1 56 3 view .LVU64
 208 00ca 1B6B     		ldr	r3, [r3, #48]
 209 00cc 03F01003 		and	r3, r3, #16
 210 00d0 0893     		str	r3, [sp, #32]
  56:Core/Src/gpio.c **** 
 211              		.loc 1 56 3 view .LVU65
 212              	.LBE12:
  59:Core/Src/gpio.c **** 
 213              		.loc 1 59 3 is_stmt 0 view .LVU66
 214 00d2 3046     		mov	r0, r6
 215 00d4 0122     		movs	r2, #1
 216 00d6 4021     		movs	r1, #64
 217              	.LBB13:
  56:Core/Src/gpio.c **** 
 218              		.loc 1 56 3 view .LVU67
 219 00d8 089B     		ldr	r3, [sp, #32]
 220              	.LBE13:
  56:Core/Src/gpio.c **** 
 221              		.loc 1 56 3 is_stmt 1 view .LVU68
  59:Core/Src/gpio.c **** 
 222              		.loc 1 59 3 view .LVU69
 223 00da FFF7FEFF 		bl	HAL_GPIO_WritePin
 224              	.LVL0:
  62:Core/Src/gpio.c **** 
 225              		.loc 1 62 3 view .LVU70
 226 00de 4046     		mov	r0, r8
 227 00e0 0122     		movs	r2, #1
 228 00e2 1021     		movs	r1, #16
 229 00e4 FFF7FEFF 		bl	HAL_GPIO_WritePin
 230              	.LVL1:
  65:Core/Src/gpio.c **** 
 231              		.loc 1 65 3 view .LVU71
 232 00e8 0122     		movs	r2, #1
 233 00ea 3846     		mov	r0, r7
 234 00ec 41F20101 		movw	r1, #4097
 235 00f0 FFF7FEFF 		bl	HAL_GPIO_WritePin
 236              	.LVL2:
  68:Core/Src/gpio.c ****   GPIO_InitStruct.Mode = GPIO_MODE_INPUT;
 237              		.loc 1 68 3 view .LVU72
  70:Core/Src/gpio.c ****   HAL_GPIO_Init(BUTTON_TRIG_GPIO_Port, &GPIO_InitStruct);
 238              		.loc 1 70 24 is_stmt 0 view .LVU73
 239 00f4 0125     		movs	r5, #1
  71:Core/Src/gpio.c **** 
 240              		.loc 1 71 3 view .LVU74
 241 00f6 09A9     		add	r1, sp, #36
  68:Core/Src/gpio.c ****   GPIO_InitStruct.Mode = GPIO_MODE_INPUT;
 242              		.loc 1 68 23 view .LVU75
 243 00f8 8023     		movs	r3, #128
  71:Core/Src/gpio.c **** 
 244              		.loc 1 71 3 view .LVU76
 245 00fa 3C48     		ldr	r0, .L4+12
ARM GAS  /tmp/ccWY3YlD.s 			page 8


  68:Core/Src/gpio.c ****   GPIO_InitStruct.Mode = GPIO_MODE_INPUT;
 246              		.loc 1 68 23 view .LVU77
 247 00fc 0993     		str	r3, [sp, #36]
  69:Core/Src/gpio.c ****   GPIO_InitStruct.Pull = GPIO_PULLUP;
 248              		.loc 1 69 3 is_stmt 1 view .LVU78
  70:Core/Src/gpio.c ****   HAL_GPIO_Init(BUTTON_TRIG_GPIO_Port, &GPIO_InitStruct);
 249              		.loc 1 70 3 view .LVU79
  71:Core/Src/gpio.c **** 
 250              		.loc 1 71 3 view .LVU80
  69:Core/Src/gpio.c ****   GPIO_InitStruct.Pull = GPIO_PULLUP;
 251              		.loc 1 69 24 is_stmt 0 view .LVU81
 252 00fe 0A94     		str	r4, [sp, #40]
  70:Core/Src/gpio.c ****   HAL_GPIO_Init(BUTTON_TRIG_GPIO_Port, &GPIO_InitStruct);
 253              		.loc 1 70 24 view .LVU82
 254 0100 0B95     		str	r5, [sp, #44]
  71:Core/Src/gpio.c **** 
 255              		.loc 1 71 3 view .LVU83
 256 0102 FFF7FEFF 		bl	HAL_GPIO_Init
 257              	.LVL3:
  74:Core/Src/gpio.c ****   GPIO_InitStruct.Mode = GPIO_MODE_OUTPUT_PP;
 258              		.loc 1 74 3 is_stmt 1 view .LVU84
  74:Core/Src/gpio.c ****   GPIO_InitStruct.Mode = GPIO_MODE_OUTPUT_PP;
 259              		.loc 1 74 23 is_stmt 0 view .LVU85
 260 0106 4023     		movs	r3, #64
  78:Core/Src/gpio.c **** 
 261              		.loc 1 78 3 view .LVU86
 262 0108 09A9     		add	r1, sp, #36
 263 010a 3046     		mov	r0, r6
  74:Core/Src/gpio.c ****   GPIO_InitStruct.Mode = GPIO_MODE_OUTPUT_PP;
 264              		.loc 1 74 23 view .LVU87
 265 010c 0993     		str	r3, [sp, #36]
  75:Core/Src/gpio.c ****   GPIO_InitStruct.Pull = GPIO_PULLUP;
 266              		.loc 1 75 3 is_stmt 1 view .LVU88
  76:Core/Src/gpio.c ****   GPIO_InitStruct.Speed = GPIO_SPEED_FREQ_MEDIUM;
 267              		.loc 1 76 3 view .LVU89
  77:Core/Src/gpio.c ****   HAL_GPIO_Init(RSTN_IST8310_GPIO_Port, &GPIO_InitStruct);
 268              		.loc 1 77 3 view .LVU90
  78:Core/Src/gpio.c **** 
 269              		.loc 1 78 3 view .LVU91
  82:Core/Src/gpio.c ****   GPIO_InitStruct.Pull = GPIO_PULLUP;
 270              		.loc 1 82 24 is_stmt 0 view .LVU92
 271 010e 4FF4041A 		mov	r10, #2162688
  76:Core/Src/gpio.c ****   GPIO_InitStruct.Speed = GPIO_SPEED_FREQ_MEDIUM;
 272              		.loc 1 76 24 view .LVU93
 273 0112 CDE90A55 		strd	r5, r5, [sp, #40]
  77:Core/Src/gpio.c ****   HAL_GPIO_Init(RSTN_IST8310_GPIO_Port, &GPIO_InitStruct);
 274              		.loc 1 77 25 view .LVU94
 275 0116 0C95     		str	r5, [sp, #48]
  78:Core/Src/gpio.c **** 
 276              		.loc 1 78 3 view .LVU95
 277 0118 FFF7FEFF 		bl	HAL_GPIO_Init
 278              	.LVL4:
  81:Core/Src/gpio.c ****   GPIO_InitStruct.Mode = GPIO_MODE_IT_FALLING;
 279              		.loc 1 81 3 is_stmt 1 view .LVU96
  84:Core/Src/gpio.c **** 
 280              		.loc 1 84 3 is_stmt 0 view .LVU97
 281 011c 3046     		mov	r0, r6
ARM GAS  /tmp/ccWY3YlD.s 			page 9


 282 011e 09A9     		add	r1, sp, #36
  82:Core/Src/gpio.c ****   GPIO_InitStruct.Pull = GPIO_PULLUP;
 283              		.loc 1 82 24 view .LVU98
 284 0120 0926     		movs	r6, #9
 285 0122 CDE9096A 		strd	r6, r10, [sp, #36]
  83:Core/Src/gpio.c ****   HAL_GPIO_Init(GPIOG, &GPIO_InitStruct);
 286              		.loc 1 83 3 is_stmt 1 view .LVU99
  84:Core/Src/gpio.c **** 
 287              		.loc 1 84 3 view .LVU100
  83:Core/Src/gpio.c ****   HAL_GPIO_Init(GPIOG, &GPIO_InitStruct);
 288              		.loc 1 83 24 is_stmt 0 view .LVU101
 289 0126 0B95     		str	r5, [sp, #44]
  84:Core/Src/gpio.c **** 
 290              		.loc 1 84 3 view .LVU102
 291 0128 FFF7FEFF 		bl	HAL_GPIO_Init
 292              	.LVL5:
  87:Core/Src/gpio.c ****   GPIO_InitStruct.Mode = GPIO_MODE_INPUT;
 293              		.loc 1 87 3 is_stmt 1 view .LVU103
  87:Core/Src/gpio.c ****   GPIO_InitStruct.Mode = GPIO_MODE_INPUT;
 294              		.loc 1 87 23 is_stmt 0 view .LVU104
 295 012c 0723     		movs	r3, #7
 296              		.loc 1 90 3 view .LVU105
 297 012e 09A9     		add	r1, sp, #36
 298 0130 4846     		mov	r0, r9
  87:Core/Src/gpio.c ****   GPIO_InitStruct.Mode = GPIO_MODE_INPUT;
 299              		.loc 1 87 23 view .LVU106
 300 0132 0993     		str	r3, [sp, #36]
  88:Core/Src/gpio.c ****   GPIO_InitStruct.Pull = GPIO_NOPULL;
 301              		.loc 1 88 3 is_stmt 1 view .LVU107
  89:Core/Src/gpio.c ****   HAL_GPIO_Init(GPIOC, &GPIO_InitStruct);
 302              		.loc 1 89 3 view .LVU108
 303              		.loc 1 90 3 view .LVU109
  89:Core/Src/gpio.c ****   HAL_GPIO_Init(GPIOC, &GPIO_InitStruct);
 304              		.loc 1 89 24 is_stmt 0 view .LVU110
 305 0134 CDE90A44 		strd	r4, r4, [sp, #40]
 306              		.loc 1 90 3 view .LVU111
 307 0138 FFF7FEFF 		bl	HAL_GPIO_Init
 308              	.LVL6:
  91:Core/Src/gpio.c **** 
  92:Core/Src/gpio.c ****   /*Configure GPIO pin : PtPin */
  93:Core/Src/gpio.c ****   GPIO_InitStruct.Pin = KEY_Pin;
 309              		.loc 1 93 3 is_stmt 1 view .LVU112
  94:Core/Src/gpio.c ****   GPIO_InitStruct.Mode = GPIO_MODE_INPUT;
  95:Core/Src/gpio.c ****   GPIO_InitStruct.Pull = GPIO_PULLUP;
  96:Core/Src/gpio.c ****   HAL_GPIO_Init(KEY_GPIO_Port, &GPIO_InitStruct);
 310              		.loc 1 96 3 is_stmt 0 view .LVU113
 311 013c 09A9     		add	r1, sp, #36
 312 013e 4046     		mov	r0, r8
  94:Core/Src/gpio.c ****   GPIO_InitStruct.Mode = GPIO_MODE_INPUT;
 313              		.loc 1 94 24 view .LVU114
 314 0140 CDE90954 		strd	r5, r4, [sp, #36]
  95:Core/Src/gpio.c ****   HAL_GPIO_Init(KEY_GPIO_Port, &GPIO_InitStruct);
 315              		.loc 1 95 3 is_stmt 1 view .LVU115
  95:Core/Src/gpio.c ****   HAL_GPIO_Init(KEY_GPIO_Port, &GPIO_InitStruct);
 316              		.loc 1 95 24 is_stmt 0 view .LVU116
 317 0144 0B95     		str	r5, [sp, #44]
 318              		.loc 1 96 3 is_stmt 1 view .LVU117
ARM GAS  /tmp/ccWY3YlD.s 			page 10


 319 0146 FFF7FEFF 		bl	HAL_GPIO_Init
 320              	.LVL7:
  97:Core/Src/gpio.c **** 
  98:Core/Src/gpio.c ****   /*Configure GPIO pin : PtPin */
  99:Core/Src/gpio.c ****   GPIO_InitStruct.Pin = CS1_ACCEL_Pin;
 321              		.loc 1 99 3 view .LVU118
 100:Core/Src/gpio.c ****   GPIO_InitStruct.Mode = GPIO_MODE_OUTPUT_PP;
 101:Core/Src/gpio.c ****   GPIO_InitStruct.Pull = GPIO_PULLUP;
 102:Core/Src/gpio.c ****   GPIO_InitStruct.Speed = GPIO_SPEED_FREQ_HIGH;
 103:Core/Src/gpio.c ****   HAL_GPIO_Init(CS1_ACCEL_GPIO_Port, &GPIO_InitStruct);
 322              		.loc 1 103 3 is_stmt 0 view .LVU119
 323 014a 4046     		mov	r0, r8
 324 014c 09A9     		add	r1, sp, #36
 102:Core/Src/gpio.c ****   HAL_GPIO_Init(CS1_ACCEL_GPIO_Port, &GPIO_InitStruct);
 325              		.loc 1 102 25 view .LVU120
 326 014e 4FF00208 		mov	r8, #2
  99:Core/Src/gpio.c ****   GPIO_InitStruct.Mode = GPIO_MODE_OUTPUT_PP;
 327              		.loc 1 99 23 view .LVU121
 328 0152 1023     		movs	r3, #16
 329 0154 0993     		str	r3, [sp, #36]
 100:Core/Src/gpio.c ****   GPIO_InitStruct.Mode = GPIO_MODE_OUTPUT_PP;
 330              		.loc 1 100 3 is_stmt 1 view .LVU122
 101:Core/Src/gpio.c ****   GPIO_InitStruct.Speed = GPIO_SPEED_FREQ_HIGH;
 331              		.loc 1 101 3 view .LVU123
 102:Core/Src/gpio.c ****   HAL_GPIO_Init(CS1_ACCEL_GPIO_Port, &GPIO_InitStruct);
 332              		.loc 1 102 3 view .LVU124
 333              		.loc 1 103 3 view .LVU125
 101:Core/Src/gpio.c ****   GPIO_InitStruct.Speed = GPIO_SPEED_FREQ_HIGH;
 334              		.loc 1 101 24 is_stmt 0 view .LVU126
 335 0156 CDE90A55 		strd	r5, r5, [sp, #40]
 102:Core/Src/gpio.c ****   HAL_GPIO_Init(CS1_ACCEL_GPIO_Port, &GPIO_InitStruct);
 336              		.loc 1 102 25 view .LVU127
 337 015a CDF83080 		str	r8, [sp, #48]
 338              		.loc 1 103 3 view .LVU128
 339 015e FFF7FEFF 		bl	HAL_GPIO_Init
 340              	.LVL8:
 104:Core/Src/gpio.c **** 
 105:Core/Src/gpio.c ****   /*Configure GPIO pins : PCPin PCPin */
 106:Core/Src/gpio.c ****   GPIO_InitStruct.Pin = INT1_ACCEL_Pin|INT1_GYRO_Pin;
 341              		.loc 1 106 3 is_stmt 1 view .LVU129
 107:Core/Src/gpio.c ****   GPIO_InitStruct.Mode = GPIO_MODE_IT_FALLING;
 108:Core/Src/gpio.c ****   GPIO_InitStruct.Pull = GPIO_PULLUP;
 109:Core/Src/gpio.c ****   HAL_GPIO_Init(GPIOC, &GPIO_InitStruct);
 342              		.loc 1 109 3 is_stmt 0 view .LVU130
 343 0162 4846     		mov	r0, r9
 344 0164 09A9     		add	r1, sp, #36
 106:Core/Src/gpio.c ****   GPIO_InitStruct.Mode = GPIO_MODE_IT_FALLING;
 345              		.loc 1 106 23 view .LVU131
 346 0166 3023     		movs	r3, #48
 347 0168 0993     		str	r3, [sp, #36]
 107:Core/Src/gpio.c ****   GPIO_InitStruct.Mode = GPIO_MODE_IT_FALLING;
 348              		.loc 1 107 3 is_stmt 1 view .LVU132
 108:Core/Src/gpio.c ****   HAL_GPIO_Init(GPIOC, &GPIO_InitStruct);
 349              		.loc 1 108 3 view .LVU133
 350              		.loc 1 109 3 view .LVU134
 107:Core/Src/gpio.c ****   GPIO_InitStruct.Mode = GPIO_MODE_IT_FALLING;
 351              		.loc 1 107 24 is_stmt 0 view .LVU135
ARM GAS  /tmp/ccWY3YlD.s 			page 11


 352 016a CDF828A0 		str	r10, [sp, #40]
 108:Core/Src/gpio.c ****   HAL_GPIO_Init(GPIOC, &GPIO_InitStruct);
 353              		.loc 1 108 24 view .LVU136
 354 016e 0B95     		str	r5, [sp, #44]
 355              		.loc 1 109 3 view .LVU137
 356 0170 FFF7FEFF 		bl	HAL_GPIO_Init
 357              	.LVL9:
 110:Core/Src/gpio.c **** 
 111:Core/Src/gpio.c ****   /*Configure GPIO pin : PtPin */
 112:Core/Src/gpio.c ****   GPIO_InitStruct.Pin = SPI2_CS_Pin;
 358              		.loc 1 112 3 is_stmt 1 view .LVU138
 359              		.loc 1 112 23 is_stmt 0 view .LVU139
 360 0174 4FF48053 		mov	r3, #4096
 113:Core/Src/gpio.c ****   GPIO_InitStruct.Mode = GPIO_MODE_OUTPUT_PP;
 114:Core/Src/gpio.c ****   GPIO_InitStruct.Pull = GPIO_PULLUP;
 115:Core/Src/gpio.c ****   GPIO_InitStruct.Speed = GPIO_SPEED_FREQ_MEDIUM;
 116:Core/Src/gpio.c ****   HAL_GPIO_Init(SPI2_CS_GPIO_Port, &GPIO_InitStruct);
 361              		.loc 1 116 3 view .LVU140
 362 0178 09A9     		add	r1, sp, #36
 363 017a 3846     		mov	r0, r7
 112:Core/Src/gpio.c ****   GPIO_InitStruct.Mode = GPIO_MODE_OUTPUT_PP;
 364              		.loc 1 112 23 view .LVU141
 365 017c 0993     		str	r3, [sp, #36]
 113:Core/Src/gpio.c ****   GPIO_InitStruct.Mode = GPIO_MODE_OUTPUT_PP;
 366              		.loc 1 113 3 is_stmt 1 view .LVU142
 114:Core/Src/gpio.c ****   GPIO_InitStruct.Speed = GPIO_SPEED_FREQ_MEDIUM;
 367              		.loc 1 114 3 view .LVU143
 115:Core/Src/gpio.c ****   HAL_GPIO_Init(SPI2_CS_GPIO_Port, &GPIO_InitStruct);
 368              		.loc 1 115 3 view .LVU144
 369              		.loc 1 116 3 view .LVU145
 114:Core/Src/gpio.c ****   GPIO_InitStruct.Speed = GPIO_SPEED_FREQ_MEDIUM;
 370              		.loc 1 114 24 is_stmt 0 view .LVU146
 371 017e CDE90A55 		strd	r5, r5, [sp, #40]
 115:Core/Src/gpio.c ****   HAL_GPIO_Init(SPI2_CS_GPIO_Port, &GPIO_InitStruct);
 372              		.loc 1 115 25 view .LVU147
 373 0182 0C95     		str	r5, [sp, #48]
 374              		.loc 1 116 3 view .LVU148
 375 0184 FFF7FEFF 		bl	HAL_GPIO_Init
 376              	.LVL10:
 117:Core/Src/gpio.c **** 
 118:Core/Src/gpio.c ****   /*Configure GPIO pin : PtPin */
 119:Core/Src/gpio.c ****   GPIO_InitStruct.Pin = CS1_GYRO_Pin;
 377              		.loc 1 119 3 is_stmt 1 view .LVU149
 120:Core/Src/gpio.c ****   GPIO_InitStruct.Mode = GPIO_MODE_OUTPUT_PP;
 121:Core/Src/gpio.c ****   GPIO_InitStruct.Pull = GPIO_PULLUP;
 122:Core/Src/gpio.c ****   GPIO_InitStruct.Speed = GPIO_SPEED_FREQ_HIGH;
 123:Core/Src/gpio.c ****   HAL_GPIO_Init(CS1_GYRO_GPIO_Port, &GPIO_InitStruct);
 378              		.loc 1 123 3 is_stmt 0 view .LVU150
 379 0188 09A9     		add	r1, sp, #36
 380 018a 3846     		mov	r0, r7
 120:Core/Src/gpio.c ****   GPIO_InitStruct.Mode = GPIO_MODE_OUTPUT_PP;
 381              		.loc 1 120 24 view .LVU151
 382 018c CDE90955 		strd	r5, r5, [sp, #36]
 121:Core/Src/gpio.c ****   GPIO_InitStruct.Speed = GPIO_SPEED_FREQ_HIGH;
 383              		.loc 1 121 3 is_stmt 1 view .LVU152
 122:Core/Src/gpio.c ****   HAL_GPIO_Init(CS1_GYRO_GPIO_Port, &GPIO_InitStruct);
 384              		.loc 1 122 25 is_stmt 0 view .LVU153
ARM GAS  /tmp/ccWY3YlD.s 			page 12


 385 0190 CDF83080 		str	r8, [sp, #48]
 121:Core/Src/gpio.c ****   GPIO_InitStruct.Speed = GPIO_SPEED_FREQ_HIGH;
 386              		.loc 1 121 24 view .LVU154
 387 0194 0B95     		str	r5, [sp, #44]
 122:Core/Src/gpio.c ****   HAL_GPIO_Init(CS1_GYRO_GPIO_Port, &GPIO_InitStruct);
 388              		.loc 1 122 3 is_stmt 1 view .LVU155
 389              		.loc 1 123 3 view .LVU156
 390 0196 FFF7FEFF 		bl	HAL_GPIO_Init
 391              	.LVL11:
 124:Core/Src/gpio.c **** 
 125:Core/Src/gpio.c ****   /* EXTI interrupt init*/
 126:Core/Src/gpio.c ****   HAL_NVIC_SetPriority(EXTI0_IRQn, 6, 0);
 392              		.loc 1 126 3 view .LVU157
 393 019a 0621     		movs	r1, #6
 394 019c 2246     		mov	r2, r4
 395 019e 0846     		mov	r0, r1
 396 01a0 FFF7FEFF 		bl	HAL_NVIC_SetPriority
 397              	.LVL12:
 127:Core/Src/gpio.c ****   HAL_NVIC_EnableIRQ(EXTI0_IRQn);
 398              		.loc 1 127 3 view .LVU158
 399 01a4 0620     		movs	r0, #6
 400 01a6 FFF7FEFF 		bl	HAL_NVIC_EnableIRQ
 401              	.LVL13:
 128:Core/Src/gpio.c **** 
 129:Core/Src/gpio.c ****   HAL_NVIC_SetPriority(EXTI3_IRQn, 5, 0);
 402              		.loc 1 129 3 view .LVU159
 403 01aa 2246     		mov	r2, r4
 404 01ac 0521     		movs	r1, #5
 405 01ae 3046     		mov	r0, r6
 406 01b0 FFF7FEFF 		bl	HAL_NVIC_SetPriority
 407              	.LVL14:
 130:Core/Src/gpio.c ****   HAL_NVIC_EnableIRQ(EXTI3_IRQn);
 408              		.loc 1 130 3 view .LVU160
 409 01b4 3046     		mov	r0, r6
 410 01b6 FFF7FEFF 		bl	HAL_NVIC_EnableIRQ
 411              	.LVL15:
 131:Core/Src/gpio.c **** 
 132:Core/Src/gpio.c ****   HAL_NVIC_SetPriority(EXTI4_IRQn, 5, 0);
 412              		.loc 1 132 3 view .LVU161
 413 01ba 2246     		mov	r2, r4
 414 01bc 0521     		movs	r1, #5
 415 01be 0A20     		movs	r0, #10
 416 01c0 FFF7FEFF 		bl	HAL_NVIC_SetPriority
 417              	.LVL16:
 133:Core/Src/gpio.c ****   HAL_NVIC_EnableIRQ(EXTI4_IRQn);
 418              		.loc 1 133 3 view .LVU162
 419 01c4 0A20     		movs	r0, #10
 420 01c6 FFF7FEFF 		bl	HAL_NVIC_EnableIRQ
 421              	.LVL17:
 134:Core/Src/gpio.c **** 
 135:Core/Src/gpio.c ****   HAL_NVIC_SetPriority(EXTI9_5_IRQn, 5, 0);
 422              		.loc 1 135 3 view .LVU163
 423 01ca 2246     		mov	r2, r4
 424 01cc 0521     		movs	r1, #5
 425 01ce 1720     		movs	r0, #23
 426 01d0 FFF7FEFF 		bl	HAL_NVIC_SetPriority
 427              	.LVL18:
ARM GAS  /tmp/ccWY3YlD.s 			page 13


 136:Core/Src/gpio.c ****   HAL_NVIC_EnableIRQ(EXTI9_5_IRQn);
 428              		.loc 1 136 3 view .LVU164
 429 01d4 1720     		movs	r0, #23
 430 01d6 FFF7FEFF 		bl	HAL_NVIC_EnableIRQ
 431              	.LVL19:
 137:Core/Src/gpio.c **** 
 138:Core/Src/gpio.c **** }
 432              		.loc 1 138 1 is_stmt 0 view .LVU165
 433 01da 0EB0     		add	sp, sp, #56
 434              		.cfi_def_cfa_offset 32
 435              		@ sp needed
 436 01dc BDE8F087 		pop	{r4, r5, r6, r7, r8, r9, r10, pc}
 437              	.L5:
 438              		.align	2
 439              	.L4:
 440 01e0 00380240 		.word	1073887232
 441 01e4 00180240 		.word	1073879040
 442 01e8 00040240 		.word	1073873920
 443 01ec 00200240 		.word	1073881088
 444 01f0 00000240 		.word	1073872896
 445 01f4 00080240 		.word	1073874944
 446              		.cfi_endproc
 447              	.LFE235:
 449              		.text
 450              	.Letext0:
 451              		.file 2 "/opt/gcc-arm-none-eabi-10.3-2021.10/arm-none-eabi/include/machine/_default_types.h"
 452              		.file 3 "/opt/gcc-arm-none-eabi-10.3-2021.10/arm-none-eabi/include/sys/_stdint.h"
 453              		.file 4 "Drivers/CMSIS/Device/ST/STM32F4xx/Include/stm32f407xx.h"
 454              		.file 5 "Drivers/STM32F4xx_HAL_Driver/Inc/stm32f4xx_hal_gpio.h"
 455              		.file 6 "Drivers/STM32F4xx_HAL_Driver/Inc/stm32f4xx_hal_cortex.h"
ARM GAS  /tmp/ccWY3YlD.s 			page 14


DEFINED SYMBOLS
                            *ABS*:0000000000000000 gpio.c
     /tmp/ccWY3YlD.s:20     .text.MX_GPIO_Init:0000000000000000 $t
     /tmp/ccWY3YlD.s:27     .text.MX_GPIO_Init:0000000000000000 MX_GPIO_Init
     /tmp/ccWY3YlD.s:440    .text.MX_GPIO_Init:00000000000001e0 $d

UNDEFINED SYMBOLS
HAL_GPIO_WritePin
HAL_GPIO_Init
HAL_NVIC_SetPriority
HAL_NVIC_EnableIRQ
