ARM GAS  /tmp/cclIjKO3.s 			page 1


   1              		.cpu cortex-m4
   2              		.arch armv7e-m
   3              		.fpu fpv4-sp-d16
   4              		.eabi_attribute 27, 1
   5              		.eabi_attribute 28, 1
   6              		.eabi_attribute 20, 1
   7              		.eabi_attribute 21, 1
   8              		.eabi_attribute 23, 3
   9              		.eabi_attribute 24, 1
  10              		.eabi_attribute 25, 1
  11              		.eabi_attribute 26, 1
  12              		.eabi_attribute 30, 2
  13              		.eabi_attribute 34, 1
  14              		.eabi_attribute 18, 4
  15              		.file	"i2c.c"
  16              		.text
  17              	.Ltext0:
  18              		.cfi_sections	.debug_frame
  19              		.section	.text.MX_I2C1_Init,"ax",%progbits
  20              		.align	1
  21              		.p2align 2,,3
  22              		.global	MX_I2C1_Init
  23              		.syntax unified
  24              		.thumb
  25              		.thumb_func
  27              	MX_I2C1_Init:
  28              	.LFB235:
  29              		.file 1 "Core/Src/i2c.c"
   1:Core/Src/i2c.c **** /* USER CODE BEGIN Header */
   2:Core/Src/i2c.c **** /**
   3:Core/Src/i2c.c ****   ******************************************************************************
   4:Core/Src/i2c.c ****   * @file    i2c.c
   5:Core/Src/i2c.c ****   * @brief   This file provides code for the configuration
   6:Core/Src/i2c.c ****   *          of the I2C instances.
   7:Core/Src/i2c.c ****   ******************************************************************************
   8:Core/Src/i2c.c ****   * @attention
   9:Core/Src/i2c.c ****   *
  10:Core/Src/i2c.c ****   * Copyright (c) 2022 STMicroelectronics.
  11:Core/Src/i2c.c ****   * All rights reserved.
  12:Core/Src/i2c.c ****   *
  13:Core/Src/i2c.c ****   * This software is licensed under terms that can be found in the LICENSE file
  14:Core/Src/i2c.c ****   * in the root directory of this software component.
  15:Core/Src/i2c.c ****   * If no LICENSE file comes with this software, it is provided AS-IS.
  16:Core/Src/i2c.c ****   *
  17:Core/Src/i2c.c ****   ******************************************************************************
  18:Core/Src/i2c.c ****   */
  19:Core/Src/i2c.c **** /* USER CODE END Header */
  20:Core/Src/i2c.c **** /* Includes ------------------------------------------------------------------*/
  21:Core/Src/i2c.c **** #include "i2c.h"
  22:Core/Src/i2c.c **** 
  23:Core/Src/i2c.c **** /* USER CODE BEGIN 0 */
  24:Core/Src/i2c.c **** 
  25:Core/Src/i2c.c **** /* USER CODE END 0 */
  26:Core/Src/i2c.c **** 
  27:Core/Src/i2c.c **** I2C_HandleTypeDef hi2c1;
  28:Core/Src/i2c.c **** I2C_HandleTypeDef hi2c2;
  29:Core/Src/i2c.c **** I2C_HandleTypeDef hi2c3;
ARM GAS  /tmp/cclIjKO3.s 			page 2


  30:Core/Src/i2c.c **** DMA_HandleTypeDef hdma_i2c2_tx;
  31:Core/Src/i2c.c **** 
  32:Core/Src/i2c.c **** /* I2C1 init function */
  33:Core/Src/i2c.c **** void MX_I2C1_Init(void)
  34:Core/Src/i2c.c **** {
  30              		.loc 1 34 1 view -0
  31              		.cfi_startproc
  32              		@ args = 0, pretend = 0, frame = 0
  33              		@ frame_needed = 0, uses_anonymous_args = 0
  35:Core/Src/i2c.c **** 
  36:Core/Src/i2c.c ****   /* USER CODE BEGIN I2C1_Init 0 */
  37:Core/Src/i2c.c **** 
  38:Core/Src/i2c.c ****   /* USER CODE END I2C1_Init 0 */
  39:Core/Src/i2c.c **** 
  40:Core/Src/i2c.c ****   /* USER CODE BEGIN I2C1_Init 1 */
  41:Core/Src/i2c.c **** 
  42:Core/Src/i2c.c ****   /* USER CODE END I2C1_Init 1 */
  43:Core/Src/i2c.c ****   hi2c1.Instance = I2C1;
  34              		.loc 1 43 3 view .LVU1
  34:Core/Src/i2c.c **** 
  35              		.loc 1 34 1 is_stmt 0 view .LVU2
  36 0000 10B5     		push	{r4, lr}
  37              		.cfi_def_cfa_offset 8
  38              		.cfi_offset 4, -8
  39              		.cfi_offset 14, -4
  40              		.loc 1 43 18 view .LVU3
  41 0002 0B48     		ldr	r0, .L6
  42 0004 0B4C     		ldr	r4, .L6+4
  44:Core/Src/i2c.c ****   hi2c1.Init.ClockSpeed = 400000;
  43              		.loc 1 44 25 view .LVU4
  44 0006 0C49     		ldr	r1, .L6+8
  45:Core/Src/i2c.c ****   hi2c1.Init.DutyCycle = I2C_DUTYCYCLE_2;
  45              		.loc 1 45 24 view .LVU5
  46 0008 0023     		movs	r3, #0
  46:Core/Src/i2c.c ****   hi2c1.Init.OwnAddress1 = 0;
  47:Core/Src/i2c.c ****   hi2c1.Init.AddressingMode = I2C_ADDRESSINGMODE_7BIT;
  47              		.loc 1 47 29 view .LVU6
  48 000a 4FF48042 		mov	r2, #16384
  44:Core/Src/i2c.c ****   hi2c1.Init.DutyCycle = I2C_DUTYCYCLE_2;
  49              		.loc 1 44 25 view .LVU7
  50 000e C0E90041 		strd	r4, r1, [r0]
  45:Core/Src/i2c.c ****   hi2c1.Init.DutyCycle = I2C_DUTYCYCLE_2;
  51              		.loc 1 45 3 is_stmt 1 view .LVU8
  46:Core/Src/i2c.c ****   hi2c1.Init.OwnAddress1 = 0;
  52              		.loc 1 46 26 is_stmt 0 view .LVU9
  53 0012 C0E90233 		strd	r3, r3, [r0, #8]
  54              		.loc 1 47 3 is_stmt 1 view .LVU10
  48:Core/Src/i2c.c ****   hi2c1.Init.DualAddressMode = I2C_DUALADDRESS_DISABLE;
  55              		.loc 1 48 30 is_stmt 0 view .LVU11
  56 0016 C0E90423 		strd	r2, r3, [r0, #16]
  49:Core/Src/i2c.c ****   hi2c1.Init.OwnAddress2 = 0;
  57              		.loc 1 49 3 is_stmt 1 view .LVU12
  50:Core/Src/i2c.c ****   hi2c1.Init.GeneralCallMode = I2C_GENERALCALL_DISABLE;
  58              		.loc 1 50 30 is_stmt 0 view .LVU13
  59 001a C0E90633 		strd	r3, r3, [r0, #24]
  51:Core/Src/i2c.c ****   hi2c1.Init.NoStretchMode = I2C_NOSTRETCH_DISABLE;
  60              		.loc 1 51 3 is_stmt 1 view .LVU14
ARM GAS  /tmp/cclIjKO3.s 			page 3


  61              		.loc 1 51 28 is_stmt 0 view .LVU15
  62 001e 0362     		str	r3, [r0, #32]
  52:Core/Src/i2c.c ****   if (HAL_I2C_Init(&hi2c1) != HAL_OK)
  63              		.loc 1 52 3 is_stmt 1 view .LVU16
  64              		.loc 1 52 7 is_stmt 0 view .LVU17
  65 0020 FFF7FEFF 		bl	HAL_I2C_Init
  66              	.LVL0:
  67              		.loc 1 52 6 view .LVU18
  68 0024 00B9     		cbnz	r0, .L5
  53:Core/Src/i2c.c ****   {
  54:Core/Src/i2c.c ****     Error_Handler();
  55:Core/Src/i2c.c ****   }
  56:Core/Src/i2c.c ****   /* USER CODE BEGIN I2C1_Init 2 */
  57:Core/Src/i2c.c **** 
  58:Core/Src/i2c.c ****   /* USER CODE END I2C1_Init 2 */
  59:Core/Src/i2c.c **** 
  60:Core/Src/i2c.c **** }
  69              		.loc 1 60 1 view .LVU19
  70 0026 10BD     		pop	{r4, pc}
  71              	.L5:
  54:Core/Src/i2c.c ****   }
  72              		.loc 1 54 5 is_stmt 1 view .LVU20
  73              		.loc 1 60 1 is_stmt 0 view .LVU21
  74 0028 BDE81040 		pop	{r4, lr}
  75              		.cfi_restore 14
  76              		.cfi_restore 4
  77              		.cfi_def_cfa_offset 0
  54:Core/Src/i2c.c ****   }
  78              		.loc 1 54 5 view .LVU22
  79 002c FFF7FEBF 		b	Error_Handler
  80              	.LVL1:
  81              	.L7:
  82              		.align	2
  83              	.L6:
  84 0030 00000000 		.word	.LANCHOR0
  85 0034 00540040 		.word	1073763328
  86 0038 801A0600 		.word	400000
  87              		.cfi_endproc
  88              	.LFE235:
  90              		.section	.text.MX_I2C2_Init,"ax",%progbits
  91              		.align	1
  92              		.p2align 2,,3
  93              		.global	MX_I2C2_Init
  94              		.syntax unified
  95              		.thumb
  96              		.thumb_func
  98              	MX_I2C2_Init:
  99              	.LFB236:
  61:Core/Src/i2c.c **** /* I2C2 init function */
  62:Core/Src/i2c.c **** void MX_I2C2_Init(void)
  63:Core/Src/i2c.c **** {
 100              		.loc 1 63 1 is_stmt 1 view -0
 101              		.cfi_startproc
 102              		@ args = 0, pretend = 0, frame = 0
 103              		@ frame_needed = 0, uses_anonymous_args = 0
  64:Core/Src/i2c.c **** 
  65:Core/Src/i2c.c ****   /* USER CODE BEGIN I2C2_Init 0 */
ARM GAS  /tmp/cclIjKO3.s 			page 4


  66:Core/Src/i2c.c **** 
  67:Core/Src/i2c.c ****   /* USER CODE END I2C2_Init 0 */
  68:Core/Src/i2c.c **** 
  69:Core/Src/i2c.c ****   /* USER CODE BEGIN I2C2_Init 1 */
  70:Core/Src/i2c.c **** 
  71:Core/Src/i2c.c ****   /* USER CODE END I2C2_Init 1 */
  72:Core/Src/i2c.c ****   hi2c2.Instance = I2C2;
 104              		.loc 1 72 3 view .LVU24
  63:Core/Src/i2c.c **** 
 105              		.loc 1 63 1 is_stmt 0 view .LVU25
 106 0000 10B5     		push	{r4, lr}
 107              		.cfi_def_cfa_offset 8
 108              		.cfi_offset 4, -8
 109              		.cfi_offset 14, -4
 110              		.loc 1 72 18 view .LVU26
 111 0002 0B48     		ldr	r0, .L12
 112 0004 0B4C     		ldr	r4, .L12+4
  73:Core/Src/i2c.c ****   hi2c2.Init.ClockSpeed = 400000;
 113              		.loc 1 73 25 view .LVU27
 114 0006 0C49     		ldr	r1, .L12+8
  74:Core/Src/i2c.c ****   hi2c2.Init.DutyCycle = I2C_DUTYCYCLE_2;
 115              		.loc 1 74 24 view .LVU28
 116 0008 0023     		movs	r3, #0
  75:Core/Src/i2c.c ****   hi2c2.Init.OwnAddress1 = 0;
  76:Core/Src/i2c.c ****   hi2c2.Init.AddressingMode = I2C_ADDRESSINGMODE_7BIT;
 117              		.loc 1 76 29 view .LVU29
 118 000a 4FF48042 		mov	r2, #16384
  73:Core/Src/i2c.c ****   hi2c2.Init.DutyCycle = I2C_DUTYCYCLE_2;
 119              		.loc 1 73 25 view .LVU30
 120 000e C0E90041 		strd	r4, r1, [r0]
  74:Core/Src/i2c.c ****   hi2c2.Init.DutyCycle = I2C_DUTYCYCLE_2;
 121              		.loc 1 74 3 is_stmt 1 view .LVU31
  75:Core/Src/i2c.c ****   hi2c2.Init.OwnAddress1 = 0;
 122              		.loc 1 75 26 is_stmt 0 view .LVU32
 123 0012 C0E90233 		strd	r3, r3, [r0, #8]
 124              		.loc 1 76 3 is_stmt 1 view .LVU33
  77:Core/Src/i2c.c ****   hi2c2.Init.DualAddressMode = I2C_DUALADDRESS_DISABLE;
 125              		.loc 1 77 30 is_stmt 0 view .LVU34
 126 0016 C0E90423 		strd	r2, r3, [r0, #16]
  78:Core/Src/i2c.c ****   hi2c2.Init.OwnAddress2 = 0;
 127              		.loc 1 78 3 is_stmt 1 view .LVU35
  79:Core/Src/i2c.c ****   hi2c2.Init.GeneralCallMode = I2C_GENERALCALL_DISABLE;
 128              		.loc 1 79 30 is_stmt 0 view .LVU36
 129 001a C0E90633 		strd	r3, r3, [r0, #24]
  80:Core/Src/i2c.c ****   hi2c2.Init.NoStretchMode = I2C_NOSTRETCH_DISABLE;
 130              		.loc 1 80 3 is_stmt 1 view .LVU37
 131              		.loc 1 80 28 is_stmt 0 view .LVU38
 132 001e 0362     		str	r3, [r0, #32]
  81:Core/Src/i2c.c ****   if (HAL_I2C_Init(&hi2c2) != HAL_OK)
 133              		.loc 1 81 3 is_stmt 1 view .LVU39
 134              		.loc 1 81 7 is_stmt 0 view .LVU40
 135 0020 FFF7FEFF 		bl	HAL_I2C_Init
 136              	.LVL2:
 137              		.loc 1 81 6 view .LVU41
 138 0024 00B9     		cbnz	r0, .L11
  82:Core/Src/i2c.c ****   {
  83:Core/Src/i2c.c ****     Error_Handler();
ARM GAS  /tmp/cclIjKO3.s 			page 5


  84:Core/Src/i2c.c ****   }
  85:Core/Src/i2c.c ****   /* USER CODE BEGIN I2C2_Init 2 */
  86:Core/Src/i2c.c **** 
  87:Core/Src/i2c.c ****   /* USER CODE END I2C2_Init 2 */
  88:Core/Src/i2c.c **** 
  89:Core/Src/i2c.c **** }
 139              		.loc 1 89 1 view .LVU42
 140 0026 10BD     		pop	{r4, pc}
 141              	.L11:
  83:Core/Src/i2c.c ****   }
 142              		.loc 1 83 5 is_stmt 1 view .LVU43
 143              		.loc 1 89 1 is_stmt 0 view .LVU44
 144 0028 BDE81040 		pop	{r4, lr}
 145              		.cfi_restore 14
 146              		.cfi_restore 4
 147              		.cfi_def_cfa_offset 0
  83:Core/Src/i2c.c ****   }
 148              		.loc 1 83 5 view .LVU45
 149 002c FFF7FEBF 		b	Error_Handler
 150              	.LVL3:
 151              	.L13:
 152              		.align	2
 153              	.L12:
 154 0030 00000000 		.word	.LANCHOR1
 155 0034 00580040 		.word	1073764352
 156 0038 801A0600 		.word	400000
 157              		.cfi_endproc
 158              	.LFE236:
 160              		.section	.text.MX_I2C3_Init,"ax",%progbits
 161              		.align	1
 162              		.p2align 2,,3
 163              		.global	MX_I2C3_Init
 164              		.syntax unified
 165              		.thumb
 166              		.thumb_func
 168              	MX_I2C3_Init:
 169              	.LFB237:
  90:Core/Src/i2c.c **** /* I2C3 init function */
  91:Core/Src/i2c.c **** void MX_I2C3_Init(void)
  92:Core/Src/i2c.c **** {
 170              		.loc 1 92 1 is_stmt 1 view -0
 171              		.cfi_startproc
 172              		@ args = 0, pretend = 0, frame = 0
 173              		@ frame_needed = 0, uses_anonymous_args = 0
  93:Core/Src/i2c.c **** 
  94:Core/Src/i2c.c ****   /* USER CODE BEGIN I2C3_Init 0 */
  95:Core/Src/i2c.c **** 
  96:Core/Src/i2c.c ****   /* USER CODE END I2C3_Init 0 */
  97:Core/Src/i2c.c **** 
  98:Core/Src/i2c.c ****   /* USER CODE BEGIN I2C3_Init 1 */
  99:Core/Src/i2c.c **** 
 100:Core/Src/i2c.c ****   /* USER CODE END I2C3_Init 1 */
 101:Core/Src/i2c.c ****   hi2c3.Instance = I2C3;
 174              		.loc 1 101 3 view .LVU47
  92:Core/Src/i2c.c **** 
 175              		.loc 1 92 1 is_stmt 0 view .LVU48
 176 0000 10B5     		push	{r4, lr}
ARM GAS  /tmp/cclIjKO3.s 			page 6


 177              		.cfi_def_cfa_offset 8
 178              		.cfi_offset 4, -8
 179              		.cfi_offset 14, -4
 180              		.loc 1 101 18 view .LVU49
 181 0002 0B48     		ldr	r0, .L18
 182 0004 0B4C     		ldr	r4, .L18+4
 102:Core/Src/i2c.c ****   hi2c3.Init.ClockSpeed = 400000;
 183              		.loc 1 102 25 view .LVU50
 184 0006 0C49     		ldr	r1, .L18+8
 103:Core/Src/i2c.c ****   hi2c3.Init.DutyCycle = I2C_DUTYCYCLE_2;
 185              		.loc 1 103 24 view .LVU51
 186 0008 0023     		movs	r3, #0
 104:Core/Src/i2c.c ****   hi2c3.Init.OwnAddress1 = 0;
 105:Core/Src/i2c.c ****   hi2c3.Init.AddressingMode = I2C_ADDRESSINGMODE_7BIT;
 187              		.loc 1 105 29 view .LVU52
 188 000a 4FF48042 		mov	r2, #16384
 102:Core/Src/i2c.c ****   hi2c3.Init.DutyCycle = I2C_DUTYCYCLE_2;
 189              		.loc 1 102 25 view .LVU53
 190 000e C0E90041 		strd	r4, r1, [r0]
 103:Core/Src/i2c.c ****   hi2c3.Init.DutyCycle = I2C_DUTYCYCLE_2;
 191              		.loc 1 103 3 is_stmt 1 view .LVU54
 104:Core/Src/i2c.c ****   hi2c3.Init.OwnAddress1 = 0;
 192              		.loc 1 104 26 is_stmt 0 view .LVU55
 193 0012 C0E90233 		strd	r3, r3, [r0, #8]
 194              		.loc 1 105 3 is_stmt 1 view .LVU56
 106:Core/Src/i2c.c ****   hi2c3.Init.DualAddressMode = I2C_DUALADDRESS_DISABLE;
 195              		.loc 1 106 30 is_stmt 0 view .LVU57
 196 0016 C0E90423 		strd	r2, r3, [r0, #16]
 107:Core/Src/i2c.c ****   hi2c3.Init.OwnAddress2 = 0;
 197              		.loc 1 107 3 is_stmt 1 view .LVU58
 108:Core/Src/i2c.c ****   hi2c3.Init.GeneralCallMode = I2C_GENERALCALL_DISABLE;
 198              		.loc 1 108 30 is_stmt 0 view .LVU59
 199 001a C0E90633 		strd	r3, r3, [r0, #24]
 109:Core/Src/i2c.c ****   hi2c3.Init.NoStretchMode = I2C_NOSTRETCH_DISABLE;
 200              		.loc 1 109 3 is_stmt 1 view .LVU60
 201              		.loc 1 109 28 is_stmt 0 view .LVU61
 202 001e 0362     		str	r3, [r0, #32]
 110:Core/Src/i2c.c ****   if (HAL_I2C_Init(&hi2c3) != HAL_OK)
 203              		.loc 1 110 3 is_stmt 1 view .LVU62
 204              		.loc 1 110 7 is_stmt 0 view .LVU63
 205 0020 FFF7FEFF 		bl	HAL_I2C_Init
 206              	.LVL4:
 207              		.loc 1 110 6 view .LVU64
 208 0024 00B9     		cbnz	r0, .L17
 111:Core/Src/i2c.c ****   {
 112:Core/Src/i2c.c ****     Error_Handler();
 113:Core/Src/i2c.c ****   }
 114:Core/Src/i2c.c ****   /* USER CODE BEGIN I2C3_Init 2 */
 115:Core/Src/i2c.c **** 
 116:Core/Src/i2c.c ****   /* USER CODE END I2C3_Init 2 */
 117:Core/Src/i2c.c **** 
 118:Core/Src/i2c.c **** }
 209              		.loc 1 118 1 view .LVU65
 210 0026 10BD     		pop	{r4, pc}
 211              	.L17:
 112:Core/Src/i2c.c ****   }
 212              		.loc 1 112 5 is_stmt 1 view .LVU66
ARM GAS  /tmp/cclIjKO3.s 			page 7


 213              		.loc 1 118 1 is_stmt 0 view .LVU67
 214 0028 BDE81040 		pop	{r4, lr}
 215              		.cfi_restore 14
 216              		.cfi_restore 4
 217              		.cfi_def_cfa_offset 0
 112:Core/Src/i2c.c ****   }
 218              		.loc 1 112 5 view .LVU68
 219 002c FFF7FEBF 		b	Error_Handler
 220              	.LVL5:
 221              	.L19:
 222              		.align	2
 223              	.L18:
 224 0030 00000000 		.word	.LANCHOR2
 225 0034 005C0040 		.word	1073765376
 226 0038 801A0600 		.word	400000
 227              		.cfi_endproc
 228              	.LFE237:
 230              		.section	.text.HAL_I2C_MspInit,"ax",%progbits
 231              		.align	1
 232              		.p2align 2,,3
 233              		.global	HAL_I2C_MspInit
 234              		.syntax unified
 235              		.thumb
 236              		.thumb_func
 238              	HAL_I2C_MspInit:
 239              	.LVL6:
 240              	.LFB238:
 119:Core/Src/i2c.c **** 
 120:Core/Src/i2c.c **** void HAL_I2C_MspInit(I2C_HandleTypeDef* i2cHandle)
 121:Core/Src/i2c.c **** {
 241              		.loc 1 121 1 is_stmt 1 view -0
 242              		.cfi_startproc
 243              		@ args = 0, pretend = 0, frame = 48
 244              		@ frame_needed = 0, uses_anonymous_args = 0
 122:Core/Src/i2c.c **** 
 123:Core/Src/i2c.c ****   GPIO_InitTypeDef GPIO_InitStruct = {0};
 245              		.loc 1 123 3 view .LVU70
 121:Core/Src/i2c.c **** 
 246              		.loc 1 121 1 is_stmt 0 view .LVU71
 247 0000 2DE9F043 		push	{r4, r5, r6, r7, r8, r9, lr}
 248              		.cfi_def_cfa_offset 28
 249              		.cfi_offset 4, -28
 250              		.cfi_offset 5, -24
 251              		.cfi_offset 6, -20
 252              		.cfi_offset 7, -16
 253              		.cfi_offset 8, -12
 254              		.cfi_offset 9, -8
 255              		.cfi_offset 14, -4
 124:Core/Src/i2c.c ****   if(i2cHandle->Instance==I2C1)
 256              		.loc 1 124 15 view .LVU72
 257 0004 0368     		ldr	r3, [r0]
 258              		.loc 1 124 5 view .LVU73
 259 0006 5E4A     		ldr	r2, .L33
 121:Core/Src/i2c.c **** 
 260              		.loc 1 121 1 view .LVU74
 261 0008 8DB0     		sub	sp, sp, #52
 262              		.cfi_def_cfa_offset 80
ARM GAS  /tmp/cclIjKO3.s 			page 8


 123:Core/Src/i2c.c ****   if(i2cHandle->Instance==I2C1)
 263              		.loc 1 123 20 view .LVU75
 264 000a 0024     		movs	r4, #0
 265              		.loc 1 124 5 view .LVU76
 266 000c 9342     		cmp	r3, r2
 123:Core/Src/i2c.c ****   if(i2cHandle->Instance==I2C1)
 267              		.loc 1 123 20 view .LVU77
 268 000e CDE90744 		strd	r4, r4, [sp, #28]
 269 0012 CDE90944 		strd	r4, r4, [sp, #36]
 270 0016 0B94     		str	r4, [sp, #44]
 271              		.loc 1 124 3 is_stmt 1 view .LVU78
 272              		.loc 1 124 5 is_stmt 0 view .LVU79
 273 0018 08D0     		beq	.L29
 125:Core/Src/i2c.c ****   {
 126:Core/Src/i2c.c ****   /* USER CODE BEGIN I2C1_MspInit 0 */
 127:Core/Src/i2c.c **** 
 128:Core/Src/i2c.c ****   /* USER CODE END I2C1_MspInit 0 */
 129:Core/Src/i2c.c **** 
 130:Core/Src/i2c.c ****     __HAL_RCC_GPIOB_CLK_ENABLE();
 131:Core/Src/i2c.c ****     /**I2C1 GPIO Configuration
 132:Core/Src/i2c.c ****     PB8     ------> I2C1_SCL
 133:Core/Src/i2c.c ****     PB9     ------> I2C1_SDA
 134:Core/Src/i2c.c ****     */
 135:Core/Src/i2c.c ****     GPIO_InitStruct.Pin = GPIO_PIN_8|GPIO_PIN_9;
 136:Core/Src/i2c.c ****     GPIO_InitStruct.Mode = GPIO_MODE_AF_OD;
 137:Core/Src/i2c.c ****     GPIO_InitStruct.Pull = GPIO_PULLUP;
 138:Core/Src/i2c.c ****     GPIO_InitStruct.Speed = GPIO_SPEED_FREQ_VERY_HIGH;
 139:Core/Src/i2c.c ****     GPIO_InitStruct.Alternate = GPIO_AF4_I2C1;
 140:Core/Src/i2c.c ****     HAL_GPIO_Init(GPIOB, &GPIO_InitStruct);
 141:Core/Src/i2c.c **** 
 142:Core/Src/i2c.c ****     /* I2C1 clock enable */
 143:Core/Src/i2c.c ****     __HAL_RCC_I2C1_CLK_ENABLE();
 144:Core/Src/i2c.c ****   /* USER CODE BEGIN I2C1_MspInit 1 */
 145:Core/Src/i2c.c **** 
 146:Core/Src/i2c.c ****   /* USER CODE END I2C1_MspInit 1 */
 147:Core/Src/i2c.c ****   }
 148:Core/Src/i2c.c ****   else if(i2cHandle->Instance==I2C2)
 274              		.loc 1 148 8 is_stmt 1 view .LVU80
 275              		.loc 1 148 10 is_stmt 0 view .LVU81
 276 001a 5A4A     		ldr	r2, .L33+4
 277 001c 9342     		cmp	r3, r2
 278 001e 2CD0     		beq	.L30
 149:Core/Src/i2c.c ****   {
 150:Core/Src/i2c.c ****   /* USER CODE BEGIN I2C2_MspInit 0 */
 151:Core/Src/i2c.c **** 
 152:Core/Src/i2c.c ****   /* USER CODE END I2C2_MspInit 0 */
 153:Core/Src/i2c.c **** 
 154:Core/Src/i2c.c ****     __HAL_RCC_GPIOF_CLK_ENABLE();
 155:Core/Src/i2c.c ****     /**I2C2 GPIO Configuration
 156:Core/Src/i2c.c ****     PF0     ------> I2C2_SDA
 157:Core/Src/i2c.c ****     PF1     ------> I2C2_SCL
 158:Core/Src/i2c.c ****     */
 159:Core/Src/i2c.c ****     GPIO_InitStruct.Pin = GPIO_PIN_0|GPIO_PIN_1;
 160:Core/Src/i2c.c ****     GPIO_InitStruct.Mode = GPIO_MODE_AF_OD;
 161:Core/Src/i2c.c ****     GPIO_InitStruct.Pull = GPIO_PULLUP;
 162:Core/Src/i2c.c ****     GPIO_InitStruct.Speed = GPIO_SPEED_FREQ_VERY_HIGH;
 163:Core/Src/i2c.c ****     GPIO_InitStruct.Alternate = GPIO_AF4_I2C2;
ARM GAS  /tmp/cclIjKO3.s 			page 9


 164:Core/Src/i2c.c ****     HAL_GPIO_Init(GPIOF, &GPIO_InitStruct);
 165:Core/Src/i2c.c **** 
 166:Core/Src/i2c.c ****     /* I2C2 clock enable */
 167:Core/Src/i2c.c ****     __HAL_RCC_I2C2_CLK_ENABLE();
 168:Core/Src/i2c.c **** 
 169:Core/Src/i2c.c ****     /* I2C2 DMA Init */
 170:Core/Src/i2c.c ****     /* I2C2_TX Init */
 171:Core/Src/i2c.c ****     hdma_i2c2_tx.Instance = DMA1_Stream7;
 172:Core/Src/i2c.c ****     hdma_i2c2_tx.Init.Channel = DMA_CHANNEL_7;
 173:Core/Src/i2c.c ****     hdma_i2c2_tx.Init.Direction = DMA_MEMORY_TO_PERIPH;
 174:Core/Src/i2c.c ****     hdma_i2c2_tx.Init.PeriphInc = DMA_PINC_DISABLE;
 175:Core/Src/i2c.c ****     hdma_i2c2_tx.Init.MemInc = DMA_MINC_ENABLE;
 176:Core/Src/i2c.c ****     hdma_i2c2_tx.Init.PeriphDataAlignment = DMA_PDATAALIGN_BYTE;
 177:Core/Src/i2c.c ****     hdma_i2c2_tx.Init.MemDataAlignment = DMA_MDATAALIGN_BYTE;
 178:Core/Src/i2c.c ****     hdma_i2c2_tx.Init.Mode = DMA_NORMAL;
 179:Core/Src/i2c.c ****     hdma_i2c2_tx.Init.Priority = DMA_PRIORITY_HIGH;
 180:Core/Src/i2c.c ****     hdma_i2c2_tx.Init.FIFOMode = DMA_FIFOMODE_DISABLE;
 181:Core/Src/i2c.c ****     if (HAL_DMA_Init(&hdma_i2c2_tx) != HAL_OK)
 182:Core/Src/i2c.c ****     {
 183:Core/Src/i2c.c ****       Error_Handler();
 184:Core/Src/i2c.c ****     }
 185:Core/Src/i2c.c **** 
 186:Core/Src/i2c.c ****     __HAL_LINKDMA(i2cHandle,hdmatx,hdma_i2c2_tx);
 187:Core/Src/i2c.c **** 
 188:Core/Src/i2c.c ****   /* USER CODE BEGIN I2C2_MspInit 1 */
 189:Core/Src/i2c.c **** 
 190:Core/Src/i2c.c ****   /* USER CODE END I2C2_MspInit 1 */
 191:Core/Src/i2c.c ****   }
 192:Core/Src/i2c.c ****   else if(i2cHandle->Instance==I2C3)
 279              		.loc 1 192 8 is_stmt 1 view .LVU82
 280              		.loc 1 192 10 is_stmt 0 view .LVU83
 281 0020 594A     		ldr	r2, .L33+8
 282 0022 9342     		cmp	r3, r2
 283 0024 69D0     		beq	.L31
 193:Core/Src/i2c.c ****   {
 194:Core/Src/i2c.c ****   /* USER CODE BEGIN I2C3_MspInit 0 */
 195:Core/Src/i2c.c **** 
 196:Core/Src/i2c.c ****   /* USER CODE END I2C3_MspInit 0 */
 197:Core/Src/i2c.c **** 
 198:Core/Src/i2c.c ****     __HAL_RCC_GPIOC_CLK_ENABLE();
 199:Core/Src/i2c.c ****     __HAL_RCC_GPIOA_CLK_ENABLE();
 200:Core/Src/i2c.c ****     /**I2C3 GPIO Configuration
 201:Core/Src/i2c.c ****     PC9     ------> I2C3_SDA
 202:Core/Src/i2c.c ****     PA8     ------> I2C3_SCL
 203:Core/Src/i2c.c ****     */
 204:Core/Src/i2c.c ****     GPIO_InitStruct.Pin = GPIO_PIN_9;
 205:Core/Src/i2c.c ****     GPIO_InitStruct.Mode = GPIO_MODE_AF_OD;
 206:Core/Src/i2c.c ****     GPIO_InitStruct.Pull = GPIO_PULLUP;
 207:Core/Src/i2c.c ****     GPIO_InitStruct.Speed = GPIO_SPEED_FREQ_VERY_HIGH;
 208:Core/Src/i2c.c ****     GPIO_InitStruct.Alternate = GPIO_AF4_I2C3;
 209:Core/Src/i2c.c ****     HAL_GPIO_Init(GPIOC, &GPIO_InitStruct);
 210:Core/Src/i2c.c **** 
 211:Core/Src/i2c.c ****     GPIO_InitStruct.Pin = GPIO_PIN_8;
 212:Core/Src/i2c.c ****     GPIO_InitStruct.Mode = GPIO_MODE_AF_OD;
 213:Core/Src/i2c.c ****     GPIO_InitStruct.Pull = GPIO_PULLUP;
 214:Core/Src/i2c.c ****     GPIO_InitStruct.Speed = GPIO_SPEED_FREQ_VERY_HIGH;
 215:Core/Src/i2c.c ****     GPIO_InitStruct.Alternate = GPIO_AF4_I2C3;
ARM GAS  /tmp/cclIjKO3.s 			page 10


 216:Core/Src/i2c.c ****     HAL_GPIO_Init(GPIOA, &GPIO_InitStruct);
 217:Core/Src/i2c.c **** 
 218:Core/Src/i2c.c ****     /* I2C3 clock enable */
 219:Core/Src/i2c.c ****     __HAL_RCC_I2C3_CLK_ENABLE();
 220:Core/Src/i2c.c ****   /* USER CODE BEGIN I2C3_MspInit 1 */
 221:Core/Src/i2c.c **** 
 222:Core/Src/i2c.c ****   /* USER CODE END I2C3_MspInit 1 */
 223:Core/Src/i2c.c ****   }
 224:Core/Src/i2c.c **** }
 284              		.loc 1 224 1 view .LVU84
 285 0026 0DB0     		add	sp, sp, #52
 286              		.cfi_remember_state
 287              		.cfi_def_cfa_offset 28
 288              		@ sp needed
 289 0028 BDE8F083 		pop	{r4, r5, r6, r7, r8, r9, pc}
 290              	.L29:
 291              		.cfi_restore_state
 130:Core/Src/i2c.c ****     /**I2C1 GPIO Configuration
 292              		.loc 1 130 5 is_stmt 1 view .LVU85
 293              	.LBB2:
 130:Core/Src/i2c.c ****     /**I2C1 GPIO Configuration
 294              		.loc 1 130 5 view .LVU86
 295 002c 574D     		ldr	r5, .L33+12
 296 002e 0094     		str	r4, [sp]
 130:Core/Src/i2c.c ****     /**I2C1 GPIO Configuration
 297              		.loc 1 130 5 view .LVU87
 298 0030 2B6B     		ldr	r3, [r5, #48]
 299              	.LBE2:
 140:Core/Src/i2c.c **** 
 300              		.loc 1 140 5 is_stmt 0 view .LVU88
 301 0032 5748     		ldr	r0, .L33+16
 302              	.LVL7:
 303              	.LBB3:
 130:Core/Src/i2c.c ****     /**I2C1 GPIO Configuration
 304              		.loc 1 130 5 view .LVU89
 305 0034 43F00203 		orr	r3, r3, #2
 306 0038 2B63     		str	r3, [r5, #48]
 130:Core/Src/i2c.c ****     /**I2C1 GPIO Configuration
 307              		.loc 1 130 5 is_stmt 1 view .LVU90
 308 003a 2B6B     		ldr	r3, [r5, #48]
 309 003c 03F00203 		and	r3, r3, #2
 310 0040 0093     		str	r3, [sp]
 130:Core/Src/i2c.c ****     /**I2C1 GPIO Configuration
 311              		.loc 1 130 5 view .LVU91
 312              	.LBE3:
 135:Core/Src/i2c.c ****     GPIO_InitStruct.Mode = GPIO_MODE_AF_OD;
 313              		.loc 1 135 25 is_stmt 0 view .LVU92
 314 0042 4FF44073 		mov	r3, #768
 315 0046 0793     		str	r3, [sp, #28]
 137:Core/Src/i2c.c ****     GPIO_InitStruct.Speed = GPIO_SPEED_FREQ_VERY_HIGH;
 316              		.loc 1 137 26 view .LVU93
 317 0048 1226     		movs	r6, #18
 318 004a 0123     		movs	r3, #1
 319 004c CDE90863 		strd	r6, r3, [sp, #32]
 140:Core/Src/i2c.c **** 
 320              		.loc 1 140 5 view .LVU94
 321 0050 07A9     		add	r1, sp, #28
ARM GAS  /tmp/cclIjKO3.s 			page 11


 139:Core/Src/i2c.c ****     HAL_GPIO_Init(GPIOB, &GPIO_InitStruct);
 322              		.loc 1 139 31 view .LVU95
 323 0052 0423     		movs	r3, #4
 324 0054 0327     		movs	r7, #3
 325 0056 CDE90A73 		strd	r7, r3, [sp, #40]
 326              	.LBB4:
 130:Core/Src/i2c.c ****     /**I2C1 GPIO Configuration
 327              		.loc 1 130 5 view .LVU96
 328 005a 009A     		ldr	r2, [sp]
 329              	.LBE4:
 130:Core/Src/i2c.c ****     /**I2C1 GPIO Configuration
 330              		.loc 1 130 5 is_stmt 1 view .LVU97
 135:Core/Src/i2c.c ****     GPIO_InitStruct.Mode = GPIO_MODE_AF_OD;
 331              		.loc 1 135 5 view .LVU98
 136:Core/Src/i2c.c ****     GPIO_InitStruct.Pull = GPIO_PULLUP;
 332              		.loc 1 136 5 view .LVU99
 138:Core/Src/i2c.c ****     GPIO_InitStruct.Alternate = GPIO_AF4_I2C1;
 333              		.loc 1 138 5 view .LVU100
 140:Core/Src/i2c.c **** 
 334              		.loc 1 140 5 view .LVU101
 335 005c FFF7FEFF 		bl	HAL_GPIO_Init
 336              	.LVL8:
 143:Core/Src/i2c.c ****   /* USER CODE BEGIN I2C1_MspInit 1 */
 337              		.loc 1 143 5 view .LVU102
 338              	.LBB5:
 143:Core/Src/i2c.c ****   /* USER CODE BEGIN I2C1_MspInit 1 */
 339              		.loc 1 143 5 view .LVU103
 340 0060 0194     		str	r4, [sp, #4]
 143:Core/Src/i2c.c ****   /* USER CODE BEGIN I2C1_MspInit 1 */
 341              		.loc 1 143 5 view .LVU104
 342 0062 2B6C     		ldr	r3, [r5, #64]
 343 0064 43F40013 		orr	r3, r3, #2097152
 344 0068 2B64     		str	r3, [r5, #64]
 143:Core/Src/i2c.c ****   /* USER CODE BEGIN I2C1_MspInit 1 */
 345              		.loc 1 143 5 view .LVU105
 346 006a 2B6C     		ldr	r3, [r5, #64]
 347 006c 03F40013 		and	r3, r3, #2097152
 348 0070 0193     		str	r3, [sp, #4]
 143:Core/Src/i2c.c ****   /* USER CODE BEGIN I2C1_MspInit 1 */
 349              		.loc 1 143 5 view .LVU106
 350 0072 019B     		ldr	r3, [sp, #4]
 351              	.LBE5:
 143:Core/Src/i2c.c ****   /* USER CODE BEGIN I2C1_MspInit 1 */
 352              		.loc 1 143 5 view .LVU107
 353              		.loc 1 224 1 is_stmt 0 view .LVU108
 354 0074 0DB0     		add	sp, sp, #52
 355              		.cfi_remember_state
 356              		.cfi_def_cfa_offset 28
 357              		@ sp needed
 358 0076 BDE8F083 		pop	{r4, r5, r6, r7, r8, r9, pc}
 359              	.LVL9:
 360              	.L30:
 361              		.cfi_restore_state
 154:Core/Src/i2c.c ****     /**I2C2 GPIO Configuration
 362              		.loc 1 154 5 is_stmt 1 view .LVU109
 363              	.LBB6:
 154:Core/Src/i2c.c ****     /**I2C2 GPIO Configuration
ARM GAS  /tmp/cclIjKO3.s 			page 12


 364              		.loc 1 154 5 view .LVU110
 365 007a 444F     		ldr	r7, .L33+12
 366 007c 0294     		str	r4, [sp, #8]
 154:Core/Src/i2c.c ****     /**I2C2 GPIO Configuration
 367              		.loc 1 154 5 view .LVU111
 368 007e 3B6B     		ldr	r3, [r7, #48]
 369              	.LBE6:
 171:Core/Src/i2c.c ****     hdma_i2c2_tx.Init.Channel = DMA_CHANNEL_7;
 370              		.loc 1 171 27 is_stmt 0 view .LVU112
 371 0080 444E     		ldr	r6, .L33+20
 372              	.LBB7:
 154:Core/Src/i2c.c ****     /**I2C2 GPIO Configuration
 373              		.loc 1 154 5 view .LVU113
 374 0082 43F02003 		orr	r3, r3, #32
 375 0086 3B63     		str	r3, [r7, #48]
 154:Core/Src/i2c.c ****     /**I2C2 GPIO Configuration
 376              		.loc 1 154 5 is_stmt 1 view .LVU114
 377 0088 3B6B     		ldr	r3, [r7, #48]
 378 008a 03F02003 		and	r3, r3, #32
 379 008e 0293     		str	r3, [sp, #8]
 154:Core/Src/i2c.c ****     /**I2C2 GPIO Configuration
 380              		.loc 1 154 5 view .LVU115
 381              	.LBE7:
 159:Core/Src/i2c.c ****     GPIO_InitStruct.Mode = GPIO_MODE_AF_OD;
 382              		.loc 1 159 25 is_stmt 0 view .LVU116
 383 0090 0323     		movs	r3, #3
 384 0092 0793     		str	r3, [sp, #28]
 162:Core/Src/i2c.c ****     GPIO_InitStruct.Alternate = GPIO_AF4_I2C2;
 385              		.loc 1 162 27 view .LVU117
 386 0094 0A93     		str	r3, [sp, #40]
 163:Core/Src/i2c.c ****     HAL_GPIO_Init(GPIOF, &GPIO_InitStruct);
 387              		.loc 1 163 31 view .LVU118
 388 0096 0423     		movs	r3, #4
 389              	.LBB8:
 154:Core/Src/i2c.c ****     /**I2C2 GPIO Configuration
 390              		.loc 1 154 5 view .LVU119
 391 0098 029A     		ldr	r2, [sp, #8]
 392              	.LBE8:
 154:Core/Src/i2c.c ****     /**I2C2 GPIO Configuration
 393              		.loc 1 154 5 is_stmt 1 view .LVU120
 159:Core/Src/i2c.c ****     GPIO_InitStruct.Mode = GPIO_MODE_AF_OD;
 394              		.loc 1 159 5 view .LVU121
 160:Core/Src/i2c.c ****     GPIO_InitStruct.Pull = GPIO_PULLUP;
 395              		.loc 1 160 5 view .LVU122
 163:Core/Src/i2c.c ****     HAL_GPIO_Init(GPIOF, &GPIO_InitStruct);
 396              		.loc 1 163 31 is_stmt 0 view .LVU123
 397 009a 0B93     		str	r3, [sp, #44]
 161:Core/Src/i2c.c ****     GPIO_InitStruct.Speed = GPIO_SPEED_FREQ_VERY_HIGH;
 398              		.loc 1 161 26 view .LVU124
 399 009c 1222     		movs	r2, #18
 400 009e 0123     		movs	r3, #1
 164:Core/Src/i2c.c **** 
 401              		.loc 1 164 5 view .LVU125
 402 00a0 07A9     		add	r1, sp, #28
 403 00a2 0546     		mov	r5, r0
 404 00a4 3C48     		ldr	r0, .L33+24
 405              	.LVL10:
ARM GAS  /tmp/cclIjKO3.s 			page 13


 161:Core/Src/i2c.c ****     GPIO_InitStruct.Speed = GPIO_SPEED_FREQ_VERY_HIGH;
 406              		.loc 1 161 26 view .LVU126
 407 00a6 CDE90823 		strd	r2, r3, [sp, #32]
 162:Core/Src/i2c.c ****     GPIO_InitStruct.Alternate = GPIO_AF4_I2C2;
 408              		.loc 1 162 5 is_stmt 1 view .LVU127
 163:Core/Src/i2c.c ****     HAL_GPIO_Init(GPIOF, &GPIO_InitStruct);
 409              		.loc 1 163 5 view .LVU128
 164:Core/Src/i2c.c **** 
 410              		.loc 1 164 5 view .LVU129
 411 00aa FFF7FEFF 		bl	HAL_GPIO_Init
 412              	.LVL11:
 167:Core/Src/i2c.c **** 
 413              		.loc 1 167 5 view .LVU130
 414              	.LBB9:
 167:Core/Src/i2c.c **** 
 415              		.loc 1 167 5 view .LVU131
 416 00ae 0394     		str	r4, [sp, #12]
 167:Core/Src/i2c.c **** 
 417              		.loc 1 167 5 view .LVU132
 418 00b0 3B6C     		ldr	r3, [r7, #64]
 419              	.LBE9:
 171:Core/Src/i2c.c ****     hdma_i2c2_tx.Init.Channel = DMA_CHANNEL_7;
 420              		.loc 1 171 27 is_stmt 0 view .LVU133
 421 00b2 3A4A     		ldr	r2, .L33+28
 422              	.LBB10:
 167:Core/Src/i2c.c **** 
 423              		.loc 1 167 5 view .LVU134
 424 00b4 43F48003 		orr	r3, r3, #4194304
 425 00b8 3B64     		str	r3, [r7, #64]
 167:Core/Src/i2c.c **** 
 426              		.loc 1 167 5 is_stmt 1 view .LVU135
 427 00ba 3B6C     		ldr	r3, [r7, #64]
 428              	.LBE10:
 174:Core/Src/i2c.c ****     hdma_i2c2_tx.Init.MemInc = DMA_MINC_ENABLE;
 429              		.loc 1 174 33 is_stmt 0 view .LVU136
 430 00bc F460     		str	r4, [r6, #12]
 431              	.LBB11:
 167:Core/Src/i2c.c **** 
 432              		.loc 1 167 5 view .LVU137
 433 00be 03F48003 		and	r3, r3, #4194304
 434 00c2 0393     		str	r3, [sp, #12]
 167:Core/Src/i2c.c **** 
 435              		.loc 1 167 5 is_stmt 1 view .LVU138
 436              	.LBE11:
 172:Core/Src/i2c.c ****     hdma_i2c2_tx.Init.Direction = DMA_MEMORY_TO_PERIPH;
 437              		.loc 1 172 31 is_stmt 0 view .LVU139
 438 00c4 4FF06063 		mov	r3, #234881024
 439 00c8 C6E90023 		strd	r2, r3, [r6]
 175:Core/Src/i2c.c ****     hdma_i2c2_tx.Init.PeriphDataAlignment = DMA_PDATAALIGN_BYTE;
 440              		.loc 1 175 30 view .LVU140
 441 00cc 4FF48063 		mov	r3, #1024
 173:Core/Src/i2c.c ****     hdma_i2c2_tx.Init.PeriphInc = DMA_PINC_DISABLE;
 442              		.loc 1 173 33 view .LVU141
 443 00d0 4022     		movs	r2, #64
 175:Core/Src/i2c.c ****     hdma_i2c2_tx.Init.PeriphDataAlignment = DMA_PDATAALIGN_BYTE;
 444              		.loc 1 175 30 view .LVU142
 445 00d2 3361     		str	r3, [r6, #16]
ARM GAS  /tmp/cclIjKO3.s 			page 14


 181:Core/Src/i2c.c ****     {
 446              		.loc 1 181 9 view .LVU143
 447 00d4 3046     		mov	r0, r6
 179:Core/Src/i2c.c ****     hdma_i2c2_tx.Init.FIFOMode = DMA_FIFOMODE_DISABLE;
 448              		.loc 1 179 32 view .LVU144
 449 00d6 4FF40033 		mov	r3, #131072
 177:Core/Src/i2c.c ****     hdma_i2c2_tx.Init.Mode = DMA_NORMAL;
 450              		.loc 1 177 40 view .LVU145
 451 00da C6E90544 		strd	r4, r4, [r6, #20]
 179:Core/Src/i2c.c ****     hdma_i2c2_tx.Init.FIFOMode = DMA_FIFOMODE_DISABLE;
 452              		.loc 1 179 32 view .LVU146
 453 00de C6E90743 		strd	r4, r3, [r6, #28]
 454              	.LBB12:
 167:Core/Src/i2c.c **** 
 455              		.loc 1 167 5 view .LVU147
 456 00e2 0399     		ldr	r1, [sp, #12]
 457              	.LBE12:
 167:Core/Src/i2c.c **** 
 458              		.loc 1 167 5 is_stmt 1 view .LVU148
 171:Core/Src/i2c.c ****     hdma_i2c2_tx.Init.Channel = DMA_CHANNEL_7;
 459              		.loc 1 171 5 view .LVU149
 173:Core/Src/i2c.c ****     hdma_i2c2_tx.Init.PeriphInc = DMA_PINC_DISABLE;
 460              		.loc 1 173 5 view .LVU150
 173:Core/Src/i2c.c ****     hdma_i2c2_tx.Init.PeriphInc = DMA_PINC_DISABLE;
 461              		.loc 1 173 33 is_stmt 0 view .LVU151
 462 00e4 B260     		str	r2, [r6, #8]
 174:Core/Src/i2c.c ****     hdma_i2c2_tx.Init.MemInc = DMA_MINC_ENABLE;
 463              		.loc 1 174 5 is_stmt 1 view .LVU152
 175:Core/Src/i2c.c ****     hdma_i2c2_tx.Init.PeriphDataAlignment = DMA_PDATAALIGN_BYTE;
 464              		.loc 1 175 5 view .LVU153
 176:Core/Src/i2c.c ****     hdma_i2c2_tx.Init.MemDataAlignment = DMA_MDATAALIGN_BYTE;
 465              		.loc 1 176 5 view .LVU154
 178:Core/Src/i2c.c ****     hdma_i2c2_tx.Init.Priority = DMA_PRIORITY_HIGH;
 466              		.loc 1 178 5 view .LVU155
 180:Core/Src/i2c.c ****     if (HAL_DMA_Init(&hdma_i2c2_tx) != HAL_OK)
 467              		.loc 1 180 5 view .LVU156
 180:Core/Src/i2c.c ****     if (HAL_DMA_Init(&hdma_i2c2_tx) != HAL_OK)
 468              		.loc 1 180 32 is_stmt 0 view .LVU157
 469 00e6 7462     		str	r4, [r6, #36]
 181:Core/Src/i2c.c ****     {
 470              		.loc 1 181 5 is_stmt 1 view .LVU158
 181:Core/Src/i2c.c ****     {
 471              		.loc 1 181 9 is_stmt 0 view .LVU159
 472 00e8 FFF7FEFF 		bl	HAL_DMA_Init
 473              	.LVL12:
 181:Core/Src/i2c.c ****     {
 474              		.loc 1 181 8 view .LVU160
 475 00ec 0028     		cmp	r0, #0
 476 00ee 44D1     		bne	.L32
 477              	.L24:
 186:Core/Src/i2c.c **** 
 478              		.loc 1 186 5 is_stmt 1 view .LVU161
 186:Core/Src/i2c.c **** 
 479              		.loc 1 186 5 view .LVU162
 480 00f0 6E63     		str	r6, [r5, #52]
 186:Core/Src/i2c.c **** 
 481              		.loc 1 186 5 view .LVU163
ARM GAS  /tmp/cclIjKO3.s 			page 15


 482 00f2 B563     		str	r5, [r6, #56]
 186:Core/Src/i2c.c **** 
 483              		.loc 1 186 5 view .LVU164
 484              		.loc 1 224 1 is_stmt 0 view .LVU165
 485 00f4 0DB0     		add	sp, sp, #52
 486              		.cfi_remember_state
 487              		.cfi_def_cfa_offset 28
 488              		@ sp needed
 489 00f6 BDE8F083 		pop	{r4, r5, r6, r7, r8, r9, pc}
 490              	.LVL13:
 491              	.L31:
 492              		.cfi_restore_state
 198:Core/Src/i2c.c ****     __HAL_RCC_GPIOA_CLK_ENABLE();
 493              		.loc 1 198 5 is_stmt 1 view .LVU166
 494              	.LBB13:
 198:Core/Src/i2c.c ****     __HAL_RCC_GPIOA_CLK_ENABLE();
 495              		.loc 1 198 5 view .LVU167
 496 00fa 244D     		ldr	r5, .L33+12
 497 00fc 0494     		str	r4, [sp, #16]
 198:Core/Src/i2c.c ****     __HAL_RCC_GPIOA_CLK_ENABLE();
 498              		.loc 1 198 5 view .LVU168
 499 00fe 2B6B     		ldr	r3, [r5, #48]
 500              	.LBE13:
 209:Core/Src/i2c.c **** 
 501              		.loc 1 209 5 is_stmt 0 view .LVU169
 502 0100 2748     		ldr	r0, .L33+32
 503              	.LVL14:
 504              	.LBB14:
 198:Core/Src/i2c.c ****     __HAL_RCC_GPIOA_CLK_ENABLE();
 505              		.loc 1 198 5 view .LVU170
 506 0102 43F00403 		orr	r3, r3, #4
 507 0106 2B63     		str	r3, [r5, #48]
 198:Core/Src/i2c.c ****     __HAL_RCC_GPIOA_CLK_ENABLE();
 508              		.loc 1 198 5 is_stmt 1 view .LVU171
 509 0108 2B6B     		ldr	r3, [r5, #48]
 510 010a 03F00403 		and	r3, r3, #4
 511 010e 0493     		str	r3, [sp, #16]
 198:Core/Src/i2c.c ****     __HAL_RCC_GPIOA_CLK_ENABLE();
 512              		.loc 1 198 5 view .LVU172
 513 0110 049B     		ldr	r3, [sp, #16]
 514              	.LBE14:
 198:Core/Src/i2c.c ****     __HAL_RCC_GPIOA_CLK_ENABLE();
 515              		.loc 1 198 5 view .LVU173
 199:Core/Src/i2c.c ****     /**I2C3 GPIO Configuration
 516              		.loc 1 199 5 view .LVU174
 517              	.LBB15:
 199:Core/Src/i2c.c ****     /**I2C3 GPIO Configuration
 518              		.loc 1 199 5 view .LVU175
 519 0112 0594     		str	r4, [sp, #20]
 199:Core/Src/i2c.c ****     /**I2C3 GPIO Configuration
 520              		.loc 1 199 5 view .LVU176
 521 0114 2B6B     		ldr	r3, [r5, #48]
 522 0116 43F00103 		orr	r3, r3, #1
 523 011a 2B63     		str	r3, [r5, #48]
 199:Core/Src/i2c.c ****     /**I2C3 GPIO Configuration
 524              		.loc 1 199 5 view .LVU177
 525 011c 2B6B     		ldr	r3, [r5, #48]
ARM GAS  /tmp/cclIjKO3.s 			page 16


 526 011e 03F00103 		and	r3, r3, #1
 527 0122 0593     		str	r3, [sp, #20]
 199:Core/Src/i2c.c ****     /**I2C3 GPIO Configuration
 528              		.loc 1 199 5 view .LVU178
 529              	.LBE15:
 205:Core/Src/i2c.c ****     GPIO_InitStruct.Pull = GPIO_PULLUP;
 530              		.loc 1 205 26 is_stmt 0 view .LVU179
 531 0124 1226     		movs	r6, #18
 204:Core/Src/i2c.c ****     GPIO_InitStruct.Mode = GPIO_MODE_AF_OD;
 532              		.loc 1 204 25 view .LVU180
 533 0126 4FF40073 		mov	r3, #512
 206:Core/Src/i2c.c ****     GPIO_InitStruct.Speed = GPIO_SPEED_FREQ_VERY_HIGH;
 534              		.loc 1 206 26 view .LVU181
 535 012a 4FF00109 		mov	r9, #1
 208:Core/Src/i2c.c ****     HAL_GPIO_Init(GPIOC, &GPIO_InitStruct);
 536              		.loc 1 208 31 view .LVU182
 537 012e 4FF00308 		mov	r8, #3
 538 0132 0427     		movs	r7, #4
 209:Core/Src/i2c.c **** 
 539              		.loc 1 209 5 view .LVU183
 540 0134 07A9     		add	r1, sp, #28
 541              	.LBB16:
 199:Core/Src/i2c.c ****     /**I2C3 GPIO Configuration
 542              		.loc 1 199 5 view .LVU184
 543 0136 059A     		ldr	r2, [sp, #20]
 544              	.LBE16:
 199:Core/Src/i2c.c ****     /**I2C3 GPIO Configuration
 545              		.loc 1 199 5 is_stmt 1 view .LVU185
 204:Core/Src/i2c.c ****     GPIO_InitStruct.Mode = GPIO_MODE_AF_OD;
 546              		.loc 1 204 5 view .LVU186
 204:Core/Src/i2c.c ****     GPIO_InitStruct.Mode = GPIO_MODE_AF_OD;
 547              		.loc 1 204 25 is_stmt 0 view .LVU187
 548 0138 0793     		str	r3, [sp, #28]
 205:Core/Src/i2c.c ****     GPIO_InitStruct.Pull = GPIO_PULLUP;
 549              		.loc 1 205 5 is_stmt 1 view .LVU188
 206:Core/Src/i2c.c ****     GPIO_InitStruct.Speed = GPIO_SPEED_FREQ_VERY_HIGH;
 550              		.loc 1 206 5 view .LVU189
 208:Core/Src/i2c.c ****     HAL_GPIO_Init(GPIOC, &GPIO_InitStruct);
 551              		.loc 1 208 31 is_stmt 0 view .LVU190
 552 013a CDE90A87 		strd	r8, r7, [sp, #40]
 205:Core/Src/i2c.c ****     GPIO_InitStruct.Pull = GPIO_PULLUP;
 553              		.loc 1 205 26 view .LVU191
 554 013e 0896     		str	r6, [sp, #32]
 206:Core/Src/i2c.c ****     GPIO_InitStruct.Speed = GPIO_SPEED_FREQ_VERY_HIGH;
 555              		.loc 1 206 26 view .LVU192
 556 0140 CDF82490 		str	r9, [sp, #36]
 207:Core/Src/i2c.c ****     GPIO_InitStruct.Alternate = GPIO_AF4_I2C3;
 557              		.loc 1 207 5 is_stmt 1 view .LVU193
 209:Core/Src/i2c.c **** 
 558              		.loc 1 209 5 view .LVU194
 559 0144 FFF7FEFF 		bl	HAL_GPIO_Init
 560              	.LVL15:
 211:Core/Src/i2c.c ****     GPIO_InitStruct.Mode = GPIO_MODE_AF_OD;
 561              		.loc 1 211 5 view .LVU195
 211:Core/Src/i2c.c ****     GPIO_InitStruct.Mode = GPIO_MODE_AF_OD;
 562              		.loc 1 211 25 is_stmt 0 view .LVU196
 563 0148 4FF48073 		mov	r3, #256
ARM GAS  /tmp/cclIjKO3.s 			page 17


 216:Core/Src/i2c.c **** 
 564              		.loc 1 216 5 view .LVU197
 565 014c 1548     		ldr	r0, .L33+36
 211:Core/Src/i2c.c ****     GPIO_InitStruct.Mode = GPIO_MODE_AF_OD;
 566              		.loc 1 211 25 view .LVU198
 567 014e 0793     		str	r3, [sp, #28]
 212:Core/Src/i2c.c ****     GPIO_InitStruct.Pull = GPIO_PULLUP;
 568              		.loc 1 212 5 is_stmt 1 view .LVU199
 213:Core/Src/i2c.c ****     GPIO_InitStruct.Speed = GPIO_SPEED_FREQ_VERY_HIGH;
 569              		.loc 1 213 5 view .LVU200
 214:Core/Src/i2c.c ****     GPIO_InitStruct.Alternate = GPIO_AF4_I2C3;
 570              		.loc 1 214 5 view .LVU201
 215:Core/Src/i2c.c ****     HAL_GPIO_Init(GPIOA, &GPIO_InitStruct);
 571              		.loc 1 215 5 view .LVU202
 216:Core/Src/i2c.c **** 
 572              		.loc 1 216 5 view .LVU203
 573 0150 07A9     		add	r1, sp, #28
 213:Core/Src/i2c.c ****     GPIO_InitStruct.Speed = GPIO_SPEED_FREQ_VERY_HIGH;
 574              		.loc 1 213 26 is_stmt 0 view .LVU204
 575 0152 CDE90869 		strd	r6, r9, [sp, #32]
 214:Core/Src/i2c.c ****     GPIO_InitStruct.Alternate = GPIO_AF4_I2C3;
 576              		.loc 1 214 27 view .LVU205
 577 0156 CDF82880 		str	r8, [sp, #40]
 215:Core/Src/i2c.c ****     HAL_GPIO_Init(GPIOA, &GPIO_InitStruct);
 578              		.loc 1 215 31 view .LVU206
 579 015a 0B97     		str	r7, [sp, #44]
 216:Core/Src/i2c.c **** 
 580              		.loc 1 216 5 view .LVU207
 581 015c FFF7FEFF 		bl	HAL_GPIO_Init
 582              	.LVL16:
 219:Core/Src/i2c.c ****   /* USER CODE BEGIN I2C3_MspInit 1 */
 583              		.loc 1 219 5 is_stmt 1 view .LVU208
 584              	.LBB17:
 219:Core/Src/i2c.c ****   /* USER CODE BEGIN I2C3_MspInit 1 */
 585              		.loc 1 219 5 view .LVU209
 586 0160 0694     		str	r4, [sp, #24]
 219:Core/Src/i2c.c ****   /* USER CODE BEGIN I2C3_MspInit 1 */
 587              		.loc 1 219 5 view .LVU210
 588 0162 2B6C     		ldr	r3, [r5, #64]
 589 0164 43F40003 		orr	r3, r3, #8388608
 590 0168 2B64     		str	r3, [r5, #64]
 219:Core/Src/i2c.c ****   /* USER CODE BEGIN I2C3_MspInit 1 */
 591              		.loc 1 219 5 view .LVU211
 592 016a 2B6C     		ldr	r3, [r5, #64]
 593 016c 03F40003 		and	r3, r3, #8388608
 594 0170 0693     		str	r3, [sp, #24]
 219:Core/Src/i2c.c ****   /* USER CODE BEGIN I2C3_MspInit 1 */
 595              		.loc 1 219 5 view .LVU212
 596 0172 069B     		ldr	r3, [sp, #24]
 597              	.LBE17:
 219:Core/Src/i2c.c ****   /* USER CODE BEGIN I2C3_MspInit 1 */
 598              		.loc 1 219 5 view .LVU213
 599              		.loc 1 224 1 is_stmt 0 view .LVU214
 600 0174 0DB0     		add	sp, sp, #52
 601              		.cfi_remember_state
 602              		.cfi_def_cfa_offset 28
 603              		@ sp needed
ARM GAS  /tmp/cclIjKO3.s 			page 18


 604 0176 BDE8F083 		pop	{r4, r5, r6, r7, r8, r9, pc}
 605              	.LVL17:
 606              	.L32:
 607              		.cfi_restore_state
 183:Core/Src/i2c.c ****     }
 608              		.loc 1 183 7 is_stmt 1 view .LVU215
 609 017a FFF7FEFF 		bl	Error_Handler
 610              	.LVL18:
 611 017e B7E7     		b	.L24
 612              	.L34:
 613              		.align	2
 614              	.L33:
 615 0180 00540040 		.word	1073763328
 616 0184 00580040 		.word	1073764352
 617 0188 005C0040 		.word	1073765376
 618 018c 00380240 		.word	1073887232
 619 0190 00040240 		.word	1073873920
 620 0194 00000000 		.word	.LANCHOR3
 621 0198 00140240 		.word	1073878016
 622 019c B8600240 		.word	1073897656
 623 01a0 00080240 		.word	1073874944
 624 01a4 00000240 		.word	1073872896
 625              		.cfi_endproc
 626              	.LFE238:
 628              		.section	.text.HAL_I2C_MspDeInit,"ax",%progbits
 629              		.align	1
 630              		.p2align 2,,3
 631              		.global	HAL_I2C_MspDeInit
 632              		.syntax unified
 633              		.thumb
 634              		.thumb_func
 636              	HAL_I2C_MspDeInit:
 637              	.LVL19:
 638              	.LFB239:
 225:Core/Src/i2c.c **** 
 226:Core/Src/i2c.c **** void HAL_I2C_MspDeInit(I2C_HandleTypeDef* i2cHandle)
 227:Core/Src/i2c.c **** {
 639              		.loc 1 227 1 view -0
 640              		.cfi_startproc
 641              		@ args = 0, pretend = 0, frame = 0
 642              		@ frame_needed = 0, uses_anonymous_args = 0
 228:Core/Src/i2c.c **** 
 229:Core/Src/i2c.c ****   if(i2cHandle->Instance==I2C1)
 643              		.loc 1 229 3 view .LVU217
 644              		.loc 1 229 5 is_stmt 0 view .LVU218
 645 0000 214A     		ldr	r2, .L43
 646              		.loc 1 229 15 view .LVU219
 647 0002 0368     		ldr	r3, [r0]
 648              		.loc 1 229 5 view .LVU220
 649 0004 9342     		cmp	r3, r2
 227:Core/Src/i2c.c **** 
 650              		.loc 1 227 1 view .LVU221
 651 0006 10B5     		push	{r4, lr}
 652              		.cfi_def_cfa_offset 8
 653              		.cfi_offset 4, -8
 654              		.cfi_offset 14, -4
 655              		.loc 1 229 5 view .LVU222
ARM GAS  /tmp/cclIjKO3.s 			page 19


 656 0008 06D0     		beq	.L40
 230:Core/Src/i2c.c ****   {
 231:Core/Src/i2c.c ****   /* USER CODE BEGIN I2C1_MspDeInit 0 */
 232:Core/Src/i2c.c **** 
 233:Core/Src/i2c.c ****   /* USER CODE END I2C1_MspDeInit 0 */
 234:Core/Src/i2c.c ****     /* Peripheral clock disable */
 235:Core/Src/i2c.c ****     __HAL_RCC_I2C1_CLK_DISABLE();
 236:Core/Src/i2c.c **** 
 237:Core/Src/i2c.c ****     /**I2C1 GPIO Configuration
 238:Core/Src/i2c.c ****     PB8     ------> I2C1_SCL
 239:Core/Src/i2c.c ****     PB9     ------> I2C1_SDA
 240:Core/Src/i2c.c ****     */
 241:Core/Src/i2c.c ****     HAL_GPIO_DeInit(GPIOB, GPIO_PIN_8);
 242:Core/Src/i2c.c **** 
 243:Core/Src/i2c.c ****     HAL_GPIO_DeInit(GPIOB, GPIO_PIN_9);
 244:Core/Src/i2c.c **** 
 245:Core/Src/i2c.c ****   /* USER CODE BEGIN I2C1_MspDeInit 1 */
 246:Core/Src/i2c.c **** 
 247:Core/Src/i2c.c ****   /* USER CODE END I2C1_MspDeInit 1 */
 248:Core/Src/i2c.c ****   }
 249:Core/Src/i2c.c ****   else if(i2cHandle->Instance==I2C2)
 657              		.loc 1 249 8 is_stmt 1 view .LVU223
 658              		.loc 1 249 10 is_stmt 0 view .LVU224
 659 000a 204A     		ldr	r2, .L43+4
 660 000c 9342     		cmp	r3, r2
 661 000e 15D0     		beq	.L41
 250:Core/Src/i2c.c ****   {
 251:Core/Src/i2c.c ****   /* USER CODE BEGIN I2C2_MspDeInit 0 */
 252:Core/Src/i2c.c **** 
 253:Core/Src/i2c.c ****   /* USER CODE END I2C2_MspDeInit 0 */
 254:Core/Src/i2c.c ****     /* Peripheral clock disable */
 255:Core/Src/i2c.c ****     __HAL_RCC_I2C2_CLK_DISABLE();
 256:Core/Src/i2c.c **** 
 257:Core/Src/i2c.c ****     /**I2C2 GPIO Configuration
 258:Core/Src/i2c.c ****     PF0     ------> I2C2_SDA
 259:Core/Src/i2c.c ****     PF1     ------> I2C2_SCL
 260:Core/Src/i2c.c ****     */
 261:Core/Src/i2c.c ****     HAL_GPIO_DeInit(GPIOF, GPIO_PIN_0);
 262:Core/Src/i2c.c **** 
 263:Core/Src/i2c.c ****     HAL_GPIO_DeInit(GPIOF, GPIO_PIN_1);
 264:Core/Src/i2c.c **** 
 265:Core/Src/i2c.c ****     /* I2C2 DMA DeInit */
 266:Core/Src/i2c.c ****     HAL_DMA_DeInit(i2cHandle->hdmatx);
 267:Core/Src/i2c.c ****   /* USER CODE BEGIN I2C2_MspDeInit 1 */
 268:Core/Src/i2c.c **** 
 269:Core/Src/i2c.c ****   /* USER CODE END I2C2_MspDeInit 1 */
 270:Core/Src/i2c.c ****   }
 271:Core/Src/i2c.c ****   else if(i2cHandle->Instance==I2C3)
 662              		.loc 1 271 8 is_stmt 1 view .LVU225
 663              		.loc 1 271 10 is_stmt 0 view .LVU226
 664 0010 1F4A     		ldr	r2, .L43+8
 665 0012 9342     		cmp	r3, r2
 666 0014 26D0     		beq	.L42
 272:Core/Src/i2c.c ****   {
 273:Core/Src/i2c.c ****   /* USER CODE BEGIN I2C3_MspDeInit 0 */
 274:Core/Src/i2c.c **** 
 275:Core/Src/i2c.c ****   /* USER CODE END I2C3_MspDeInit 0 */
ARM GAS  /tmp/cclIjKO3.s 			page 20


 276:Core/Src/i2c.c ****     /* Peripheral clock disable */
 277:Core/Src/i2c.c ****     __HAL_RCC_I2C3_CLK_DISABLE();
 278:Core/Src/i2c.c **** 
 279:Core/Src/i2c.c ****     /**I2C3 GPIO Configuration
 280:Core/Src/i2c.c ****     PC9     ------> I2C3_SDA
 281:Core/Src/i2c.c ****     PA8     ------> I2C3_SCL
 282:Core/Src/i2c.c ****     */
 283:Core/Src/i2c.c ****     HAL_GPIO_DeInit(GPIOC, GPIO_PIN_9);
 284:Core/Src/i2c.c **** 
 285:Core/Src/i2c.c ****     HAL_GPIO_DeInit(GPIOA, GPIO_PIN_8);
 286:Core/Src/i2c.c **** 
 287:Core/Src/i2c.c ****   /* USER CODE BEGIN I2C3_MspDeInit 1 */
 288:Core/Src/i2c.c **** 
 289:Core/Src/i2c.c ****   /* USER CODE END I2C3_MspDeInit 1 */
 290:Core/Src/i2c.c ****   }
 291:Core/Src/i2c.c **** }
 667              		.loc 1 291 1 view .LVU227
 668 0016 10BD     		pop	{r4, pc}
 669              	.L40:
 235:Core/Src/i2c.c **** 
 670              		.loc 1 235 5 is_stmt 1 view .LVU228
 671 0018 02F5F232 		add	r2, r2, #123904
 241:Core/Src/i2c.c **** 
 672              		.loc 1 241 5 is_stmt 0 view .LVU229
 673 001c 1D48     		ldr	r0, .L43+12
 674              	.LVL20:
 235:Core/Src/i2c.c **** 
 675              		.loc 1 235 5 view .LVU230
 676 001e 136C     		ldr	r3, [r2, #64]
 677 0020 23F40013 		bic	r3, r3, #2097152
 241:Core/Src/i2c.c **** 
 678              		.loc 1 241 5 view .LVU231
 679 0024 4FF48071 		mov	r1, #256
 235:Core/Src/i2c.c **** 
 680              		.loc 1 235 5 view .LVU232
 681 0028 1364     		str	r3, [r2, #64]
 241:Core/Src/i2c.c **** 
 682              		.loc 1 241 5 is_stmt 1 view .LVU233
 683 002a FFF7FEFF 		bl	HAL_GPIO_DeInit
 684              	.LVL21:
 243:Core/Src/i2c.c **** 
 685              		.loc 1 243 5 view .LVU234
 686              		.loc 1 291 1 is_stmt 0 view .LVU235
 687 002e BDE81040 		pop	{r4, lr}
 688              		.cfi_remember_state
 689              		.cfi_restore 14
 690              		.cfi_restore 4
 691              		.cfi_def_cfa_offset 0
 243:Core/Src/i2c.c **** 
 692              		.loc 1 243 5 view .LVU236
 693 0032 1848     		ldr	r0, .L43+12
 694 0034 4FF40071 		mov	r1, #512
 695 0038 FFF7FEBF 		b	HAL_GPIO_DeInit
 696              	.LVL22:
 697              	.L41:
 698              		.cfi_restore_state
 255:Core/Src/i2c.c **** 
ARM GAS  /tmp/cclIjKO3.s 			page 21


 699              		.loc 1 255 5 is_stmt 1 view .LVU237
 700 003c 02F5F032 		add	r2, r2, #122880
 701 0040 0446     		mov	r4, r0
 702 0042 136C     		ldr	r3, [r2, #64]
 261:Core/Src/i2c.c **** 
 703              		.loc 1 261 5 is_stmt 0 view .LVU238
 704 0044 1448     		ldr	r0, .L43+16
 705              	.LVL23:
 255:Core/Src/i2c.c **** 
 706              		.loc 1 255 5 view .LVU239
 707 0046 23F48003 		bic	r3, r3, #4194304
 261:Core/Src/i2c.c **** 
 708              		.loc 1 261 5 view .LVU240
 709 004a 0121     		movs	r1, #1
 255:Core/Src/i2c.c **** 
 710              		.loc 1 255 5 view .LVU241
 711 004c 1364     		str	r3, [r2, #64]
 261:Core/Src/i2c.c **** 
 712              		.loc 1 261 5 is_stmt 1 view .LVU242
 713 004e FFF7FEFF 		bl	HAL_GPIO_DeInit
 714              	.LVL24:
 263:Core/Src/i2c.c **** 
 715              		.loc 1 263 5 view .LVU243
 716 0052 1148     		ldr	r0, .L43+16
 717 0054 0221     		movs	r1, #2
 718 0056 FFF7FEFF 		bl	HAL_GPIO_DeInit
 719              	.LVL25:
 266:Core/Src/i2c.c ****   /* USER CODE BEGIN I2C2_MspDeInit 1 */
 720              		.loc 1 266 5 view .LVU244
 721 005a 606B     		ldr	r0, [r4, #52]
 722              		.loc 1 291 1 is_stmt 0 view .LVU245
 723 005c BDE81040 		pop	{r4, lr}
 724              		.cfi_remember_state
 725              		.cfi_restore 14
 726              		.cfi_restore 4
 727              		.cfi_def_cfa_offset 0
 728              	.LVL26:
 266:Core/Src/i2c.c ****   /* USER CODE BEGIN I2C2_MspDeInit 1 */
 729              		.loc 1 266 5 view .LVU246
 730 0060 FFF7FEBF 		b	HAL_DMA_DeInit
 731              	.LVL27:
 732              	.L42:
 733              		.cfi_restore_state
 277:Core/Src/i2c.c **** 
 734              		.loc 1 277 5 is_stmt 1 view .LVU247
 735 0064 02F5EE32 		add	r2, r2, #121856
 283:Core/Src/i2c.c **** 
 736              		.loc 1 283 5 is_stmt 0 view .LVU248
 737 0068 0C48     		ldr	r0, .L43+20
 738              	.LVL28:
 277:Core/Src/i2c.c **** 
 739              		.loc 1 277 5 view .LVU249
 740 006a 136C     		ldr	r3, [r2, #64]
 741 006c 23F40003 		bic	r3, r3, #8388608
 283:Core/Src/i2c.c **** 
 742              		.loc 1 283 5 view .LVU250
 743 0070 4FF40071 		mov	r1, #512
ARM GAS  /tmp/cclIjKO3.s 			page 22


 277:Core/Src/i2c.c **** 
 744              		.loc 1 277 5 view .LVU251
 745 0074 1364     		str	r3, [r2, #64]
 283:Core/Src/i2c.c **** 
 746              		.loc 1 283 5 is_stmt 1 view .LVU252
 747 0076 FFF7FEFF 		bl	HAL_GPIO_DeInit
 748              	.LVL29:
 285:Core/Src/i2c.c **** 
 749              		.loc 1 285 5 view .LVU253
 750              		.loc 1 291 1 is_stmt 0 view .LVU254
 751 007a BDE81040 		pop	{r4, lr}
 752              		.cfi_restore 14
 753              		.cfi_restore 4
 754              		.cfi_def_cfa_offset 0
 285:Core/Src/i2c.c **** 
 755              		.loc 1 285 5 view .LVU255
 756 007e 0848     		ldr	r0, .L43+24
 757 0080 4FF48071 		mov	r1, #256
 758 0084 FFF7FEBF 		b	HAL_GPIO_DeInit
 759              	.LVL30:
 760              	.L44:
 761              		.align	2
 762              	.L43:
 763 0088 00540040 		.word	1073763328
 764 008c 00580040 		.word	1073764352
 765 0090 005C0040 		.word	1073765376
 766 0094 00040240 		.word	1073873920
 767 0098 00140240 		.word	1073878016
 768 009c 00080240 		.word	1073874944
 769 00a0 00000240 		.word	1073872896
 770              		.cfi_endproc
 771              	.LFE239:
 773              		.global	hdma_i2c2_tx
 774              		.global	hi2c3
 775              		.global	hi2c2
 776              		.global	hi2c1
 777              		.section	.bss.hdma_i2c2_tx,"aw",%nobits
 778              		.align	2
 779              		.set	.LANCHOR3,. + 0
 782              	hdma_i2c2_tx:
 783 0000 00000000 		.space	96
 783      00000000 
 783      00000000 
 783      00000000 
 783      00000000 
 784              		.section	.bss.hi2c1,"aw",%nobits
 785              		.align	2
 786              		.set	.LANCHOR0,. + 0
 789              	hi2c1:
 790 0000 00000000 		.space	84
 790      00000000 
 790      00000000 
 790      00000000 
 790      00000000 
 791              		.section	.bss.hi2c2,"aw",%nobits
 792              		.align	2
 793              		.set	.LANCHOR1,. + 0
ARM GAS  /tmp/cclIjKO3.s 			page 23


 796              	hi2c2:
 797 0000 00000000 		.space	84
 797      00000000 
 797      00000000 
 797      00000000 
 797      00000000 
 798              		.section	.bss.hi2c3,"aw",%nobits
 799              		.align	2
 800              		.set	.LANCHOR2,. + 0
 803              	hi2c3:
 804 0000 00000000 		.space	84
 804      00000000 
 804      00000000 
 804      00000000 
 804      00000000 
 805              		.text
 806              	.Letext0:
 807              		.file 2 "/opt/gcc-arm-none-eabi-10.3-2021.10/arm-none-eabi/include/machine/_default_types.h"
 808              		.file 3 "/opt/gcc-arm-none-eabi-10.3-2021.10/arm-none-eabi/include/sys/_stdint.h"
 809              		.file 4 "Drivers/CMSIS/Device/ST/STM32F4xx/Include/stm32f407xx.h"
 810              		.file 5 "Drivers/STM32F4xx_HAL_Driver/Inc/stm32f4xx_hal_def.h"
 811              		.file 6 "Drivers/STM32F4xx_HAL_Driver/Inc/stm32f4xx_hal_gpio.h"
 812              		.file 7 "Drivers/STM32F4xx_HAL_Driver/Inc/stm32f4xx_hal_dma.h"
 813              		.file 8 "Drivers/STM32F4xx_HAL_Driver/Inc/stm32f4xx_hal_i2c.h"
 814              		.file 9 "Core/Inc/i2c.h"
 815              		.file 10 "Core/Inc/main.h"
ARM GAS  /tmp/cclIjKO3.s 			page 24


DEFINED SYMBOLS
                            *ABS*:0000000000000000 i2c.c
     /tmp/cclIjKO3.s:20     .text.MX_I2C1_Init:0000000000000000 $t
     /tmp/cclIjKO3.s:27     .text.MX_I2C1_Init:0000000000000000 MX_I2C1_Init
     /tmp/cclIjKO3.s:84     .text.MX_I2C1_Init:0000000000000030 $d
     /tmp/cclIjKO3.s:91     .text.MX_I2C2_Init:0000000000000000 $t
     /tmp/cclIjKO3.s:98     .text.MX_I2C2_Init:0000000000000000 MX_I2C2_Init
     /tmp/cclIjKO3.s:154    .text.MX_I2C2_Init:0000000000000030 $d
     /tmp/cclIjKO3.s:161    .text.MX_I2C3_Init:0000000000000000 $t
     /tmp/cclIjKO3.s:168    .text.MX_I2C3_Init:0000000000000000 MX_I2C3_Init
     /tmp/cclIjKO3.s:224    .text.MX_I2C3_Init:0000000000000030 $d
     /tmp/cclIjKO3.s:231    .text.HAL_I2C_MspInit:0000000000000000 $t
     /tmp/cclIjKO3.s:238    .text.HAL_I2C_MspInit:0000000000000000 HAL_I2C_MspInit
     /tmp/cclIjKO3.s:615    .text.HAL_I2C_MspInit:0000000000000180 $d
     /tmp/cclIjKO3.s:629    .text.HAL_I2C_MspDeInit:0000000000000000 $t
     /tmp/cclIjKO3.s:636    .text.HAL_I2C_MspDeInit:0000000000000000 HAL_I2C_MspDeInit
     /tmp/cclIjKO3.s:763    .text.HAL_I2C_MspDeInit:0000000000000088 $d
     /tmp/cclIjKO3.s:782    .bss.hdma_i2c2_tx:0000000000000000 hdma_i2c2_tx
     /tmp/cclIjKO3.s:803    .bss.hi2c3:0000000000000000 hi2c3
     /tmp/cclIjKO3.s:796    .bss.hi2c2:0000000000000000 hi2c2
     /tmp/cclIjKO3.s:789    .bss.hi2c1:0000000000000000 hi2c1
     /tmp/cclIjKO3.s:778    .bss.hdma_i2c2_tx:0000000000000000 $d
     /tmp/cclIjKO3.s:785    .bss.hi2c1:0000000000000000 $d
     /tmp/cclIjKO3.s:792    .bss.hi2c2:0000000000000000 $d
     /tmp/cclIjKO3.s:799    .bss.hi2c3:0000000000000000 $d

UNDEFINED SYMBOLS
HAL_I2C_Init
Error_Handler
HAL_GPIO_Init
HAL_DMA_Init
HAL_GPIO_DeInit
HAL_DMA_DeInit
