ARM GAS  /tmp/ccoUCl64.s 			page 1


   1              		.cpu cortex-m4
   2              		.arch armv7e-m
   3              		.fpu fpv4-sp-d16
   4              		.eabi_attribute 27, 1
   5              		.eabi_attribute 28, 1
   6              		.eabi_attribute 20, 1
   7              		.eabi_attribute 21, 1
   8              		.eabi_attribute 23, 3
   9              		.eabi_attribute 24, 1
  10              		.eabi_attribute 25, 1
  11              		.eabi_attribute 26, 1
  12              		.eabi_attribute 30, 2
  13              		.eabi_attribute 34, 1
  14              		.eabi_attribute 18, 4
  15              		.file	"list.c"
  16              		.text
  17              	.Ltext0:
  18              		.cfi_sections	.debug_frame
  19              		.section	.text.vListInitialise,"ax",%progbits
  20              		.align	1
  21              		.p2align 2,,3
  22              		.global	vListInitialise
  23              		.syntax unified
  24              		.thumb
  25              		.thumb_func
  27              	vListInitialise:
  28              	.LVL0:
  29              	.LFB5:
  30              		.file 1 "Middlewares/Third_Party/FreeRTOS/Source/list.c"
   1:Middlewares/Third_Party/FreeRTOS/Source/list.c **** /*
   2:Middlewares/Third_Party/FreeRTOS/Source/list.c ****  * FreeRTOS Kernel V10.3.1
   3:Middlewares/Third_Party/FreeRTOS/Source/list.c ****  * Copyright (C) 2020 Amazon.com, Inc. or its affiliates.  All Rights Reserved.
   4:Middlewares/Third_Party/FreeRTOS/Source/list.c ****  *
   5:Middlewares/Third_Party/FreeRTOS/Source/list.c ****  * Permission is hereby granted, free of charge, to any person obtaining a copy of
   6:Middlewares/Third_Party/FreeRTOS/Source/list.c ****  * this software and associated documentation files (the "Software"), to deal in
   7:Middlewares/Third_Party/FreeRTOS/Source/list.c ****  * the Software without restriction, including without limitation the rights to
   8:Middlewares/Third_Party/FreeRTOS/Source/list.c ****  * use, copy, modify, merge, publish, distribute, sublicense, and/or sell copies of
   9:Middlewares/Third_Party/FreeRTOS/Source/list.c ****  * the Software, and to permit persons to whom the Software is furnished to do so,
  10:Middlewares/Third_Party/FreeRTOS/Source/list.c ****  * subject to the following conditions:
  11:Middlewares/Third_Party/FreeRTOS/Source/list.c ****  *
  12:Middlewares/Third_Party/FreeRTOS/Source/list.c ****  * The above copyright notice and this permission notice shall be included in all
  13:Middlewares/Third_Party/FreeRTOS/Source/list.c ****  * copies or substantial portions of the Software.
  14:Middlewares/Third_Party/FreeRTOS/Source/list.c ****  *
  15:Middlewares/Third_Party/FreeRTOS/Source/list.c ****  * THE SOFTWARE IS PROVIDED "AS IS", WITHOUT WARRANTY OF ANY KIND, EXPRESS OR
  16:Middlewares/Third_Party/FreeRTOS/Source/list.c ****  * IMPLIED, INCLUDING BUT NOT LIMITED TO THE WARRANTIES OF MERCHANTABILITY, FITNESS
  17:Middlewares/Third_Party/FreeRTOS/Source/list.c ****  * FOR A PARTICULAR PURPOSE AND NONINFRINGEMENT. IN NO EVENT SHALL THE AUTHORS OR
  18:Middlewares/Third_Party/FreeRTOS/Source/list.c ****  * COPYRIGHT HOLDERS BE LIABLE FOR ANY CLAIM, DAMAGES OR OTHER LIABILITY, WHETHER
  19:Middlewares/Third_Party/FreeRTOS/Source/list.c ****  * IN AN ACTION OF CONTRACT, TORT OR OTHERWISE, ARISING FROM, OUT OF OR IN
  20:Middlewares/Third_Party/FreeRTOS/Source/list.c ****  * CONNECTION WITH THE SOFTWARE OR THE USE OR OTHER DEALINGS IN THE SOFTWARE.
  21:Middlewares/Third_Party/FreeRTOS/Source/list.c ****  *
  22:Middlewares/Third_Party/FreeRTOS/Source/list.c ****  * http://www.FreeRTOS.org
  23:Middlewares/Third_Party/FreeRTOS/Source/list.c ****  * http://aws.amazon.com/freertos
  24:Middlewares/Third_Party/FreeRTOS/Source/list.c ****  *
  25:Middlewares/Third_Party/FreeRTOS/Source/list.c ****  * 1 tab == 4 spaces!
  26:Middlewares/Third_Party/FreeRTOS/Source/list.c ****  */
  27:Middlewares/Third_Party/FreeRTOS/Source/list.c **** 
  28:Middlewares/Third_Party/FreeRTOS/Source/list.c **** 
ARM GAS  /tmp/ccoUCl64.s 			page 2


  29:Middlewares/Third_Party/FreeRTOS/Source/list.c **** #include <stdlib.h>
  30:Middlewares/Third_Party/FreeRTOS/Source/list.c **** #include "FreeRTOS.h"
  31:Middlewares/Third_Party/FreeRTOS/Source/list.c **** #include "list.h"
  32:Middlewares/Third_Party/FreeRTOS/Source/list.c **** 
  33:Middlewares/Third_Party/FreeRTOS/Source/list.c **** /*-----------------------------------------------------------
  34:Middlewares/Third_Party/FreeRTOS/Source/list.c ****  * PUBLIC LIST API documented in list.h
  35:Middlewares/Third_Party/FreeRTOS/Source/list.c ****  *----------------------------------------------------------*/
  36:Middlewares/Third_Party/FreeRTOS/Source/list.c **** 
  37:Middlewares/Third_Party/FreeRTOS/Source/list.c **** void vListInitialise( List_t * const pxList )
  38:Middlewares/Third_Party/FreeRTOS/Source/list.c **** {
  31              		.loc 1 38 1 view -0
  32              		.cfi_startproc
  33              		@ args = 0, pretend = 0, frame = 0
  34              		@ frame_needed = 0, uses_anonymous_args = 0
  35              		@ link register save eliminated.
  39:Middlewares/Third_Party/FreeRTOS/Source/list.c **** 	/* The list structure contains a list item which is used to mark the
  40:Middlewares/Third_Party/FreeRTOS/Source/list.c **** 	end of the list.  To initialise the list the list end is inserted
  41:Middlewares/Third_Party/FreeRTOS/Source/list.c **** 	as the only list entry. */
  42:Middlewares/Third_Party/FreeRTOS/Source/list.c **** 	pxList->pxIndex = ( ListItem_t * ) &( pxList->xListEnd );			/*lint !e826 !e740 !e9087 The mini lis
  36              		.loc 1 42 2 view .LVU1
  37              		.loc 1 42 37 is_stmt 0 view .LVU2
  38 0000 00F10803 		add	r3, r0, #8
  43:Middlewares/Third_Party/FreeRTOS/Source/list.c **** 
  44:Middlewares/Third_Party/FreeRTOS/Source/list.c **** 	/* The list end value is the highest possible value in the list to
  45:Middlewares/Third_Party/FreeRTOS/Source/list.c **** 	ensure it remains at the end of the list. */
  46:Middlewares/Third_Party/FreeRTOS/Source/list.c **** 	pxList->xListEnd.xItemValue = portMAX_DELAY;
  39              		.loc 1 46 30 view .LVU3
  40 0004 4FF0FF31 		mov	r1, #-1
  47:Middlewares/Third_Party/FreeRTOS/Source/list.c **** 
  48:Middlewares/Third_Party/FreeRTOS/Source/list.c **** 	/* The list end next and previous pointers point to itself so we know
  49:Middlewares/Third_Party/FreeRTOS/Source/list.c **** 	when the list is empty. */
  50:Middlewares/Third_Party/FreeRTOS/Source/list.c **** 	pxList->xListEnd.pxNext = ( ListItem_t * ) &( pxList->xListEnd );	/*lint !e826 !e740 !e9087 The mi
  51:Middlewares/Third_Party/FreeRTOS/Source/list.c **** 	pxList->xListEnd.pxPrevious = ( ListItem_t * ) &( pxList->xListEnd );/*lint !e826 !e740 !e9087 The
  52:Middlewares/Third_Party/FreeRTOS/Source/list.c **** 
  53:Middlewares/Third_Party/FreeRTOS/Source/list.c **** 	pxList->uxNumberOfItems = ( UBaseType_t ) 0U;
  41              		.loc 1 53 26 view .LVU4
  42 0008 0022     		movs	r2, #0
  46:Middlewares/Third_Party/FreeRTOS/Source/list.c **** 
  43              		.loc 1 46 30 view .LVU5
  44 000a C0E90131 		strd	r3, r1, [r0, #4]
  50:Middlewares/Third_Party/FreeRTOS/Source/list.c **** 	pxList->xListEnd.pxPrevious = ( ListItem_t * ) &( pxList->xListEnd );/*lint !e826 !e740 !e9087 The
  45              		.loc 1 50 2 is_stmt 1 view .LVU6
  51:Middlewares/Third_Party/FreeRTOS/Source/list.c **** 
  46              		.loc 1 51 30 is_stmt 0 view .LVU7
  47 000e C0E90333 		strd	r3, r3, [r0, #12]
  48              		.loc 1 53 2 is_stmt 1 view .LVU8
  49              		.loc 1 53 26 is_stmt 0 view .LVU9
  50 0012 0260     		str	r2, [r0]
  54:Middlewares/Third_Party/FreeRTOS/Source/list.c **** 
  55:Middlewares/Third_Party/FreeRTOS/Source/list.c **** 	/* Write known values into the list if
  56:Middlewares/Third_Party/FreeRTOS/Source/list.c **** 	configUSE_LIST_DATA_INTEGRITY_CHECK_BYTES is set to 1. */
  57:Middlewares/Third_Party/FreeRTOS/Source/list.c **** 	listSET_LIST_INTEGRITY_CHECK_1_VALUE( pxList );
  51              		.loc 1 57 48 is_stmt 1 view .LVU10
  58:Middlewares/Third_Party/FreeRTOS/Source/list.c **** 	listSET_LIST_INTEGRITY_CHECK_2_VALUE( pxList );
  52              		.loc 1 58 48 view .LVU11
  59:Middlewares/Third_Party/FreeRTOS/Source/list.c **** }
  53              		.loc 1 59 1 is_stmt 0 view .LVU12
ARM GAS  /tmp/ccoUCl64.s 			page 3


  54 0014 7047     		bx	lr
  55              		.cfi_endproc
  56              	.LFE5:
  58 0016 00BF     		.section	.text.vListInitialiseItem,"ax",%progbits
  59              		.align	1
  60              		.p2align 2,,3
  61              		.global	vListInitialiseItem
  62              		.syntax unified
  63              		.thumb
  64              		.thumb_func
  66              	vListInitialiseItem:
  67              	.LVL1:
  68              	.LFB6:
  60:Middlewares/Third_Party/FreeRTOS/Source/list.c **** /*-----------------------------------------------------------*/
  61:Middlewares/Third_Party/FreeRTOS/Source/list.c **** 
  62:Middlewares/Third_Party/FreeRTOS/Source/list.c **** void vListInitialiseItem( ListItem_t * const pxItem )
  63:Middlewares/Third_Party/FreeRTOS/Source/list.c **** {
  69              		.loc 1 63 1 is_stmt 1 view -0
  70              		.cfi_startproc
  71              		@ args = 0, pretend = 0, frame = 0
  72              		@ frame_needed = 0, uses_anonymous_args = 0
  73              		@ link register save eliminated.
  64:Middlewares/Third_Party/FreeRTOS/Source/list.c **** 	/* Make sure the list item is not recorded as being on a list. */
  65:Middlewares/Third_Party/FreeRTOS/Source/list.c **** 	pxItem->pxContainer = NULL;
  74              		.loc 1 65 2 view .LVU14
  75              		.loc 1 65 22 is_stmt 0 view .LVU15
  76 0000 0023     		movs	r3, #0
  77 0002 0361     		str	r3, [r0, #16]
  66:Middlewares/Third_Party/FreeRTOS/Source/list.c **** 
  67:Middlewares/Third_Party/FreeRTOS/Source/list.c **** 	/* Write known values into the list item if
  68:Middlewares/Third_Party/FreeRTOS/Source/list.c **** 	configUSE_LIST_DATA_INTEGRITY_CHECK_BYTES is set to 1. */
  69:Middlewares/Third_Party/FreeRTOS/Source/list.c **** 	listSET_FIRST_LIST_ITEM_INTEGRITY_CHECK_VALUE( pxItem );
  78              		.loc 1 69 57 is_stmt 1 view .LVU16
  70:Middlewares/Third_Party/FreeRTOS/Source/list.c **** 	listSET_SECOND_LIST_ITEM_INTEGRITY_CHECK_VALUE( pxItem );
  79              		.loc 1 70 58 view .LVU17
  71:Middlewares/Third_Party/FreeRTOS/Source/list.c **** }
  80              		.loc 1 71 1 is_stmt 0 view .LVU18
  81 0004 7047     		bx	lr
  82              		.cfi_endproc
  83              	.LFE6:
  85 0006 00BF     		.section	.text.vListInsertEnd,"ax",%progbits
  86              		.align	1
  87              		.p2align 2,,3
  88              		.global	vListInsertEnd
  89              		.syntax unified
  90              		.thumb
  91              		.thumb_func
  93              	vListInsertEnd:
  94              	.LVL2:
  95              	.LFB7:
  72:Middlewares/Third_Party/FreeRTOS/Source/list.c **** /*-----------------------------------------------------------*/
  73:Middlewares/Third_Party/FreeRTOS/Source/list.c **** 
  74:Middlewares/Third_Party/FreeRTOS/Source/list.c **** void vListInsertEnd( List_t * const pxList, ListItem_t * const pxNewListItem )
  75:Middlewares/Third_Party/FreeRTOS/Source/list.c **** {
  96              		.loc 1 75 1 is_stmt 1 view -0
  97              		.cfi_startproc
  98              		@ args = 0, pretend = 0, frame = 0
ARM GAS  /tmp/ccoUCl64.s 			page 4


  99              		@ frame_needed = 0, uses_anonymous_args = 0
 100              		@ link register save eliminated.
  76:Middlewares/Third_Party/FreeRTOS/Source/list.c **** ListItem_t * const pxIndex = pxList->pxIndex;
 101              		.loc 1 76 1 view .LVU20
 102              		.loc 1 76 20 is_stmt 0 view .LVU21
 103 0000 4368     		ldr	r3, [r0, #4]
 104              	.LVL3:
  77:Middlewares/Third_Party/FreeRTOS/Source/list.c **** 
  78:Middlewares/Third_Party/FreeRTOS/Source/list.c **** 	/* Only effective when configASSERT() is also defined, these tests may catch
  79:Middlewares/Third_Party/FreeRTOS/Source/list.c **** 	the list data structures being overwritten in memory.  They will not catch
  80:Middlewares/Third_Party/FreeRTOS/Source/list.c **** 	data errors caused by incorrect configuration or use of FreeRTOS. */
  81:Middlewares/Third_Party/FreeRTOS/Source/list.c **** 	listTEST_LIST_INTEGRITY( pxList );
 105              		.loc 1 81 35 is_stmt 1 view .LVU22
  82:Middlewares/Third_Party/FreeRTOS/Source/list.c **** 	listTEST_LIST_ITEM_INTEGRITY( pxNewListItem );
 106              		.loc 1 82 47 view .LVU23
  83:Middlewares/Third_Party/FreeRTOS/Source/list.c **** 
  84:Middlewares/Third_Party/FreeRTOS/Source/list.c **** 	/* Insert a new list item into pxList, but rather than sort the list,
  85:Middlewares/Third_Party/FreeRTOS/Source/list.c **** 	makes the new list item the last item to be removed by a call to
  86:Middlewares/Third_Party/FreeRTOS/Source/list.c **** 	listGET_OWNER_OF_NEXT_ENTRY(). */
  87:Middlewares/Third_Party/FreeRTOS/Source/list.c **** 	pxNewListItem->pxNext = pxIndex;
 107              		.loc 1 87 2 view .LVU24
  88:Middlewares/Third_Party/FreeRTOS/Source/list.c **** 	pxNewListItem->pxPrevious = pxIndex->pxPrevious;
 108              		.loc 1 88 37 is_stmt 0 view .LVU25
 109 0002 9A68     		ldr	r2, [r3, #8]
 110              		.loc 1 88 28 view .LVU26
 111 0004 8A60     		str	r2, [r1, #8]
  89:Middlewares/Third_Party/FreeRTOS/Source/list.c **** 
  90:Middlewares/Third_Party/FreeRTOS/Source/list.c **** 	/* Only used during decision coverage testing. */
  91:Middlewares/Third_Party/FreeRTOS/Source/list.c **** 	mtCOVERAGE_TEST_DELAY();
  92:Middlewares/Third_Party/FreeRTOS/Source/list.c **** 
  93:Middlewares/Third_Party/FreeRTOS/Source/list.c **** 	pxIndex->pxPrevious->pxNext = pxNewListItem;
  94:Middlewares/Third_Party/FreeRTOS/Source/list.c **** 	pxIndex->pxPrevious = pxNewListItem;
  95:Middlewares/Third_Party/FreeRTOS/Source/list.c **** 
  96:Middlewares/Third_Party/FreeRTOS/Source/list.c **** 	/* Remember which list the item is in. */
  97:Middlewares/Third_Party/FreeRTOS/Source/list.c **** 	pxNewListItem->pxContainer = pxList;
  98:Middlewares/Third_Party/FreeRTOS/Source/list.c **** 
  99:Middlewares/Third_Party/FreeRTOS/Source/list.c **** 	( pxList->uxNumberOfItems )++;
 112              		.loc 1 99 10 view .LVU27
 113 0006 0268     		ldr	r2, [r0]
  75:Middlewares/Third_Party/FreeRTOS/Source/list.c **** ListItem_t * const pxIndex = pxList->pxIndex;
 114              		.loc 1 75 1 view .LVU28
 115 0008 10B4     		push	{r4}
 116              		.cfi_def_cfa_offset 4
 117              		.cfi_offset 4, -4
  93:Middlewares/Third_Party/FreeRTOS/Source/list.c **** 	pxIndex->pxPrevious = pxNewListItem;
 118              		.loc 1 93 30 view .LVU29
 119 000a 9C68     		ldr	r4, [r3, #8]
  87:Middlewares/Third_Party/FreeRTOS/Source/list.c **** 	pxNewListItem->pxPrevious = pxIndex->pxPrevious;
 120              		.loc 1 87 24 view .LVU30
 121 000c 4B60     		str	r3, [r1, #4]
  88:Middlewares/Third_Party/FreeRTOS/Source/list.c **** 
 122              		.loc 1 88 2 is_stmt 1 view .LVU31
  91:Middlewares/Third_Party/FreeRTOS/Source/list.c **** 
 123              		.loc 1 91 25 view .LVU32
  93:Middlewares/Third_Party/FreeRTOS/Source/list.c **** 	pxIndex->pxPrevious = pxNewListItem;
 124              		.loc 1 93 2 view .LVU33
 125              		.loc 1 99 29 is_stmt 0 view .LVU34
ARM GAS  /tmp/ccoUCl64.s 			page 5


 126 000e 0132     		adds	r2, r2, #1
  93:Middlewares/Third_Party/FreeRTOS/Source/list.c **** 	pxIndex->pxPrevious = pxNewListItem;
 127              		.loc 1 93 30 view .LVU35
 128 0010 6160     		str	r1, [r4, #4]
  94:Middlewares/Third_Party/FreeRTOS/Source/list.c **** 
 129              		.loc 1 94 2 is_stmt 1 view .LVU36
  94:Middlewares/Third_Party/FreeRTOS/Source/list.c **** 
 130              		.loc 1 94 22 is_stmt 0 view .LVU37
 131 0012 9960     		str	r1, [r3, #8]
  97:Middlewares/Third_Party/FreeRTOS/Source/list.c **** 
 132              		.loc 1 97 2 is_stmt 1 view .LVU38
 100:Middlewares/Third_Party/FreeRTOS/Source/list.c **** }
 133              		.loc 1 100 1 is_stmt 0 view .LVU39
 134 0014 5DF8044B 		ldr	r4, [sp], #4
 135              		.cfi_restore 4
 136              		.cfi_def_cfa_offset 0
  97:Middlewares/Third_Party/FreeRTOS/Source/list.c **** 
 137              		.loc 1 97 29 view .LVU40
 138 0018 0861     		str	r0, [r1, #16]
  99:Middlewares/Third_Party/FreeRTOS/Source/list.c **** }
 139              		.loc 1 99 2 is_stmt 1 view .LVU41
  99:Middlewares/Third_Party/FreeRTOS/Source/list.c **** }
 140              		.loc 1 99 29 is_stmt 0 view .LVU42
 141 001a 0260     		str	r2, [r0]
 142              		.loc 1 100 1 view .LVU43
 143 001c 7047     		bx	lr
 144              		.cfi_endproc
 145              	.LFE7:
 147 001e 00BF     		.section	.text.vListInsert,"ax",%progbits
 148              		.align	1
 149              		.p2align 2,,3
 150              		.global	vListInsert
 151              		.syntax unified
 152              		.thumb
 153              		.thumb_func
 155              	vListInsert:
 156              	.LVL4:
 157              	.LFB8:
 101:Middlewares/Third_Party/FreeRTOS/Source/list.c **** /*-----------------------------------------------------------*/
 102:Middlewares/Third_Party/FreeRTOS/Source/list.c **** 
 103:Middlewares/Third_Party/FreeRTOS/Source/list.c **** void vListInsert( List_t * const pxList, ListItem_t * const pxNewListItem )
 104:Middlewares/Third_Party/FreeRTOS/Source/list.c **** {
 158              		.loc 1 104 1 is_stmt 1 view -0
 159              		.cfi_startproc
 160              		@ args = 0, pretend = 0, frame = 0
 161              		@ frame_needed = 0, uses_anonymous_args = 0
 162              		@ link register save eliminated.
 105:Middlewares/Third_Party/FreeRTOS/Source/list.c **** ListItem_t *pxIterator;
 163              		.loc 1 105 1 view .LVU45
 106:Middlewares/Third_Party/FreeRTOS/Source/list.c **** const TickType_t xValueOfInsertion = pxNewListItem->xItemValue;
 164              		.loc 1 106 1 view .LVU46
 104:Middlewares/Third_Party/FreeRTOS/Source/list.c **** ListItem_t *pxIterator;
 165              		.loc 1 104 1 is_stmt 0 view .LVU47
 166 0000 30B4     		push	{r4, r5}
 167              		.cfi_def_cfa_offset 8
 168              		.cfi_offset 4, -8
 169              		.cfi_offset 5, -4
ARM GAS  /tmp/ccoUCl64.s 			page 6


 170              		.loc 1 106 18 view .LVU48
 171 0002 0D68     		ldr	r5, [r1]
 172              	.LVL5:
 107:Middlewares/Third_Party/FreeRTOS/Source/list.c **** 
 108:Middlewares/Third_Party/FreeRTOS/Source/list.c **** 	/* Only effective when configASSERT() is also defined, these tests may catch
 109:Middlewares/Third_Party/FreeRTOS/Source/list.c **** 	the list data structures being overwritten in memory.  They will not catch
 110:Middlewares/Third_Party/FreeRTOS/Source/list.c **** 	data errors caused by incorrect configuration or use of FreeRTOS. */
 111:Middlewares/Third_Party/FreeRTOS/Source/list.c **** 	listTEST_LIST_INTEGRITY( pxList );
 173              		.loc 1 111 35 is_stmt 1 view .LVU49
 112:Middlewares/Third_Party/FreeRTOS/Source/list.c **** 	listTEST_LIST_ITEM_INTEGRITY( pxNewListItem );
 174              		.loc 1 112 47 view .LVU50
 113:Middlewares/Third_Party/FreeRTOS/Source/list.c **** 
 114:Middlewares/Third_Party/FreeRTOS/Source/list.c **** 	/* Insert the new list item into the list, sorted in xItemValue order.
 115:Middlewares/Third_Party/FreeRTOS/Source/list.c **** 
 116:Middlewares/Third_Party/FreeRTOS/Source/list.c **** 	If the list already contains a list item with the same item value then the
 117:Middlewares/Third_Party/FreeRTOS/Source/list.c **** 	new list item should be placed after it.  This ensures that TCBs which are
 118:Middlewares/Third_Party/FreeRTOS/Source/list.c **** 	stored in ready lists (all of which have the same xItemValue value) get a
 119:Middlewares/Third_Party/FreeRTOS/Source/list.c **** 	share of the CPU.  However, if the xItemValue is the same as the back marker
 120:Middlewares/Third_Party/FreeRTOS/Source/list.c **** 	the iteration loop below will not end.  Therefore the value is checked
 121:Middlewares/Third_Party/FreeRTOS/Source/list.c **** 	first, and the algorithm slightly modified if necessary. */
 122:Middlewares/Third_Party/FreeRTOS/Source/list.c **** 	if( xValueOfInsertion == portMAX_DELAY )
 175              		.loc 1 122 2 view .LVU51
 176              		.loc 1 122 4 is_stmt 0 view .LVU52
 177 0004 6B1C     		adds	r3, r5, #1
 178 0006 10D0     		beq	.L12
 123:Middlewares/Third_Party/FreeRTOS/Source/list.c **** 	{
 124:Middlewares/Third_Party/FreeRTOS/Source/list.c **** 		pxIterator = pxList->xListEnd.pxPrevious;
 125:Middlewares/Third_Party/FreeRTOS/Source/list.c **** 	}
 126:Middlewares/Third_Party/FreeRTOS/Source/list.c **** 	else
 127:Middlewares/Third_Party/FreeRTOS/Source/list.c **** 	{
 128:Middlewares/Third_Party/FreeRTOS/Source/list.c **** 		/* *** NOTE ***********************************************************
 129:Middlewares/Third_Party/FreeRTOS/Source/list.c **** 		If you find your application is crashing here then likely causes are
 130:Middlewares/Third_Party/FreeRTOS/Source/list.c **** 		listed below.  In addition see https://www.freertos.org/FAQHelp.html for
 131:Middlewares/Third_Party/FreeRTOS/Source/list.c **** 		more tips, and ensure configASSERT() is defined!
 132:Middlewares/Third_Party/FreeRTOS/Source/list.c **** 		https://www.freertos.org/a00110.html#configASSERT
 133:Middlewares/Third_Party/FreeRTOS/Source/list.c **** 
 134:Middlewares/Third_Party/FreeRTOS/Source/list.c **** 			1) Stack overflow -
 135:Middlewares/Third_Party/FreeRTOS/Source/list.c **** 			   see https://www.freertos.org/Stacks-and-stack-overflow-checking.html
 136:Middlewares/Third_Party/FreeRTOS/Source/list.c **** 			2) Incorrect interrupt priority assignment, especially on Cortex-M
 137:Middlewares/Third_Party/FreeRTOS/Source/list.c **** 			   parts where numerically high priority values denote low actual
 138:Middlewares/Third_Party/FreeRTOS/Source/list.c **** 			   interrupt priorities, which can seem counter intuitive.  See
 139:Middlewares/Third_Party/FreeRTOS/Source/list.c **** 			   https://www.freertos.org/RTOS-Cortex-M3-M4.html and the definition
 140:Middlewares/Third_Party/FreeRTOS/Source/list.c **** 			   of configMAX_SYSCALL_INTERRUPT_PRIORITY on
 141:Middlewares/Third_Party/FreeRTOS/Source/list.c **** 			   https://www.freertos.org/a00110.html
 142:Middlewares/Third_Party/FreeRTOS/Source/list.c **** 			3) Calling an API function from within a critical section or when
 143:Middlewares/Third_Party/FreeRTOS/Source/list.c **** 			   the scheduler is suspended, or calling an API function that does
 144:Middlewares/Third_Party/FreeRTOS/Source/list.c **** 			   not end in "FromISR" from an interrupt.
 145:Middlewares/Third_Party/FreeRTOS/Source/list.c **** 			4) Using a queue or semaphore before it has been initialised or
 146:Middlewares/Third_Party/FreeRTOS/Source/list.c **** 			   before the scheduler has been started (are interrupts firing
 147:Middlewares/Third_Party/FreeRTOS/Source/list.c **** 			   before vTaskStartScheduler() has been called?).
 148:Middlewares/Third_Party/FreeRTOS/Source/list.c **** 		**********************************************************************/
 149:Middlewares/Third_Party/FreeRTOS/Source/list.c **** 
 150:Middlewares/Third_Party/FreeRTOS/Source/list.c **** 		for( pxIterator = ( ListItem_t * ) &( pxList->xListEnd ); pxIterator->pxNext->xItemValue <= xValu
 179              		.loc 1 150 3 is_stmt 1 view .LVU53
 180              		.loc 1 150 19 is_stmt 0 view .LVU54
 181 0008 00F10803 		add	r3, r0, #8
 182              	.LVL6:
ARM GAS  /tmp/ccoUCl64.s 			page 7


 183              	.L9:
 184              		.loc 1 150 61 is_stmt 1 discriminator 1 view .LVU55
 185 000c 1C46     		mov	r4, r3
 186              		.loc 1 150 71 is_stmt 0 discriminator 1 view .LVU56
 187 000e 5B68     		ldr	r3, [r3, #4]
 188              	.LVL7:
 189              		.loc 1 150 3 discriminator 1 view .LVU57
 190 0010 1A68     		ldr	r2, [r3]
 191 0012 AA42     		cmp	r2, r5
 192 0014 FAD9     		bls	.L9
 193              	.L8:
 151:Middlewares/Third_Party/FreeRTOS/Source/list.c **** 		{
 152:Middlewares/Third_Party/FreeRTOS/Source/list.c **** 			/* There is nothing to do here, just iterating to the wanted
 153:Middlewares/Third_Party/FreeRTOS/Source/list.c **** 			insertion position. */
 154:Middlewares/Third_Party/FreeRTOS/Source/list.c **** 		}
 155:Middlewares/Third_Party/FreeRTOS/Source/list.c **** 	}
 156:Middlewares/Third_Party/FreeRTOS/Source/list.c **** 
 157:Middlewares/Third_Party/FreeRTOS/Source/list.c **** 	pxNewListItem->pxNext = pxIterator->pxNext;
 194              		.loc 1 157 2 is_stmt 1 view .LVU58
 158:Middlewares/Third_Party/FreeRTOS/Source/list.c **** 	pxNewListItem->pxNext->pxPrevious = pxNewListItem;
 159:Middlewares/Third_Party/FreeRTOS/Source/list.c **** 	pxNewListItem->pxPrevious = pxIterator;
 160:Middlewares/Third_Party/FreeRTOS/Source/list.c **** 	pxIterator->pxNext = pxNewListItem;
 161:Middlewares/Third_Party/FreeRTOS/Source/list.c **** 
 162:Middlewares/Third_Party/FreeRTOS/Source/list.c **** 	/* Remember which list the item is in.  This allows fast removal of the
 163:Middlewares/Third_Party/FreeRTOS/Source/list.c **** 	item later. */
 164:Middlewares/Third_Party/FreeRTOS/Source/list.c **** 	pxNewListItem->pxContainer = pxList;
 165:Middlewares/Third_Party/FreeRTOS/Source/list.c **** 
 166:Middlewares/Third_Party/FreeRTOS/Source/list.c **** 	( pxList->uxNumberOfItems )++;
 195              		.loc 1 166 10 is_stmt 0 view .LVU59
 196 0016 0268     		ldr	r2, [r0]
 157:Middlewares/Third_Party/FreeRTOS/Source/list.c **** 	pxNewListItem->pxNext->pxPrevious = pxNewListItem;
 197              		.loc 1 157 24 view .LVU60
 198 0018 4B60     		str	r3, [r1, #4]
 158:Middlewares/Third_Party/FreeRTOS/Source/list.c **** 	pxNewListItem->pxNext->pxPrevious = pxNewListItem;
 199              		.loc 1 158 2 is_stmt 1 view .LVU61
 200              		.loc 1 166 29 is_stmt 0 view .LVU62
 201 001a 0132     		adds	r2, r2, #1
 158:Middlewares/Third_Party/FreeRTOS/Source/list.c **** 	pxNewListItem->pxNext->pxPrevious = pxNewListItem;
 202              		.loc 1 158 36 view .LVU63
 203 001c 9960     		str	r1, [r3, #8]
 159:Middlewares/Third_Party/FreeRTOS/Source/list.c **** 	pxIterator->pxNext = pxNewListItem;
 204              		.loc 1 159 2 is_stmt 1 view .LVU64
 159:Middlewares/Third_Party/FreeRTOS/Source/list.c **** 	pxIterator->pxNext = pxNewListItem;
 205              		.loc 1 159 28 is_stmt 0 view .LVU65
 206 001e 8C60     		str	r4, [r1, #8]
 160:Middlewares/Third_Party/FreeRTOS/Source/list.c **** 
 207              		.loc 1 160 2 is_stmt 1 view .LVU66
 160:Middlewares/Third_Party/FreeRTOS/Source/list.c **** 
 208              		.loc 1 160 21 is_stmt 0 view .LVU67
 209 0020 6160     		str	r1, [r4, #4]
 164:Middlewares/Third_Party/FreeRTOS/Source/list.c **** 
 210              		.loc 1 164 2 is_stmt 1 view .LVU68
 164:Middlewares/Third_Party/FreeRTOS/Source/list.c **** 
 211              		.loc 1 164 29 is_stmt 0 view .LVU69
 212 0022 0861     		str	r0, [r1, #16]
 213              		.loc 1 166 2 is_stmt 1 view .LVU70
 167:Middlewares/Third_Party/FreeRTOS/Source/list.c **** }
ARM GAS  /tmp/ccoUCl64.s 			page 8


 214              		.loc 1 167 1 is_stmt 0 view .LVU71
 215 0024 30BC     		pop	{r4, r5}
 216              		.cfi_remember_state
 217              		.cfi_restore 5
 218              		.cfi_restore 4
 219              		.cfi_def_cfa_offset 0
 220              	.LVL8:
 166:Middlewares/Third_Party/FreeRTOS/Source/list.c **** }
 221              		.loc 1 166 29 view .LVU72
 222 0026 0260     		str	r2, [r0]
 223              		.loc 1 167 1 view .LVU73
 224 0028 7047     		bx	lr
 225              	.LVL9:
 226              	.L12:
 227              		.cfi_restore_state
 124:Middlewares/Third_Party/FreeRTOS/Source/list.c **** 	}
 228              		.loc 1 124 3 is_stmt 1 view .LVU74
 124:Middlewares/Third_Party/FreeRTOS/Source/list.c **** 	}
 229              		.loc 1 124 14 is_stmt 0 view .LVU75
 230 002a 0469     		ldr	r4, [r0, #16]
 231              	.LVL10:
 157:Middlewares/Third_Party/FreeRTOS/Source/list.c **** 	pxNewListItem->pxNext->pxPrevious = pxNewListItem;
 232              		.loc 1 157 36 view .LVU76
 233 002c 6368     		ldr	r3, [r4, #4]
 234 002e F2E7     		b	.L8
 235              		.cfi_endproc
 236              	.LFE8:
 238              		.section	.text.uxListRemove,"ax",%progbits
 239              		.align	1
 240              		.p2align 2,,3
 241              		.global	uxListRemove
 242              		.syntax unified
 243              		.thumb
 244              		.thumb_func
 246              	uxListRemove:
 247              	.LVL11:
 248              	.LFB9:
 168:Middlewares/Third_Party/FreeRTOS/Source/list.c **** /*-----------------------------------------------------------*/
 169:Middlewares/Third_Party/FreeRTOS/Source/list.c **** 
 170:Middlewares/Third_Party/FreeRTOS/Source/list.c **** UBaseType_t uxListRemove( ListItem_t * const pxItemToRemove )
 171:Middlewares/Third_Party/FreeRTOS/Source/list.c **** {
 249              		.loc 1 171 1 is_stmt 1 view -0
 250              		.cfi_startproc
 251              		@ args = 0, pretend = 0, frame = 0
 252              		@ frame_needed = 0, uses_anonymous_args = 0
 253              		@ link register save eliminated.
 172:Middlewares/Third_Party/FreeRTOS/Source/list.c **** /* The list item knows which list it is in.  Obtain the list from the list
 173:Middlewares/Third_Party/FreeRTOS/Source/list.c **** item. */
 174:Middlewares/Third_Party/FreeRTOS/Source/list.c **** List_t * const pxList = pxItemToRemove->pxContainer;
 254              		.loc 1 174 1 view .LVU78
 255              		.loc 1 174 16 is_stmt 0 view .LVU79
 256 0000 0369     		ldr	r3, [r0, #16]
 257              	.LVL12:
 175:Middlewares/Third_Party/FreeRTOS/Source/list.c **** 
 176:Middlewares/Third_Party/FreeRTOS/Source/list.c **** 	pxItemToRemove->pxNext->pxPrevious = pxItemToRemove->pxPrevious;
 258              		.loc 1 176 2 is_stmt 1 view .LVU80
 171:Middlewares/Third_Party/FreeRTOS/Source/list.c **** /* The list item knows which list it is in.  Obtain the list from the list
ARM GAS  /tmp/ccoUCl64.s 			page 9


 259              		.loc 1 171 1 is_stmt 0 view .LVU81
 260 0002 10B4     		push	{r4}
 261              		.cfi_def_cfa_offset 4
 262              		.cfi_offset 4, -4
 263              		.loc 1 176 53 view .LVU82
 264 0004 D0E90112 		ldrd	r1, r2, [r0, #4]
 177:Middlewares/Third_Party/FreeRTOS/Source/list.c **** 	pxItemToRemove->pxPrevious->pxNext = pxItemToRemove->pxNext;
 178:Middlewares/Third_Party/FreeRTOS/Source/list.c **** 
 179:Middlewares/Third_Party/FreeRTOS/Source/list.c **** 	/* Only used during decision coverage testing. */
 180:Middlewares/Third_Party/FreeRTOS/Source/list.c **** 	mtCOVERAGE_TEST_DELAY();
 181:Middlewares/Third_Party/FreeRTOS/Source/list.c **** 
 182:Middlewares/Third_Party/FreeRTOS/Source/list.c **** 	/* Make sure the index is left pointing to a valid item. */
 183:Middlewares/Third_Party/FreeRTOS/Source/list.c **** 	if( pxList->pxIndex == pxItemToRemove )
 265              		.loc 1 183 4 view .LVU83
 266 0008 5C68     		ldr	r4, [r3, #4]
 176:Middlewares/Third_Party/FreeRTOS/Source/list.c **** 	pxItemToRemove->pxPrevious->pxNext = pxItemToRemove->pxNext;
 267              		.loc 1 176 37 view .LVU84
 268 000a 8A60     		str	r2, [r1, #8]
 177:Middlewares/Third_Party/FreeRTOS/Source/list.c **** 	pxItemToRemove->pxPrevious->pxNext = pxItemToRemove->pxNext;
 269              		.loc 1 177 2 is_stmt 1 view .LVU85
 270              		.loc 1 183 4 is_stmt 0 view .LVU86
 271 000c 8442     		cmp	r4, r0
 177:Middlewares/Third_Party/FreeRTOS/Source/list.c **** 	pxItemToRemove->pxPrevious->pxNext = pxItemToRemove->pxNext;
 272              		.loc 1 177 37 view .LVU87
 273 000e 5160     		str	r1, [r2, #4]
 180:Middlewares/Third_Party/FreeRTOS/Source/list.c **** 
 274              		.loc 1 180 25 is_stmt 1 view .LVU88
 275              		.loc 1 183 2 view .LVU89
 184:Middlewares/Third_Party/FreeRTOS/Source/list.c **** 	{
 185:Middlewares/Third_Party/FreeRTOS/Source/list.c **** 		pxList->pxIndex = pxItemToRemove->pxPrevious;
 276              		.loc 1 185 3 view .LVU90
 277              		.loc 1 185 19 is_stmt 0 view .LVU91
 278 0010 08BF     		it	eq
 279 0012 5A60     		streq	r2, [r3, #4]
 186:Middlewares/Third_Party/FreeRTOS/Source/list.c **** 	}
 187:Middlewares/Third_Party/FreeRTOS/Source/list.c **** 	else
 188:Middlewares/Third_Party/FreeRTOS/Source/list.c **** 	{
 189:Middlewares/Third_Party/FreeRTOS/Source/list.c **** 		mtCOVERAGE_TEST_MARKER();
 280              		.loc 1 189 27 is_stmt 1 view .LVU92
 190:Middlewares/Third_Party/FreeRTOS/Source/list.c **** 	}
 191:Middlewares/Third_Party/FreeRTOS/Source/list.c **** 
 192:Middlewares/Third_Party/FreeRTOS/Source/list.c **** 	pxItemToRemove->pxContainer = NULL;
 281              		.loc 1 192 2 view .LVU93
 193:Middlewares/Third_Party/FreeRTOS/Source/list.c **** 	( pxList->uxNumberOfItems )--;
 282              		.loc 1 193 10 is_stmt 0 view .LVU94
 283 0014 1A68     		ldr	r2, [r3]
 194:Middlewares/Third_Party/FreeRTOS/Source/list.c **** 
 195:Middlewares/Third_Party/FreeRTOS/Source/list.c **** 	return pxList->uxNumberOfItems;
 196:Middlewares/Third_Party/FreeRTOS/Source/list.c **** }
 284              		.loc 1 196 1 view .LVU95
 285 0016 5DF8044B 		ldr	r4, [sp], #4
 286              		.cfi_restore 4
 287              		.cfi_def_cfa_offset 0
 192:Middlewares/Third_Party/FreeRTOS/Source/list.c **** 	( pxList->uxNumberOfItems )--;
 288              		.loc 1 192 30 view .LVU96
 289 001a 0021     		movs	r1, #0
 193:Middlewares/Third_Party/FreeRTOS/Source/list.c **** 	( pxList->uxNumberOfItems )--;
ARM GAS  /tmp/ccoUCl64.s 			page 10


 290              		.loc 1 193 29 view .LVU97
 291 001c 013A     		subs	r2, r2, #1
 192:Middlewares/Third_Party/FreeRTOS/Source/list.c **** 	( pxList->uxNumberOfItems )--;
 292              		.loc 1 192 30 view .LVU98
 293 001e 0161     		str	r1, [r0, #16]
 193:Middlewares/Third_Party/FreeRTOS/Source/list.c **** 	( pxList->uxNumberOfItems )--;
 294              		.loc 1 193 2 is_stmt 1 view .LVU99
 193:Middlewares/Third_Party/FreeRTOS/Source/list.c **** 	( pxList->uxNumberOfItems )--;
 295              		.loc 1 193 29 is_stmt 0 view .LVU100
 296 0020 1A60     		str	r2, [r3]
 195:Middlewares/Third_Party/FreeRTOS/Source/list.c **** }
 297              		.loc 1 195 2 is_stmt 1 view .LVU101
 195:Middlewares/Third_Party/FreeRTOS/Source/list.c **** }
 298              		.loc 1 195 15 is_stmt 0 view .LVU102
 299 0022 1868     		ldr	r0, [r3]
 300              	.LVL13:
 301              		.loc 1 196 1 view .LVU103
 302 0024 7047     		bx	lr
 303              		.cfi_endproc
 304              	.LFE9:
 306 0026 00BF     		.text
 307              	.Letext0:
 308              		.file 2 "/opt/gcc-arm-none-eabi-10.3-2021.10/arm-none-eabi/include/machine/_default_types.h"
 309              		.file 3 "/opt/gcc-arm-none-eabi-10.3-2021.10/arm-none-eabi/include/sys/_stdint.h"
 310              		.file 4 "Middlewares/Third_Party/FreeRTOS/Source/portable/GCC/ARM_CM4F/portmacro.h"
 311              		.file 5 "Middlewares/Third_Party/FreeRTOS/Source/include/list.h"
ARM GAS  /tmp/ccoUCl64.s 			page 11


DEFINED SYMBOLS
                            *ABS*:0000000000000000 list.c
     /tmp/ccoUCl64.s:20     .text.vListInitialise:0000000000000000 $t
     /tmp/ccoUCl64.s:27     .text.vListInitialise:0000000000000000 vListInitialise
     /tmp/ccoUCl64.s:59     .text.vListInitialiseItem:0000000000000000 $t
     /tmp/ccoUCl64.s:66     .text.vListInitialiseItem:0000000000000000 vListInitialiseItem
     /tmp/ccoUCl64.s:86     .text.vListInsertEnd:0000000000000000 $t
     /tmp/ccoUCl64.s:93     .text.vListInsertEnd:0000000000000000 vListInsertEnd
     /tmp/ccoUCl64.s:148    .text.vListInsert:0000000000000000 $t
     /tmp/ccoUCl64.s:155    .text.vListInsert:0000000000000000 vListInsert
     /tmp/ccoUCl64.s:239    .text.uxListRemove:0000000000000000 $t
     /tmp/ccoUCl64.s:246    .text.uxListRemove:0000000000000000 uxListRemove

NO UNDEFINED SYMBOLS
