ARM GAS  /tmp/cccGhcCt.s 			page 1


   1              		.cpu cortex-m4
   2              		.arch armv7e-m
   3              		.fpu fpv4-sp-d16
   4              		.eabi_attribute 27, 1
   5              		.eabi_attribute 28, 1
   6              		.eabi_attribute 20, 1
   7              		.eabi_attribute 21, 1
   8              		.eabi_attribute 23, 3
   9              		.eabi_attribute 24, 1
  10              		.eabi_attribute 25, 1
  11              		.eabi_attribute 26, 1
  12              		.eabi_attribute 30, 2
  13              		.eabi_attribute 34, 1
  14              		.eabi_attribute 18, 4
  15              		.file	"stm32f4xx_hal_crc.c"
  16              		.text
  17              	.Ltext0:
  18              		.cfi_sections	.debug_frame
  19              		.section	.text.HAL_CRC_MspInit,"ax",%progbits
  20              		.align	1
  21              		.p2align 2,,3
  22              		.weak	HAL_CRC_MspInit
  23              		.syntax unified
  24              		.thumb
  25              		.thumb_func
  27              	HAL_CRC_MspInit:
  28              	.LVL0:
  29              	.LFB237:
  30              		.file 1 "Drivers/STM32F4xx_HAL_Driver/Src/stm32f4xx_hal_crc.c"
   1:Drivers/STM32F4xx_HAL_Driver/Src/stm32f4xx_hal_crc.c **** /**
   2:Drivers/STM32F4xx_HAL_Driver/Src/stm32f4xx_hal_crc.c ****   ******************************************************************************
   3:Drivers/STM32F4xx_HAL_Driver/Src/stm32f4xx_hal_crc.c ****   * @file    stm32f4xx_hal_crc.c
   4:Drivers/STM32F4xx_HAL_Driver/Src/stm32f4xx_hal_crc.c ****   * @author  MCD Application Team
   5:Drivers/STM32F4xx_HAL_Driver/Src/stm32f4xx_hal_crc.c ****   * @brief   CRC HAL module driver.
   6:Drivers/STM32F4xx_HAL_Driver/Src/stm32f4xx_hal_crc.c ****   *          This file provides firmware functions to manage the following
   7:Drivers/STM32F4xx_HAL_Driver/Src/stm32f4xx_hal_crc.c ****   *          functionalities of the Cyclic Redundancy Check (CRC) peripheral:
   8:Drivers/STM32F4xx_HAL_Driver/Src/stm32f4xx_hal_crc.c ****   *           + Initialization and de-initialization functions
   9:Drivers/STM32F4xx_HAL_Driver/Src/stm32f4xx_hal_crc.c ****   *           + Peripheral Control functions
  10:Drivers/STM32F4xx_HAL_Driver/Src/stm32f4xx_hal_crc.c ****   *           + Peripheral State functions
  11:Drivers/STM32F4xx_HAL_Driver/Src/stm32f4xx_hal_crc.c ****   *
  12:Drivers/STM32F4xx_HAL_Driver/Src/stm32f4xx_hal_crc.c ****   @verbatim
  13:Drivers/STM32F4xx_HAL_Driver/Src/stm32f4xx_hal_crc.c ****  ===============================================================================
  14:Drivers/STM32F4xx_HAL_Driver/Src/stm32f4xx_hal_crc.c ****                      ##### How to use this driver #####
  15:Drivers/STM32F4xx_HAL_Driver/Src/stm32f4xx_hal_crc.c ****  ===============================================================================
  16:Drivers/STM32F4xx_HAL_Driver/Src/stm32f4xx_hal_crc.c ****     [..]
  17:Drivers/STM32F4xx_HAL_Driver/Src/stm32f4xx_hal_crc.c ****          (+) Enable CRC AHB clock using __HAL_RCC_CRC_CLK_ENABLE();
  18:Drivers/STM32F4xx_HAL_Driver/Src/stm32f4xx_hal_crc.c ****          (+) Initialize CRC calculator
  19:Drivers/STM32F4xx_HAL_Driver/Src/stm32f4xx_hal_crc.c ****              (++) specify generating polynomial (peripheral default or non-default one)
  20:Drivers/STM32F4xx_HAL_Driver/Src/stm32f4xx_hal_crc.c ****              (++) specify initialization value (peripheral default or non-default one)
  21:Drivers/STM32F4xx_HAL_Driver/Src/stm32f4xx_hal_crc.c ****              (++) specify input data format
  22:Drivers/STM32F4xx_HAL_Driver/Src/stm32f4xx_hal_crc.c ****              (++) specify input or output data inversion mode if any
  23:Drivers/STM32F4xx_HAL_Driver/Src/stm32f4xx_hal_crc.c ****          (+) Use HAL_CRC_Accumulate() function to compute the CRC value of the
  24:Drivers/STM32F4xx_HAL_Driver/Src/stm32f4xx_hal_crc.c ****              input data buffer starting with the previously computed CRC as
  25:Drivers/STM32F4xx_HAL_Driver/Src/stm32f4xx_hal_crc.c ****              initialization value
  26:Drivers/STM32F4xx_HAL_Driver/Src/stm32f4xx_hal_crc.c ****          (+) Use HAL_CRC_Calculate() function to compute the CRC value of the
  27:Drivers/STM32F4xx_HAL_Driver/Src/stm32f4xx_hal_crc.c ****              input data buffer starting with the defined initialization value
  28:Drivers/STM32F4xx_HAL_Driver/Src/stm32f4xx_hal_crc.c ****              (default or non-default) to initiate CRC calculation
ARM GAS  /tmp/cccGhcCt.s 			page 2


  29:Drivers/STM32F4xx_HAL_Driver/Src/stm32f4xx_hal_crc.c **** 
  30:Drivers/STM32F4xx_HAL_Driver/Src/stm32f4xx_hal_crc.c ****   @endverbatim
  31:Drivers/STM32F4xx_HAL_Driver/Src/stm32f4xx_hal_crc.c ****   ******************************************************************************
  32:Drivers/STM32F4xx_HAL_Driver/Src/stm32f4xx_hal_crc.c ****   * @attention
  33:Drivers/STM32F4xx_HAL_Driver/Src/stm32f4xx_hal_crc.c ****   *
  34:Drivers/STM32F4xx_HAL_Driver/Src/stm32f4xx_hal_crc.c ****   * <h2><center>&copy; Copyright (c) 2016 STMicroelectronics.
  35:Drivers/STM32F4xx_HAL_Driver/Src/stm32f4xx_hal_crc.c ****   * All rights reserved.</center></h2>
  36:Drivers/STM32F4xx_HAL_Driver/Src/stm32f4xx_hal_crc.c ****   *
  37:Drivers/STM32F4xx_HAL_Driver/Src/stm32f4xx_hal_crc.c ****   * This software component is licensed by ST under BSD 3-Clause license,
  38:Drivers/STM32F4xx_HAL_Driver/Src/stm32f4xx_hal_crc.c ****   * the "License"; You may not use this file except in compliance with the
  39:Drivers/STM32F4xx_HAL_Driver/Src/stm32f4xx_hal_crc.c ****   * License. You may obtain a copy of the License at:
  40:Drivers/STM32F4xx_HAL_Driver/Src/stm32f4xx_hal_crc.c ****   *                        opensource.org/licenses/BSD-3-Clause
  41:Drivers/STM32F4xx_HAL_Driver/Src/stm32f4xx_hal_crc.c ****   *
  42:Drivers/STM32F4xx_HAL_Driver/Src/stm32f4xx_hal_crc.c ****   ******************************************************************************
  43:Drivers/STM32F4xx_HAL_Driver/Src/stm32f4xx_hal_crc.c ****   */
  44:Drivers/STM32F4xx_HAL_Driver/Src/stm32f4xx_hal_crc.c **** 
  45:Drivers/STM32F4xx_HAL_Driver/Src/stm32f4xx_hal_crc.c **** /* Includes ------------------------------------------------------------------*/
  46:Drivers/STM32F4xx_HAL_Driver/Src/stm32f4xx_hal_crc.c **** #include "stm32f4xx_hal.h"
  47:Drivers/STM32F4xx_HAL_Driver/Src/stm32f4xx_hal_crc.c **** 
  48:Drivers/STM32F4xx_HAL_Driver/Src/stm32f4xx_hal_crc.c **** /** @addtogroup STM32F4xx_HAL_Driver
  49:Drivers/STM32F4xx_HAL_Driver/Src/stm32f4xx_hal_crc.c ****   * @{
  50:Drivers/STM32F4xx_HAL_Driver/Src/stm32f4xx_hal_crc.c ****   */
  51:Drivers/STM32F4xx_HAL_Driver/Src/stm32f4xx_hal_crc.c **** 
  52:Drivers/STM32F4xx_HAL_Driver/Src/stm32f4xx_hal_crc.c **** /** @defgroup CRC CRC
  53:Drivers/STM32F4xx_HAL_Driver/Src/stm32f4xx_hal_crc.c ****   * @brief CRC HAL module driver.
  54:Drivers/STM32F4xx_HAL_Driver/Src/stm32f4xx_hal_crc.c ****   * @{
  55:Drivers/STM32F4xx_HAL_Driver/Src/stm32f4xx_hal_crc.c ****   */
  56:Drivers/STM32F4xx_HAL_Driver/Src/stm32f4xx_hal_crc.c **** 
  57:Drivers/STM32F4xx_HAL_Driver/Src/stm32f4xx_hal_crc.c **** #ifdef HAL_CRC_MODULE_ENABLED
  58:Drivers/STM32F4xx_HAL_Driver/Src/stm32f4xx_hal_crc.c **** 
  59:Drivers/STM32F4xx_HAL_Driver/Src/stm32f4xx_hal_crc.c **** /* Private typedef -----------------------------------------------------------*/
  60:Drivers/STM32F4xx_HAL_Driver/Src/stm32f4xx_hal_crc.c **** /* Private define ------------------------------------------------------------*/
  61:Drivers/STM32F4xx_HAL_Driver/Src/stm32f4xx_hal_crc.c **** /* Private macro -------------------------------------------------------------*/
  62:Drivers/STM32F4xx_HAL_Driver/Src/stm32f4xx_hal_crc.c **** /* Private variables ---------------------------------------------------------*/
  63:Drivers/STM32F4xx_HAL_Driver/Src/stm32f4xx_hal_crc.c **** /* Private function prototypes -----------------------------------------------*/
  64:Drivers/STM32F4xx_HAL_Driver/Src/stm32f4xx_hal_crc.c **** 
  65:Drivers/STM32F4xx_HAL_Driver/Src/stm32f4xx_hal_crc.c **** /* Exported functions --------------------------------------------------------*/
  66:Drivers/STM32F4xx_HAL_Driver/Src/stm32f4xx_hal_crc.c **** 
  67:Drivers/STM32F4xx_HAL_Driver/Src/stm32f4xx_hal_crc.c **** /** @defgroup CRC_Exported_Functions CRC Exported Functions
  68:Drivers/STM32F4xx_HAL_Driver/Src/stm32f4xx_hal_crc.c ****   * @{
  69:Drivers/STM32F4xx_HAL_Driver/Src/stm32f4xx_hal_crc.c ****   */
  70:Drivers/STM32F4xx_HAL_Driver/Src/stm32f4xx_hal_crc.c **** 
  71:Drivers/STM32F4xx_HAL_Driver/Src/stm32f4xx_hal_crc.c **** /** @defgroup CRC_Exported_Functions_Group1 Initialization and de-initialization functions
  72:Drivers/STM32F4xx_HAL_Driver/Src/stm32f4xx_hal_crc.c ****   *  @brief    Initialization and Configuration functions.
  73:Drivers/STM32F4xx_HAL_Driver/Src/stm32f4xx_hal_crc.c ****   *
  74:Drivers/STM32F4xx_HAL_Driver/Src/stm32f4xx_hal_crc.c **** @verbatim
  75:Drivers/STM32F4xx_HAL_Driver/Src/stm32f4xx_hal_crc.c ****  ===============================================================================
  76:Drivers/STM32F4xx_HAL_Driver/Src/stm32f4xx_hal_crc.c ****             ##### Initialization and de-initialization functions #####
  77:Drivers/STM32F4xx_HAL_Driver/Src/stm32f4xx_hal_crc.c ****  ===============================================================================
  78:Drivers/STM32F4xx_HAL_Driver/Src/stm32f4xx_hal_crc.c ****     [..]  This section provides functions allowing to:
  79:Drivers/STM32F4xx_HAL_Driver/Src/stm32f4xx_hal_crc.c ****       (+) Initialize the CRC according to the specified parameters
  80:Drivers/STM32F4xx_HAL_Driver/Src/stm32f4xx_hal_crc.c ****           in the CRC_InitTypeDef and create the associated handle
  81:Drivers/STM32F4xx_HAL_Driver/Src/stm32f4xx_hal_crc.c ****       (+) DeInitialize the CRC peripheral
  82:Drivers/STM32F4xx_HAL_Driver/Src/stm32f4xx_hal_crc.c ****       (+) Initialize the CRC MSP (MCU Specific Package)
  83:Drivers/STM32F4xx_HAL_Driver/Src/stm32f4xx_hal_crc.c ****       (+) DeInitialize the CRC MSP
  84:Drivers/STM32F4xx_HAL_Driver/Src/stm32f4xx_hal_crc.c **** 
  85:Drivers/STM32F4xx_HAL_Driver/Src/stm32f4xx_hal_crc.c **** @endverbatim
ARM GAS  /tmp/cccGhcCt.s 			page 3


  86:Drivers/STM32F4xx_HAL_Driver/Src/stm32f4xx_hal_crc.c ****   * @{
  87:Drivers/STM32F4xx_HAL_Driver/Src/stm32f4xx_hal_crc.c ****   */
  88:Drivers/STM32F4xx_HAL_Driver/Src/stm32f4xx_hal_crc.c **** 
  89:Drivers/STM32F4xx_HAL_Driver/Src/stm32f4xx_hal_crc.c **** /**
  90:Drivers/STM32F4xx_HAL_Driver/Src/stm32f4xx_hal_crc.c ****   * @brief  Initialize the CRC according to the specified
  91:Drivers/STM32F4xx_HAL_Driver/Src/stm32f4xx_hal_crc.c ****   *         parameters in the CRC_InitTypeDef and create the associated handle.
  92:Drivers/STM32F4xx_HAL_Driver/Src/stm32f4xx_hal_crc.c ****   * @param  hcrc CRC handle
  93:Drivers/STM32F4xx_HAL_Driver/Src/stm32f4xx_hal_crc.c ****   * @retval HAL status
  94:Drivers/STM32F4xx_HAL_Driver/Src/stm32f4xx_hal_crc.c ****   */
  95:Drivers/STM32F4xx_HAL_Driver/Src/stm32f4xx_hal_crc.c **** HAL_StatusTypeDef HAL_CRC_Init(CRC_HandleTypeDef *hcrc)
  96:Drivers/STM32F4xx_HAL_Driver/Src/stm32f4xx_hal_crc.c **** {
  97:Drivers/STM32F4xx_HAL_Driver/Src/stm32f4xx_hal_crc.c ****   /* Check the CRC handle allocation */
  98:Drivers/STM32F4xx_HAL_Driver/Src/stm32f4xx_hal_crc.c ****   if (hcrc == NULL)
  99:Drivers/STM32F4xx_HAL_Driver/Src/stm32f4xx_hal_crc.c ****   {
 100:Drivers/STM32F4xx_HAL_Driver/Src/stm32f4xx_hal_crc.c ****     return HAL_ERROR;
 101:Drivers/STM32F4xx_HAL_Driver/Src/stm32f4xx_hal_crc.c ****   }
 102:Drivers/STM32F4xx_HAL_Driver/Src/stm32f4xx_hal_crc.c **** 
 103:Drivers/STM32F4xx_HAL_Driver/Src/stm32f4xx_hal_crc.c ****   /* Check the parameters */
 104:Drivers/STM32F4xx_HAL_Driver/Src/stm32f4xx_hal_crc.c ****   assert_param(IS_CRC_ALL_INSTANCE(hcrc->Instance));
 105:Drivers/STM32F4xx_HAL_Driver/Src/stm32f4xx_hal_crc.c **** 
 106:Drivers/STM32F4xx_HAL_Driver/Src/stm32f4xx_hal_crc.c ****   if (hcrc->State == HAL_CRC_STATE_RESET)
 107:Drivers/STM32F4xx_HAL_Driver/Src/stm32f4xx_hal_crc.c ****   {
 108:Drivers/STM32F4xx_HAL_Driver/Src/stm32f4xx_hal_crc.c ****     /* Allocate lock resource and initialize it */
 109:Drivers/STM32F4xx_HAL_Driver/Src/stm32f4xx_hal_crc.c ****     hcrc->Lock = HAL_UNLOCKED;
 110:Drivers/STM32F4xx_HAL_Driver/Src/stm32f4xx_hal_crc.c ****     /* Init the low level hardware */
 111:Drivers/STM32F4xx_HAL_Driver/Src/stm32f4xx_hal_crc.c ****     HAL_CRC_MspInit(hcrc);
 112:Drivers/STM32F4xx_HAL_Driver/Src/stm32f4xx_hal_crc.c ****   }
 113:Drivers/STM32F4xx_HAL_Driver/Src/stm32f4xx_hal_crc.c **** 
 114:Drivers/STM32F4xx_HAL_Driver/Src/stm32f4xx_hal_crc.c ****   /* Change CRC peripheral state */
 115:Drivers/STM32F4xx_HAL_Driver/Src/stm32f4xx_hal_crc.c ****   hcrc->State = HAL_CRC_STATE_READY;
 116:Drivers/STM32F4xx_HAL_Driver/Src/stm32f4xx_hal_crc.c **** 
 117:Drivers/STM32F4xx_HAL_Driver/Src/stm32f4xx_hal_crc.c ****   /* Return function status */
 118:Drivers/STM32F4xx_HAL_Driver/Src/stm32f4xx_hal_crc.c ****   return HAL_OK;
 119:Drivers/STM32F4xx_HAL_Driver/Src/stm32f4xx_hal_crc.c **** }
 120:Drivers/STM32F4xx_HAL_Driver/Src/stm32f4xx_hal_crc.c **** 
 121:Drivers/STM32F4xx_HAL_Driver/Src/stm32f4xx_hal_crc.c **** /**
 122:Drivers/STM32F4xx_HAL_Driver/Src/stm32f4xx_hal_crc.c ****   * @brief  DeInitialize the CRC peripheral.
 123:Drivers/STM32F4xx_HAL_Driver/Src/stm32f4xx_hal_crc.c ****   * @param  hcrc CRC handle
 124:Drivers/STM32F4xx_HAL_Driver/Src/stm32f4xx_hal_crc.c ****   * @retval HAL status
 125:Drivers/STM32F4xx_HAL_Driver/Src/stm32f4xx_hal_crc.c ****   */
 126:Drivers/STM32F4xx_HAL_Driver/Src/stm32f4xx_hal_crc.c **** HAL_StatusTypeDef HAL_CRC_DeInit(CRC_HandleTypeDef *hcrc)
 127:Drivers/STM32F4xx_HAL_Driver/Src/stm32f4xx_hal_crc.c **** {
 128:Drivers/STM32F4xx_HAL_Driver/Src/stm32f4xx_hal_crc.c ****   /* Check the CRC handle allocation */
 129:Drivers/STM32F4xx_HAL_Driver/Src/stm32f4xx_hal_crc.c ****   if (hcrc == NULL)
 130:Drivers/STM32F4xx_HAL_Driver/Src/stm32f4xx_hal_crc.c ****   {
 131:Drivers/STM32F4xx_HAL_Driver/Src/stm32f4xx_hal_crc.c ****     return HAL_ERROR;
 132:Drivers/STM32F4xx_HAL_Driver/Src/stm32f4xx_hal_crc.c ****   }
 133:Drivers/STM32F4xx_HAL_Driver/Src/stm32f4xx_hal_crc.c **** 
 134:Drivers/STM32F4xx_HAL_Driver/Src/stm32f4xx_hal_crc.c ****   /* Check the parameters */
 135:Drivers/STM32F4xx_HAL_Driver/Src/stm32f4xx_hal_crc.c ****   assert_param(IS_CRC_ALL_INSTANCE(hcrc->Instance));
 136:Drivers/STM32F4xx_HAL_Driver/Src/stm32f4xx_hal_crc.c **** 
 137:Drivers/STM32F4xx_HAL_Driver/Src/stm32f4xx_hal_crc.c ****   /* Check the CRC peripheral state */
 138:Drivers/STM32F4xx_HAL_Driver/Src/stm32f4xx_hal_crc.c ****   if (hcrc->State == HAL_CRC_STATE_BUSY)
 139:Drivers/STM32F4xx_HAL_Driver/Src/stm32f4xx_hal_crc.c ****   {
 140:Drivers/STM32F4xx_HAL_Driver/Src/stm32f4xx_hal_crc.c ****     return HAL_BUSY;
 141:Drivers/STM32F4xx_HAL_Driver/Src/stm32f4xx_hal_crc.c ****   }
 142:Drivers/STM32F4xx_HAL_Driver/Src/stm32f4xx_hal_crc.c **** 
ARM GAS  /tmp/cccGhcCt.s 			page 4


 143:Drivers/STM32F4xx_HAL_Driver/Src/stm32f4xx_hal_crc.c ****   /* Change CRC peripheral state */
 144:Drivers/STM32F4xx_HAL_Driver/Src/stm32f4xx_hal_crc.c ****   hcrc->State = HAL_CRC_STATE_BUSY;
 145:Drivers/STM32F4xx_HAL_Driver/Src/stm32f4xx_hal_crc.c **** 
 146:Drivers/STM32F4xx_HAL_Driver/Src/stm32f4xx_hal_crc.c ****   /* Reset CRC calculation unit */
 147:Drivers/STM32F4xx_HAL_Driver/Src/stm32f4xx_hal_crc.c ****   __HAL_CRC_DR_RESET(hcrc);
 148:Drivers/STM32F4xx_HAL_Driver/Src/stm32f4xx_hal_crc.c **** 
 149:Drivers/STM32F4xx_HAL_Driver/Src/stm32f4xx_hal_crc.c ****   /* Reset IDR register content */
 150:Drivers/STM32F4xx_HAL_Driver/Src/stm32f4xx_hal_crc.c ****   CLEAR_BIT(hcrc->Instance->IDR, CRC_IDR_IDR);
 151:Drivers/STM32F4xx_HAL_Driver/Src/stm32f4xx_hal_crc.c **** 
 152:Drivers/STM32F4xx_HAL_Driver/Src/stm32f4xx_hal_crc.c ****   /* DeInit the low level hardware */
 153:Drivers/STM32F4xx_HAL_Driver/Src/stm32f4xx_hal_crc.c ****   HAL_CRC_MspDeInit(hcrc);
 154:Drivers/STM32F4xx_HAL_Driver/Src/stm32f4xx_hal_crc.c **** 
 155:Drivers/STM32F4xx_HAL_Driver/Src/stm32f4xx_hal_crc.c ****   /* Change CRC peripheral state */
 156:Drivers/STM32F4xx_HAL_Driver/Src/stm32f4xx_hal_crc.c ****   hcrc->State = HAL_CRC_STATE_RESET;
 157:Drivers/STM32F4xx_HAL_Driver/Src/stm32f4xx_hal_crc.c **** 
 158:Drivers/STM32F4xx_HAL_Driver/Src/stm32f4xx_hal_crc.c ****   /* Process unlocked */
 159:Drivers/STM32F4xx_HAL_Driver/Src/stm32f4xx_hal_crc.c ****   __HAL_UNLOCK(hcrc);
 160:Drivers/STM32F4xx_HAL_Driver/Src/stm32f4xx_hal_crc.c **** 
 161:Drivers/STM32F4xx_HAL_Driver/Src/stm32f4xx_hal_crc.c ****   /* Return function status */
 162:Drivers/STM32F4xx_HAL_Driver/Src/stm32f4xx_hal_crc.c ****   return HAL_OK;
 163:Drivers/STM32F4xx_HAL_Driver/Src/stm32f4xx_hal_crc.c **** }
 164:Drivers/STM32F4xx_HAL_Driver/Src/stm32f4xx_hal_crc.c **** 
 165:Drivers/STM32F4xx_HAL_Driver/Src/stm32f4xx_hal_crc.c **** /**
 166:Drivers/STM32F4xx_HAL_Driver/Src/stm32f4xx_hal_crc.c ****   * @brief  Initializes the CRC MSP.
 167:Drivers/STM32F4xx_HAL_Driver/Src/stm32f4xx_hal_crc.c ****   * @param  hcrc CRC handle
 168:Drivers/STM32F4xx_HAL_Driver/Src/stm32f4xx_hal_crc.c ****   * @retval None
 169:Drivers/STM32F4xx_HAL_Driver/Src/stm32f4xx_hal_crc.c ****   */
 170:Drivers/STM32F4xx_HAL_Driver/Src/stm32f4xx_hal_crc.c **** __weak void HAL_CRC_MspInit(CRC_HandleTypeDef *hcrc)
 171:Drivers/STM32F4xx_HAL_Driver/Src/stm32f4xx_hal_crc.c **** {
  31              		.loc 1 171 1 view -0
  32              		.cfi_startproc
  33              		@ args = 0, pretend = 0, frame = 0
  34              		@ frame_needed = 0, uses_anonymous_args = 0
  35              		@ link register save eliminated.
 172:Drivers/STM32F4xx_HAL_Driver/Src/stm32f4xx_hal_crc.c ****   /* Prevent unused argument(s) compilation warning */
 173:Drivers/STM32F4xx_HAL_Driver/Src/stm32f4xx_hal_crc.c ****   UNUSED(hcrc);
  36              		.loc 1 173 3 view .LVU1
 174:Drivers/STM32F4xx_HAL_Driver/Src/stm32f4xx_hal_crc.c **** 
 175:Drivers/STM32F4xx_HAL_Driver/Src/stm32f4xx_hal_crc.c ****   /* NOTE : This function should not be modified, when the callback is needed,
 176:Drivers/STM32F4xx_HAL_Driver/Src/stm32f4xx_hal_crc.c ****             the HAL_CRC_MspInit can be implemented in the user file
 177:Drivers/STM32F4xx_HAL_Driver/Src/stm32f4xx_hal_crc.c ****    */
 178:Drivers/STM32F4xx_HAL_Driver/Src/stm32f4xx_hal_crc.c **** }
  37              		.loc 1 178 1 is_stmt 0 view .LVU2
  38 0000 7047     		bx	lr
  39              		.cfi_endproc
  40              	.LFE237:
  42 0002 00BF     		.section	.text.HAL_CRC_Init,"ax",%progbits
  43              		.align	1
  44              		.p2align 2,,3
  45              		.global	HAL_CRC_Init
  46              		.syntax unified
  47              		.thumb
  48              		.thumb_func
  50              	HAL_CRC_Init:
  51              	.LVL1:
  52              	.LFB235:
  96:Drivers/STM32F4xx_HAL_Driver/Src/stm32f4xx_hal_crc.c ****   /* Check the CRC handle allocation */
ARM GAS  /tmp/cccGhcCt.s 			page 5


  53              		.loc 1 96 1 is_stmt 1 view -0
  54              		.cfi_startproc
  55              		@ args = 0, pretend = 0, frame = 0
  56              		@ frame_needed = 0, uses_anonymous_args = 0
  98:Drivers/STM32F4xx_HAL_Driver/Src/stm32f4xx_hal_crc.c ****   {
  57              		.loc 1 98 3 view .LVU4
  98:Drivers/STM32F4xx_HAL_Driver/Src/stm32f4xx_hal_crc.c ****   {
  58              		.loc 1 98 6 is_stmt 0 view .LVU5
  59 0000 80B1     		cbz	r0, .L6
 104:Drivers/STM32F4xx_HAL_Driver/Src/stm32f4xx_hal_crc.c **** 
  60              		.loc 1 104 3 is_stmt 1 view .LVU6
 106:Drivers/STM32F4xx_HAL_Driver/Src/stm32f4xx_hal_crc.c ****   {
  61              		.loc 1 106 3 view .LVU7
  96:Drivers/STM32F4xx_HAL_Driver/Src/stm32f4xx_hal_crc.c ****   /* Check the CRC handle allocation */
  62              		.loc 1 96 1 is_stmt 0 view .LVU8
  63 0002 10B5     		push	{r4, lr}
  64              		.cfi_def_cfa_offset 8
  65              		.cfi_offset 4, -8
  66              		.cfi_offset 14, -4
 106:Drivers/STM32F4xx_HAL_Driver/Src/stm32f4xx_hal_crc.c ****   {
  67              		.loc 1 106 11 view .LVU9
  68 0004 4379     		ldrb	r3, [r0, #5]	@ zero_extendqisi2
  69 0006 0446     		mov	r4, r0
 106:Drivers/STM32F4xx_HAL_Driver/Src/stm32f4xx_hal_crc.c ****   {
  70              		.loc 1 106 6 view .LVU10
  71 0008 03F0FF02 		and	r2, r3, #255
  72 000c 1BB1     		cbz	r3, .L11
 115:Drivers/STM32F4xx_HAL_Driver/Src/stm32f4xx_hal_crc.c **** 
  73              		.loc 1 115 3 is_stmt 1 view .LVU11
 115:Drivers/STM32F4xx_HAL_Driver/Src/stm32f4xx_hal_crc.c **** 
  74              		.loc 1 115 15 is_stmt 0 view .LVU12
  75 000e 0123     		movs	r3, #1
  76 0010 6371     		strb	r3, [r4, #5]
 118:Drivers/STM32F4xx_HAL_Driver/Src/stm32f4xx_hal_crc.c **** }
  77              		.loc 1 118 3 is_stmt 1 view .LVU13
 118:Drivers/STM32F4xx_HAL_Driver/Src/stm32f4xx_hal_crc.c **** }
  78              		.loc 1 118 10 is_stmt 0 view .LVU14
  79 0012 0020     		movs	r0, #0
  80              	.LVL2:
 119:Drivers/STM32F4xx_HAL_Driver/Src/stm32f4xx_hal_crc.c **** 
  81              		.loc 1 119 1 view .LVU15
  82 0014 10BD     		pop	{r4, pc}
  83              	.LVL3:
  84              	.L11:
 109:Drivers/STM32F4xx_HAL_Driver/Src/stm32f4xx_hal_crc.c ****     /* Init the low level hardware */
  85              		.loc 1 109 5 is_stmt 1 view .LVU16
 109:Drivers/STM32F4xx_HAL_Driver/Src/stm32f4xx_hal_crc.c ****     /* Init the low level hardware */
  86              		.loc 1 109 16 is_stmt 0 view .LVU17
  87 0016 0271     		strb	r2, [r0, #4]
 111:Drivers/STM32F4xx_HAL_Driver/Src/stm32f4xx_hal_crc.c ****   }
  88              		.loc 1 111 5 is_stmt 1 view .LVU18
  89 0018 FFF7FEFF 		bl	HAL_CRC_MspInit
  90              	.LVL4:
 115:Drivers/STM32F4xx_HAL_Driver/Src/stm32f4xx_hal_crc.c **** 
  91              		.loc 1 115 3 view .LVU19
 115:Drivers/STM32F4xx_HAL_Driver/Src/stm32f4xx_hal_crc.c **** 
  92              		.loc 1 115 15 is_stmt 0 view .LVU20
ARM GAS  /tmp/cccGhcCt.s 			page 6


  93 001c 0123     		movs	r3, #1
  94 001e 6371     		strb	r3, [r4, #5]
 118:Drivers/STM32F4xx_HAL_Driver/Src/stm32f4xx_hal_crc.c **** }
  95              		.loc 1 118 3 is_stmt 1 view .LVU21
 118:Drivers/STM32F4xx_HAL_Driver/Src/stm32f4xx_hal_crc.c **** }
  96              		.loc 1 118 10 is_stmt 0 view .LVU22
  97 0020 0020     		movs	r0, #0
 119:Drivers/STM32F4xx_HAL_Driver/Src/stm32f4xx_hal_crc.c **** 
  98              		.loc 1 119 1 view .LVU23
  99 0022 10BD     		pop	{r4, pc}
 100              	.LVL5:
 101              	.L6:
 102              		.cfi_def_cfa_offset 0
 103              		.cfi_restore 4
 104              		.cfi_restore 14
 100:Drivers/STM32F4xx_HAL_Driver/Src/stm32f4xx_hal_crc.c ****   }
 105              		.loc 1 100 12 view .LVU24
 106 0024 0120     		movs	r0, #1
 107              	.LVL6:
 119:Drivers/STM32F4xx_HAL_Driver/Src/stm32f4xx_hal_crc.c **** 
 108              		.loc 1 119 1 view .LVU25
 109 0026 7047     		bx	lr
 110              		.cfi_endproc
 111              	.LFE235:
 113              		.section	.text.HAL_CRC_MspDeInit,"ax",%progbits
 114              		.align	1
 115              		.p2align 2,,3
 116              		.weak	HAL_CRC_MspDeInit
 117              		.syntax unified
 118              		.thumb
 119              		.thumb_func
 121              	HAL_CRC_MspDeInit:
 122              	.LFB243:
 123              		.cfi_startproc
 124              		@ args = 0, pretend = 0, frame = 0
 125              		@ frame_needed = 0, uses_anonymous_args = 0
 126              		@ link register save eliminated.
 127 0000 7047     		bx	lr
 128              		.cfi_endproc
 129              	.LFE243:
 131 0002 00BF     		.section	.text.HAL_CRC_DeInit,"ax",%progbits
 132              		.align	1
 133              		.p2align 2,,3
 134              		.global	HAL_CRC_DeInit
 135              		.syntax unified
 136              		.thumb
 137              		.thumb_func
 139              	HAL_CRC_DeInit:
 140              	.LVL7:
 141              	.LFB236:
 127:Drivers/STM32F4xx_HAL_Driver/Src/stm32f4xx_hal_crc.c ****   /* Check the CRC handle allocation */
 142              		.loc 1 127 1 is_stmt 1 view -0
 143              		.cfi_startproc
 144              		@ args = 0, pretend = 0, frame = 0
 145              		@ frame_needed = 0, uses_anonymous_args = 0
 129:Drivers/STM32F4xx_HAL_Driver/Src/stm32f4xx_hal_crc.c ****   {
 146              		.loc 1 129 3 view .LVU27
ARM GAS  /tmp/cccGhcCt.s 			page 7


 127:Drivers/STM32F4xx_HAL_Driver/Src/stm32f4xx_hal_crc.c ****   /* Check the CRC handle allocation */
 147              		.loc 1 127 1 is_stmt 0 view .LVU28
 148 0000 38B5     		push	{r3, r4, r5, lr}
 149              		.cfi_def_cfa_offset 16
 150              		.cfi_offset 3, -16
 151              		.cfi_offset 4, -12
 152              		.cfi_offset 5, -8
 153              		.cfi_offset 14, -4
 129:Drivers/STM32F4xx_HAL_Driver/Src/stm32f4xx_hal_crc.c ****   {
 154              		.loc 1 129 6 view .LVU29
 155 0002 A0B1     		cbz	r0, .L15
 138:Drivers/STM32F4xx_HAL_Driver/Src/stm32f4xx_hal_crc.c ****   {
 156              		.loc 1 138 11 view .LVU30
 157 0004 4379     		ldrb	r3, [r0, #5]	@ zero_extendqisi2
 138:Drivers/STM32F4xx_HAL_Driver/Src/stm32f4xx_hal_crc.c ****   {
 158              		.loc 1 138 6 view .LVU31
 159 0006 022B     		cmp	r3, #2
 160 0008 0446     		mov	r4, r0
 135:Drivers/STM32F4xx_HAL_Driver/Src/stm32f4xx_hal_crc.c **** 
 161              		.loc 1 135 3 is_stmt 1 view .LVU32
 138:Drivers/STM32F4xx_HAL_Driver/Src/stm32f4xx_hal_crc.c ****   {
 162              		.loc 1 138 3 view .LVU33
 138:Drivers/STM32F4xx_HAL_Driver/Src/stm32f4xx_hal_crc.c ****   {
 163              		.loc 1 138 11 is_stmt 0 view .LVU34
 164 000a DDB2     		uxtb	r5, r3
 138:Drivers/STM32F4xx_HAL_Driver/Src/stm32f4xx_hal_crc.c ****   {
 165              		.loc 1 138 6 view .LVU35
 166 000c 0DD0     		beq	.L14
 144:Drivers/STM32F4xx_HAL_Driver/Src/stm32f4xx_hal_crc.c **** 
 167              		.loc 1 144 3 is_stmt 1 view .LVU36
 147:Drivers/STM32F4xx_HAL_Driver/Src/stm32f4xx_hal_crc.c **** 
 168              		.loc 1 147 3 is_stmt 0 view .LVU37
 169 000e 0368     		ldr	r3, [r0]
 144:Drivers/STM32F4xx_HAL_Driver/Src/stm32f4xx_hal_crc.c **** 
 170              		.loc 1 144 15 view .LVU38
 171 0010 0222     		movs	r2, #2
 172 0012 4271     		strb	r2, [r0, #5]
 147:Drivers/STM32F4xx_HAL_Driver/Src/stm32f4xx_hal_crc.c **** 
 173              		.loc 1 147 3 is_stmt 1 view .LVU39
 174 0014 9A68     		ldr	r2, [r3, #8]
 175 0016 42F00102 		orr	r2, r2, #1
 150:Drivers/STM32F4xx_HAL_Driver/Src/stm32f4xx_hal_crc.c **** 
 176              		.loc 1 150 3 is_stmt 0 view .LVU40
 177 001a 0025     		movs	r5, #0
 147:Drivers/STM32F4xx_HAL_Driver/Src/stm32f4xx_hal_crc.c **** 
 178              		.loc 1 147 3 view .LVU41
 179 001c 9A60     		str	r2, [r3, #8]
 150:Drivers/STM32F4xx_HAL_Driver/Src/stm32f4xx_hal_crc.c **** 
 180              		.loc 1 150 3 is_stmt 1 view .LVU42
 181 001e 1A79     		ldrb	r2, [r3, #4]	@ zero_extendqisi2
 182 0020 1D71     		strb	r5, [r3, #4]
 153:Drivers/STM32F4xx_HAL_Driver/Src/stm32f4xx_hal_crc.c **** 
 183              		.loc 1 153 3 view .LVU43
 184 0022 FFF7FEFF 		bl	HAL_CRC_MspDeInit
 185              	.LVL8:
 156:Drivers/STM32F4xx_HAL_Driver/Src/stm32f4xx_hal_crc.c **** 
 186              		.loc 1 156 3 view .LVU44
ARM GAS  /tmp/cccGhcCt.s 			page 8


 156:Drivers/STM32F4xx_HAL_Driver/Src/stm32f4xx_hal_crc.c **** 
 187              		.loc 1 156 15 is_stmt 0 view .LVU45
 188 0026 6571     		strb	r5, [r4, #5]
 159:Drivers/STM32F4xx_HAL_Driver/Src/stm32f4xx_hal_crc.c **** 
 189              		.loc 1 159 3 is_stmt 1 view .LVU46
 159:Drivers/STM32F4xx_HAL_Driver/Src/stm32f4xx_hal_crc.c **** 
 190              		.loc 1 159 3 view .LVU47
 191 0028 2571     		strb	r5, [r4, #4]
 159:Drivers/STM32F4xx_HAL_Driver/Src/stm32f4xx_hal_crc.c **** 
 192              		.loc 1 159 3 view .LVU48
 162:Drivers/STM32F4xx_HAL_Driver/Src/stm32f4xx_hal_crc.c **** }
 193              		.loc 1 162 3 view .LVU49
 194              	.L14:
 163:Drivers/STM32F4xx_HAL_Driver/Src/stm32f4xx_hal_crc.c **** 
 195              		.loc 1 163 1 is_stmt 0 view .LVU50
 196 002a 2846     		mov	r0, r5
 197 002c 38BD     		pop	{r3, r4, r5, pc}
 198              	.LVL9:
 199              	.L15:
 131:Drivers/STM32F4xx_HAL_Driver/Src/stm32f4xx_hal_crc.c ****   }
 200              		.loc 1 131 12 view .LVU51
 201 002e 0125     		movs	r5, #1
 163:Drivers/STM32F4xx_HAL_Driver/Src/stm32f4xx_hal_crc.c **** 
 202              		.loc 1 163 1 view .LVU52
 203 0030 2846     		mov	r0, r5
 204              	.LVL10:
 163:Drivers/STM32F4xx_HAL_Driver/Src/stm32f4xx_hal_crc.c **** 
 205              		.loc 1 163 1 view .LVU53
 206 0032 38BD     		pop	{r3, r4, r5, pc}
 207              		.cfi_endproc
 208              	.LFE236:
 210              		.section	.text.HAL_CRC_Accumulate,"ax",%progbits
 211              		.align	1
 212              		.p2align 2,,3
 213              		.global	HAL_CRC_Accumulate
 214              		.syntax unified
 215              		.thumb
 216              		.thumb_func
 218              	HAL_CRC_Accumulate:
 219              	.LVL11:
 220              	.LFB239:
 179:Drivers/STM32F4xx_HAL_Driver/Src/stm32f4xx_hal_crc.c **** 
 180:Drivers/STM32F4xx_HAL_Driver/Src/stm32f4xx_hal_crc.c **** /**
 181:Drivers/STM32F4xx_HAL_Driver/Src/stm32f4xx_hal_crc.c ****   * @brief  DeInitialize the CRC MSP.
 182:Drivers/STM32F4xx_HAL_Driver/Src/stm32f4xx_hal_crc.c ****   * @param  hcrc CRC handle
 183:Drivers/STM32F4xx_HAL_Driver/Src/stm32f4xx_hal_crc.c ****   * @retval None
 184:Drivers/STM32F4xx_HAL_Driver/Src/stm32f4xx_hal_crc.c ****   */
 185:Drivers/STM32F4xx_HAL_Driver/Src/stm32f4xx_hal_crc.c **** __weak void HAL_CRC_MspDeInit(CRC_HandleTypeDef *hcrc)
 186:Drivers/STM32F4xx_HAL_Driver/Src/stm32f4xx_hal_crc.c **** {
 187:Drivers/STM32F4xx_HAL_Driver/Src/stm32f4xx_hal_crc.c ****   /* Prevent unused argument(s) compilation warning */
 188:Drivers/STM32F4xx_HAL_Driver/Src/stm32f4xx_hal_crc.c ****   UNUSED(hcrc);
 189:Drivers/STM32F4xx_HAL_Driver/Src/stm32f4xx_hal_crc.c **** 
 190:Drivers/STM32F4xx_HAL_Driver/Src/stm32f4xx_hal_crc.c ****   /* NOTE : This function should not be modified, when the callback is needed,
 191:Drivers/STM32F4xx_HAL_Driver/Src/stm32f4xx_hal_crc.c ****             the HAL_CRC_MspDeInit can be implemented in the user file
 192:Drivers/STM32F4xx_HAL_Driver/Src/stm32f4xx_hal_crc.c ****    */
 193:Drivers/STM32F4xx_HAL_Driver/Src/stm32f4xx_hal_crc.c **** }
 194:Drivers/STM32F4xx_HAL_Driver/Src/stm32f4xx_hal_crc.c **** 
ARM GAS  /tmp/cccGhcCt.s 			page 9


 195:Drivers/STM32F4xx_HAL_Driver/Src/stm32f4xx_hal_crc.c **** /**
 196:Drivers/STM32F4xx_HAL_Driver/Src/stm32f4xx_hal_crc.c ****   * @}
 197:Drivers/STM32F4xx_HAL_Driver/Src/stm32f4xx_hal_crc.c ****   */
 198:Drivers/STM32F4xx_HAL_Driver/Src/stm32f4xx_hal_crc.c **** 
 199:Drivers/STM32F4xx_HAL_Driver/Src/stm32f4xx_hal_crc.c **** /** @defgroup CRC_Exported_Functions_Group2 Peripheral Control functions
 200:Drivers/STM32F4xx_HAL_Driver/Src/stm32f4xx_hal_crc.c ****   *  @brief    management functions.
 201:Drivers/STM32F4xx_HAL_Driver/Src/stm32f4xx_hal_crc.c ****   *
 202:Drivers/STM32F4xx_HAL_Driver/Src/stm32f4xx_hal_crc.c **** @verbatim
 203:Drivers/STM32F4xx_HAL_Driver/Src/stm32f4xx_hal_crc.c ****  ===============================================================================
 204:Drivers/STM32F4xx_HAL_Driver/Src/stm32f4xx_hal_crc.c ****                       ##### Peripheral Control functions #####
 205:Drivers/STM32F4xx_HAL_Driver/Src/stm32f4xx_hal_crc.c ****  ===============================================================================
 206:Drivers/STM32F4xx_HAL_Driver/Src/stm32f4xx_hal_crc.c ****     [..]  This section provides functions allowing to:
 207:Drivers/STM32F4xx_HAL_Driver/Src/stm32f4xx_hal_crc.c ****       (+) compute the 32-bit CRC value of a 32-bit data buffer
 208:Drivers/STM32F4xx_HAL_Driver/Src/stm32f4xx_hal_crc.c ****           using combination of the previous CRC value and the new one.
 209:Drivers/STM32F4xx_HAL_Driver/Src/stm32f4xx_hal_crc.c **** 
 210:Drivers/STM32F4xx_HAL_Driver/Src/stm32f4xx_hal_crc.c ****        [..]  or
 211:Drivers/STM32F4xx_HAL_Driver/Src/stm32f4xx_hal_crc.c **** 
 212:Drivers/STM32F4xx_HAL_Driver/Src/stm32f4xx_hal_crc.c ****       (+) compute the 32-bit CRC value of a 32-bit data buffer
 213:Drivers/STM32F4xx_HAL_Driver/Src/stm32f4xx_hal_crc.c ****           independently of the previous CRC value.
 214:Drivers/STM32F4xx_HAL_Driver/Src/stm32f4xx_hal_crc.c **** 
 215:Drivers/STM32F4xx_HAL_Driver/Src/stm32f4xx_hal_crc.c **** @endverbatim
 216:Drivers/STM32F4xx_HAL_Driver/Src/stm32f4xx_hal_crc.c ****   * @{
 217:Drivers/STM32F4xx_HAL_Driver/Src/stm32f4xx_hal_crc.c ****   */
 218:Drivers/STM32F4xx_HAL_Driver/Src/stm32f4xx_hal_crc.c **** 
 219:Drivers/STM32F4xx_HAL_Driver/Src/stm32f4xx_hal_crc.c **** /**
 220:Drivers/STM32F4xx_HAL_Driver/Src/stm32f4xx_hal_crc.c ****   * @brief  Compute the 32-bit CRC value of a 32-bit data buffer
 221:Drivers/STM32F4xx_HAL_Driver/Src/stm32f4xx_hal_crc.c ****   *         starting with the previously computed CRC as initialization value.
 222:Drivers/STM32F4xx_HAL_Driver/Src/stm32f4xx_hal_crc.c ****   * @param  hcrc CRC handle
 223:Drivers/STM32F4xx_HAL_Driver/Src/stm32f4xx_hal_crc.c ****   * @param  pBuffer pointer to the input data buffer.
 224:Drivers/STM32F4xx_HAL_Driver/Src/stm32f4xx_hal_crc.c ****   * @param  BufferLength input data buffer length (number of uint32_t words).
 225:Drivers/STM32F4xx_HAL_Driver/Src/stm32f4xx_hal_crc.c ****   * @retval uint32_t CRC (returned value LSBs for CRC shorter than 32 bits)
 226:Drivers/STM32F4xx_HAL_Driver/Src/stm32f4xx_hal_crc.c ****   */
 227:Drivers/STM32F4xx_HAL_Driver/Src/stm32f4xx_hal_crc.c **** uint32_t HAL_CRC_Accumulate(CRC_HandleTypeDef *hcrc, uint32_t pBuffer[], uint32_t BufferLength)
 228:Drivers/STM32F4xx_HAL_Driver/Src/stm32f4xx_hal_crc.c **** {
 221              		.loc 1 228 1 is_stmt 1 view -0
 222              		.cfi_startproc
 223              		@ args = 0, pretend = 0, frame = 0
 224              		@ frame_needed = 0, uses_anonymous_args = 0
 225              		@ link register save eliminated.
 229:Drivers/STM32F4xx_HAL_Driver/Src/stm32f4xx_hal_crc.c ****   uint32_t index;      /* CRC input data buffer index */
 226              		.loc 1 229 3 view .LVU55
 230:Drivers/STM32F4xx_HAL_Driver/Src/stm32f4xx_hal_crc.c ****   uint32_t temp = 0U;  /* CRC output (read from hcrc->Instance->DR register) */
 227              		.loc 1 230 3 view .LVU56
 231:Drivers/STM32F4xx_HAL_Driver/Src/stm32f4xx_hal_crc.c **** 
 232:Drivers/STM32F4xx_HAL_Driver/Src/stm32f4xx_hal_crc.c ****   /* Change CRC peripheral state */
 233:Drivers/STM32F4xx_HAL_Driver/Src/stm32f4xx_hal_crc.c ****   hcrc->State = HAL_CRC_STATE_BUSY;
 228              		.loc 1 233 3 view .LVU57
 229              		.loc 1 233 15 is_stmt 0 view .LVU58
 230 0000 0223     		movs	r3, #2
 228:Drivers/STM32F4xx_HAL_Driver/Src/stm32f4xx_hal_crc.c ****   uint32_t index;      /* CRC input data buffer index */
 231              		.loc 1 228 1 view .LVU59
 232 0002 10B4     		push	{r4}
 233              		.cfi_def_cfa_offset 4
 234              		.cfi_offset 4, -4
 228:Drivers/STM32F4xx_HAL_Driver/Src/stm32f4xx_hal_crc.c ****   uint32_t index;      /* CRC input data buffer index */
 235              		.loc 1 228 1 view .LVU60
 236 0004 8446     		mov	ip, r0
ARM GAS  /tmp/cccGhcCt.s 			page 10


 237              		.loc 1 233 15 view .LVU61
 238 0006 4371     		strb	r3, [r0, #5]
 234:Drivers/STM32F4xx_HAL_Driver/Src/stm32f4xx_hal_crc.c **** 
 235:Drivers/STM32F4xx_HAL_Driver/Src/stm32f4xx_hal_crc.c ****   /* Enter Data to the CRC calculator */
 236:Drivers/STM32F4xx_HAL_Driver/Src/stm32f4xx_hal_crc.c ****   for (index = 0U; index < BufferLength; index++)
 239              		.loc 1 236 3 is_stmt 1 view .LVU62
 240              	.LVL12:
 241              		.loc 1 236 20 view .LVU63
 242              		.loc 1 236 3 is_stmt 0 view .LVU64
 243 0008 7AB1     		cbz	r2, .L21
 244 000a 0439     		subs	r1, r1, #4
 245              	.LVL13:
 237:Drivers/STM32F4xx_HAL_Driver/Src/stm32f4xx_hal_crc.c ****   {
 238:Drivers/STM32F4xx_HAL_Driver/Src/stm32f4xx_hal_crc.c ****     hcrc->Instance->DR = pBuffer[index];
 246              		.loc 1 238 9 view .LVU65
 247 000c 0468     		ldr	r4, [r0]
 248 000e 01EB8202 		add	r2, r1, r2, lsl #2
 249              	.LVL14:
 250              	.L22:
 251              		.loc 1 238 5 is_stmt 1 discriminator 3 view .LVU66
 252              		.loc 1 238 33 is_stmt 0 discriminator 3 view .LVU67
 253 0012 51F8043F 		ldr	r3, [r1, #4]!
 254              		.loc 1 238 24 discriminator 3 view .LVU68
 255 0016 2360     		str	r3, [r4]
 236:Drivers/STM32F4xx_HAL_Driver/Src/stm32f4xx_hal_crc.c ****   {
 256              		.loc 1 236 42 is_stmt 1 discriminator 3 view .LVU69
 236:Drivers/STM32F4xx_HAL_Driver/Src/stm32f4xx_hal_crc.c ****   {
 257              		.loc 1 236 20 discriminator 3 view .LVU70
 236:Drivers/STM32F4xx_HAL_Driver/Src/stm32f4xx_hal_crc.c ****   {
 258              		.loc 1 236 3 is_stmt 0 discriminator 3 view .LVU71
 259 0018 9142     		cmp	r1, r2
 260 001a FAD1     		bne	.L22
 261              	.L23:
 239:Drivers/STM32F4xx_HAL_Driver/Src/stm32f4xx_hal_crc.c ****   }
 240:Drivers/STM32F4xx_HAL_Driver/Src/stm32f4xx_hal_crc.c ****   temp = hcrc->Instance->DR;
 262              		.loc 1 240 3 is_stmt 1 view .LVU72
 241:Drivers/STM32F4xx_HAL_Driver/Src/stm32f4xx_hal_crc.c **** 
 242:Drivers/STM32F4xx_HAL_Driver/Src/stm32f4xx_hal_crc.c ****   /* Change CRC peripheral state */
 243:Drivers/STM32F4xx_HAL_Driver/Src/stm32f4xx_hal_crc.c ****   hcrc->State = HAL_CRC_STATE_READY;
 263              		.loc 1 243 15 is_stmt 0 view .LVU73
 264 001c 0123     		movs	r3, #1
 240:Drivers/STM32F4xx_HAL_Driver/Src/stm32f4xx_hal_crc.c **** 
 265              		.loc 1 240 8 view .LVU74
 266 001e 2068     		ldr	r0, [r4]
 267              	.LVL15:
 268              		.loc 1 243 3 is_stmt 1 view .LVU75
 269              		.loc 1 243 15 is_stmt 0 view .LVU76
 270 0020 8CF80530 		strb	r3, [ip, #5]
 244:Drivers/STM32F4xx_HAL_Driver/Src/stm32f4xx_hal_crc.c **** 
 245:Drivers/STM32F4xx_HAL_Driver/Src/stm32f4xx_hal_crc.c ****   /* Return the CRC computed value */
 246:Drivers/STM32F4xx_HAL_Driver/Src/stm32f4xx_hal_crc.c ****   return temp;
 271              		.loc 1 246 3 is_stmt 1 view .LVU77
 247:Drivers/STM32F4xx_HAL_Driver/Src/stm32f4xx_hal_crc.c **** }
 272              		.loc 1 247 1 is_stmt 0 view .LVU78
 273 0024 5DF8044B 		ldr	r4, [sp], #4
 274              		.cfi_remember_state
 275              		.cfi_restore 4
ARM GAS  /tmp/cccGhcCt.s 			page 11


 276              		.cfi_def_cfa_offset 0
 277 0028 7047     		bx	lr
 278              	.LVL16:
 279              	.L21:
 280              		.cfi_restore_state
 240:Drivers/STM32F4xx_HAL_Driver/Src/stm32f4xx_hal_crc.c **** 
 281              		.loc 1 240 14 view .LVU79
 282 002a 0468     		ldr	r4, [r0]
 283 002c F6E7     		b	.L23
 284              		.cfi_endproc
 285              	.LFE239:
 287 002e 00BF     		.section	.text.HAL_CRC_Calculate,"ax",%progbits
 288              		.align	1
 289              		.p2align 2,,3
 290              		.global	HAL_CRC_Calculate
 291              		.syntax unified
 292              		.thumb
 293              		.thumb_func
 295              	HAL_CRC_Calculate:
 296              	.LVL17:
 297              	.LFB240:
 248:Drivers/STM32F4xx_HAL_Driver/Src/stm32f4xx_hal_crc.c **** 
 249:Drivers/STM32F4xx_HAL_Driver/Src/stm32f4xx_hal_crc.c **** /**
 250:Drivers/STM32F4xx_HAL_Driver/Src/stm32f4xx_hal_crc.c ****   * @brief  Compute the 32-bit CRC value of a 32-bit data buffer
 251:Drivers/STM32F4xx_HAL_Driver/Src/stm32f4xx_hal_crc.c ****   *         starting with hcrc->Instance->INIT as initialization value.
 252:Drivers/STM32F4xx_HAL_Driver/Src/stm32f4xx_hal_crc.c ****   * @param  hcrc CRC handle
 253:Drivers/STM32F4xx_HAL_Driver/Src/stm32f4xx_hal_crc.c ****   * @param  pBuffer pointer to the input data buffer.
 254:Drivers/STM32F4xx_HAL_Driver/Src/stm32f4xx_hal_crc.c ****   * @param  BufferLength input data buffer length (number of uint32_t words).
 255:Drivers/STM32F4xx_HAL_Driver/Src/stm32f4xx_hal_crc.c ****   * @retval uint32_t CRC (returned value LSBs for CRC shorter than 32 bits)
 256:Drivers/STM32F4xx_HAL_Driver/Src/stm32f4xx_hal_crc.c ****   */
 257:Drivers/STM32F4xx_HAL_Driver/Src/stm32f4xx_hal_crc.c **** uint32_t HAL_CRC_Calculate(CRC_HandleTypeDef *hcrc, uint32_t pBuffer[], uint32_t BufferLength)
 258:Drivers/STM32F4xx_HAL_Driver/Src/stm32f4xx_hal_crc.c **** {
 298              		.loc 1 258 1 is_stmt 1 view -0
 299              		.cfi_startproc
 300              		@ args = 0, pretend = 0, frame = 0
 301              		@ frame_needed = 0, uses_anonymous_args = 0
 302              		@ link register save eliminated.
 259:Drivers/STM32F4xx_HAL_Driver/Src/stm32f4xx_hal_crc.c ****   uint32_t index;      /* CRC input data buffer index */
 303              		.loc 1 259 3 view .LVU81
 260:Drivers/STM32F4xx_HAL_Driver/Src/stm32f4xx_hal_crc.c ****   uint32_t temp = 0U;  /* CRC output (read from hcrc->Instance->DR register) */
 304              		.loc 1 260 3 view .LVU82
 261:Drivers/STM32F4xx_HAL_Driver/Src/stm32f4xx_hal_crc.c **** 
 262:Drivers/STM32F4xx_HAL_Driver/Src/stm32f4xx_hal_crc.c ****   /* Change CRC peripheral state */
 263:Drivers/STM32F4xx_HAL_Driver/Src/stm32f4xx_hal_crc.c ****   hcrc->State = HAL_CRC_STATE_BUSY;
 305              		.loc 1 263 3 view .LVU83
 258:Drivers/STM32F4xx_HAL_Driver/Src/stm32f4xx_hal_crc.c ****   uint32_t index;      /* CRC input data buffer index */
 306              		.loc 1 258 1 is_stmt 0 view .LVU84
 307 0000 10B4     		push	{r4}
 308              		.cfi_def_cfa_offset 4
 309              		.cfi_offset 4, -4
 310              		.loc 1 263 15 view .LVU85
 311 0002 0223     		movs	r3, #2
 264:Drivers/STM32F4xx_HAL_Driver/Src/stm32f4xx_hal_crc.c **** 
 265:Drivers/STM32F4xx_HAL_Driver/Src/stm32f4xx_hal_crc.c ****   /* Reset CRC Calculation Unit (hcrc->Instance->INIT is
 266:Drivers/STM32F4xx_HAL_Driver/Src/stm32f4xx_hal_crc.c ****   *  written in hcrc->Instance->DR) */
 267:Drivers/STM32F4xx_HAL_Driver/Src/stm32f4xx_hal_crc.c ****   __HAL_CRC_DR_RESET(hcrc);
 312              		.loc 1 267 3 view .LVU86
ARM GAS  /tmp/cccGhcCt.s 			page 12


 313 0004 0468     		ldr	r4, [r0]
 263:Drivers/STM32F4xx_HAL_Driver/Src/stm32f4xx_hal_crc.c **** 
 314              		.loc 1 263 15 view .LVU87
 315 0006 4371     		strb	r3, [r0, #5]
 316              		.loc 1 267 3 is_stmt 1 view .LVU88
 317 0008 A368     		ldr	r3, [r4, #8]
 318 000a 43F00103 		orr	r3, r3, #1
 258:Drivers/STM32F4xx_HAL_Driver/Src/stm32f4xx_hal_crc.c ****   uint32_t index;      /* CRC input data buffer index */
 319              		.loc 1 258 1 is_stmt 0 view .LVU89
 320 000e 8446     		mov	ip, r0
 321              		.loc 1 267 3 view .LVU90
 322 0010 A360     		str	r3, [r4, #8]
 268:Drivers/STM32F4xx_HAL_Driver/Src/stm32f4xx_hal_crc.c **** 
 269:Drivers/STM32F4xx_HAL_Driver/Src/stm32f4xx_hal_crc.c ****   /* Enter 32-bit input data to the CRC calculator */
 270:Drivers/STM32F4xx_HAL_Driver/Src/stm32f4xx_hal_crc.c ****   for (index = 0U; index < BufferLength; index++)
 323              		.loc 1 270 3 is_stmt 1 view .LVU91
 324              	.LVL18:
 325              		.loc 1 270 20 view .LVU92
 326              		.loc 1 270 3 is_stmt 0 view .LVU93
 327 0012 3AB1     		cbz	r2, .L27
 328 0014 0439     		subs	r1, r1, #4
 329              	.LVL19:
 330              		.loc 1 270 3 view .LVU94
 331 0016 01EB8202 		add	r2, r1, r2, lsl #2
 332              	.LVL20:
 333              	.L28:
 271:Drivers/STM32F4xx_HAL_Driver/Src/stm32f4xx_hal_crc.c ****   {
 272:Drivers/STM32F4xx_HAL_Driver/Src/stm32f4xx_hal_crc.c ****     hcrc->Instance->DR = pBuffer[index];
 334              		.loc 1 272 5 is_stmt 1 discriminator 3 view .LVU95
 335              		.loc 1 272 33 is_stmt 0 discriminator 3 view .LVU96
 336 001a 51F8043F 		ldr	r3, [r1, #4]!
 337              		.loc 1 272 24 discriminator 3 view .LVU97
 338 001e 2360     		str	r3, [r4]
 270:Drivers/STM32F4xx_HAL_Driver/Src/stm32f4xx_hal_crc.c ****   {
 339              		.loc 1 270 42 is_stmt 1 discriminator 3 view .LVU98
 270:Drivers/STM32F4xx_HAL_Driver/Src/stm32f4xx_hal_crc.c ****   {
 340              		.loc 1 270 20 discriminator 3 view .LVU99
 270:Drivers/STM32F4xx_HAL_Driver/Src/stm32f4xx_hal_crc.c ****   {
 341              		.loc 1 270 3 is_stmt 0 discriminator 3 view .LVU100
 342 0020 9142     		cmp	r1, r2
 343 0022 FAD1     		bne	.L28
 344              	.L27:
 273:Drivers/STM32F4xx_HAL_Driver/Src/stm32f4xx_hal_crc.c ****   }
 274:Drivers/STM32F4xx_HAL_Driver/Src/stm32f4xx_hal_crc.c ****   temp = hcrc->Instance->DR;
 345              		.loc 1 274 3 is_stmt 1 view .LVU101
 275:Drivers/STM32F4xx_HAL_Driver/Src/stm32f4xx_hal_crc.c **** 
 276:Drivers/STM32F4xx_HAL_Driver/Src/stm32f4xx_hal_crc.c ****   /* Change CRC peripheral state */
 277:Drivers/STM32F4xx_HAL_Driver/Src/stm32f4xx_hal_crc.c ****   hcrc->State = HAL_CRC_STATE_READY;
 346              		.loc 1 277 15 is_stmt 0 view .LVU102
 347 0024 0123     		movs	r3, #1
 274:Drivers/STM32F4xx_HAL_Driver/Src/stm32f4xx_hal_crc.c **** 
 348              		.loc 1 274 8 view .LVU103
 349 0026 2068     		ldr	r0, [r4]
 350              	.LVL21:
 351              		.loc 1 277 3 is_stmt 1 view .LVU104
 352              		.loc 1 277 15 is_stmt 0 view .LVU105
 353 0028 8CF80530 		strb	r3, [ip, #5]
ARM GAS  /tmp/cccGhcCt.s 			page 13


 278:Drivers/STM32F4xx_HAL_Driver/Src/stm32f4xx_hal_crc.c **** 
 279:Drivers/STM32F4xx_HAL_Driver/Src/stm32f4xx_hal_crc.c ****   /* Return the CRC computed value */
 280:Drivers/STM32F4xx_HAL_Driver/Src/stm32f4xx_hal_crc.c ****   return temp;
 354              		.loc 1 280 3 is_stmt 1 view .LVU106
 281:Drivers/STM32F4xx_HAL_Driver/Src/stm32f4xx_hal_crc.c **** }
 355              		.loc 1 281 1 is_stmt 0 view .LVU107
 356 002c 5DF8044B 		ldr	r4, [sp], #4
 357              		.cfi_restore 4
 358              		.cfi_def_cfa_offset 0
 359 0030 7047     		bx	lr
 360              		.cfi_endproc
 361              	.LFE240:
 363 0032 00BF     		.section	.text.HAL_CRC_GetState,"ax",%progbits
 364              		.align	1
 365              		.p2align 2,,3
 366              		.global	HAL_CRC_GetState
 367              		.syntax unified
 368              		.thumb
 369              		.thumb_func
 371              	HAL_CRC_GetState:
 372              	.LVL22:
 373              	.LFB241:
 282:Drivers/STM32F4xx_HAL_Driver/Src/stm32f4xx_hal_crc.c **** 
 283:Drivers/STM32F4xx_HAL_Driver/Src/stm32f4xx_hal_crc.c **** /**
 284:Drivers/STM32F4xx_HAL_Driver/Src/stm32f4xx_hal_crc.c ****   * @}
 285:Drivers/STM32F4xx_HAL_Driver/Src/stm32f4xx_hal_crc.c ****   */
 286:Drivers/STM32F4xx_HAL_Driver/Src/stm32f4xx_hal_crc.c **** 
 287:Drivers/STM32F4xx_HAL_Driver/Src/stm32f4xx_hal_crc.c **** /** @defgroup CRC_Exported_Functions_Group3 Peripheral State functions
 288:Drivers/STM32F4xx_HAL_Driver/Src/stm32f4xx_hal_crc.c ****   *  @brief    Peripheral State functions.
 289:Drivers/STM32F4xx_HAL_Driver/Src/stm32f4xx_hal_crc.c ****   *
 290:Drivers/STM32F4xx_HAL_Driver/Src/stm32f4xx_hal_crc.c **** @verbatim
 291:Drivers/STM32F4xx_HAL_Driver/Src/stm32f4xx_hal_crc.c ****  ===============================================================================
 292:Drivers/STM32F4xx_HAL_Driver/Src/stm32f4xx_hal_crc.c ****                       ##### Peripheral State functions #####
 293:Drivers/STM32F4xx_HAL_Driver/Src/stm32f4xx_hal_crc.c ****  ===============================================================================
 294:Drivers/STM32F4xx_HAL_Driver/Src/stm32f4xx_hal_crc.c ****     [..]
 295:Drivers/STM32F4xx_HAL_Driver/Src/stm32f4xx_hal_crc.c ****     This subsection permits to get in run-time the status of the peripheral.
 296:Drivers/STM32F4xx_HAL_Driver/Src/stm32f4xx_hal_crc.c **** 
 297:Drivers/STM32F4xx_HAL_Driver/Src/stm32f4xx_hal_crc.c **** @endverbatim
 298:Drivers/STM32F4xx_HAL_Driver/Src/stm32f4xx_hal_crc.c ****   * @{
 299:Drivers/STM32F4xx_HAL_Driver/Src/stm32f4xx_hal_crc.c ****   */
 300:Drivers/STM32F4xx_HAL_Driver/Src/stm32f4xx_hal_crc.c **** 
 301:Drivers/STM32F4xx_HAL_Driver/Src/stm32f4xx_hal_crc.c **** /**
 302:Drivers/STM32F4xx_HAL_Driver/Src/stm32f4xx_hal_crc.c ****   * @brief  Return the CRC handle state.
 303:Drivers/STM32F4xx_HAL_Driver/Src/stm32f4xx_hal_crc.c ****   * @param  hcrc CRC handle
 304:Drivers/STM32F4xx_HAL_Driver/Src/stm32f4xx_hal_crc.c ****   * @retval HAL state
 305:Drivers/STM32F4xx_HAL_Driver/Src/stm32f4xx_hal_crc.c ****   */
 306:Drivers/STM32F4xx_HAL_Driver/Src/stm32f4xx_hal_crc.c **** HAL_CRC_StateTypeDef HAL_CRC_GetState(CRC_HandleTypeDef *hcrc)
 307:Drivers/STM32F4xx_HAL_Driver/Src/stm32f4xx_hal_crc.c **** {
 374              		.loc 1 307 1 is_stmt 1 view -0
 375              		.cfi_startproc
 376              		@ args = 0, pretend = 0, frame = 0
 377              		@ frame_needed = 0, uses_anonymous_args = 0
 378              		@ link register save eliminated.
 308:Drivers/STM32F4xx_HAL_Driver/Src/stm32f4xx_hal_crc.c ****   /* Return CRC handle state */
 309:Drivers/STM32F4xx_HAL_Driver/Src/stm32f4xx_hal_crc.c ****   return hcrc->State;
 379              		.loc 1 309 3 view .LVU109
 380              		.loc 1 309 14 is_stmt 0 view .LVU110
ARM GAS  /tmp/cccGhcCt.s 			page 14


 381 0000 4079     		ldrb	r0, [r0, #5]	@ zero_extendqisi2
 382              	.LVL23:
 310:Drivers/STM32F4xx_HAL_Driver/Src/stm32f4xx_hal_crc.c **** }
 383              		.loc 1 310 1 view .LVU111
 384 0002 7047     		bx	lr
 385              		.cfi_endproc
 386              	.LFE241:
 388              		.text
 389              	.Letext0:
 390              		.file 2 "/opt/gcc-arm-none-eabi-10.3-2021.10/arm-none-eabi/include/machine/_default_types.h"
 391              		.file 3 "/opt/gcc-arm-none-eabi-10.3-2021.10/arm-none-eabi/include/sys/_stdint.h"
 392              		.file 4 "Drivers/CMSIS/Device/ST/STM32F4xx/Include/stm32f407xx.h"
 393              		.file 5 "Drivers/STM32F4xx_HAL_Driver/Inc/stm32f4xx_hal_def.h"
 394              		.file 6 "Drivers/STM32F4xx_HAL_Driver/Inc/stm32f4xx_hal_crc.h"
ARM GAS  /tmp/cccGhcCt.s 			page 15


DEFINED SYMBOLS
                            *ABS*:0000000000000000 stm32f4xx_hal_crc.c
     /tmp/cccGhcCt.s:20     .text.HAL_CRC_MspInit:0000000000000000 $t
     /tmp/cccGhcCt.s:27     .text.HAL_CRC_MspInit:0000000000000000 HAL_CRC_MspInit
     /tmp/cccGhcCt.s:43     .text.HAL_CRC_Init:0000000000000000 $t
     /tmp/cccGhcCt.s:50     .text.HAL_CRC_Init:0000000000000000 HAL_CRC_Init
     /tmp/cccGhcCt.s:114    .text.HAL_CRC_MspDeInit:0000000000000000 $t
     /tmp/cccGhcCt.s:121    .text.HAL_CRC_MspDeInit:0000000000000000 HAL_CRC_MspDeInit
     /tmp/cccGhcCt.s:132    .text.HAL_CRC_DeInit:0000000000000000 $t
     /tmp/cccGhcCt.s:139    .text.HAL_CRC_DeInit:0000000000000000 HAL_CRC_DeInit
     /tmp/cccGhcCt.s:211    .text.HAL_CRC_Accumulate:0000000000000000 $t
     /tmp/cccGhcCt.s:218    .text.HAL_CRC_Accumulate:0000000000000000 HAL_CRC_Accumulate
     /tmp/cccGhcCt.s:288    .text.HAL_CRC_Calculate:0000000000000000 $t
     /tmp/cccGhcCt.s:295    .text.HAL_CRC_Calculate:0000000000000000 HAL_CRC_Calculate
     /tmp/cccGhcCt.s:364    .text.HAL_CRC_GetState:0000000000000000 $t
     /tmp/cccGhcCt.s:371    .text.HAL_CRC_GetState:0000000000000000 HAL_CRC_GetState

NO UNDEFINED SYMBOLS
