ARM GAS  /tmp/ccrSx5hj.s 			page 1


   1              		.cpu cortex-m4
   2              		.arch armv7e-m
   3              		.fpu fpv4-sp-d16
   4              		.eabi_attribute 27, 1
   5              		.eabi_attribute 28, 1
   6              		.eabi_attribute 20, 1
   7              		.eabi_attribute 21, 1
   8              		.eabi_attribute 23, 3
   9              		.eabi_attribute 24, 1
  10              		.eabi_attribute 25, 1
  11              		.eabi_attribute 26, 1
  12              		.eabi_attribute 30, 2
  13              		.eabi_attribute 34, 1
  14              		.eabi_attribute 18, 4
  15              		.file	"stm32f4xx_hal_exti.c"
  16              		.text
  17              	.Ltext0:
  18              		.cfi_sections	.debug_frame
  19              		.section	.text.HAL_EXTI_SetConfigLine,"ax",%progbits
  20              		.align	1
  21              		.p2align 2,,3
  22              		.global	HAL_EXTI_SetConfigLine
  23              		.syntax unified
  24              		.thumb
  25              		.thumb_func
  27              	HAL_EXTI_SetConfigLine:
  28              	.LVL0:
  29              	.LFB235:
  30              		.file 1 "Drivers/STM32F4xx_HAL_Driver/Src/stm32f4xx_hal_exti.c"
   1:Drivers/STM32F4xx_HAL_Driver/Src/stm32f4xx_hal_exti.c **** /**
   2:Drivers/STM32F4xx_HAL_Driver/Src/stm32f4xx_hal_exti.c ****   ******************************************************************************
   3:Drivers/STM32F4xx_HAL_Driver/Src/stm32f4xx_hal_exti.c ****   * @file    stm32f4xx_hal_exti.c
   4:Drivers/STM32F4xx_HAL_Driver/Src/stm32f4xx_hal_exti.c ****   * @author  MCD Application Team
   5:Drivers/STM32F4xx_HAL_Driver/Src/stm32f4xx_hal_exti.c ****   * @brief   EXTI HAL module driver.
   6:Drivers/STM32F4xx_HAL_Driver/Src/stm32f4xx_hal_exti.c ****   *          This file provides firmware functions to manage the following
   7:Drivers/STM32F4xx_HAL_Driver/Src/stm32f4xx_hal_exti.c ****   *          functionalities of the Extended Interrupts and events controller (EXTI) peripheral:
   8:Drivers/STM32F4xx_HAL_Driver/Src/stm32f4xx_hal_exti.c ****   *           + Initialization and de-initialization functions
   9:Drivers/STM32F4xx_HAL_Driver/Src/stm32f4xx_hal_exti.c ****   *           + IO operation functions
  10:Drivers/STM32F4xx_HAL_Driver/Src/stm32f4xx_hal_exti.c ****   *
  11:Drivers/STM32F4xx_HAL_Driver/Src/stm32f4xx_hal_exti.c ****   @verbatim
  12:Drivers/STM32F4xx_HAL_Driver/Src/stm32f4xx_hal_exti.c ****   ==============================================================================
  13:Drivers/STM32F4xx_HAL_Driver/Src/stm32f4xx_hal_exti.c ****                     ##### EXTI Peripheral features #####
  14:Drivers/STM32F4xx_HAL_Driver/Src/stm32f4xx_hal_exti.c ****   ==============================================================================
  15:Drivers/STM32F4xx_HAL_Driver/Src/stm32f4xx_hal_exti.c ****   [..]
  16:Drivers/STM32F4xx_HAL_Driver/Src/stm32f4xx_hal_exti.c ****     (+) Each Exti line can be configured within this driver.
  17:Drivers/STM32F4xx_HAL_Driver/Src/stm32f4xx_hal_exti.c **** 
  18:Drivers/STM32F4xx_HAL_Driver/Src/stm32f4xx_hal_exti.c ****     (+) Exti line can be configured in 3 different modes
  19:Drivers/STM32F4xx_HAL_Driver/Src/stm32f4xx_hal_exti.c ****         (++) Interrupt
  20:Drivers/STM32F4xx_HAL_Driver/Src/stm32f4xx_hal_exti.c ****         (++) Event
  21:Drivers/STM32F4xx_HAL_Driver/Src/stm32f4xx_hal_exti.c ****         (++) Both of them
  22:Drivers/STM32F4xx_HAL_Driver/Src/stm32f4xx_hal_exti.c **** 
  23:Drivers/STM32F4xx_HAL_Driver/Src/stm32f4xx_hal_exti.c ****     (+) Configurable Exti lines can be configured with 3 different triggers
  24:Drivers/STM32F4xx_HAL_Driver/Src/stm32f4xx_hal_exti.c ****         (++) Rising
  25:Drivers/STM32F4xx_HAL_Driver/Src/stm32f4xx_hal_exti.c ****         (++) Falling
  26:Drivers/STM32F4xx_HAL_Driver/Src/stm32f4xx_hal_exti.c ****         (++) Both of them
  27:Drivers/STM32F4xx_HAL_Driver/Src/stm32f4xx_hal_exti.c **** 
  28:Drivers/STM32F4xx_HAL_Driver/Src/stm32f4xx_hal_exti.c ****     (+) When set in interrupt mode, configurable Exti lines have two different
ARM GAS  /tmp/ccrSx5hj.s 			page 2


  29:Drivers/STM32F4xx_HAL_Driver/Src/stm32f4xx_hal_exti.c ****         interrupts pending registers which allow to distinguish which transition
  30:Drivers/STM32F4xx_HAL_Driver/Src/stm32f4xx_hal_exti.c ****         occurs:
  31:Drivers/STM32F4xx_HAL_Driver/Src/stm32f4xx_hal_exti.c ****         (++) Rising edge pending interrupt
  32:Drivers/STM32F4xx_HAL_Driver/Src/stm32f4xx_hal_exti.c ****         (++) Falling
  33:Drivers/STM32F4xx_HAL_Driver/Src/stm32f4xx_hal_exti.c **** 
  34:Drivers/STM32F4xx_HAL_Driver/Src/stm32f4xx_hal_exti.c ****     (+) Exti lines 0 to 15 are linked to gpio pin number 0 to 15. Gpio port can
  35:Drivers/STM32F4xx_HAL_Driver/Src/stm32f4xx_hal_exti.c ****         be selected through multiplexer.
  36:Drivers/STM32F4xx_HAL_Driver/Src/stm32f4xx_hal_exti.c **** 
  37:Drivers/STM32F4xx_HAL_Driver/Src/stm32f4xx_hal_exti.c ****                      ##### How to use this driver #####
  38:Drivers/STM32F4xx_HAL_Driver/Src/stm32f4xx_hal_exti.c ****   ==============================================================================
  39:Drivers/STM32F4xx_HAL_Driver/Src/stm32f4xx_hal_exti.c ****   [..]
  40:Drivers/STM32F4xx_HAL_Driver/Src/stm32f4xx_hal_exti.c **** 
  41:Drivers/STM32F4xx_HAL_Driver/Src/stm32f4xx_hal_exti.c ****     (#) Configure the EXTI line using HAL_EXTI_SetConfigLine().
  42:Drivers/STM32F4xx_HAL_Driver/Src/stm32f4xx_hal_exti.c ****         (++) Choose the interrupt line number by setting "Line" member from
  43:Drivers/STM32F4xx_HAL_Driver/Src/stm32f4xx_hal_exti.c ****              EXTI_ConfigTypeDef structure.
  44:Drivers/STM32F4xx_HAL_Driver/Src/stm32f4xx_hal_exti.c ****         (++) Configure the interrupt and/or event mode using "Mode" member from
  45:Drivers/STM32F4xx_HAL_Driver/Src/stm32f4xx_hal_exti.c ****              EXTI_ConfigTypeDef structure.
  46:Drivers/STM32F4xx_HAL_Driver/Src/stm32f4xx_hal_exti.c ****         (++) For configurable lines, configure rising and/or falling trigger
  47:Drivers/STM32F4xx_HAL_Driver/Src/stm32f4xx_hal_exti.c ****              "Trigger" member from EXTI_ConfigTypeDef structure.
  48:Drivers/STM32F4xx_HAL_Driver/Src/stm32f4xx_hal_exti.c ****         (++) For Exti lines linked to gpio, choose gpio port using "GPIOSel"
  49:Drivers/STM32F4xx_HAL_Driver/Src/stm32f4xx_hal_exti.c ****              member from GPIO_InitTypeDef structure.
  50:Drivers/STM32F4xx_HAL_Driver/Src/stm32f4xx_hal_exti.c **** 
  51:Drivers/STM32F4xx_HAL_Driver/Src/stm32f4xx_hal_exti.c ****     (#) Get current Exti configuration of a dedicated line using
  52:Drivers/STM32F4xx_HAL_Driver/Src/stm32f4xx_hal_exti.c ****         HAL_EXTI_GetConfigLine().
  53:Drivers/STM32F4xx_HAL_Driver/Src/stm32f4xx_hal_exti.c ****         (++) Provide exiting handle as parameter.
  54:Drivers/STM32F4xx_HAL_Driver/Src/stm32f4xx_hal_exti.c ****         (++) Provide pointer on EXTI_ConfigTypeDef structure as second parameter.
  55:Drivers/STM32F4xx_HAL_Driver/Src/stm32f4xx_hal_exti.c **** 
  56:Drivers/STM32F4xx_HAL_Driver/Src/stm32f4xx_hal_exti.c ****     (#) Clear Exti configuration of a dedicated line using HAL_EXTI_GetConfigLine().
  57:Drivers/STM32F4xx_HAL_Driver/Src/stm32f4xx_hal_exti.c ****         (++) Provide exiting handle as parameter.
  58:Drivers/STM32F4xx_HAL_Driver/Src/stm32f4xx_hal_exti.c **** 
  59:Drivers/STM32F4xx_HAL_Driver/Src/stm32f4xx_hal_exti.c ****     (#) Register callback to treat Exti interrupts using HAL_EXTI_RegisterCallback().
  60:Drivers/STM32F4xx_HAL_Driver/Src/stm32f4xx_hal_exti.c ****         (++) Provide exiting handle as first parameter.
  61:Drivers/STM32F4xx_HAL_Driver/Src/stm32f4xx_hal_exti.c ****         (++) Provide which callback will be registered using one value from
  62:Drivers/STM32F4xx_HAL_Driver/Src/stm32f4xx_hal_exti.c ****              EXTI_CallbackIDTypeDef.
  63:Drivers/STM32F4xx_HAL_Driver/Src/stm32f4xx_hal_exti.c ****         (++) Provide callback function pointer.
  64:Drivers/STM32F4xx_HAL_Driver/Src/stm32f4xx_hal_exti.c **** 
  65:Drivers/STM32F4xx_HAL_Driver/Src/stm32f4xx_hal_exti.c ****     (#) Get interrupt pending bit using HAL_EXTI_GetPending().
  66:Drivers/STM32F4xx_HAL_Driver/Src/stm32f4xx_hal_exti.c **** 
  67:Drivers/STM32F4xx_HAL_Driver/Src/stm32f4xx_hal_exti.c ****     (#) Clear interrupt pending bit using HAL_EXTI_GetPending().
  68:Drivers/STM32F4xx_HAL_Driver/Src/stm32f4xx_hal_exti.c **** 
  69:Drivers/STM32F4xx_HAL_Driver/Src/stm32f4xx_hal_exti.c ****     (#) Generate software interrupt using HAL_EXTI_GenerateSWI().
  70:Drivers/STM32F4xx_HAL_Driver/Src/stm32f4xx_hal_exti.c **** 
  71:Drivers/STM32F4xx_HAL_Driver/Src/stm32f4xx_hal_exti.c ****   @endverbatim
  72:Drivers/STM32F4xx_HAL_Driver/Src/stm32f4xx_hal_exti.c ****   ******************************************************************************
  73:Drivers/STM32F4xx_HAL_Driver/Src/stm32f4xx_hal_exti.c ****   * @attention
  74:Drivers/STM32F4xx_HAL_Driver/Src/stm32f4xx_hal_exti.c ****   *
  75:Drivers/STM32F4xx_HAL_Driver/Src/stm32f4xx_hal_exti.c ****   * <h2><center>&copy; Copyright (c) 2018 STMicroelectronics.
  76:Drivers/STM32F4xx_HAL_Driver/Src/stm32f4xx_hal_exti.c ****   * All rights reserved.</center></h2>
  77:Drivers/STM32F4xx_HAL_Driver/Src/stm32f4xx_hal_exti.c ****   *
  78:Drivers/STM32F4xx_HAL_Driver/Src/stm32f4xx_hal_exti.c ****   * This software component is licensed by ST under BSD 3-Clause license,
  79:Drivers/STM32F4xx_HAL_Driver/Src/stm32f4xx_hal_exti.c ****   * the "License"; You may not use this file except in compliance with the
  80:Drivers/STM32F4xx_HAL_Driver/Src/stm32f4xx_hal_exti.c ****   * License. You may obtain a copy of the License at:
  81:Drivers/STM32F4xx_HAL_Driver/Src/stm32f4xx_hal_exti.c ****   *                        opensource.org/licenses/BSD-3-Clause
  82:Drivers/STM32F4xx_HAL_Driver/Src/stm32f4xx_hal_exti.c ****   *
  83:Drivers/STM32F4xx_HAL_Driver/Src/stm32f4xx_hal_exti.c ****   ******************************************************************************
  84:Drivers/STM32F4xx_HAL_Driver/Src/stm32f4xx_hal_exti.c ****   */
  85:Drivers/STM32F4xx_HAL_Driver/Src/stm32f4xx_hal_exti.c **** 
ARM GAS  /tmp/ccrSx5hj.s 			page 3


  86:Drivers/STM32F4xx_HAL_Driver/Src/stm32f4xx_hal_exti.c **** /* Includes ------------------------------------------------------------------*/
  87:Drivers/STM32F4xx_HAL_Driver/Src/stm32f4xx_hal_exti.c **** #include "stm32f4xx_hal.h"
  88:Drivers/STM32F4xx_HAL_Driver/Src/stm32f4xx_hal_exti.c **** 
  89:Drivers/STM32F4xx_HAL_Driver/Src/stm32f4xx_hal_exti.c **** /** @addtogroup STM32F4xx_HAL_Driver
  90:Drivers/STM32F4xx_HAL_Driver/Src/stm32f4xx_hal_exti.c ****   * @{
  91:Drivers/STM32F4xx_HAL_Driver/Src/stm32f4xx_hal_exti.c ****   */
  92:Drivers/STM32F4xx_HAL_Driver/Src/stm32f4xx_hal_exti.c **** 
  93:Drivers/STM32F4xx_HAL_Driver/Src/stm32f4xx_hal_exti.c **** /** @addtogroup EXTI
  94:Drivers/STM32F4xx_HAL_Driver/Src/stm32f4xx_hal_exti.c ****   * @{
  95:Drivers/STM32F4xx_HAL_Driver/Src/stm32f4xx_hal_exti.c ****   */
  96:Drivers/STM32F4xx_HAL_Driver/Src/stm32f4xx_hal_exti.c **** /** MISRA C:2012 deviation rule has been granted for following rule:
  97:Drivers/STM32F4xx_HAL_Driver/Src/stm32f4xx_hal_exti.c ****   * Rule-18.1_b - Medium: Array `EXTICR' 1st subscript interval [0,7] may be out
  98:Drivers/STM32F4xx_HAL_Driver/Src/stm32f4xx_hal_exti.c ****   * of bounds [0,3] in following API :
  99:Drivers/STM32F4xx_HAL_Driver/Src/stm32f4xx_hal_exti.c ****   * HAL_EXTI_SetConfigLine
 100:Drivers/STM32F4xx_HAL_Driver/Src/stm32f4xx_hal_exti.c ****   * HAL_EXTI_GetConfigLine
 101:Drivers/STM32F4xx_HAL_Driver/Src/stm32f4xx_hal_exti.c ****   * HAL_EXTI_ClearConfigLine
 102:Drivers/STM32F4xx_HAL_Driver/Src/stm32f4xx_hal_exti.c ****   */
 103:Drivers/STM32F4xx_HAL_Driver/Src/stm32f4xx_hal_exti.c **** 
 104:Drivers/STM32F4xx_HAL_Driver/Src/stm32f4xx_hal_exti.c **** #ifdef HAL_EXTI_MODULE_ENABLED
 105:Drivers/STM32F4xx_HAL_Driver/Src/stm32f4xx_hal_exti.c **** 
 106:Drivers/STM32F4xx_HAL_Driver/Src/stm32f4xx_hal_exti.c **** /* Private typedef -----------------------------------------------------------*/
 107:Drivers/STM32F4xx_HAL_Driver/Src/stm32f4xx_hal_exti.c **** /* Private defines -----------------------------------------------------------*/
 108:Drivers/STM32F4xx_HAL_Driver/Src/stm32f4xx_hal_exti.c **** /** @defgroup EXTI_Private_Constants EXTI Private Constants
 109:Drivers/STM32F4xx_HAL_Driver/Src/stm32f4xx_hal_exti.c ****   * @{
 110:Drivers/STM32F4xx_HAL_Driver/Src/stm32f4xx_hal_exti.c ****   */
 111:Drivers/STM32F4xx_HAL_Driver/Src/stm32f4xx_hal_exti.c **** 
 112:Drivers/STM32F4xx_HAL_Driver/Src/stm32f4xx_hal_exti.c **** /**
 113:Drivers/STM32F4xx_HAL_Driver/Src/stm32f4xx_hal_exti.c ****   * @}
 114:Drivers/STM32F4xx_HAL_Driver/Src/stm32f4xx_hal_exti.c ****   */
 115:Drivers/STM32F4xx_HAL_Driver/Src/stm32f4xx_hal_exti.c **** 
 116:Drivers/STM32F4xx_HAL_Driver/Src/stm32f4xx_hal_exti.c **** /* Private macros ------------------------------------------------------------*/
 117:Drivers/STM32F4xx_HAL_Driver/Src/stm32f4xx_hal_exti.c **** /* Private variables ---------------------------------------------------------*/
 118:Drivers/STM32F4xx_HAL_Driver/Src/stm32f4xx_hal_exti.c **** /* Private function prototypes -----------------------------------------------*/
 119:Drivers/STM32F4xx_HAL_Driver/Src/stm32f4xx_hal_exti.c **** /* Exported functions --------------------------------------------------------*/
 120:Drivers/STM32F4xx_HAL_Driver/Src/stm32f4xx_hal_exti.c **** 
 121:Drivers/STM32F4xx_HAL_Driver/Src/stm32f4xx_hal_exti.c **** /** @addtogroup EXTI_Exported_Functions
 122:Drivers/STM32F4xx_HAL_Driver/Src/stm32f4xx_hal_exti.c ****   * @{
 123:Drivers/STM32F4xx_HAL_Driver/Src/stm32f4xx_hal_exti.c ****   */
 124:Drivers/STM32F4xx_HAL_Driver/Src/stm32f4xx_hal_exti.c **** 
 125:Drivers/STM32F4xx_HAL_Driver/Src/stm32f4xx_hal_exti.c **** /** @addtogroup EXTI_Exported_Functions_Group1
 126:Drivers/STM32F4xx_HAL_Driver/Src/stm32f4xx_hal_exti.c ****   *  @brief    Configuration functions
 127:Drivers/STM32F4xx_HAL_Driver/Src/stm32f4xx_hal_exti.c ****   *
 128:Drivers/STM32F4xx_HAL_Driver/Src/stm32f4xx_hal_exti.c **** @verbatim
 129:Drivers/STM32F4xx_HAL_Driver/Src/stm32f4xx_hal_exti.c ****  ===============================================================================
 130:Drivers/STM32F4xx_HAL_Driver/Src/stm32f4xx_hal_exti.c ****               ##### Configuration functions #####
 131:Drivers/STM32F4xx_HAL_Driver/Src/stm32f4xx_hal_exti.c ****  ===============================================================================
 132:Drivers/STM32F4xx_HAL_Driver/Src/stm32f4xx_hal_exti.c **** 
 133:Drivers/STM32F4xx_HAL_Driver/Src/stm32f4xx_hal_exti.c **** @endverbatim
 134:Drivers/STM32F4xx_HAL_Driver/Src/stm32f4xx_hal_exti.c ****   * @{
 135:Drivers/STM32F4xx_HAL_Driver/Src/stm32f4xx_hal_exti.c ****   */
 136:Drivers/STM32F4xx_HAL_Driver/Src/stm32f4xx_hal_exti.c **** 
 137:Drivers/STM32F4xx_HAL_Driver/Src/stm32f4xx_hal_exti.c **** /**
 138:Drivers/STM32F4xx_HAL_Driver/Src/stm32f4xx_hal_exti.c ****   * @brief  Set configuration of a dedicated Exti line.
 139:Drivers/STM32F4xx_HAL_Driver/Src/stm32f4xx_hal_exti.c ****   * @param  hexti Exti handle.
 140:Drivers/STM32F4xx_HAL_Driver/Src/stm32f4xx_hal_exti.c ****   * @param  pExtiConfig Pointer on EXTI configuration to be set.
 141:Drivers/STM32F4xx_HAL_Driver/Src/stm32f4xx_hal_exti.c ****   * @retval HAL Status.
 142:Drivers/STM32F4xx_HAL_Driver/Src/stm32f4xx_hal_exti.c ****   */
ARM GAS  /tmp/ccrSx5hj.s 			page 4


 143:Drivers/STM32F4xx_HAL_Driver/Src/stm32f4xx_hal_exti.c **** HAL_StatusTypeDef HAL_EXTI_SetConfigLine(EXTI_HandleTypeDef *hexti, EXTI_ConfigTypeDef *pExtiConfig
 144:Drivers/STM32F4xx_HAL_Driver/Src/stm32f4xx_hal_exti.c **** {
  31              		.loc 1 144 1 view -0
  32              		.cfi_startproc
  33              		@ args = 0, pretend = 0, frame = 0
  34              		@ frame_needed = 0, uses_anonymous_args = 0
  35              		@ link register save eliminated.
 145:Drivers/STM32F4xx_HAL_Driver/Src/stm32f4xx_hal_exti.c ****   uint32_t regval;
  36              		.loc 1 145 3 view .LVU1
 146:Drivers/STM32F4xx_HAL_Driver/Src/stm32f4xx_hal_exti.c ****   uint32_t linepos;
  37              		.loc 1 146 3 view .LVU2
 147:Drivers/STM32F4xx_HAL_Driver/Src/stm32f4xx_hal_exti.c ****   uint32_t maskline;
  38              		.loc 1 147 3 view .LVU3
 148:Drivers/STM32F4xx_HAL_Driver/Src/stm32f4xx_hal_exti.c **** 
 149:Drivers/STM32F4xx_HAL_Driver/Src/stm32f4xx_hal_exti.c ****   /* Check null pointer */
 150:Drivers/STM32F4xx_HAL_Driver/Src/stm32f4xx_hal_exti.c ****   if ((hexti == NULL) || (pExtiConfig == NULL))
  39              		.loc 1 150 3 view .LVU4
  40              		.loc 1 150 6 is_stmt 0 view .LVU5
  41 0000 0028     		cmp	r0, #0
  42 0002 41D0     		beq	.L14
  43              		.loc 1 150 23 discriminator 1 view .LVU6
  44 0004 0029     		cmp	r1, #0
  45 0006 3FD0     		beq	.L14
 151:Drivers/STM32F4xx_HAL_Driver/Src/stm32f4xx_hal_exti.c ****   {
 152:Drivers/STM32F4xx_HAL_Driver/Src/stm32f4xx_hal_exti.c ****     return HAL_ERROR;
 153:Drivers/STM32F4xx_HAL_Driver/Src/stm32f4xx_hal_exti.c ****   }
 154:Drivers/STM32F4xx_HAL_Driver/Src/stm32f4xx_hal_exti.c **** 
 155:Drivers/STM32F4xx_HAL_Driver/Src/stm32f4xx_hal_exti.c ****   /* Check parameters */
 156:Drivers/STM32F4xx_HAL_Driver/Src/stm32f4xx_hal_exti.c ****   assert_param(IS_EXTI_LINE(pExtiConfig->Line));
  46              		.loc 1 156 3 is_stmt 1 view .LVU7
 157:Drivers/STM32F4xx_HAL_Driver/Src/stm32f4xx_hal_exti.c ****   assert_param(IS_EXTI_MODE(pExtiConfig->Mode));
  47              		.loc 1 157 3 view .LVU8
 158:Drivers/STM32F4xx_HAL_Driver/Src/stm32f4xx_hal_exti.c **** 
 159:Drivers/STM32F4xx_HAL_Driver/Src/stm32f4xx_hal_exti.c ****   /* Assign line number to handle */
 160:Drivers/STM32F4xx_HAL_Driver/Src/stm32f4xx_hal_exti.c ****   hexti->Line = pExtiConfig->Line;
  48              		.loc 1 160 3 view .LVU9
  49              		.loc 1 160 28 is_stmt 0 view .LVU10
  50 0008 0B68     		ldr	r3, [r1]
 144:Drivers/STM32F4xx_HAL_Driver/Src/stm32f4xx_hal_exti.c ****   uint32_t regval;
  51              		.loc 1 144 1 view .LVU11
  52 000a 30B4     		push	{r4, r5}
  53              		.cfi_def_cfa_offset 8
  54              		.cfi_offset 4, -8
  55              		.cfi_offset 5, -4
 161:Drivers/STM32F4xx_HAL_Driver/Src/stm32f4xx_hal_exti.c **** 
 162:Drivers/STM32F4xx_HAL_Driver/Src/stm32f4xx_hal_exti.c ****   /* Compute line mask */
 163:Drivers/STM32F4xx_HAL_Driver/Src/stm32f4xx_hal_exti.c ****   linepos = (pExtiConfig->Line & EXTI_PIN_MASK);
 164:Drivers/STM32F4xx_HAL_Driver/Src/stm32f4xx_hal_exti.c ****   maskline = (1uL << linepos);
  56              		.loc 1 164 12 view .LVU12
  57 000c 4FF0010C 		mov	ip, #1
 163:Drivers/STM32F4xx_HAL_Driver/Src/stm32f4xx_hal_exti.c ****   maskline = (1uL << linepos);
  58              		.loc 1 163 11 view .LVU13
  59 0010 03F01F02 		and	r2, r3, #31
 160:Drivers/STM32F4xx_HAL_Driver/Src/stm32f4xx_hal_exti.c **** 
  60              		.loc 1 160 15 view .LVU14
  61 0014 0360     		str	r3, [r0]
 163:Drivers/STM32F4xx_HAL_Driver/Src/stm32f4xx_hal_exti.c ****   maskline = (1uL << linepos);
ARM GAS  /tmp/ccrSx5hj.s 			page 5


  62              		.loc 1 163 3 is_stmt 1 view .LVU15
  63              	.LVL1:
  64              		.loc 1 164 3 view .LVU16
 165:Drivers/STM32F4xx_HAL_Driver/Src/stm32f4xx_hal_exti.c **** 
 166:Drivers/STM32F4xx_HAL_Driver/Src/stm32f4xx_hal_exti.c ****   /* Configure triggers for configurable lines */
 167:Drivers/STM32F4xx_HAL_Driver/Src/stm32f4xx_hal_exti.c ****   if ((pExtiConfig->Line & EXTI_CONFIG) != 0x00u)
  65              		.loc 1 167 6 is_stmt 0 view .LVU17
  66 0016 9801     		lsls	r0, r3, #6
  67              	.LVL2:
 164:Drivers/STM32F4xx_HAL_Driver/Src/stm32f4xx_hal_exti.c **** 
  68              		.loc 1 164 12 view .LVU18
  69 0018 0CFA02FC 		lsl	ip, ip, r2
  70              	.LVL3:
  71              		.loc 1 167 3 is_stmt 1 view .LVU19
  72              		.loc 1 167 6 is_stmt 0 view .LVU20
  73 001c 19D5     		bpl	.L4
 168:Drivers/STM32F4xx_HAL_Driver/Src/stm32f4xx_hal_exti.c ****   {
 169:Drivers/STM32F4xx_HAL_Driver/Src/stm32f4xx_hal_exti.c ****     assert_param(IS_EXTI_TRIGGER(pExtiConfig->Trigger));
  74              		.loc 1 169 5 is_stmt 1 view .LVU21
 170:Drivers/STM32F4xx_HAL_Driver/Src/stm32f4xx_hal_exti.c **** 
 171:Drivers/STM32F4xx_HAL_Driver/Src/stm32f4xx_hal_exti.c ****     /* Configure rising trigger */
 172:Drivers/STM32F4xx_HAL_Driver/Src/stm32f4xx_hal_exti.c ****     /* Mask or set line */
 173:Drivers/STM32F4xx_HAL_Driver/Src/stm32f4xx_hal_exti.c ****     if ((pExtiConfig->Trigger & EXTI_TRIGGER_RISING) != 0x00u)
  75              		.loc 1 173 5 view .LVU22
 174:Drivers/STM32F4xx_HAL_Driver/Src/stm32f4xx_hal_exti.c ****     {
 175:Drivers/STM32F4xx_HAL_Driver/Src/stm32f4xx_hal_exti.c ****       EXTI->RTSR |= maskline;
  76              		.loc 1 175 18 is_stmt 0 view .LVU23
  77 001e 254D     		ldr	r5, .L22
 173:Drivers/STM32F4xx_HAL_Driver/Src/stm32f4xx_hal_exti.c ****     {
  78              		.loc 1 173 21 view .LVU24
  79 0020 8868     		ldr	r0, [r1, #8]
  80              		.loc 1 175 18 view .LVU25
  81 0022 AC68     		ldr	r4, [r5, #8]
 173:Drivers/STM32F4xx_HAL_Driver/Src/stm32f4xx_hal_exti.c ****     {
  82              		.loc 1 173 8 view .LVU26
  83 0024 10F0010F 		tst	r0, #1
  84              		.loc 1 175 7 is_stmt 1 view .LVU27
 176:Drivers/STM32F4xx_HAL_Driver/Src/stm32f4xx_hal_exti.c ****     }
 177:Drivers/STM32F4xx_HAL_Driver/Src/stm32f4xx_hal_exti.c ****     else
 178:Drivers/STM32F4xx_HAL_Driver/Src/stm32f4xx_hal_exti.c ****     {
 179:Drivers/STM32F4xx_HAL_Driver/Src/stm32f4xx_hal_exti.c ****       EXTI->RTSR &= ~maskline;
  85              		.loc 1 179 7 view .LVU28
 180:Drivers/STM32F4xx_HAL_Driver/Src/stm32f4xx_hal_exti.c ****     }
 181:Drivers/STM32F4xx_HAL_Driver/Src/stm32f4xx_hal_exti.c **** 
 182:Drivers/STM32F4xx_HAL_Driver/Src/stm32f4xx_hal_exti.c ****     /* Configure falling trigger */
 183:Drivers/STM32F4xx_HAL_Driver/Src/stm32f4xx_hal_exti.c ****     /* Mask or set line */
 184:Drivers/STM32F4xx_HAL_Driver/Src/stm32f4xx_hal_exti.c ****     if ((pExtiConfig->Trigger & EXTI_TRIGGER_FALLING) != 0x00u)
  86              		.loc 1 184 5 view .LVU29
 175:Drivers/STM32F4xx_HAL_Driver/Src/stm32f4xx_hal_exti.c ****     }
  87              		.loc 1 175 18 is_stmt 0 view .LVU30
  88 0028 14BF     		ite	ne
  89 002a 44EA0C04 		orrne	r4, r4, ip
 179:Drivers/STM32F4xx_HAL_Driver/Src/stm32f4xx_hal_exti.c ****     }
  90              		.loc 1 179 18 view .LVU31
  91 002e 24EA0C04 		biceq	r4, r4, ip
  92 0032 AC60     		str	r4, [r5, #8]
 185:Drivers/STM32F4xx_HAL_Driver/Src/stm32f4xx_hal_exti.c ****     {
ARM GAS  /tmp/ccrSx5hj.s 			page 6


 186:Drivers/STM32F4xx_HAL_Driver/Src/stm32f4xx_hal_exti.c ****       EXTI->FTSR |= maskline;
  93              		.loc 1 186 18 view .LVU32
  94 0034 1F4C     		ldr	r4, .L22
 184:Drivers/STM32F4xx_HAL_Driver/Src/stm32f4xx_hal_exti.c ****     {
  95              		.loc 1 184 8 view .LVU33
  96 0036 10F0020F 		tst	r0, #2
  97              		.loc 1 186 18 view .LVU34
  98 003a E068     		ldr	r0, [r4, #12]
  99              		.loc 1 186 7 is_stmt 1 view .LVU35
 187:Drivers/STM32F4xx_HAL_Driver/Src/stm32f4xx_hal_exti.c ****     }
 188:Drivers/STM32F4xx_HAL_Driver/Src/stm32f4xx_hal_exti.c ****     else
 189:Drivers/STM32F4xx_HAL_Driver/Src/stm32f4xx_hal_exti.c ****     {
 190:Drivers/STM32F4xx_HAL_Driver/Src/stm32f4xx_hal_exti.c ****       EXTI->FTSR &= ~maskline;
 100              		.loc 1 190 7 view .LVU36
 186:Drivers/STM32F4xx_HAL_Driver/Src/stm32f4xx_hal_exti.c ****     }
 101              		.loc 1 186 18 is_stmt 0 view .LVU37
 102 003c 14BF     		ite	ne
 103 003e 40EA0C00 		orrne	r0, r0, ip
 104              		.loc 1 190 18 view .LVU38
 105 0042 20EA0C00 		biceq	r0, r0, ip
 106 0046 E060     		str	r0, [r4, #12]
 191:Drivers/STM32F4xx_HAL_Driver/Src/stm32f4xx_hal_exti.c ****     }
 192:Drivers/STM32F4xx_HAL_Driver/Src/stm32f4xx_hal_exti.c **** 
 193:Drivers/STM32F4xx_HAL_Driver/Src/stm32f4xx_hal_exti.c **** 
 194:Drivers/STM32F4xx_HAL_Driver/Src/stm32f4xx_hal_exti.c ****     /* Configure gpio port selection in case of gpio exti line */
 195:Drivers/STM32F4xx_HAL_Driver/Src/stm32f4xx_hal_exti.c ****     if ((pExtiConfig->Line & EXTI_GPIO) == EXTI_GPIO)
 107              		.loc 1 195 5 is_stmt 1 view .LVU39
 108              		.loc 1 195 28 is_stmt 0 view .LVU40
 109 0048 03F0C060 		and	r0, r3, #100663296
 110              		.loc 1 195 8 view .LVU41
 111 004c B0F1C06F 		cmp	r0, #100663296
 112 0050 1CD0     		beq	.L20
 113              	.LVL4:
 114              	.L4:
 196:Drivers/STM32F4xx_HAL_Driver/Src/stm32f4xx_hal_exti.c ****     {
 197:Drivers/STM32F4xx_HAL_Driver/Src/stm32f4xx_hal_exti.c ****       assert_param(IS_EXTI_GPIO_PORT(pExtiConfig->GPIOSel));
 198:Drivers/STM32F4xx_HAL_Driver/Src/stm32f4xx_hal_exti.c ****       assert_param(IS_EXTI_GPIO_PIN(linepos));
 199:Drivers/STM32F4xx_HAL_Driver/Src/stm32f4xx_hal_exti.c **** 
 200:Drivers/STM32F4xx_HAL_Driver/Src/stm32f4xx_hal_exti.c ****       regval = SYSCFG->EXTICR[linepos >> 2u];
 201:Drivers/STM32F4xx_HAL_Driver/Src/stm32f4xx_hal_exti.c ****       regval &= ~(SYSCFG_EXTICR1_EXTI0 << (SYSCFG_EXTICR1_EXTI1_Pos * (linepos & 0x03u)));
 202:Drivers/STM32F4xx_HAL_Driver/Src/stm32f4xx_hal_exti.c ****       regval |= (pExtiConfig->GPIOSel << (SYSCFG_EXTICR1_EXTI1_Pos * (linepos & 0x03u)));
 203:Drivers/STM32F4xx_HAL_Driver/Src/stm32f4xx_hal_exti.c ****       SYSCFG->EXTICR[linepos >> 2u] = regval;
 204:Drivers/STM32F4xx_HAL_Driver/Src/stm32f4xx_hal_exti.c ****     }
 205:Drivers/STM32F4xx_HAL_Driver/Src/stm32f4xx_hal_exti.c ****   }
 206:Drivers/STM32F4xx_HAL_Driver/Src/stm32f4xx_hal_exti.c **** 
 207:Drivers/STM32F4xx_HAL_Driver/Src/stm32f4xx_hal_exti.c ****   /* Configure interrupt mode : read current mode */
 208:Drivers/STM32F4xx_HAL_Driver/Src/stm32f4xx_hal_exti.c ****   /* Mask or set line */
 209:Drivers/STM32F4xx_HAL_Driver/Src/stm32f4xx_hal_exti.c ****   if ((pExtiConfig->Mode & EXTI_MODE_INTERRUPT) != 0x00u)
 115              		.loc 1 209 3 is_stmt 1 view .LVU42
 210:Drivers/STM32F4xx_HAL_Driver/Src/stm32f4xx_hal_exti.c ****   {
 211:Drivers/STM32F4xx_HAL_Driver/Src/stm32f4xx_hal_exti.c ****     EXTI->IMR |= maskline;
 116              		.loc 1 211 15 is_stmt 0 view .LVU43
 117 0052 184A     		ldr	r2, .L22
 209:Drivers/STM32F4xx_HAL_Driver/Src/stm32f4xx_hal_exti.c ****   {
 118              		.loc 1 209 19 view .LVU44
 119 0054 4868     		ldr	r0, [r1, #4]
 120              		.loc 1 211 15 view .LVU45
ARM GAS  /tmp/ccrSx5hj.s 			page 7


 121 0056 1368     		ldr	r3, [r2]
 209:Drivers/STM32F4xx_HAL_Driver/Src/stm32f4xx_hal_exti.c ****   {
 122              		.loc 1 209 6 view .LVU46
 123 0058 C107     		lsls	r1, r0, #31
 124              	.LVL5:
 125              		.loc 1 211 5 is_stmt 1 view .LVU47
 212:Drivers/STM32F4xx_HAL_Driver/Src/stm32f4xx_hal_exti.c ****   }
 213:Drivers/STM32F4xx_HAL_Driver/Src/stm32f4xx_hal_exti.c ****   else
 214:Drivers/STM32F4xx_HAL_Driver/Src/stm32f4xx_hal_exti.c ****   {
 215:Drivers/STM32F4xx_HAL_Driver/Src/stm32f4xx_hal_exti.c ****     EXTI->IMR &= ~maskline;
 126              		.loc 1 215 5 view .LVU48
 216:Drivers/STM32F4xx_HAL_Driver/Src/stm32f4xx_hal_exti.c ****   }
 217:Drivers/STM32F4xx_HAL_Driver/Src/stm32f4xx_hal_exti.c **** 
 218:Drivers/STM32F4xx_HAL_Driver/Src/stm32f4xx_hal_exti.c ****   /* Configure event mode : read current mode */
 219:Drivers/STM32F4xx_HAL_Driver/Src/stm32f4xx_hal_exti.c ****   /* Mask or set line */
 220:Drivers/STM32F4xx_HAL_Driver/Src/stm32f4xx_hal_exti.c ****   if ((pExtiConfig->Mode & EXTI_MODE_EVENT) != 0x00u)
 127              		.loc 1 220 3 view .LVU49
 211:Drivers/STM32F4xx_HAL_Driver/Src/stm32f4xx_hal_exti.c ****   }
 128              		.loc 1 211 15 is_stmt 0 view .LVU50
 129 005a 4CBF     		ite	mi
 130 005c 43EA0C03 		orrmi	r3, r3, ip
 215:Drivers/STM32F4xx_HAL_Driver/Src/stm32f4xx_hal_exti.c ****   }
 131              		.loc 1 215 15 view .LVU51
 132 0060 23EA0C03 		bicpl	r3, r3, ip
 133              		.loc 1 220 6 view .LVU52
 134 0064 10F00200 		ands	r0, r0, #2
 215:Drivers/STM32F4xx_HAL_Driver/Src/stm32f4xx_hal_exti.c ****   }
 135              		.loc 1 215 15 view .LVU53
 136 0068 1360     		str	r3, [r2]
 221:Drivers/STM32F4xx_HAL_Driver/Src/stm32f4xx_hal_exti.c ****   {
 222:Drivers/STM32F4xx_HAL_Driver/Src/stm32f4xx_hal_exti.c ****     EXTI->EMR |= maskline;
 137              		.loc 1 222 15 view .LVU54
 138 006a 124A     		ldr	r2, .L22
 220:Drivers/STM32F4xx_HAL_Driver/Src/stm32f4xx_hal_exti.c ****   {
 139              		.loc 1 220 6 view .LVU55
 140 006c 05D1     		bne	.L21
 223:Drivers/STM32F4xx_HAL_Driver/Src/stm32f4xx_hal_exti.c ****   }
 224:Drivers/STM32F4xx_HAL_Driver/Src/stm32f4xx_hal_exti.c ****   else
 225:Drivers/STM32F4xx_HAL_Driver/Src/stm32f4xx_hal_exti.c ****   {
 226:Drivers/STM32F4xx_HAL_Driver/Src/stm32f4xx_hal_exti.c ****     EXTI->EMR &= ~maskline;
 141              		.loc 1 226 5 is_stmt 1 view .LVU56
 142              		.loc 1 226 15 is_stmt 0 view .LVU57
 143 006e 5368     		ldr	r3, [r2, #4]
 144 0070 23EA0C03 		bic	r3, r3, ip
 227:Drivers/STM32F4xx_HAL_Driver/Src/stm32f4xx_hal_exti.c ****   }
 228:Drivers/STM32F4xx_HAL_Driver/Src/stm32f4xx_hal_exti.c **** 
 229:Drivers/STM32F4xx_HAL_Driver/Src/stm32f4xx_hal_exti.c ****   return HAL_OK;
 230:Drivers/STM32F4xx_HAL_Driver/Src/stm32f4xx_hal_exti.c **** }
 145              		.loc 1 230 1 view .LVU58
 146 0074 30BC     		pop	{r4, r5}
 147              		.cfi_remember_state
 148              		.cfi_restore 5
 149              		.cfi_restore 4
 150              		.cfi_def_cfa_offset 0
 226:Drivers/STM32F4xx_HAL_Driver/Src/stm32f4xx_hal_exti.c ****   }
 151              		.loc 1 226 15 view .LVU59
 152 0076 5360     		str	r3, [r2, #4]
ARM GAS  /tmp/ccrSx5hj.s 			page 8


 153              		.loc 1 230 1 view .LVU60
 154 0078 7047     		bx	lr
 155              	.L21:
 156              		.cfi_restore_state
 222:Drivers/STM32F4xx_HAL_Driver/Src/stm32f4xx_hal_exti.c ****   }
 157              		.loc 1 222 5 is_stmt 1 view .LVU61
 222:Drivers/STM32F4xx_HAL_Driver/Src/stm32f4xx_hal_exti.c ****   }
 158              		.loc 1 222 15 is_stmt 0 view .LVU62
 159 007a 5368     		ldr	r3, [r2, #4]
 160 007c 43EA0C03 		orr	r3, r3, ip
 229:Drivers/STM32F4xx_HAL_Driver/Src/stm32f4xx_hal_exti.c **** }
 161              		.loc 1 229 10 view .LVU63
 162 0080 0020     		movs	r0, #0
 163              		.loc 1 230 1 view .LVU64
 164 0082 30BC     		pop	{r4, r5}
 165              		.cfi_restore 5
 166              		.cfi_restore 4
 167              		.cfi_def_cfa_offset 0
 222:Drivers/STM32F4xx_HAL_Driver/Src/stm32f4xx_hal_exti.c ****   }
 168              		.loc 1 222 15 view .LVU65
 169 0084 5360     		str	r3, [r2, #4]
 170              		.loc 1 230 1 view .LVU66
 171 0086 7047     		bx	lr
 172              	.LVL6:
 173              	.L14:
 152:Drivers/STM32F4xx_HAL_Driver/Src/stm32f4xx_hal_exti.c ****   }
 174              		.loc 1 152 12 view .LVU67
 175 0088 0120     		movs	r0, #1
 176              	.LVL7:
 177              		.loc 1 230 1 view .LVU68
 178 008a 7047     		bx	lr
 179              	.LVL8:
 180              	.L20:
 181              		.cfi_def_cfa_offset 8
 182              		.cfi_offset 4, -8
 183              		.cfi_offset 5, -4
 197:Drivers/STM32F4xx_HAL_Driver/Src/stm32f4xx_hal_exti.c ****       assert_param(IS_EXTI_GPIO_PIN(linepos));
 184              		.loc 1 197 7 is_stmt 1 view .LVU69
 198:Drivers/STM32F4xx_HAL_Driver/Src/stm32f4xx_hal_exti.c **** 
 185              		.loc 1 198 7 view .LVU70
 200:Drivers/STM32F4xx_HAL_Driver/Src/stm32f4xx_hal_exti.c ****       regval &= ~(SYSCFG_EXTICR1_EXTI0 << (SYSCFG_EXTICR1_EXTI1_Pos * (linepos & 0x03u)));
 186              		.loc 1 200 7 view .LVU71
 187 008c 02F01C02 		and	r2, r2, #28
 188              	.LVL9:
 200:Drivers/STM32F4xx_HAL_Driver/Src/stm32f4xx_hal_exti.c ****       regval &= ~(SYSCFG_EXTICR1_EXTI0 << (SYSCFG_EXTICR1_EXTI1_Pos * (linepos & 0x03u)));
 189              		.loc 1 200 7 is_stmt 0 view .LVU72
 190 0090 02F18042 		add	r2, r2, #1073741824
 191 0094 02F59C32 		add	r2, r2, #79872
 202:Drivers/STM32F4xx_HAL_Driver/Src/stm32f4xx_hal_exti.c ****       SYSCFG->EXTICR[linepos >> 2u] = regval;
 192              		.loc 1 202 39 view .LVU73
 193 0098 C868     		ldr	r0, [r1, #12]
 200:Drivers/STM32F4xx_HAL_Driver/Src/stm32f4xx_hal_exti.c ****       regval &= ~(SYSCFG_EXTICR1_EXTI0 << (SYSCFG_EXTICR1_EXTI1_Pos * (linepos & 0x03u)));
 194              		.loc 1 200 14 view .LVU74
 195 009a 9468     		ldr	r4, [r2, #8]
 196              	.LVL10:
 201:Drivers/STM32F4xx_HAL_Driver/Src/stm32f4xx_hal_exti.c ****       regval |= (pExtiConfig->GPIOSel << (SYSCFG_EXTICR1_EXTI1_Pos * (linepos & 0x03u)));
 197              		.loc 1 201 7 is_stmt 1 view .LVU75
ARM GAS  /tmp/ccrSx5hj.s 			page 9


 201:Drivers/STM32F4xx_HAL_Driver/Src/stm32f4xx_hal_exti.c ****       regval |= (pExtiConfig->GPIOSel << (SYSCFG_EXTICR1_EXTI1_Pos * (linepos & 0x03u)));
 198              		.loc 1 201 80 is_stmt 0 view .LVU76
 199 009c 03F00303 		and	r3, r3, #3
 200              	.LVL11:
 201:Drivers/STM32F4xx_HAL_Driver/Src/stm32f4xx_hal_exti.c ****       regval |= (pExtiConfig->GPIOSel << (SYSCFG_EXTICR1_EXTI1_Pos * (linepos & 0x03u)));
 201              		.loc 1 201 69 view .LVU77
 202 00a0 9B00     		lsls	r3, r3, #2
 201:Drivers/STM32F4xx_HAL_Driver/Src/stm32f4xx_hal_exti.c ****       regval |= (pExtiConfig->GPIOSel << (SYSCFG_EXTICR1_EXTI1_Pos * (linepos & 0x03u)));
 203              		.loc 1 201 40 view .LVU78
 204 00a2 0F25     		movs	r5, #15
 202:Drivers/STM32F4xx_HAL_Driver/Src/stm32f4xx_hal_exti.c ****       SYSCFG->EXTICR[linepos >> 2u] = regval;
 205              		.loc 1 202 39 view .LVU79
 206 00a4 9840     		lsls	r0, r0, r3
 201:Drivers/STM32F4xx_HAL_Driver/Src/stm32f4xx_hal_exti.c ****       regval |= (pExtiConfig->GPIOSel << (SYSCFG_EXTICR1_EXTI1_Pos * (linepos & 0x03u)));
 207              		.loc 1 201 40 view .LVU80
 208 00a6 05FA03F3 		lsl	r3, r5, r3
 201:Drivers/STM32F4xx_HAL_Driver/Src/stm32f4xx_hal_exti.c ****       regval |= (pExtiConfig->GPIOSel << (SYSCFG_EXTICR1_EXTI1_Pos * (linepos & 0x03u)));
 209              		.loc 1 201 14 view .LVU81
 210 00aa 24EA0303 		bic	r3, r4, r3
 211              	.LVL12:
 202:Drivers/STM32F4xx_HAL_Driver/Src/stm32f4xx_hal_exti.c ****       SYSCFG->EXTICR[linepos >> 2u] = regval;
 212              		.loc 1 202 7 is_stmt 1 view .LVU82
 202:Drivers/STM32F4xx_HAL_Driver/Src/stm32f4xx_hal_exti.c ****       SYSCFG->EXTICR[linepos >> 2u] = regval;
 213              		.loc 1 202 14 is_stmt 0 view .LVU83
 214 00ae 1843     		orrs	r0, r0, r3
 215              	.LVL13:
 203:Drivers/STM32F4xx_HAL_Driver/Src/stm32f4xx_hal_exti.c ****     }
 216              		.loc 1 203 7 is_stmt 1 view .LVU84
 203:Drivers/STM32F4xx_HAL_Driver/Src/stm32f4xx_hal_exti.c ****     }
 217              		.loc 1 203 37 is_stmt 0 view .LVU85
 218 00b0 9060     		str	r0, [r2, #8]
 219 00b2 CEE7     		b	.L4
 220              	.L23:
 221              		.align	2
 222              	.L22:
 223 00b4 003C0140 		.word	1073822720
 224              		.cfi_endproc
 225              	.LFE235:
 227              		.section	.text.HAL_EXTI_GetConfigLine,"ax",%progbits
 228              		.align	1
 229              		.p2align 2,,3
 230              		.global	HAL_EXTI_GetConfigLine
 231              		.syntax unified
 232              		.thumb
 233              		.thumb_func
 235              	HAL_EXTI_GetConfigLine:
 236              	.LVL14:
 237              	.LFB236:
 231:Drivers/STM32F4xx_HAL_Driver/Src/stm32f4xx_hal_exti.c **** 
 232:Drivers/STM32F4xx_HAL_Driver/Src/stm32f4xx_hal_exti.c **** /**
 233:Drivers/STM32F4xx_HAL_Driver/Src/stm32f4xx_hal_exti.c ****   * @brief  Get configuration of a dedicated Exti line.
 234:Drivers/STM32F4xx_HAL_Driver/Src/stm32f4xx_hal_exti.c ****   * @param  hexti Exti handle.
 235:Drivers/STM32F4xx_HAL_Driver/Src/stm32f4xx_hal_exti.c ****   * @param  pExtiConfig Pointer on structure to store Exti configuration.
 236:Drivers/STM32F4xx_HAL_Driver/Src/stm32f4xx_hal_exti.c ****   * @retval HAL Status.
 237:Drivers/STM32F4xx_HAL_Driver/Src/stm32f4xx_hal_exti.c ****   */
 238:Drivers/STM32F4xx_HAL_Driver/Src/stm32f4xx_hal_exti.c **** HAL_StatusTypeDef HAL_EXTI_GetConfigLine(EXTI_HandleTypeDef *hexti, EXTI_ConfigTypeDef *pExtiConfig
 239:Drivers/STM32F4xx_HAL_Driver/Src/stm32f4xx_hal_exti.c **** {
ARM GAS  /tmp/ccrSx5hj.s 			page 10


 238              		.loc 1 239 1 is_stmt 1 view -0
 239              		.cfi_startproc
 240              		@ args = 0, pretend = 0, frame = 0
 241              		@ frame_needed = 0, uses_anonymous_args = 0
 242              		@ link register save eliminated.
 240:Drivers/STM32F4xx_HAL_Driver/Src/stm32f4xx_hal_exti.c ****   uint32_t regval;
 243              		.loc 1 240 3 view .LVU87
 241:Drivers/STM32F4xx_HAL_Driver/Src/stm32f4xx_hal_exti.c ****   uint32_t linepos;
 244              		.loc 1 241 3 view .LVU88
 242:Drivers/STM32F4xx_HAL_Driver/Src/stm32f4xx_hal_exti.c ****   uint32_t maskline;
 245              		.loc 1 242 3 view .LVU89
 243:Drivers/STM32F4xx_HAL_Driver/Src/stm32f4xx_hal_exti.c **** 
 244:Drivers/STM32F4xx_HAL_Driver/Src/stm32f4xx_hal_exti.c ****   /* Check null pointer */
 245:Drivers/STM32F4xx_HAL_Driver/Src/stm32f4xx_hal_exti.c ****   if ((hexti == NULL) || (pExtiConfig == NULL))
 246              		.loc 1 245 3 view .LVU90
 247              		.loc 1 245 6 is_stmt 0 view .LVU91
 248 0000 0028     		cmp	r0, #0
 249 0002 32D0     		beq	.L32
 250              		.loc 1 245 23 discriminator 1 view .LVU92
 251 0004 0029     		cmp	r1, #0
 252 0006 30D0     		beq	.L32
 246:Drivers/STM32F4xx_HAL_Driver/Src/stm32f4xx_hal_exti.c ****   {
 247:Drivers/STM32F4xx_HAL_Driver/Src/stm32f4xx_hal_exti.c ****     return HAL_ERROR;
 248:Drivers/STM32F4xx_HAL_Driver/Src/stm32f4xx_hal_exti.c ****   }
 249:Drivers/STM32F4xx_HAL_Driver/Src/stm32f4xx_hal_exti.c **** 
 250:Drivers/STM32F4xx_HAL_Driver/Src/stm32f4xx_hal_exti.c ****   /* Check the parameter */
 251:Drivers/STM32F4xx_HAL_Driver/Src/stm32f4xx_hal_exti.c ****   assert_param(IS_EXTI_LINE(hexti->Line));
 253              		.loc 1 251 3 is_stmt 1 view .LVU93
 252:Drivers/STM32F4xx_HAL_Driver/Src/stm32f4xx_hal_exti.c **** 
 253:Drivers/STM32F4xx_HAL_Driver/Src/stm32f4xx_hal_exti.c ****   /* Store handle line number to configuration structure */
 254:Drivers/STM32F4xx_HAL_Driver/Src/stm32f4xx_hal_exti.c ****   pExtiConfig->Line = hexti->Line;
 254              		.loc 1 254 3 view .LVU94
 239:Drivers/STM32F4xx_HAL_Driver/Src/stm32f4xx_hal_exti.c ****   uint32_t regval;
 255              		.loc 1 239 1 is_stmt 0 view .LVU95
 256 0008 10B4     		push	{r4}
 257              		.cfi_def_cfa_offset 4
 258              		.cfi_offset 4, -4
 259              		.loc 1 254 28 view .LVU96
 260 000a 0468     		ldr	r4, [r0]
 255:Drivers/STM32F4xx_HAL_Driver/Src/stm32f4xx_hal_exti.c **** 
 256:Drivers/STM32F4xx_HAL_Driver/Src/stm32f4xx_hal_exti.c ****   /* Compute line mask */
 257:Drivers/STM32F4xx_HAL_Driver/Src/stm32f4xx_hal_exti.c ****   linepos = (pExtiConfig->Line & EXTI_PIN_MASK);
 258:Drivers/STM32F4xx_HAL_Driver/Src/stm32f4xx_hal_exti.c ****   maskline = (1uL << linepos);
 259:Drivers/STM32F4xx_HAL_Driver/Src/stm32f4xx_hal_exti.c **** 
 260:Drivers/STM32F4xx_HAL_Driver/Src/stm32f4xx_hal_exti.c ****   /* 1] Get core mode : interrupt */
 261:Drivers/STM32F4xx_HAL_Driver/Src/stm32f4xx_hal_exti.c **** 
 262:Drivers/STM32F4xx_HAL_Driver/Src/stm32f4xx_hal_exti.c ****   /* Check if selected line is enable */
 263:Drivers/STM32F4xx_HAL_Driver/Src/stm32f4xx_hal_exti.c ****   if ((EXTI->IMR & maskline) != 0x00u)
 261              		.loc 1 263 12 view .LVU97
 262 000c 2148     		ldr	r0, .L48
 263              	.LVL15:
 254:Drivers/STM32F4xx_HAL_Driver/Src/stm32f4xx_hal_exti.c **** 
 264              		.loc 1 254 21 view .LVU98
 265 000e 0C60     		str	r4, [r1]
 257:Drivers/STM32F4xx_HAL_Driver/Src/stm32f4xx_hal_exti.c ****   maskline = (1uL << linepos);
 266              		.loc 1 257 3 is_stmt 1 view .LVU99
 267              		.loc 1 263 12 is_stmt 0 view .LVU100
ARM GAS  /tmp/ccrSx5hj.s 			page 11


 268 0010 0268     		ldr	r2, [r0]
 257:Drivers/STM32F4xx_HAL_Driver/Src/stm32f4xx_hal_exti.c ****   maskline = (1uL << linepos);
 269              		.loc 1 257 11 view .LVU101
 270 0012 04F01F0C 		and	ip, r4, #31
 271              	.LVL16:
 258:Drivers/STM32F4xx_HAL_Driver/Src/stm32f4xx_hal_exti.c **** 
 272              		.loc 1 258 3 is_stmt 1 view .LVU102
 258:Drivers/STM32F4xx_HAL_Driver/Src/stm32f4xx_hal_exti.c **** 
 273              		.loc 1 258 12 is_stmt 0 view .LVU103
 274 0016 0123     		movs	r3, #1
 275 0018 03FA0CF3 		lsl	r3, r3, ip
 276              	.LVL17:
 277              		.loc 1 263 3 is_stmt 1 view .LVU104
 278              		.loc 1 263 6 is_stmt 0 view .LVU105
 279 001c 1A42     		tst	r2, r3
 280 001e 14BF     		ite	ne
 281 0020 0122     		movne	r2, #1
 282 0022 0022     		moveq	r2, #0
 283 0024 4A60     		str	r2, [r1, #4]
 264:Drivers/STM32F4xx_HAL_Driver/Src/stm32f4xx_hal_exti.c ****   {
 265:Drivers/STM32F4xx_HAL_Driver/Src/stm32f4xx_hal_exti.c ****     pExtiConfig->Mode = EXTI_MODE_INTERRUPT;
 266:Drivers/STM32F4xx_HAL_Driver/Src/stm32f4xx_hal_exti.c ****   }
 267:Drivers/STM32F4xx_HAL_Driver/Src/stm32f4xx_hal_exti.c ****   else
 268:Drivers/STM32F4xx_HAL_Driver/Src/stm32f4xx_hal_exti.c ****   {
 269:Drivers/STM32F4xx_HAL_Driver/Src/stm32f4xx_hal_exti.c ****     pExtiConfig->Mode = EXTI_MODE_NONE;
 270:Drivers/STM32F4xx_HAL_Driver/Src/stm32f4xx_hal_exti.c ****   }
 271:Drivers/STM32F4xx_HAL_Driver/Src/stm32f4xx_hal_exti.c **** 
 272:Drivers/STM32F4xx_HAL_Driver/Src/stm32f4xx_hal_exti.c ****   /* Get event mode */
 273:Drivers/STM32F4xx_HAL_Driver/Src/stm32f4xx_hal_exti.c ****   /* Check if selected line is enable */
 274:Drivers/STM32F4xx_HAL_Driver/Src/stm32f4xx_hal_exti.c ****   if ((EXTI->EMR & maskline) != 0x00u)
 284              		.loc 1 274 3 is_stmt 1 view .LVU106
 285              		.loc 1 274 12 is_stmt 0 view .LVU107
 286 0026 4068     		ldr	r0, [r0, #4]
 287              		.loc 1 274 6 view .LVU108
 288 0028 1842     		tst	r0, r3
 275:Drivers/STM32F4xx_HAL_Driver/Src/stm32f4xx_hal_exti.c ****   {
 276:Drivers/STM32F4xx_HAL_Driver/Src/stm32f4xx_hal_exti.c ****     pExtiConfig->Mode |= EXTI_MODE_EVENT;
 289              		.loc 1 276 5 is_stmt 1 view .LVU109
 277:Drivers/STM32F4xx_HAL_Driver/Src/stm32f4xx_hal_exti.c ****   }
 278:Drivers/STM32F4xx_HAL_Driver/Src/stm32f4xx_hal_exti.c **** 
 279:Drivers/STM32F4xx_HAL_Driver/Src/stm32f4xx_hal_exti.c ****   /* Get default Trigger and GPIOSel configuration */
 280:Drivers/STM32F4xx_HAL_Driver/Src/stm32f4xx_hal_exti.c ****   pExtiConfig->Trigger = EXTI_TRIGGER_NONE;
 290              		.loc 1 280 3 view .LVU110
 276:Drivers/STM32F4xx_HAL_Driver/Src/stm32f4xx_hal_exti.c ****   }
 291              		.loc 1 276 23 is_stmt 0 view .LVU111
 292 002a 1CBF     		itt	ne
 293 002c 42F00202 		orrne	r2, r2, #2
 294 0030 4A60     		strne	r2, [r1, #4]
 295              		.loc 1 280 24 view .LVU112
 296 0032 0022     		movs	r2, #0
 281:Drivers/STM32F4xx_HAL_Driver/Src/stm32f4xx_hal_exti.c ****   pExtiConfig->GPIOSel = 0x00u;
 297              		.loc 1 281 24 view .LVU113
 298 0034 C1E90222 		strd	r2, r2, [r1, #8]
 282:Drivers/STM32F4xx_HAL_Driver/Src/stm32f4xx_hal_exti.c **** 
 283:Drivers/STM32F4xx_HAL_Driver/Src/stm32f4xx_hal_exti.c ****   /* 2] Get trigger for configurable lines : rising */
 284:Drivers/STM32F4xx_HAL_Driver/Src/stm32f4xx_hal_exti.c ****   if ((pExtiConfig->Line & EXTI_CONFIG) != 0x00u)
 299              		.loc 1 284 3 is_stmt 1 view .LVU114
ARM GAS  /tmp/ccrSx5hj.s 			page 12


 300              		.loc 1 284 6 is_stmt 0 view .LVU115
 301 0038 A201     		lsls	r2, r4, #6
 302 003a 12D5     		bpl	.L46
 285:Drivers/STM32F4xx_HAL_Driver/Src/stm32f4xx_hal_exti.c ****   {
 286:Drivers/STM32F4xx_HAL_Driver/Src/stm32f4xx_hal_exti.c ****     /* Check if configuration of selected line is enable */
 287:Drivers/STM32F4xx_HAL_Driver/Src/stm32f4xx_hal_exti.c ****     if ((EXTI->RTSR & maskline) != 0x00u)
 303              		.loc 1 287 5 is_stmt 1 view .LVU116
 304              		.loc 1 287 14 is_stmt 0 view .LVU117
 305 003c 154A     		ldr	r2, .L48
 306 003e 9268     		ldr	r2, [r2, #8]
 307              		.loc 1 287 8 view .LVU118
 308 0040 1A42     		tst	r2, r3
 288:Drivers/STM32F4xx_HAL_Driver/Src/stm32f4xx_hal_exti.c ****     {
 289:Drivers/STM32F4xx_HAL_Driver/Src/stm32f4xx_hal_exti.c ****       pExtiConfig->Trigger = EXTI_TRIGGER_RISING;
 309              		.loc 1 289 7 is_stmt 1 view .LVU119
 290:Drivers/STM32F4xx_HAL_Driver/Src/stm32f4xx_hal_exti.c ****     }
 291:Drivers/STM32F4xx_HAL_Driver/Src/stm32f4xx_hal_exti.c **** 
 292:Drivers/STM32F4xx_HAL_Driver/Src/stm32f4xx_hal_exti.c ****     /* Get falling configuration */
 293:Drivers/STM32F4xx_HAL_Driver/Src/stm32f4xx_hal_exti.c ****     /* Check if configuration of selected line is enable */
 294:Drivers/STM32F4xx_HAL_Driver/Src/stm32f4xx_hal_exti.c ****     if ((EXTI->FTSR & maskline) != 0x00u)
 310              		.loc 1 294 5 view .LVU120
 289:Drivers/STM32F4xx_HAL_Driver/Src/stm32f4xx_hal_exti.c ****     }
 311              		.loc 1 289 28 is_stmt 0 view .LVU121
 312 0042 1CBF     		itt	ne
 313 0044 0122     		movne	r2, #1
 314 0046 8A60     		strne	r2, [r1, #8]
 315              		.loc 1 294 14 view .LVU122
 316 0048 124A     		ldr	r2, .L48
 317 004a D268     		ldr	r2, [r2, #12]
 318              		.loc 1 294 8 view .LVU123
 319 004c 1A42     		tst	r2, r3
 320 004e 03D0     		beq	.L29
 295:Drivers/STM32F4xx_HAL_Driver/Src/stm32f4xx_hal_exti.c ****     {
 296:Drivers/STM32F4xx_HAL_Driver/Src/stm32f4xx_hal_exti.c ****       pExtiConfig->Trigger |= EXTI_TRIGGER_FALLING;
 321              		.loc 1 296 7 is_stmt 1 view .LVU124
 322              		.loc 1 296 28 is_stmt 0 view .LVU125
 323 0050 8B68     		ldr	r3, [r1, #8]
 324              	.LVL18:
 325              		.loc 1 296 28 view .LVU126
 326 0052 43F00203 		orr	r3, r3, #2
 327 0056 8B60     		str	r3, [r1, #8]
 328              	.L29:
 297:Drivers/STM32F4xx_HAL_Driver/Src/stm32f4xx_hal_exti.c ****     }
 298:Drivers/STM32F4xx_HAL_Driver/Src/stm32f4xx_hal_exti.c **** 
 299:Drivers/STM32F4xx_HAL_Driver/Src/stm32f4xx_hal_exti.c ****     /* Get Gpio port selection for gpio lines */
 300:Drivers/STM32F4xx_HAL_Driver/Src/stm32f4xx_hal_exti.c ****     if ((pExtiConfig->Line & EXTI_GPIO) == EXTI_GPIO)
 329              		.loc 1 300 5 is_stmt 1 view .LVU127
 330              		.loc 1 300 28 is_stmt 0 view .LVU128
 331 0058 04F0C063 		and	r3, r4, #100663296
 332              		.loc 1 300 8 view .LVU129
 333 005c B3F1C06F 		cmp	r3, #100663296
 334 0060 05D0     		beq	.L47
 335              	.L46:
 301:Drivers/STM32F4xx_HAL_Driver/Src/stm32f4xx_hal_exti.c ****     {
 302:Drivers/STM32F4xx_HAL_Driver/Src/stm32f4xx_hal_exti.c ****       assert_param(IS_EXTI_GPIO_PIN(linepos));
 303:Drivers/STM32F4xx_HAL_Driver/Src/stm32f4xx_hal_exti.c **** 
 304:Drivers/STM32F4xx_HAL_Driver/Src/stm32f4xx_hal_exti.c ****       regval = SYSCFG->EXTICR[linepos >> 2u];
ARM GAS  /tmp/ccrSx5hj.s 			page 13


 305:Drivers/STM32F4xx_HAL_Driver/Src/stm32f4xx_hal_exti.c ****       pExtiConfig->GPIOSel = ((regval << (SYSCFG_EXTICR1_EXTI1_Pos * (3uL - (linepos & 0x03u)))) >>
 306:Drivers/STM32F4xx_HAL_Driver/Src/stm32f4xx_hal_exti.c ****     }
 307:Drivers/STM32F4xx_HAL_Driver/Src/stm32f4xx_hal_exti.c ****   }
 308:Drivers/STM32F4xx_HAL_Driver/Src/stm32f4xx_hal_exti.c **** 
 309:Drivers/STM32F4xx_HAL_Driver/Src/stm32f4xx_hal_exti.c ****   return HAL_OK;
 336              		.loc 1 309 10 view .LVU130
 337 0062 0020     		movs	r0, #0
 310:Drivers/STM32F4xx_HAL_Driver/Src/stm32f4xx_hal_exti.c **** }
 338              		.loc 1 310 1 view .LVU131
 339 0064 5DF8044B 		ldr	r4, [sp], #4
 340              		.cfi_restore 4
 341              		.cfi_def_cfa_offset 0
 342 0068 7047     		bx	lr
 343              	.LVL19:
 344              	.L32:
 247:Drivers/STM32F4xx_HAL_Driver/Src/stm32f4xx_hal_exti.c ****   }
 345              		.loc 1 247 12 view .LVU132
 346 006a 0120     		movs	r0, #1
 347              	.LVL20:
 348              		.loc 1 310 1 view .LVU133
 349 006c 7047     		bx	lr
 350              	.LVL21:
 351              	.L47:
 352              		.cfi_def_cfa_offset 4
 353              		.cfi_offset 4, -4
 302:Drivers/STM32F4xx_HAL_Driver/Src/stm32f4xx_hal_exti.c **** 
 354              		.loc 1 302 7 is_stmt 1 view .LVU134
 304:Drivers/STM32F4xx_HAL_Driver/Src/stm32f4xx_hal_exti.c ****       pExtiConfig->GPIOSel = ((regval << (SYSCFG_EXTICR1_EXTI1_Pos * (3uL - (linepos & 0x03u)))) >>
 355              		.loc 1 304 7 view .LVU135
 304:Drivers/STM32F4xx_HAL_Driver/Src/stm32f4xx_hal_exti.c ****       pExtiConfig->GPIOSel = ((regval << (SYSCFG_EXTICR1_EXTI1_Pos * (3uL - (linepos & 0x03u)))) >>
 356              		.loc 1 304 39 is_stmt 0 view .LVU136
 357 006e 4FEA9C02 		lsr	r2, ip, #2
 304:Drivers/STM32F4xx_HAL_Driver/Src/stm32f4xx_hal_exti.c ****       pExtiConfig->GPIOSel = ((regval << (SYSCFG_EXTICR1_EXTI1_Pos * (3uL - (linepos & 0x03u)))) >>
 358              		.loc 1 304 14 view .LVU137
 359 0072 0948     		ldr	r0, .L48+4
 360              		.loc 1 310 1 view .LVU138
 361 0074 5DF8044B 		ldr	r4, [sp], #4
 362              		.cfi_restore 4
 363              		.cfi_def_cfa_offset 0
 304:Drivers/STM32F4xx_HAL_Driver/Src/stm32f4xx_hal_exti.c ****       pExtiConfig->GPIOSel = ((regval << (SYSCFG_EXTICR1_EXTI1_Pos * (3uL - (linepos & 0x03u)))) >>
 364              		.loc 1 304 14 view .LVU139
 365 0078 0232     		adds	r2, r2, #2
 305:Drivers/STM32F4xx_HAL_Driver/Src/stm32f4xx_hal_exti.c ****     }
 366              		.loc 1 305 75 view .LVU140
 367 007a 6FEA0C03 		mvn	r3, ip
 304:Drivers/STM32F4xx_HAL_Driver/Src/stm32f4xx_hal_exti.c ****       pExtiConfig->GPIOSel = ((regval << (SYSCFG_EXTICR1_EXTI1_Pos * (3uL - (linepos & 0x03u)))) >>
 368              		.loc 1 304 14 view .LVU141
 369 007e 50F82220 		ldr	r2, [r0, r2, lsl #2]
 370              	.LVL22:
 305:Drivers/STM32F4xx_HAL_Driver/Src/stm32f4xx_hal_exti.c ****     }
 371              		.loc 1 305 7 is_stmt 1 view .LVU142
 305:Drivers/STM32F4xx_HAL_Driver/Src/stm32f4xx_hal_exti.c ****     }
 372              		.loc 1 305 75 is_stmt 0 view .LVU143
 373 0082 03F00303 		and	r3, r3, #3
 305:Drivers/STM32F4xx_HAL_Driver/Src/stm32f4xx_hal_exti.c ****     }
 374              		.loc 1 305 68 view .LVU144
 375 0086 9B00     		lsls	r3, r3, #2
ARM GAS  /tmp/ccrSx5hj.s 			page 14


 305:Drivers/STM32F4xx_HAL_Driver/Src/stm32f4xx_hal_exti.c ****     }
 376              		.loc 1 305 39 view .LVU145
 377 0088 02FA03F3 		lsl	r3, r2, r3
 305:Drivers/STM32F4xx_HAL_Driver/Src/stm32f4xx_hal_exti.c ****     }
 378              		.loc 1 305 98 view .LVU146
 379 008c 1B0E     		lsrs	r3, r3, #24
 309:Drivers/STM32F4xx_HAL_Driver/Src/stm32f4xx_hal_exti.c **** }
 380              		.loc 1 309 10 view .LVU147
 381 008e 0020     		movs	r0, #0
 305:Drivers/STM32F4xx_HAL_Driver/Src/stm32f4xx_hal_exti.c ****     }
 382              		.loc 1 305 28 view .LVU148
 383 0090 CB60     		str	r3, [r1, #12]
 384              		.loc 1 310 1 view .LVU149
 385 0092 7047     		bx	lr
 386              	.L49:
 387              		.align	2
 388              	.L48:
 389 0094 003C0140 		.word	1073822720
 390 0098 00380140 		.word	1073821696
 391              		.cfi_endproc
 392              	.LFE236:
 394              		.section	.text.HAL_EXTI_ClearConfigLine,"ax",%progbits
 395              		.align	1
 396              		.p2align 2,,3
 397              		.global	HAL_EXTI_ClearConfigLine
 398              		.syntax unified
 399              		.thumb
 400              		.thumb_func
 402              	HAL_EXTI_ClearConfigLine:
 403              	.LVL23:
 404              	.LFB237:
 311:Drivers/STM32F4xx_HAL_Driver/Src/stm32f4xx_hal_exti.c **** 
 312:Drivers/STM32F4xx_HAL_Driver/Src/stm32f4xx_hal_exti.c **** /**
 313:Drivers/STM32F4xx_HAL_Driver/Src/stm32f4xx_hal_exti.c ****   * @brief  Clear whole configuration of a dedicated Exti line.
 314:Drivers/STM32F4xx_HAL_Driver/Src/stm32f4xx_hal_exti.c ****   * @param  hexti Exti handle.
 315:Drivers/STM32F4xx_HAL_Driver/Src/stm32f4xx_hal_exti.c ****   * @retval HAL Status.
 316:Drivers/STM32F4xx_HAL_Driver/Src/stm32f4xx_hal_exti.c ****   */
 317:Drivers/STM32F4xx_HAL_Driver/Src/stm32f4xx_hal_exti.c **** HAL_StatusTypeDef HAL_EXTI_ClearConfigLine(EXTI_HandleTypeDef *hexti)
 318:Drivers/STM32F4xx_HAL_Driver/Src/stm32f4xx_hal_exti.c **** {
 405              		.loc 1 318 1 is_stmt 1 view -0
 406              		.cfi_startproc
 407              		@ args = 0, pretend = 0, frame = 0
 408              		@ frame_needed = 0, uses_anonymous_args = 0
 409              		@ link register save eliminated.
 319:Drivers/STM32F4xx_HAL_Driver/Src/stm32f4xx_hal_exti.c ****   uint32_t regval;
 410              		.loc 1 319 3 view .LVU151
 320:Drivers/STM32F4xx_HAL_Driver/Src/stm32f4xx_hal_exti.c ****   uint32_t linepos;
 411              		.loc 1 320 3 view .LVU152
 321:Drivers/STM32F4xx_HAL_Driver/Src/stm32f4xx_hal_exti.c ****   uint32_t maskline;
 412              		.loc 1 321 3 view .LVU153
 322:Drivers/STM32F4xx_HAL_Driver/Src/stm32f4xx_hal_exti.c **** 
 323:Drivers/STM32F4xx_HAL_Driver/Src/stm32f4xx_hal_exti.c ****   /* Check null pointer */
 324:Drivers/STM32F4xx_HAL_Driver/Src/stm32f4xx_hal_exti.c ****   if (hexti == NULL)
 413              		.loc 1 324 3 view .LVU154
 414              		.loc 1 324 6 is_stmt 0 view .LVU155
 415 0000 0028     		cmp	r0, #0
 416 0002 33D0     		beq	.L54
ARM GAS  /tmp/ccrSx5hj.s 			page 15


 325:Drivers/STM32F4xx_HAL_Driver/Src/stm32f4xx_hal_exti.c ****   {
 326:Drivers/STM32F4xx_HAL_Driver/Src/stm32f4xx_hal_exti.c ****     return HAL_ERROR;
 327:Drivers/STM32F4xx_HAL_Driver/Src/stm32f4xx_hal_exti.c ****   }
 328:Drivers/STM32F4xx_HAL_Driver/Src/stm32f4xx_hal_exti.c **** 
 329:Drivers/STM32F4xx_HAL_Driver/Src/stm32f4xx_hal_exti.c ****   /* Check the parameter */
 330:Drivers/STM32F4xx_HAL_Driver/Src/stm32f4xx_hal_exti.c ****   assert_param(IS_EXTI_LINE(hexti->Line));
 417              		.loc 1 330 3 is_stmt 1 view .LVU156
 331:Drivers/STM32F4xx_HAL_Driver/Src/stm32f4xx_hal_exti.c **** 
 332:Drivers/STM32F4xx_HAL_Driver/Src/stm32f4xx_hal_exti.c ****   /* compute line mask */
 333:Drivers/STM32F4xx_HAL_Driver/Src/stm32f4xx_hal_exti.c ****   linepos = (hexti->Line & EXTI_PIN_MASK);
 418              		.loc 1 333 3 view .LVU157
 419              		.loc 1 333 19 is_stmt 0 view .LVU158
 420 0004 0168     		ldr	r1, [r0]
 334:Drivers/STM32F4xx_HAL_Driver/Src/stm32f4xx_hal_exti.c ****   maskline = (1uL << linepos);
 335:Drivers/STM32F4xx_HAL_Driver/Src/stm32f4xx_hal_exti.c **** 
 336:Drivers/STM32F4xx_HAL_Driver/Src/stm32f4xx_hal_exti.c ****   /* 1] Clear interrupt mode */
 337:Drivers/STM32F4xx_HAL_Driver/Src/stm32f4xx_hal_exti.c ****   EXTI->IMR = (EXTI->IMR & ~maskline);
 421              		.loc 1 337 20 view .LVU159
 422 0006 1A4A     		ldr	r2, .L57
 333:Drivers/STM32F4xx_HAL_Driver/Src/stm32f4xx_hal_exti.c ****   maskline = (1uL << linepos);
 423              		.loc 1 333 11 view .LVU160
 424 0008 01F01F0C 		and	ip, r1, #31
 425              	.LVL24:
 334:Drivers/STM32F4xx_HAL_Driver/Src/stm32f4xx_hal_exti.c ****   maskline = (1uL << linepos);
 426              		.loc 1 334 3 is_stmt 1 view .LVU161
 427              		.loc 1 337 3 view .LVU162
 428              		.loc 1 337 20 is_stmt 0 view .LVU163
 429 000c 1068     		ldr	r0, [r2]
 430              	.LVL25:
 334:Drivers/STM32F4xx_HAL_Driver/Src/stm32f4xx_hal_exti.c ****   maskline = (1uL << linepos);
 431              		.loc 1 334 12 view .LVU164
 432 000e 0123     		movs	r3, #1
 433 0010 03FA0CF3 		lsl	r3, r3, ip
 434              	.LVL26:
 435              		.loc 1 337 26 view .LVU165
 436 0014 20EA0300 		bic	r0, r0, r3
 437              		.loc 1 337 13 view .LVU166
 438 0018 1060     		str	r0, [r2]
 338:Drivers/STM32F4xx_HAL_Driver/Src/stm32f4xx_hal_exti.c **** 
 339:Drivers/STM32F4xx_HAL_Driver/Src/stm32f4xx_hal_exti.c ****   /* 2] Clear event mode */
 340:Drivers/STM32F4xx_HAL_Driver/Src/stm32f4xx_hal_exti.c ****   EXTI->EMR = (EXTI->EMR & ~maskline);
 439              		.loc 1 340 3 is_stmt 1 view .LVU167
 440              		.loc 1 340 20 is_stmt 0 view .LVU168
 441 001a 5068     		ldr	r0, [r2, #4]
 442              		.loc 1 340 26 view .LVU169
 443 001c 20EA0300 		bic	r0, r0, r3
 444              		.loc 1 340 13 view .LVU170
 445 0020 5060     		str	r0, [r2, #4]
 341:Drivers/STM32F4xx_HAL_Driver/Src/stm32f4xx_hal_exti.c **** 
 342:Drivers/STM32F4xx_HAL_Driver/Src/stm32f4xx_hal_exti.c ****   /* 3] Clear triggers in case of configurable lines */
 343:Drivers/STM32F4xx_HAL_Driver/Src/stm32f4xx_hal_exti.c ****   if ((hexti->Line & EXTI_CONFIG) != 0x00u)
 446              		.loc 1 343 3 is_stmt 1 view .LVU171
 447              		.loc 1 343 6 is_stmt 0 view .LVU172
 448 0022 8801     		lsls	r0, r1, #6
 337:Drivers/STM32F4xx_HAL_Driver/Src/stm32f4xx_hal_exti.c **** 
 449              		.loc 1 337 28 view .LVU173
 450 0024 6FEA0303 		mvn	r3, r3
ARM GAS  /tmp/ccrSx5hj.s 			page 16


 451              	.LVL27:
 452              		.loc 1 343 6 view .LVU174
 453 0028 0AD5     		bpl	.L55
 344:Drivers/STM32F4xx_HAL_Driver/Src/stm32f4xx_hal_exti.c ****   {
 345:Drivers/STM32F4xx_HAL_Driver/Src/stm32f4xx_hal_exti.c ****     EXTI->RTSR = (EXTI->RTSR & ~maskline);
 454              		.loc 1 345 5 is_stmt 1 view .LVU175
 455              		.loc 1 345 23 is_stmt 0 view .LVU176
 456 002a 9068     		ldr	r0, [r2, #8]
 457              		.loc 1 345 30 view .LVU177
 458 002c 1840     		ands	r0, r0, r3
 459              		.loc 1 345 16 view .LVU178
 460 002e 9060     		str	r0, [r2, #8]
 346:Drivers/STM32F4xx_HAL_Driver/Src/stm32f4xx_hal_exti.c ****     EXTI->FTSR = (EXTI->FTSR & ~maskline);
 461              		.loc 1 346 5 is_stmt 1 view .LVU179
 462              		.loc 1 346 23 is_stmt 0 view .LVU180
 463 0030 D068     		ldr	r0, [r2, #12]
 464              		.loc 1 346 30 view .LVU181
 465 0032 0340     		ands	r3, r3, r0
 466              	.LVL28:
 347:Drivers/STM32F4xx_HAL_Driver/Src/stm32f4xx_hal_exti.c **** 
 348:Drivers/STM32F4xx_HAL_Driver/Src/stm32f4xx_hal_exti.c ****     /* Get Gpio port selection for gpio lines */
 349:Drivers/STM32F4xx_HAL_Driver/Src/stm32f4xx_hal_exti.c ****     if ((hexti->Line & EXTI_GPIO) == EXTI_GPIO)
 467              		.loc 1 349 22 view .LVU182
 468 0034 01F0C060 		and	r0, r1, #100663296
 469              		.loc 1 349 8 view .LVU183
 470 0038 B0F1C06F 		cmp	r0, #100663296
 346:Drivers/STM32F4xx_HAL_Driver/Src/stm32f4xx_hal_exti.c ****     EXTI->FTSR = (EXTI->FTSR & ~maskline);
 471              		.loc 1 346 16 view .LVU184
 472 003c D360     		str	r3, [r2, #12]
 473              		.loc 1 349 5 is_stmt 1 view .LVU185
 474              		.loc 1 349 8 is_stmt 0 view .LVU186
 475 003e 01D0     		beq	.L56
 476              	.L55:
 350:Drivers/STM32F4xx_HAL_Driver/Src/stm32f4xx_hal_exti.c ****     {
 351:Drivers/STM32F4xx_HAL_Driver/Src/stm32f4xx_hal_exti.c ****       assert_param(IS_EXTI_GPIO_PIN(linepos));
 352:Drivers/STM32F4xx_HAL_Driver/Src/stm32f4xx_hal_exti.c **** 
 353:Drivers/STM32F4xx_HAL_Driver/Src/stm32f4xx_hal_exti.c ****       regval = SYSCFG->EXTICR[linepos >> 2u];
 354:Drivers/STM32F4xx_HAL_Driver/Src/stm32f4xx_hal_exti.c ****       regval &= ~(SYSCFG_EXTICR1_EXTI0 << (SYSCFG_EXTICR1_EXTI1_Pos * (linepos & 0x03u)));
 355:Drivers/STM32F4xx_HAL_Driver/Src/stm32f4xx_hal_exti.c ****       SYSCFG->EXTICR[linepos >> 2u] = regval;
 356:Drivers/STM32F4xx_HAL_Driver/Src/stm32f4xx_hal_exti.c ****     }
 357:Drivers/STM32F4xx_HAL_Driver/Src/stm32f4xx_hal_exti.c ****   }
 358:Drivers/STM32F4xx_HAL_Driver/Src/stm32f4xx_hal_exti.c **** 
 359:Drivers/STM32F4xx_HAL_Driver/Src/stm32f4xx_hal_exti.c ****   return HAL_OK;
 477              		.loc 1 359 10 view .LVU187
 478 0040 0020     		movs	r0, #0
 479 0042 7047     		bx	lr
 480              	.L56:
 351:Drivers/STM32F4xx_HAL_Driver/Src/stm32f4xx_hal_exti.c **** 
 481              		.loc 1 351 7 is_stmt 1 view .LVU188
 353:Drivers/STM32F4xx_HAL_Driver/Src/stm32f4xx_hal_exti.c ****       regval &= ~(SYSCFG_EXTICR1_EXTI0 << (SYSCFG_EXTICR1_EXTI1_Pos * (linepos & 0x03u)));
 482              		.loc 1 353 7 view .LVU189
 483 0044 0CF01C0C 		and	ip, ip, #28
 484              	.LVL29:
 353:Drivers/STM32F4xx_HAL_Driver/Src/stm32f4xx_hal_exti.c ****       regval &= ~(SYSCFG_EXTICR1_EXTI0 << (SYSCFG_EXTICR1_EXTI1_Pos * (linepos & 0x03u)));
 485              		.loc 1 353 7 is_stmt 0 view .LVU190
 486 0048 0CF1804C 		add	ip, ip, #1073741824
 487 004c 0CF59C3C 		add	ip, ip, #79872
ARM GAS  /tmp/ccrSx5hj.s 			page 17


 354:Drivers/STM32F4xx_HAL_Driver/Src/stm32f4xx_hal_exti.c ****       SYSCFG->EXTICR[linepos >> 2u] = regval;
 488              		.loc 1 354 80 view .LVU191
 489 0050 01F00301 		and	r1, r1, #3
 490              	.LVL30:
 353:Drivers/STM32F4xx_HAL_Driver/Src/stm32f4xx_hal_exti.c ****       regval &= ~(SYSCFG_EXTICR1_EXTI0 << (SYSCFG_EXTICR1_EXTI1_Pos * (linepos & 0x03u)));
 491              		.loc 1 353 14 view .LVU192
 492 0054 DCF80830 		ldr	r3, [ip, #8]
 493              	.LVL31:
 354:Drivers/STM32F4xx_HAL_Driver/Src/stm32f4xx_hal_exti.c ****       SYSCFG->EXTICR[linepos >> 2u] = regval;
 494              		.loc 1 354 7 is_stmt 1 view .LVU193
 354:Drivers/STM32F4xx_HAL_Driver/Src/stm32f4xx_hal_exti.c ****       SYSCFG->EXTICR[linepos >> 2u] = regval;
 495              		.loc 1 354 40 is_stmt 0 view .LVU194
 496 0058 0F22     		movs	r2, #15
 354:Drivers/STM32F4xx_HAL_Driver/Src/stm32f4xx_hal_exti.c ****       SYSCFG->EXTICR[linepos >> 2u] = regval;
 497              		.loc 1 354 69 view .LVU195
 498 005a 8900     		lsls	r1, r1, #2
 354:Drivers/STM32F4xx_HAL_Driver/Src/stm32f4xx_hal_exti.c ****       SYSCFG->EXTICR[linepos >> 2u] = regval;
 499              		.loc 1 354 40 view .LVU196
 500 005c 02FA01F1 		lsl	r1, r2, r1
 354:Drivers/STM32F4xx_HAL_Driver/Src/stm32f4xx_hal_exti.c ****       SYSCFG->EXTICR[linepos >> 2u] = regval;
 501              		.loc 1 354 14 view .LVU197
 502 0060 23EA0101 		bic	r1, r3, r1
 503              	.LVL32:
 355:Drivers/STM32F4xx_HAL_Driver/Src/stm32f4xx_hal_exti.c ****     }
 504              		.loc 1 355 7 is_stmt 1 view .LVU198
 355:Drivers/STM32F4xx_HAL_Driver/Src/stm32f4xx_hal_exti.c ****     }
 505              		.loc 1 355 37 is_stmt 0 view .LVU199
 506 0064 CCF80810 		str	r1, [ip, #8]
 507              		.loc 1 359 10 view .LVU200
 508 0068 0020     		movs	r0, #0
 509 006a 7047     		bx	lr
 510              	.LVL33:
 511              	.L54:
 326:Drivers/STM32F4xx_HAL_Driver/Src/stm32f4xx_hal_exti.c ****   }
 512              		.loc 1 326 12 view .LVU201
 513 006c 0120     		movs	r0, #1
 514              	.LVL34:
 360:Drivers/STM32F4xx_HAL_Driver/Src/stm32f4xx_hal_exti.c **** }
 515              		.loc 1 360 1 view .LVU202
 516 006e 7047     		bx	lr
 517              	.L58:
 518              		.align	2
 519              	.L57:
 520 0070 003C0140 		.word	1073822720
 521              		.cfi_endproc
 522              	.LFE237:
 524              		.section	.text.HAL_EXTI_RegisterCallback,"ax",%progbits
 525              		.align	1
 526              		.p2align 2,,3
 527              		.global	HAL_EXTI_RegisterCallback
 528              		.syntax unified
 529              		.thumb
 530              		.thumb_func
 532              	HAL_EXTI_RegisterCallback:
 533              	.LVL35:
 534              	.LFB238:
 361:Drivers/STM32F4xx_HAL_Driver/Src/stm32f4xx_hal_exti.c **** 
ARM GAS  /tmp/ccrSx5hj.s 			page 18


 362:Drivers/STM32F4xx_HAL_Driver/Src/stm32f4xx_hal_exti.c **** /**
 363:Drivers/STM32F4xx_HAL_Driver/Src/stm32f4xx_hal_exti.c ****   * @brief  Register callback for a dedicated Exti line.
 364:Drivers/STM32F4xx_HAL_Driver/Src/stm32f4xx_hal_exti.c ****   * @param  hexti Exti handle.
 365:Drivers/STM32F4xx_HAL_Driver/Src/stm32f4xx_hal_exti.c ****   * @param  CallbackID User callback identifier.
 366:Drivers/STM32F4xx_HAL_Driver/Src/stm32f4xx_hal_exti.c ****   *         This parameter can be one of @arg @ref EXTI_CallbackIDTypeDef values.
 367:Drivers/STM32F4xx_HAL_Driver/Src/stm32f4xx_hal_exti.c ****   * @param  pPendingCbfn function pointer to be stored as callback.
 368:Drivers/STM32F4xx_HAL_Driver/Src/stm32f4xx_hal_exti.c ****   * @retval HAL Status.
 369:Drivers/STM32F4xx_HAL_Driver/Src/stm32f4xx_hal_exti.c ****   */
 370:Drivers/STM32F4xx_HAL_Driver/Src/stm32f4xx_hal_exti.c **** HAL_StatusTypeDef HAL_EXTI_RegisterCallback(EXTI_HandleTypeDef *hexti, EXTI_CallbackIDTypeDef Callb
 371:Drivers/STM32F4xx_HAL_Driver/Src/stm32f4xx_hal_exti.c **** {
 535              		.loc 1 371 1 is_stmt 1 view -0
 536              		.cfi_startproc
 537              		@ args = 0, pretend = 0, frame = 0
 538              		@ frame_needed = 0, uses_anonymous_args = 0
 539              		@ link register save eliminated.
 372:Drivers/STM32F4xx_HAL_Driver/Src/stm32f4xx_hal_exti.c ****   HAL_StatusTypeDef status = HAL_OK;
 540              		.loc 1 372 3 view .LVU204
 373:Drivers/STM32F4xx_HAL_Driver/Src/stm32f4xx_hal_exti.c **** 
 374:Drivers/STM32F4xx_HAL_Driver/Src/stm32f4xx_hal_exti.c ****   switch (CallbackID)
 541              		.loc 1 374 3 view .LVU205
 542 0000 11B9     		cbnz	r1, .L61
 375:Drivers/STM32F4xx_HAL_Driver/Src/stm32f4xx_hal_exti.c ****   {
 376:Drivers/STM32F4xx_HAL_Driver/Src/stm32f4xx_hal_exti.c ****     case  HAL_EXTI_COMMON_CB_ID:
 377:Drivers/STM32F4xx_HAL_Driver/Src/stm32f4xx_hal_exti.c ****       hexti->PendingCallback = pPendingCbfn;
 543              		.loc 1 377 7 view .LVU206
 544              		.loc 1 377 30 is_stmt 0 view .LVU207
 545 0002 4260     		str	r2, [r0, #4]
 378:Drivers/STM32F4xx_HAL_Driver/Src/stm32f4xx_hal_exti.c ****       break;
 546              		.loc 1 378 7 is_stmt 1 view .LVU208
 372:Drivers/STM32F4xx_HAL_Driver/Src/stm32f4xx_hal_exti.c **** 
 547              		.loc 1 372 21 is_stmt 0 view .LVU209
 548 0004 0846     		mov	r0, r1
 549              	.LVL36:
 550              		.loc 1 378 7 view .LVU210
 551 0006 7047     		bx	lr
 552              	.LVL37:
 553              	.L61:
 379:Drivers/STM32F4xx_HAL_Driver/Src/stm32f4xx_hal_exti.c **** 
 380:Drivers/STM32F4xx_HAL_Driver/Src/stm32f4xx_hal_exti.c ****     default:
 381:Drivers/STM32F4xx_HAL_Driver/Src/stm32f4xx_hal_exti.c ****       status = HAL_ERROR;
 554              		.loc 1 381 14 view .LVU211
 555 0008 0120     		movs	r0, #1
 556              	.LVL38:
 382:Drivers/STM32F4xx_HAL_Driver/Src/stm32f4xx_hal_exti.c ****       break;
 383:Drivers/STM32F4xx_HAL_Driver/Src/stm32f4xx_hal_exti.c ****   }
 384:Drivers/STM32F4xx_HAL_Driver/Src/stm32f4xx_hal_exti.c **** 
 385:Drivers/STM32F4xx_HAL_Driver/Src/stm32f4xx_hal_exti.c ****   return status;
 557              		.loc 1 385 3 is_stmt 1 view .LVU212
 386:Drivers/STM32F4xx_HAL_Driver/Src/stm32f4xx_hal_exti.c **** }
 558              		.loc 1 386 1 is_stmt 0 view .LVU213
 559 000a 7047     		bx	lr
 560              		.cfi_endproc
 561              	.LFE238:
 563              		.section	.text.HAL_EXTI_GetHandle,"ax",%progbits
 564              		.align	1
 565              		.p2align 2,,3
 566              		.global	HAL_EXTI_GetHandle
ARM GAS  /tmp/ccrSx5hj.s 			page 19


 567              		.syntax unified
 568              		.thumb
 569              		.thumb_func
 571              	HAL_EXTI_GetHandle:
 572              	.LVL39:
 573              	.LFB239:
 387:Drivers/STM32F4xx_HAL_Driver/Src/stm32f4xx_hal_exti.c **** 
 388:Drivers/STM32F4xx_HAL_Driver/Src/stm32f4xx_hal_exti.c **** /**
 389:Drivers/STM32F4xx_HAL_Driver/Src/stm32f4xx_hal_exti.c ****   * @brief  Store line number as handle private field.
 390:Drivers/STM32F4xx_HAL_Driver/Src/stm32f4xx_hal_exti.c ****   * @param  hexti Exti handle.
 391:Drivers/STM32F4xx_HAL_Driver/Src/stm32f4xx_hal_exti.c ****   * @param  ExtiLine Exti line number.
 392:Drivers/STM32F4xx_HAL_Driver/Src/stm32f4xx_hal_exti.c ****   *         This parameter can be from 0 to @ref EXTI_LINE_NB.
 393:Drivers/STM32F4xx_HAL_Driver/Src/stm32f4xx_hal_exti.c ****   * @retval HAL Status.
 394:Drivers/STM32F4xx_HAL_Driver/Src/stm32f4xx_hal_exti.c ****   */
 395:Drivers/STM32F4xx_HAL_Driver/Src/stm32f4xx_hal_exti.c **** HAL_StatusTypeDef HAL_EXTI_GetHandle(EXTI_HandleTypeDef *hexti, uint32_t ExtiLine)
 396:Drivers/STM32F4xx_HAL_Driver/Src/stm32f4xx_hal_exti.c **** {
 574              		.loc 1 396 1 is_stmt 1 view -0
 575              		.cfi_startproc
 576              		@ args = 0, pretend = 0, frame = 0
 577              		@ frame_needed = 0, uses_anonymous_args = 0
 578              		@ link register save eliminated.
 397:Drivers/STM32F4xx_HAL_Driver/Src/stm32f4xx_hal_exti.c ****   /* Check the parameters */
 398:Drivers/STM32F4xx_HAL_Driver/Src/stm32f4xx_hal_exti.c ****   assert_param(IS_EXTI_LINE(ExtiLine));
 579              		.loc 1 398 3 view .LVU215
 399:Drivers/STM32F4xx_HAL_Driver/Src/stm32f4xx_hal_exti.c **** 
 400:Drivers/STM32F4xx_HAL_Driver/Src/stm32f4xx_hal_exti.c ****   /* Check null pointer */
 401:Drivers/STM32F4xx_HAL_Driver/Src/stm32f4xx_hal_exti.c ****   if (hexti == NULL)
 580              		.loc 1 401 3 view .LVU216
 581              		.loc 1 401 6 is_stmt 0 view .LVU217
 582 0000 10B1     		cbz	r0, .L64
 402:Drivers/STM32F4xx_HAL_Driver/Src/stm32f4xx_hal_exti.c ****   {
 403:Drivers/STM32F4xx_HAL_Driver/Src/stm32f4xx_hal_exti.c ****     return HAL_ERROR;
 404:Drivers/STM32F4xx_HAL_Driver/Src/stm32f4xx_hal_exti.c ****   }
 405:Drivers/STM32F4xx_HAL_Driver/Src/stm32f4xx_hal_exti.c ****   else
 406:Drivers/STM32F4xx_HAL_Driver/Src/stm32f4xx_hal_exti.c ****   {
 407:Drivers/STM32F4xx_HAL_Driver/Src/stm32f4xx_hal_exti.c ****     /* Store line number as handle private field */
 408:Drivers/STM32F4xx_HAL_Driver/Src/stm32f4xx_hal_exti.c ****     hexti->Line = ExtiLine;
 583              		.loc 1 408 5 is_stmt 1 view .LVU218
 584              		.loc 1 408 17 is_stmt 0 view .LVU219
 585 0002 0160     		str	r1, [r0]
 409:Drivers/STM32F4xx_HAL_Driver/Src/stm32f4xx_hal_exti.c **** 
 410:Drivers/STM32F4xx_HAL_Driver/Src/stm32f4xx_hal_exti.c ****     return HAL_OK;
 586              		.loc 1 410 5 is_stmt 1 view .LVU220
 587              		.loc 1 410 12 is_stmt 0 view .LVU221
 588 0004 0020     		movs	r0, #0
 589              	.LVL40:
 590              		.loc 1 410 12 view .LVU222
 591 0006 7047     		bx	lr
 592              	.LVL41:
 593              	.L64:
 403:Drivers/STM32F4xx_HAL_Driver/Src/stm32f4xx_hal_exti.c ****   }
 594              		.loc 1 403 12 view .LVU223
 595 0008 0120     		movs	r0, #1
 596              	.LVL42:
 411:Drivers/STM32F4xx_HAL_Driver/Src/stm32f4xx_hal_exti.c ****   }
 412:Drivers/STM32F4xx_HAL_Driver/Src/stm32f4xx_hal_exti.c **** }
 597              		.loc 1 412 1 view .LVU224
ARM GAS  /tmp/ccrSx5hj.s 			page 20


 598 000a 7047     		bx	lr
 599              		.cfi_endproc
 600              	.LFE239:
 602              		.section	.text.HAL_EXTI_IRQHandler,"ax",%progbits
 603              		.align	1
 604              		.p2align 2,,3
 605              		.global	HAL_EXTI_IRQHandler
 606              		.syntax unified
 607              		.thumb
 608              		.thumb_func
 610              	HAL_EXTI_IRQHandler:
 611              	.LVL43:
 612              	.LFB240:
 413:Drivers/STM32F4xx_HAL_Driver/Src/stm32f4xx_hal_exti.c **** 
 414:Drivers/STM32F4xx_HAL_Driver/Src/stm32f4xx_hal_exti.c **** /**
 415:Drivers/STM32F4xx_HAL_Driver/Src/stm32f4xx_hal_exti.c ****   * @}
 416:Drivers/STM32F4xx_HAL_Driver/Src/stm32f4xx_hal_exti.c ****   */
 417:Drivers/STM32F4xx_HAL_Driver/Src/stm32f4xx_hal_exti.c **** 
 418:Drivers/STM32F4xx_HAL_Driver/Src/stm32f4xx_hal_exti.c **** /** @addtogroup EXTI_Exported_Functions_Group2
 419:Drivers/STM32F4xx_HAL_Driver/Src/stm32f4xx_hal_exti.c ****   *  @brief EXTI IO functions.
 420:Drivers/STM32F4xx_HAL_Driver/Src/stm32f4xx_hal_exti.c ****   *
 421:Drivers/STM32F4xx_HAL_Driver/Src/stm32f4xx_hal_exti.c **** @verbatim
 422:Drivers/STM32F4xx_HAL_Driver/Src/stm32f4xx_hal_exti.c ****  ===============================================================================
 423:Drivers/STM32F4xx_HAL_Driver/Src/stm32f4xx_hal_exti.c ****                        ##### IO operation functions #####
 424:Drivers/STM32F4xx_HAL_Driver/Src/stm32f4xx_hal_exti.c ****  ===============================================================================
 425:Drivers/STM32F4xx_HAL_Driver/Src/stm32f4xx_hal_exti.c **** 
 426:Drivers/STM32F4xx_HAL_Driver/Src/stm32f4xx_hal_exti.c **** @endverbatim
 427:Drivers/STM32F4xx_HAL_Driver/Src/stm32f4xx_hal_exti.c ****   * @{
 428:Drivers/STM32F4xx_HAL_Driver/Src/stm32f4xx_hal_exti.c ****   */
 429:Drivers/STM32F4xx_HAL_Driver/Src/stm32f4xx_hal_exti.c **** 
 430:Drivers/STM32F4xx_HAL_Driver/Src/stm32f4xx_hal_exti.c **** /**
 431:Drivers/STM32F4xx_HAL_Driver/Src/stm32f4xx_hal_exti.c ****   * @brief  Handle EXTI interrupt request.
 432:Drivers/STM32F4xx_HAL_Driver/Src/stm32f4xx_hal_exti.c ****   * @param  hexti Exti handle.
 433:Drivers/STM32F4xx_HAL_Driver/Src/stm32f4xx_hal_exti.c ****   * @retval none.
 434:Drivers/STM32F4xx_HAL_Driver/Src/stm32f4xx_hal_exti.c ****   */
 435:Drivers/STM32F4xx_HAL_Driver/Src/stm32f4xx_hal_exti.c **** void HAL_EXTI_IRQHandler(EXTI_HandleTypeDef *hexti)
 436:Drivers/STM32F4xx_HAL_Driver/Src/stm32f4xx_hal_exti.c **** {
 613              		.loc 1 436 1 is_stmt 1 view -0
 614              		.cfi_startproc
 615              		@ args = 0, pretend = 0, frame = 0
 616              		@ frame_needed = 0, uses_anonymous_args = 0
 617              		@ link register save eliminated.
 437:Drivers/STM32F4xx_HAL_Driver/Src/stm32f4xx_hal_exti.c ****   uint32_t regval;
 618              		.loc 1 437 3 view .LVU226
 438:Drivers/STM32F4xx_HAL_Driver/Src/stm32f4xx_hal_exti.c ****   uint32_t maskline;
 619              		.loc 1 438 3 view .LVU227
 439:Drivers/STM32F4xx_HAL_Driver/Src/stm32f4xx_hal_exti.c **** 
 440:Drivers/STM32F4xx_HAL_Driver/Src/stm32f4xx_hal_exti.c ****   /* Compute line mask */
 441:Drivers/STM32F4xx_HAL_Driver/Src/stm32f4xx_hal_exti.c ****   maskline = (1uL << (hexti->Line & EXTI_PIN_MASK));
 620              		.loc 1 441 3 view .LVU228
 621              		.loc 1 441 35 is_stmt 0 view .LVU229
 622 0000 0368     		ldr	r3, [r0]
 442:Drivers/STM32F4xx_HAL_Driver/Src/stm32f4xx_hal_exti.c **** 
 443:Drivers/STM32F4xx_HAL_Driver/Src/stm32f4xx_hal_exti.c ****   /* Get pending bit  */
 444:Drivers/STM32F4xx_HAL_Driver/Src/stm32f4xx_hal_exti.c ****   regval = (EXTI->PR & maskline);
 623              		.loc 1 444 17 view .LVU230
 624 0002 0949     		ldr	r1, .L73
ARM GAS  /tmp/ccrSx5hj.s 			page 21


 441:Drivers/STM32F4xx_HAL_Driver/Src/stm32f4xx_hal_exti.c **** 
 625              		.loc 1 441 35 view .LVU231
 626 0004 03F01F02 		and	r2, r3, #31
 436:Drivers/STM32F4xx_HAL_Driver/Src/stm32f4xx_hal_exti.c ****   uint32_t regval;
 627              		.loc 1 436 1 view .LVU232
 628 0008 10B4     		push	{r4}
 629              		.cfi_def_cfa_offset 4
 630              		.cfi_offset 4, -4
 441:Drivers/STM32F4xx_HAL_Driver/Src/stm32f4xx_hal_exti.c **** 
 631              		.loc 1 441 12 view .LVU233
 632 000a 0123     		movs	r3, #1
 633              		.loc 1 444 17 view .LVU234
 634 000c 4C69     		ldr	r4, [r1, #20]
 441:Drivers/STM32F4xx_HAL_Driver/Src/stm32f4xx_hal_exti.c **** 
 635              		.loc 1 441 12 view .LVU235
 636 000e 9340     		lsls	r3, r3, r2
 637              	.LVL44:
 638              		.loc 1 444 3 is_stmt 1 view .LVU236
 445:Drivers/STM32F4xx_HAL_Driver/Src/stm32f4xx_hal_exti.c ****   if (regval != 0x00u)
 639              		.loc 1 445 3 view .LVU237
 640              		.loc 1 445 6 is_stmt 0 view .LVU238
 641 0010 1C42     		tst	r4, r3
 642 0012 05D0     		beq	.L65
 446:Drivers/STM32F4xx_HAL_Driver/Src/stm32f4xx_hal_exti.c ****   {
 447:Drivers/STM32F4xx_HAL_Driver/Src/stm32f4xx_hal_exti.c ****     /* Clear pending bit */
 448:Drivers/STM32F4xx_HAL_Driver/Src/stm32f4xx_hal_exti.c ****     EXTI->PR = maskline;
 643              		.loc 1 448 5 is_stmt 1 view .LVU239
 449:Drivers/STM32F4xx_HAL_Driver/Src/stm32f4xx_hal_exti.c **** 
 450:Drivers/STM32F4xx_HAL_Driver/Src/stm32f4xx_hal_exti.c ****     /* Call callback */
 451:Drivers/STM32F4xx_HAL_Driver/Src/stm32f4xx_hal_exti.c ****     if (hexti->PendingCallback != NULL)
 644              		.loc 1 451 14 is_stmt 0 view .LVU240
 645 0014 4268     		ldr	r2, [r0, #4]
 448:Drivers/STM32F4xx_HAL_Driver/Src/stm32f4xx_hal_exti.c **** 
 646              		.loc 1 448 14 view .LVU241
 647 0016 4B61     		str	r3, [r1, #20]
 648              		.loc 1 451 5 is_stmt 1 view .LVU242
 649              		.loc 1 451 8 is_stmt 0 view .LVU243
 650 0018 12B1     		cbz	r2, .L65
 452:Drivers/STM32F4xx_HAL_Driver/Src/stm32f4xx_hal_exti.c ****     {
 453:Drivers/STM32F4xx_HAL_Driver/Src/stm32f4xx_hal_exti.c ****       hexti->PendingCallback();
 651              		.loc 1 453 7 is_stmt 1 view .LVU244
 454:Drivers/STM32F4xx_HAL_Driver/Src/stm32f4xx_hal_exti.c ****     }
 455:Drivers/STM32F4xx_HAL_Driver/Src/stm32f4xx_hal_exti.c ****   }
 456:Drivers/STM32F4xx_HAL_Driver/Src/stm32f4xx_hal_exti.c **** }
 652              		.loc 1 456 1 is_stmt 0 view .LVU245
 653 001a 5DF8044B 		ldr	r4, [sp], #4
 654              		.cfi_remember_state
 655              		.cfi_restore 4
 656              		.cfi_def_cfa_offset 0
 657              	.LVL45:
 453:Drivers/STM32F4xx_HAL_Driver/Src/stm32f4xx_hal_exti.c ****     }
 658              		.loc 1 453 7 view .LVU246
 659 001e 1047     		bx	r2	@ indirect register sibling call
 660              	.LVL46:
 661              	.L65:
 662              		.cfi_restore_state
 663              		.loc 1 456 1 view .LVU247
ARM GAS  /tmp/ccrSx5hj.s 			page 22


 664 0020 5DF8044B 		ldr	r4, [sp], #4
 665              		.cfi_restore 4
 666              		.cfi_def_cfa_offset 0
 667              	.LVL47:
 668              		.loc 1 456 1 view .LVU248
 669 0024 7047     		bx	lr
 670              	.L74:
 671 0026 00BF     		.align	2
 672              	.L73:
 673 0028 003C0140 		.word	1073822720
 674              		.cfi_endproc
 675              	.LFE240:
 677              		.section	.text.HAL_EXTI_GetPending,"ax",%progbits
 678              		.align	1
 679              		.p2align 2,,3
 680              		.global	HAL_EXTI_GetPending
 681              		.syntax unified
 682              		.thumb
 683              		.thumb_func
 685              	HAL_EXTI_GetPending:
 686              	.LVL48:
 687              	.LFB241:
 457:Drivers/STM32F4xx_HAL_Driver/Src/stm32f4xx_hal_exti.c **** 
 458:Drivers/STM32F4xx_HAL_Driver/Src/stm32f4xx_hal_exti.c **** /**
 459:Drivers/STM32F4xx_HAL_Driver/Src/stm32f4xx_hal_exti.c ****   * @brief  Get interrupt pending bit of a dedicated line.
 460:Drivers/STM32F4xx_HAL_Driver/Src/stm32f4xx_hal_exti.c ****   * @param  hexti Exti handle.
 461:Drivers/STM32F4xx_HAL_Driver/Src/stm32f4xx_hal_exti.c ****   * @param  Edge Specify which pending edge as to be checked.
 462:Drivers/STM32F4xx_HAL_Driver/Src/stm32f4xx_hal_exti.c ****   *         This parameter can be one of the following values:
 463:Drivers/STM32F4xx_HAL_Driver/Src/stm32f4xx_hal_exti.c ****   *           @arg @ref EXTI_TRIGGER_RISING_FALLING
 464:Drivers/STM32F4xx_HAL_Driver/Src/stm32f4xx_hal_exti.c ****   *         This parameter is kept for compatibility with other series.
 465:Drivers/STM32F4xx_HAL_Driver/Src/stm32f4xx_hal_exti.c ****   * @retval 1 if interrupt is pending else 0.
 466:Drivers/STM32F4xx_HAL_Driver/Src/stm32f4xx_hal_exti.c ****   */
 467:Drivers/STM32F4xx_HAL_Driver/Src/stm32f4xx_hal_exti.c **** uint32_t HAL_EXTI_GetPending(EXTI_HandleTypeDef *hexti, uint32_t Edge)
 468:Drivers/STM32F4xx_HAL_Driver/Src/stm32f4xx_hal_exti.c **** {
 688              		.loc 1 468 1 is_stmt 1 view -0
 689              		.cfi_startproc
 690              		@ args = 0, pretend = 0, frame = 0
 691              		@ frame_needed = 0, uses_anonymous_args = 0
 692              		@ link register save eliminated.
 469:Drivers/STM32F4xx_HAL_Driver/Src/stm32f4xx_hal_exti.c ****   uint32_t regval;
 693              		.loc 1 469 3 view .LVU250
 470:Drivers/STM32F4xx_HAL_Driver/Src/stm32f4xx_hal_exti.c ****   uint32_t linepos;
 694              		.loc 1 470 3 view .LVU251
 471:Drivers/STM32F4xx_HAL_Driver/Src/stm32f4xx_hal_exti.c ****   uint32_t maskline;
 695              		.loc 1 471 3 view .LVU252
 472:Drivers/STM32F4xx_HAL_Driver/Src/stm32f4xx_hal_exti.c **** 
 473:Drivers/STM32F4xx_HAL_Driver/Src/stm32f4xx_hal_exti.c ****   /* Check parameters */
 474:Drivers/STM32F4xx_HAL_Driver/Src/stm32f4xx_hal_exti.c ****   assert_param(IS_EXTI_LINE(hexti->Line));
 696              		.loc 1 474 3 view .LVU253
 475:Drivers/STM32F4xx_HAL_Driver/Src/stm32f4xx_hal_exti.c ****   assert_param(IS_EXTI_CONFIG_LINE(hexti->Line));
 697              		.loc 1 475 3 view .LVU254
 476:Drivers/STM32F4xx_HAL_Driver/Src/stm32f4xx_hal_exti.c ****   assert_param(IS_EXTI_PENDING_EDGE(Edge));
 698              		.loc 1 476 3 view .LVU255
 477:Drivers/STM32F4xx_HAL_Driver/Src/stm32f4xx_hal_exti.c **** 
 478:Drivers/STM32F4xx_HAL_Driver/Src/stm32f4xx_hal_exti.c ****   /* Compute line mask */
 479:Drivers/STM32F4xx_HAL_Driver/Src/stm32f4xx_hal_exti.c ****   linepos = (hexti->Line & EXTI_PIN_MASK);
 699              		.loc 1 479 3 view .LVU256
ARM GAS  /tmp/ccrSx5hj.s 			page 23


 480:Drivers/STM32F4xx_HAL_Driver/Src/stm32f4xx_hal_exti.c ****   maskline = (1uL << linepos);
 481:Drivers/STM32F4xx_HAL_Driver/Src/stm32f4xx_hal_exti.c **** 
 482:Drivers/STM32F4xx_HAL_Driver/Src/stm32f4xx_hal_exti.c ****   /* return 1 if bit is set else 0 */
 483:Drivers/STM32F4xx_HAL_Driver/Src/stm32f4xx_hal_exti.c ****   regval = ((EXTI->PR & maskline) >> linepos);
 700              		.loc 1 483 18 is_stmt 0 view .LVU257
 701 0000 054B     		ldr	r3, .L76
 479:Drivers/STM32F4xx_HAL_Driver/Src/stm32f4xx_hal_exti.c ****   maskline = (1uL << linepos);
 702              		.loc 1 479 11 view .LVU258
 703 0002 0068     		ldr	r0, [r0]
 704              	.LVL49:
 705              		.loc 1 483 18 view .LVU259
 706 0004 5A69     		ldr	r2, [r3, #20]
 479:Drivers/STM32F4xx_HAL_Driver/Src/stm32f4xx_hal_exti.c ****   maskline = (1uL << linepos);
 707              		.loc 1 479 11 view .LVU260
 708 0006 00F01F00 		and	r0, r0, #31
 709              	.LVL50:
 480:Drivers/STM32F4xx_HAL_Driver/Src/stm32f4xx_hal_exti.c ****   maskline = (1uL << linepos);
 710              		.loc 1 480 3 is_stmt 1 view .LVU261
 711              		.loc 1 483 3 view .LVU262
 484:Drivers/STM32F4xx_HAL_Driver/Src/stm32f4xx_hal_exti.c ****   return regval;
 712              		.loc 1 484 3 view .LVU263
 480:Drivers/STM32F4xx_HAL_Driver/Src/stm32f4xx_hal_exti.c ****   maskline = (1uL << linepos);
 713              		.loc 1 480 12 is_stmt 0 view .LVU264
 714 000a 0123     		movs	r3, #1
 715 000c 8340     		lsls	r3, r3, r0
 716              	.LVL51:
 483:Drivers/STM32F4xx_HAL_Driver/Src/stm32f4xx_hal_exti.c ****   return regval;
 717              		.loc 1 483 23 view .LVU265
 718 000e 1340     		ands	r3, r3, r2
 719              	.LVL52:
 485:Drivers/STM32F4xx_HAL_Driver/Src/stm32f4xx_hal_exti.c **** }
 720              		.loc 1 485 1 view .LVU266
 721 0010 23FA00F0 		lsr	r0, r3, r0
 722              	.LVL53:
 723              		.loc 1 485 1 view .LVU267
 724 0014 7047     		bx	lr
 725              	.L77:
 726 0016 00BF     		.align	2
 727              	.L76:
 728 0018 003C0140 		.word	1073822720
 729              		.cfi_endproc
 730              	.LFE241:
 732              		.section	.text.HAL_EXTI_ClearPending,"ax",%progbits
 733              		.align	1
 734              		.p2align 2,,3
 735              		.global	HAL_EXTI_ClearPending
 736              		.syntax unified
 737              		.thumb
 738              		.thumb_func
 740              	HAL_EXTI_ClearPending:
 741              	.LVL54:
 742              	.LFB242:
 486:Drivers/STM32F4xx_HAL_Driver/Src/stm32f4xx_hal_exti.c **** 
 487:Drivers/STM32F4xx_HAL_Driver/Src/stm32f4xx_hal_exti.c **** /**
 488:Drivers/STM32F4xx_HAL_Driver/Src/stm32f4xx_hal_exti.c ****   * @brief  Clear interrupt pending bit of a dedicated line.
 489:Drivers/STM32F4xx_HAL_Driver/Src/stm32f4xx_hal_exti.c ****   * @param  hexti Exti handle.
 490:Drivers/STM32F4xx_HAL_Driver/Src/stm32f4xx_hal_exti.c ****   * @param  Edge Specify which pending edge as to be clear.
ARM GAS  /tmp/ccrSx5hj.s 			page 24


 491:Drivers/STM32F4xx_HAL_Driver/Src/stm32f4xx_hal_exti.c ****   *         This parameter can be one of the following values:
 492:Drivers/STM32F4xx_HAL_Driver/Src/stm32f4xx_hal_exti.c ****   *           @arg @ref EXTI_TRIGGER_RISING_FALLING
 493:Drivers/STM32F4xx_HAL_Driver/Src/stm32f4xx_hal_exti.c ****   *         This parameter is kept for compatibility with other series.
 494:Drivers/STM32F4xx_HAL_Driver/Src/stm32f4xx_hal_exti.c ****   * @retval None.
 495:Drivers/STM32F4xx_HAL_Driver/Src/stm32f4xx_hal_exti.c ****   */
 496:Drivers/STM32F4xx_HAL_Driver/Src/stm32f4xx_hal_exti.c **** void HAL_EXTI_ClearPending(EXTI_HandleTypeDef *hexti, uint32_t Edge)
 497:Drivers/STM32F4xx_HAL_Driver/Src/stm32f4xx_hal_exti.c **** {
 743              		.loc 1 497 1 is_stmt 1 view -0
 744              		.cfi_startproc
 745              		@ args = 0, pretend = 0, frame = 0
 746              		@ frame_needed = 0, uses_anonymous_args = 0
 747              		@ link register save eliminated.
 498:Drivers/STM32F4xx_HAL_Driver/Src/stm32f4xx_hal_exti.c ****   uint32_t maskline;
 748              		.loc 1 498 3 view .LVU269
 499:Drivers/STM32F4xx_HAL_Driver/Src/stm32f4xx_hal_exti.c **** 
 500:Drivers/STM32F4xx_HAL_Driver/Src/stm32f4xx_hal_exti.c ****   /* Check parameters */
 501:Drivers/STM32F4xx_HAL_Driver/Src/stm32f4xx_hal_exti.c ****   assert_param(IS_EXTI_LINE(hexti->Line));
 749              		.loc 1 501 3 view .LVU270
 502:Drivers/STM32F4xx_HAL_Driver/Src/stm32f4xx_hal_exti.c ****   assert_param(IS_EXTI_CONFIG_LINE(hexti->Line));
 750              		.loc 1 502 3 view .LVU271
 503:Drivers/STM32F4xx_HAL_Driver/Src/stm32f4xx_hal_exti.c ****   assert_param(IS_EXTI_PENDING_EDGE(Edge));
 751              		.loc 1 503 3 view .LVU272
 504:Drivers/STM32F4xx_HAL_Driver/Src/stm32f4xx_hal_exti.c **** 
 505:Drivers/STM32F4xx_HAL_Driver/Src/stm32f4xx_hal_exti.c ****   /* Compute line mask */
 506:Drivers/STM32F4xx_HAL_Driver/Src/stm32f4xx_hal_exti.c ****   maskline = (1uL << (hexti->Line & EXTI_PIN_MASK));
 752              		.loc 1 506 3 view .LVU273
 753              		.loc 1 506 35 is_stmt 0 view .LVU274
 754 0000 0268     		ldr	r2, [r0]
 507:Drivers/STM32F4xx_HAL_Driver/Src/stm32f4xx_hal_exti.c **** 
 508:Drivers/STM32F4xx_HAL_Driver/Src/stm32f4xx_hal_exti.c ****   /* Clear Pending bit */
 509:Drivers/STM32F4xx_HAL_Driver/Src/stm32f4xx_hal_exti.c ****   EXTI->PR =  maskline;
 755              		.loc 1 509 12 view .LVU275
 756 0002 0349     		ldr	r1, .L79
 757              	.LVL55:
 506:Drivers/STM32F4xx_HAL_Driver/Src/stm32f4xx_hal_exti.c **** 
 758              		.loc 1 506 12 view .LVU276
 759 0004 0123     		movs	r3, #1
 506:Drivers/STM32F4xx_HAL_Driver/Src/stm32f4xx_hal_exti.c **** 
 760              		.loc 1 506 35 view .LVU277
 761 0006 02F01F02 		and	r2, r2, #31
 506:Drivers/STM32F4xx_HAL_Driver/Src/stm32f4xx_hal_exti.c **** 
 762              		.loc 1 506 12 view .LVU278
 763 000a 9340     		lsls	r3, r3, r2
 764              	.LVL56:
 765              		.loc 1 509 3 is_stmt 1 view .LVU279
 766              		.loc 1 509 12 is_stmt 0 view .LVU280
 767 000c 4B61     		str	r3, [r1, #20]
 510:Drivers/STM32F4xx_HAL_Driver/Src/stm32f4xx_hal_exti.c **** }
 768              		.loc 1 510 1 view .LVU281
 769 000e 7047     		bx	lr
 770              	.L80:
 771              		.align	2
 772              	.L79:
 773 0010 003C0140 		.word	1073822720
 774              		.cfi_endproc
 775              	.LFE242:
 777              		.section	.text.HAL_EXTI_GenerateSWI,"ax",%progbits
ARM GAS  /tmp/ccrSx5hj.s 			page 25


 778              		.align	1
 779              		.p2align 2,,3
 780              		.global	HAL_EXTI_GenerateSWI
 781              		.syntax unified
 782              		.thumb
 783              		.thumb_func
 785              	HAL_EXTI_GenerateSWI:
 786              	.LVL57:
 787              	.LFB243:
 511:Drivers/STM32F4xx_HAL_Driver/Src/stm32f4xx_hal_exti.c **** 
 512:Drivers/STM32F4xx_HAL_Driver/Src/stm32f4xx_hal_exti.c **** /**
 513:Drivers/STM32F4xx_HAL_Driver/Src/stm32f4xx_hal_exti.c ****   * @brief  Generate a software interrupt for a dedicated line.
 514:Drivers/STM32F4xx_HAL_Driver/Src/stm32f4xx_hal_exti.c ****   * @param  hexti Exti handle.
 515:Drivers/STM32F4xx_HAL_Driver/Src/stm32f4xx_hal_exti.c ****   * @retval None.
 516:Drivers/STM32F4xx_HAL_Driver/Src/stm32f4xx_hal_exti.c ****   */
 517:Drivers/STM32F4xx_HAL_Driver/Src/stm32f4xx_hal_exti.c **** void HAL_EXTI_GenerateSWI(EXTI_HandleTypeDef *hexti)
 518:Drivers/STM32F4xx_HAL_Driver/Src/stm32f4xx_hal_exti.c **** {
 788              		.loc 1 518 1 is_stmt 1 view -0
 789              		.cfi_startproc
 790              		@ args = 0, pretend = 0, frame = 0
 791              		@ frame_needed = 0, uses_anonymous_args = 0
 792              		@ link register save eliminated.
 519:Drivers/STM32F4xx_HAL_Driver/Src/stm32f4xx_hal_exti.c ****   uint32_t maskline;
 793              		.loc 1 519 3 view .LVU283
 520:Drivers/STM32F4xx_HAL_Driver/Src/stm32f4xx_hal_exti.c **** 
 521:Drivers/STM32F4xx_HAL_Driver/Src/stm32f4xx_hal_exti.c ****   /* Check parameters */
 522:Drivers/STM32F4xx_HAL_Driver/Src/stm32f4xx_hal_exti.c ****   assert_param(IS_EXTI_LINE(hexti->Line));
 794              		.loc 1 522 3 view .LVU284
 523:Drivers/STM32F4xx_HAL_Driver/Src/stm32f4xx_hal_exti.c ****   assert_param(IS_EXTI_CONFIG_LINE(hexti->Line));
 795              		.loc 1 523 3 view .LVU285
 524:Drivers/STM32F4xx_HAL_Driver/Src/stm32f4xx_hal_exti.c **** 
 525:Drivers/STM32F4xx_HAL_Driver/Src/stm32f4xx_hal_exti.c ****   /* Compute line mask */
 526:Drivers/STM32F4xx_HAL_Driver/Src/stm32f4xx_hal_exti.c ****   maskline = (1uL << (hexti->Line & EXTI_PIN_MASK));
 796              		.loc 1 526 3 view .LVU286
 797              		.loc 1 526 35 is_stmt 0 view .LVU287
 798 0000 0268     		ldr	r2, [r0]
 527:Drivers/STM32F4xx_HAL_Driver/Src/stm32f4xx_hal_exti.c **** 
 528:Drivers/STM32F4xx_HAL_Driver/Src/stm32f4xx_hal_exti.c ****   /* Generate Software interrupt */
 529:Drivers/STM32F4xx_HAL_Driver/Src/stm32f4xx_hal_exti.c ****   EXTI->SWIER = maskline;
 799              		.loc 1 529 15 view .LVU288
 800 0002 0349     		ldr	r1, .L82
 526:Drivers/STM32F4xx_HAL_Driver/Src/stm32f4xx_hal_exti.c **** 
 801              		.loc 1 526 12 view .LVU289
 802 0004 0123     		movs	r3, #1
 526:Drivers/STM32F4xx_HAL_Driver/Src/stm32f4xx_hal_exti.c **** 
 803              		.loc 1 526 35 view .LVU290
 804 0006 02F01F02 		and	r2, r2, #31
 526:Drivers/STM32F4xx_HAL_Driver/Src/stm32f4xx_hal_exti.c **** 
 805              		.loc 1 526 12 view .LVU291
 806 000a 9340     		lsls	r3, r3, r2
 807              	.LVL58:
 808              		.loc 1 529 3 is_stmt 1 view .LVU292
 809              		.loc 1 529 15 is_stmt 0 view .LVU293
 810 000c 0B61     		str	r3, [r1, #16]
 530:Drivers/STM32F4xx_HAL_Driver/Src/stm32f4xx_hal_exti.c **** }
 811              		.loc 1 530 1 view .LVU294
 812 000e 7047     		bx	lr
ARM GAS  /tmp/ccrSx5hj.s 			page 26


 813              	.L83:
 814              		.align	2
 815              	.L82:
 816 0010 003C0140 		.word	1073822720
 817              		.cfi_endproc
 818              	.LFE243:
 820              		.text
 821              	.Letext0:
 822              		.file 2 "/opt/gcc-arm-none-eabi-10.3-2021.10/arm-none-eabi/include/machine/_default_types.h"
 823              		.file 3 "/opt/gcc-arm-none-eabi-10.3-2021.10/arm-none-eabi/include/sys/_stdint.h"
 824              		.file 4 "Drivers/CMSIS/Device/ST/STM32F4xx/Include/stm32f407xx.h"
 825              		.file 5 "Drivers/STM32F4xx_HAL_Driver/Inc/stm32f4xx_hal_def.h"
 826              		.file 6 "Drivers/STM32F4xx_HAL_Driver/Inc/stm32f4xx_hal_exti.h"
ARM GAS  /tmp/ccrSx5hj.s 			page 27


DEFINED SYMBOLS
                            *ABS*:0000000000000000 stm32f4xx_hal_exti.c
     /tmp/ccrSx5hj.s:20     .text.HAL_EXTI_SetConfigLine:0000000000000000 $t
     /tmp/ccrSx5hj.s:27     .text.HAL_EXTI_SetConfigLine:0000000000000000 HAL_EXTI_SetConfigLine
     /tmp/ccrSx5hj.s:223    .text.HAL_EXTI_SetConfigLine:00000000000000b4 $d
     /tmp/ccrSx5hj.s:228    .text.HAL_EXTI_GetConfigLine:0000000000000000 $t
     /tmp/ccrSx5hj.s:235    .text.HAL_EXTI_GetConfigLine:0000000000000000 HAL_EXTI_GetConfigLine
     /tmp/ccrSx5hj.s:389    .text.HAL_EXTI_GetConfigLine:0000000000000094 $d
     /tmp/ccrSx5hj.s:395    .text.HAL_EXTI_ClearConfigLine:0000000000000000 $t
     /tmp/ccrSx5hj.s:402    .text.HAL_EXTI_ClearConfigLine:0000000000000000 HAL_EXTI_ClearConfigLine
     /tmp/ccrSx5hj.s:520    .text.HAL_EXTI_ClearConfigLine:0000000000000070 $d
     /tmp/ccrSx5hj.s:525    .text.HAL_EXTI_RegisterCallback:0000000000000000 $t
     /tmp/ccrSx5hj.s:532    .text.HAL_EXTI_RegisterCallback:0000000000000000 HAL_EXTI_RegisterCallback
     /tmp/ccrSx5hj.s:564    .text.HAL_EXTI_GetHandle:0000000000000000 $t
     /tmp/ccrSx5hj.s:571    .text.HAL_EXTI_GetHandle:0000000000000000 HAL_EXTI_GetHandle
     /tmp/ccrSx5hj.s:603    .text.HAL_EXTI_IRQHandler:0000000000000000 $t
     /tmp/ccrSx5hj.s:610    .text.HAL_EXTI_IRQHandler:0000000000000000 HAL_EXTI_IRQHandler
     /tmp/ccrSx5hj.s:673    .text.HAL_EXTI_IRQHandler:0000000000000028 $d
     /tmp/ccrSx5hj.s:678    .text.HAL_EXTI_GetPending:0000000000000000 $t
     /tmp/ccrSx5hj.s:685    .text.HAL_EXTI_GetPending:0000000000000000 HAL_EXTI_GetPending
     /tmp/ccrSx5hj.s:728    .text.HAL_EXTI_GetPending:0000000000000018 $d
     /tmp/ccrSx5hj.s:733    .text.HAL_EXTI_ClearPending:0000000000000000 $t
     /tmp/ccrSx5hj.s:740    .text.HAL_EXTI_ClearPending:0000000000000000 HAL_EXTI_ClearPending
     /tmp/ccrSx5hj.s:773    .text.HAL_EXTI_ClearPending:0000000000000010 $d
     /tmp/ccrSx5hj.s:778    .text.HAL_EXTI_GenerateSWI:0000000000000000 $t
     /tmp/ccrSx5hj.s:785    .text.HAL_EXTI_GenerateSWI:0000000000000000 HAL_EXTI_GenerateSWI
     /tmp/ccrSx5hj.s:816    .text.HAL_EXTI_GenerateSWI:0000000000000010 $d

NO UNDEFINED SYMBOLS
