ARM GAS  /tmp/ccalmQss.s 			page 1


   1              		.cpu cortex-m4
   2              		.arch armv7e-m
   3              		.fpu fpv4-sp-d16
   4              		.eabi_attribute 27, 1
   5              		.eabi_attribute 28, 1
   6              		.eabi_attribute 20, 1
   7              		.eabi_attribute 21, 1
   8              		.eabi_attribute 23, 3
   9              		.eabi_attribute 24, 1
  10              		.eabi_attribute 25, 1
  11              		.eabi_attribute 26, 1
  12              		.eabi_attribute 30, 2
  13              		.eabi_attribute 34, 1
  14              		.eabi_attribute 18, 4
  15              		.file	"system_stm32f4xx.c"
  16              		.text
  17              	.Ltext0:
  18              		.cfi_sections	.debug_frame
  19              		.section	.text.SystemInit,"ax",%progbits
  20              		.align	1
  21              		.p2align 2,,3
  22              		.global	SystemInit
  23              		.syntax unified
  24              		.thumb
  25              		.thumb_func
  27              	SystemInit:
  28              	.LFB235:
  29              		.file 1 "Core/Src/system_stm32f4xx.c"
   1:Core/Src/system_stm32f4xx.c **** /**
   2:Core/Src/system_stm32f4xx.c ****   ******************************************************************************
   3:Core/Src/system_stm32f4xx.c ****   * @file    system_stm32f4xx.c
   4:Core/Src/system_stm32f4xx.c ****   * @author  MCD Application Team
   5:Core/Src/system_stm32f4xx.c ****   * @brief   CMSIS Cortex-M4 Device Peripheral Access Layer System Source File.
   6:Core/Src/system_stm32f4xx.c ****   *
   7:Core/Src/system_stm32f4xx.c ****   *   This file provides two functions and one global variable to be called from 
   8:Core/Src/system_stm32f4xx.c ****   *   user application:
   9:Core/Src/system_stm32f4xx.c ****   *      - SystemInit(): This function is called at startup just after reset and 
  10:Core/Src/system_stm32f4xx.c ****   *                      before branch to main program. This call is made inside
  11:Core/Src/system_stm32f4xx.c ****   *                      the "startup_stm32f4xx.s" file.
  12:Core/Src/system_stm32f4xx.c ****   *
  13:Core/Src/system_stm32f4xx.c ****   *      - SystemCoreClock variable: Contains the core clock (HCLK), it can be used
  14:Core/Src/system_stm32f4xx.c ****   *                                  by the user application to setup the SysTick 
  15:Core/Src/system_stm32f4xx.c ****   *                                  timer or configure other parameters.
  16:Core/Src/system_stm32f4xx.c ****   *                                     
  17:Core/Src/system_stm32f4xx.c ****   *      - SystemCoreClockUpdate(): Updates the variable SystemCoreClock and must
  18:Core/Src/system_stm32f4xx.c ****   *                                 be called whenever the core clock is changed
  19:Core/Src/system_stm32f4xx.c ****   *                                 during program execution.
  20:Core/Src/system_stm32f4xx.c ****   *
  21:Core/Src/system_stm32f4xx.c ****   *
  22:Core/Src/system_stm32f4xx.c ****   ******************************************************************************
  23:Core/Src/system_stm32f4xx.c ****   * @attention
  24:Core/Src/system_stm32f4xx.c ****   *
  25:Core/Src/system_stm32f4xx.c ****   * <h2><center>&copy; Copyright (c) 2017 STMicroelectronics.
  26:Core/Src/system_stm32f4xx.c ****   * All rights reserved.</center></h2>
  27:Core/Src/system_stm32f4xx.c ****   *
  28:Core/Src/system_stm32f4xx.c ****   * This software component is licensed by ST under BSD 3-Clause license,
  29:Core/Src/system_stm32f4xx.c ****   * the "License"; You may not use this file except in compliance with the
ARM GAS  /tmp/ccalmQss.s 			page 2


  30:Core/Src/system_stm32f4xx.c ****   * License. You may obtain a copy of the License at:
  31:Core/Src/system_stm32f4xx.c ****   *                        opensource.org/licenses/BSD-3-Clause
  32:Core/Src/system_stm32f4xx.c ****   *
  33:Core/Src/system_stm32f4xx.c ****   ******************************************************************************
  34:Core/Src/system_stm32f4xx.c ****   */
  35:Core/Src/system_stm32f4xx.c **** 
  36:Core/Src/system_stm32f4xx.c **** /** @addtogroup CMSIS
  37:Core/Src/system_stm32f4xx.c ****   * @{
  38:Core/Src/system_stm32f4xx.c ****   */
  39:Core/Src/system_stm32f4xx.c **** 
  40:Core/Src/system_stm32f4xx.c **** /** @addtogroup stm32f4xx_system
  41:Core/Src/system_stm32f4xx.c ****   * @{
  42:Core/Src/system_stm32f4xx.c ****   */  
  43:Core/Src/system_stm32f4xx.c ****   
  44:Core/Src/system_stm32f4xx.c **** /** @addtogroup STM32F4xx_System_Private_Includes
  45:Core/Src/system_stm32f4xx.c ****   * @{
  46:Core/Src/system_stm32f4xx.c ****   */
  47:Core/Src/system_stm32f4xx.c **** 
  48:Core/Src/system_stm32f4xx.c **** 
  49:Core/Src/system_stm32f4xx.c **** #include "stm32f4xx.h"
  50:Core/Src/system_stm32f4xx.c **** 
  51:Core/Src/system_stm32f4xx.c **** #if !defined  (HSE_VALUE) 
  52:Core/Src/system_stm32f4xx.c ****   #define HSE_VALUE    ((uint32_t)25000000) /*!< Default value of the External oscillator in Hz */
  53:Core/Src/system_stm32f4xx.c **** #endif /* HSE_VALUE */
  54:Core/Src/system_stm32f4xx.c **** 
  55:Core/Src/system_stm32f4xx.c **** #if !defined  (HSI_VALUE)
  56:Core/Src/system_stm32f4xx.c ****   #define HSI_VALUE    ((uint32_t)16000000) /*!< Value of the Internal oscillator in Hz*/
  57:Core/Src/system_stm32f4xx.c **** #endif /* HSI_VALUE */
  58:Core/Src/system_stm32f4xx.c **** 
  59:Core/Src/system_stm32f4xx.c **** /**
  60:Core/Src/system_stm32f4xx.c ****   * @}
  61:Core/Src/system_stm32f4xx.c ****   */
  62:Core/Src/system_stm32f4xx.c **** 
  63:Core/Src/system_stm32f4xx.c **** /** @addtogroup STM32F4xx_System_Private_TypesDefinitions
  64:Core/Src/system_stm32f4xx.c ****   * @{
  65:Core/Src/system_stm32f4xx.c ****   */
  66:Core/Src/system_stm32f4xx.c **** 
  67:Core/Src/system_stm32f4xx.c **** /**
  68:Core/Src/system_stm32f4xx.c ****   * @}
  69:Core/Src/system_stm32f4xx.c ****   */
  70:Core/Src/system_stm32f4xx.c **** 
  71:Core/Src/system_stm32f4xx.c **** /** @addtogroup STM32F4xx_System_Private_Defines
  72:Core/Src/system_stm32f4xx.c ****   * @{
  73:Core/Src/system_stm32f4xx.c ****   */
  74:Core/Src/system_stm32f4xx.c **** 
  75:Core/Src/system_stm32f4xx.c **** /************************* Miscellaneous Configuration ************************/
  76:Core/Src/system_stm32f4xx.c **** /*!< Uncomment the following line if you need to use external SRAM or SDRAM as data memory  */
  77:Core/Src/system_stm32f4xx.c **** #if defined(STM32F405xx) || defined(STM32F415xx) || defined(STM32F407xx) || defined(STM32F417xx)\
  78:Core/Src/system_stm32f4xx.c ****  || defined(STM32F427xx) || defined(STM32F437xx) || defined(STM32F429xx) || defined(STM32F439xx)\
  79:Core/Src/system_stm32f4xx.c ****  || defined(STM32F469xx) || defined(STM32F479xx) || defined(STM32F412Zx) || defined(STM32F412Vx)
  80:Core/Src/system_stm32f4xx.c **** /* #define DATA_IN_ExtSRAM */
  81:Core/Src/system_stm32f4xx.c **** #endif /* STM32F40xxx || STM32F41xxx || STM32F42xxx || STM32F43xxx || STM32F469xx || STM32F479xx ||
  82:Core/Src/system_stm32f4xx.c ****           STM32F412Zx || STM32F412Vx */
  83:Core/Src/system_stm32f4xx.c ****  
  84:Core/Src/system_stm32f4xx.c **** #if defined(STM32F427xx) || defined(STM32F437xx) || defined(STM32F429xx) || defined(STM32F439xx)\
  85:Core/Src/system_stm32f4xx.c ****  || defined(STM32F446xx) || defined(STM32F469xx) || defined(STM32F479xx)
  86:Core/Src/system_stm32f4xx.c **** /* #define DATA_IN_ExtSDRAM */
ARM GAS  /tmp/ccalmQss.s 			page 3


  87:Core/Src/system_stm32f4xx.c **** #endif /* STM32F427xx || STM32F437xx || STM32F429xx || STM32F439xx || STM32F446xx || STM32F469xx ||
  88:Core/Src/system_stm32f4xx.c ****           STM32F479xx */
  89:Core/Src/system_stm32f4xx.c **** 
  90:Core/Src/system_stm32f4xx.c **** /* Note: Following vector table addresses must be defined in line with linker
  91:Core/Src/system_stm32f4xx.c ****          configuration. */
  92:Core/Src/system_stm32f4xx.c **** /*!< Uncomment the following line if you need to relocate the vector table
  93:Core/Src/system_stm32f4xx.c ****      anywhere in Flash or Sram, else the vector table is kept at the automatic
  94:Core/Src/system_stm32f4xx.c ****      remap of boot address selected */
  95:Core/Src/system_stm32f4xx.c **** /* #define USER_VECT_TAB_ADDRESS */
  96:Core/Src/system_stm32f4xx.c **** 
  97:Core/Src/system_stm32f4xx.c **** #if defined(USER_VECT_TAB_ADDRESS)
  98:Core/Src/system_stm32f4xx.c **** /*!< Uncomment the following line if you need to relocate your vector Table
  99:Core/Src/system_stm32f4xx.c ****      in Sram else user remap will be done in Flash. */
 100:Core/Src/system_stm32f4xx.c **** /* #define VECT_TAB_SRAM */
 101:Core/Src/system_stm32f4xx.c **** #if defined(VECT_TAB_SRAM)
 102:Core/Src/system_stm32f4xx.c **** #define VECT_TAB_BASE_ADDRESS   SRAM_BASE       /*!< Vector Table base address field.
 103:Core/Src/system_stm32f4xx.c ****                                                      This value must be a multiple of 0x200. */
 104:Core/Src/system_stm32f4xx.c **** #define VECT_TAB_OFFSET         0x00000000U     /*!< Vector Table base offset field.
 105:Core/Src/system_stm32f4xx.c ****                                                      This value must be a multiple of 0x200. */
 106:Core/Src/system_stm32f4xx.c **** #else
 107:Core/Src/system_stm32f4xx.c **** #define VECT_TAB_BASE_ADDRESS   FLASH_BASE      /*!< Vector Table base address field.
 108:Core/Src/system_stm32f4xx.c ****                                                      This value must be a multiple of 0x200. */
 109:Core/Src/system_stm32f4xx.c **** #define VECT_TAB_OFFSET         0x00000000U     /*!< Vector Table base offset field.
 110:Core/Src/system_stm32f4xx.c ****                                                      This value must be a multiple of 0x200. */
 111:Core/Src/system_stm32f4xx.c **** #endif /* VECT_TAB_SRAM */
 112:Core/Src/system_stm32f4xx.c **** #endif /* USER_VECT_TAB_ADDRESS */
 113:Core/Src/system_stm32f4xx.c **** /******************************************************************************/
 114:Core/Src/system_stm32f4xx.c **** 
 115:Core/Src/system_stm32f4xx.c **** /**
 116:Core/Src/system_stm32f4xx.c ****   * @}
 117:Core/Src/system_stm32f4xx.c ****   */
 118:Core/Src/system_stm32f4xx.c **** 
 119:Core/Src/system_stm32f4xx.c **** /** @addtogroup STM32F4xx_System_Private_Macros
 120:Core/Src/system_stm32f4xx.c ****   * @{
 121:Core/Src/system_stm32f4xx.c ****   */
 122:Core/Src/system_stm32f4xx.c **** 
 123:Core/Src/system_stm32f4xx.c **** /**
 124:Core/Src/system_stm32f4xx.c ****   * @}
 125:Core/Src/system_stm32f4xx.c ****   */
 126:Core/Src/system_stm32f4xx.c **** 
 127:Core/Src/system_stm32f4xx.c **** /** @addtogroup STM32F4xx_System_Private_Variables
 128:Core/Src/system_stm32f4xx.c ****   * @{
 129:Core/Src/system_stm32f4xx.c ****   */
 130:Core/Src/system_stm32f4xx.c ****   /* This variable is updated in three ways:
 131:Core/Src/system_stm32f4xx.c ****       1) by calling CMSIS function SystemCoreClockUpdate()
 132:Core/Src/system_stm32f4xx.c ****       2) by calling HAL API function HAL_RCC_GetHCLKFreq()
 133:Core/Src/system_stm32f4xx.c ****       3) each time HAL_RCC_ClockConfig() is called to configure the system clock frequency 
 134:Core/Src/system_stm32f4xx.c ****          Note: If you use this function to configure the system clock; then there
 135:Core/Src/system_stm32f4xx.c ****                is no need to call the 2 first functions listed above, since SystemCoreClock
 136:Core/Src/system_stm32f4xx.c ****                variable is updated automatically.
 137:Core/Src/system_stm32f4xx.c ****   */
 138:Core/Src/system_stm32f4xx.c **** uint32_t SystemCoreClock = 16000000;
 139:Core/Src/system_stm32f4xx.c **** const uint8_t AHBPrescTable[16] = {0, 0, 0, 0, 0, 0, 0, 0, 1, 2, 3, 4, 6, 7, 8, 9};
 140:Core/Src/system_stm32f4xx.c **** const uint8_t APBPrescTable[8]  = {0, 0, 0, 0, 1, 2, 3, 4};
 141:Core/Src/system_stm32f4xx.c **** /**
 142:Core/Src/system_stm32f4xx.c ****   * @}
 143:Core/Src/system_stm32f4xx.c ****   */
ARM GAS  /tmp/ccalmQss.s 			page 4


 144:Core/Src/system_stm32f4xx.c **** 
 145:Core/Src/system_stm32f4xx.c **** /** @addtogroup STM32F4xx_System_Private_FunctionPrototypes
 146:Core/Src/system_stm32f4xx.c ****   * @{
 147:Core/Src/system_stm32f4xx.c ****   */
 148:Core/Src/system_stm32f4xx.c **** 
 149:Core/Src/system_stm32f4xx.c **** #if defined (DATA_IN_ExtSRAM) || defined (DATA_IN_ExtSDRAM)
 150:Core/Src/system_stm32f4xx.c ****   static void SystemInit_ExtMemCtl(void); 
 151:Core/Src/system_stm32f4xx.c **** #endif /* DATA_IN_ExtSRAM || DATA_IN_ExtSDRAM */
 152:Core/Src/system_stm32f4xx.c **** 
 153:Core/Src/system_stm32f4xx.c **** /**
 154:Core/Src/system_stm32f4xx.c ****   * @}
 155:Core/Src/system_stm32f4xx.c ****   */
 156:Core/Src/system_stm32f4xx.c **** 
 157:Core/Src/system_stm32f4xx.c **** /** @addtogroup STM32F4xx_System_Private_Functions
 158:Core/Src/system_stm32f4xx.c ****   * @{
 159:Core/Src/system_stm32f4xx.c ****   */
 160:Core/Src/system_stm32f4xx.c **** 
 161:Core/Src/system_stm32f4xx.c **** /**
 162:Core/Src/system_stm32f4xx.c ****   * @brief  Setup the microcontroller system
 163:Core/Src/system_stm32f4xx.c ****   *         Initialize the FPU setting, vector table location and External memory 
 164:Core/Src/system_stm32f4xx.c ****   *         configuration.
 165:Core/Src/system_stm32f4xx.c ****   * @param  None
 166:Core/Src/system_stm32f4xx.c ****   * @retval None
 167:Core/Src/system_stm32f4xx.c ****   */
 168:Core/Src/system_stm32f4xx.c **** void SystemInit(void)
 169:Core/Src/system_stm32f4xx.c **** {
  30              		.loc 1 169 1 view -0
  31              		.cfi_startproc
  32              		@ args = 0, pretend = 0, frame = 0
  33              		@ frame_needed = 0, uses_anonymous_args = 0
  34              		@ link register save eliminated.
 170:Core/Src/system_stm32f4xx.c ****   /* FPU settings ------------------------------------------------------------*/
 171:Core/Src/system_stm32f4xx.c ****   #if (__FPU_PRESENT == 1) && (__FPU_USED == 1)
 172:Core/Src/system_stm32f4xx.c ****     SCB->CPACR |= ((3UL << 10*2)|(3UL << 11*2));  /* set CP10 and CP11 Full Access */
  35              		.loc 1 172 5 view .LVU1
  36              		.loc 1 172 16 is_stmt 0 view .LVU2
  37 0000 034A     		ldr	r2, .L3
  38 0002 D2F88830 		ldr	r3, [r2, #136]
  39 0006 43F47003 		orr	r3, r3, #15728640
  40 000a C2F88830 		str	r3, [r2, #136]
 173:Core/Src/system_stm32f4xx.c ****   #endif
 174:Core/Src/system_stm32f4xx.c **** 
 175:Core/Src/system_stm32f4xx.c **** #if defined (DATA_IN_ExtSRAM) || defined (DATA_IN_ExtSDRAM)
 176:Core/Src/system_stm32f4xx.c ****   SystemInit_ExtMemCtl(); 
 177:Core/Src/system_stm32f4xx.c **** #endif /* DATA_IN_ExtSRAM || DATA_IN_ExtSDRAM */
 178:Core/Src/system_stm32f4xx.c **** 
 179:Core/Src/system_stm32f4xx.c ****   /* Configure the Vector Table location -------------------------------------*/
 180:Core/Src/system_stm32f4xx.c **** #if defined(USER_VECT_TAB_ADDRESS)
 181:Core/Src/system_stm32f4xx.c ****   SCB->VTOR = VECT_TAB_BASE_ADDRESS | VECT_TAB_OFFSET; /* Vector Table Relocation in Internal SRAM 
 182:Core/Src/system_stm32f4xx.c **** #endif /* USER_VECT_TAB_ADDRESS */
 183:Core/Src/system_stm32f4xx.c **** }
  41              		.loc 1 183 1 view .LVU3
  42 000e 7047     		bx	lr
  43              	.L4:
  44              		.align	2
  45              	.L3:
  46 0010 00ED00E0 		.word	-536810240
ARM GAS  /tmp/ccalmQss.s 			page 5


  47              		.cfi_endproc
  48              	.LFE235:
  50              		.section	.text.SystemCoreClockUpdate,"ax",%progbits
  51              		.align	1
  52              		.p2align 2,,3
  53              		.global	SystemCoreClockUpdate
  54              		.syntax unified
  55              		.thumb
  56              		.thumb_func
  58              	SystemCoreClockUpdate:
  59              	.LFB236:
 184:Core/Src/system_stm32f4xx.c **** 
 185:Core/Src/system_stm32f4xx.c **** /**
 186:Core/Src/system_stm32f4xx.c ****    * @brief  Update SystemCoreClock variable according to Clock Register Values.
 187:Core/Src/system_stm32f4xx.c ****   *         The SystemCoreClock variable contains the core clock (HCLK), it can
 188:Core/Src/system_stm32f4xx.c ****   *         be used by the user application to setup the SysTick timer or configure
 189:Core/Src/system_stm32f4xx.c ****   *         other parameters.
 190:Core/Src/system_stm32f4xx.c ****   *           
 191:Core/Src/system_stm32f4xx.c ****   * @note   Each time the core clock (HCLK) changes, this function must be called
 192:Core/Src/system_stm32f4xx.c ****   *         to update SystemCoreClock variable value. Otherwise, any configuration
 193:Core/Src/system_stm32f4xx.c ****   *         based on this variable will be incorrect.         
 194:Core/Src/system_stm32f4xx.c ****   *     
 195:Core/Src/system_stm32f4xx.c ****   * @note   - The system frequency computed by this function is not the real 
 196:Core/Src/system_stm32f4xx.c ****   *           frequency in the chip. It is calculated based on the predefined 
 197:Core/Src/system_stm32f4xx.c ****   *           constant and the selected clock source:
 198:Core/Src/system_stm32f4xx.c ****   *             
 199:Core/Src/system_stm32f4xx.c ****   *           - If SYSCLK source is HSI, SystemCoreClock will contain the HSI_VALUE(*)
 200:Core/Src/system_stm32f4xx.c ****   *                                              
 201:Core/Src/system_stm32f4xx.c ****   *           - If SYSCLK source is HSE, SystemCoreClock will contain the HSE_VALUE(**)
 202:Core/Src/system_stm32f4xx.c ****   *                          
 203:Core/Src/system_stm32f4xx.c ****   *           - If SYSCLK source is PLL, SystemCoreClock will contain the HSE_VALUE(**) 
 204:Core/Src/system_stm32f4xx.c ****   *             or HSI_VALUE(*) multiplied/divided by the PLL factors.
 205:Core/Src/system_stm32f4xx.c ****   *         
 206:Core/Src/system_stm32f4xx.c ****   *         (*) HSI_VALUE is a constant defined in stm32f4xx_hal_conf.h file (default value
 207:Core/Src/system_stm32f4xx.c ****   *             16 MHz) but the real value may vary depending on the variations
 208:Core/Src/system_stm32f4xx.c ****   *             in voltage and temperature.   
 209:Core/Src/system_stm32f4xx.c ****   *    
 210:Core/Src/system_stm32f4xx.c ****   *         (**) HSE_VALUE is a constant defined in stm32f4xx_hal_conf.h file (its value
 211:Core/Src/system_stm32f4xx.c ****   *              depends on the application requirements), user has to ensure that HSE_VALUE
 212:Core/Src/system_stm32f4xx.c ****   *              is same as the real frequency of the crystal used. Otherwise, this function
 213:Core/Src/system_stm32f4xx.c ****   *              may have wrong result.
 214:Core/Src/system_stm32f4xx.c ****   *                
 215:Core/Src/system_stm32f4xx.c ****   *         - The result of this function could be not correct when using fractional
 216:Core/Src/system_stm32f4xx.c ****   *           value for HSE crystal.
 217:Core/Src/system_stm32f4xx.c ****   *     
 218:Core/Src/system_stm32f4xx.c ****   * @param  None
 219:Core/Src/system_stm32f4xx.c ****   * @retval None
 220:Core/Src/system_stm32f4xx.c ****   */
 221:Core/Src/system_stm32f4xx.c **** void SystemCoreClockUpdate(void)
 222:Core/Src/system_stm32f4xx.c **** {
  60              		.loc 1 222 1 is_stmt 1 view -0
  61              		.cfi_startproc
  62              		@ args = 0, pretend = 0, frame = 0
  63              		@ frame_needed = 0, uses_anonymous_args = 0
  64              		@ link register save eliminated.
 223:Core/Src/system_stm32f4xx.c ****   uint32_t tmp = 0, pllvco = 0, pllp = 2, pllsource = 0, pllm = 2;
  65              		.loc 1 223 3 view .LVU5
ARM GAS  /tmp/ccalmQss.s 			page 6


  66              	.LVL0:
 224:Core/Src/system_stm32f4xx.c ****   
 225:Core/Src/system_stm32f4xx.c ****   /* Get SYSCLK source -------------------------------------------------------*/
 226:Core/Src/system_stm32f4xx.c ****   tmp = RCC->CFGR & RCC_CFGR_SWS;
  67              		.loc 1 226 3 view .LVU6
  68              		.loc 1 226 12 is_stmt 0 view .LVU7
  69 0000 164A     		ldr	r2, .L12
  70 0002 9368     		ldr	r3, [r2, #8]
  71              		.loc 1 226 7 view .LVU8
  72 0004 03F00C03 		and	r3, r3, #12
  73              	.LVL1:
 227:Core/Src/system_stm32f4xx.c **** 
 228:Core/Src/system_stm32f4xx.c ****   switch (tmp)
  74              		.loc 1 228 3 is_stmt 1 view .LVU9
  75 0008 042B     		cmp	r3, #4
  76 000a 0CD0     		beq	.L9
  77 000c 082B     		cmp	r3, #8
  78 000e 0CD0     		beq	.L11
  79 0010 134B     		ldr	r3, .L12+4
  80              	.LVL2:
  81              	.L6:
 229:Core/Src/system_stm32f4xx.c ****   {
 230:Core/Src/system_stm32f4xx.c ****     case 0x00:  /* HSI used as system clock source */
 231:Core/Src/system_stm32f4xx.c ****       SystemCoreClock = HSI_VALUE;
 232:Core/Src/system_stm32f4xx.c ****       break;
 233:Core/Src/system_stm32f4xx.c ****     case 0x04:  /* HSE used as system clock source */
 234:Core/Src/system_stm32f4xx.c ****       SystemCoreClock = HSE_VALUE;
 235:Core/Src/system_stm32f4xx.c ****       break;
 236:Core/Src/system_stm32f4xx.c ****     case 0x08:  /* PLL used as system clock source */
 237:Core/Src/system_stm32f4xx.c **** 
 238:Core/Src/system_stm32f4xx.c ****       /* PLL_VCO = (HSE_VALUE or HSI_VALUE / PLL_M) * PLL_N
 239:Core/Src/system_stm32f4xx.c ****          SYSCLK = PLL_VCO / PLL_P
 240:Core/Src/system_stm32f4xx.c ****          */    
 241:Core/Src/system_stm32f4xx.c ****       pllsource = (RCC->PLLCFGR & RCC_PLLCFGR_PLLSRC) >> 22;
 242:Core/Src/system_stm32f4xx.c ****       pllm = RCC->PLLCFGR & RCC_PLLCFGR_PLLM;
 243:Core/Src/system_stm32f4xx.c ****       
 244:Core/Src/system_stm32f4xx.c ****       if (pllsource != 0)
 245:Core/Src/system_stm32f4xx.c ****       {
 246:Core/Src/system_stm32f4xx.c ****         /* HSE used as PLL clock source */
 247:Core/Src/system_stm32f4xx.c ****         pllvco = (HSE_VALUE / pllm) * ((RCC->PLLCFGR & RCC_PLLCFGR_PLLN) >> 6);
 248:Core/Src/system_stm32f4xx.c ****       }
 249:Core/Src/system_stm32f4xx.c ****       else
 250:Core/Src/system_stm32f4xx.c ****       {
 251:Core/Src/system_stm32f4xx.c ****         /* HSI used as PLL clock source */
 252:Core/Src/system_stm32f4xx.c ****         pllvco = (HSI_VALUE / pllm) * ((RCC->PLLCFGR & RCC_PLLCFGR_PLLN) >> 6);
 253:Core/Src/system_stm32f4xx.c ****       }
 254:Core/Src/system_stm32f4xx.c **** 
 255:Core/Src/system_stm32f4xx.c ****       pllp = (((RCC->PLLCFGR & RCC_PLLCFGR_PLLP) >>16) + 1 ) *2;
 256:Core/Src/system_stm32f4xx.c ****       SystemCoreClock = pllvco/pllp;
 257:Core/Src/system_stm32f4xx.c ****       break;
 258:Core/Src/system_stm32f4xx.c ****     default:
 259:Core/Src/system_stm32f4xx.c ****       SystemCoreClock = HSI_VALUE;
 260:Core/Src/system_stm32f4xx.c ****       break;
 261:Core/Src/system_stm32f4xx.c ****   }
 262:Core/Src/system_stm32f4xx.c ****   /* Compute HCLK frequency --------------------------------------------------*/
 263:Core/Src/system_stm32f4xx.c ****   /* Get HCLK prescaler */
 264:Core/Src/system_stm32f4xx.c ****   tmp = AHBPrescTable[((RCC->CFGR & RCC_CFGR_HPRE) >> 4)];
ARM GAS  /tmp/ccalmQss.s 			page 7


  82              		.loc 1 264 3 view .LVU10
  83              		.loc 1 264 28 is_stmt 0 view .LVU11
  84 0012 124A     		ldr	r2, .L12
  85              		.loc 1 264 22 view .LVU12
  86 0014 1348     		ldr	r0, .L12+8
  87              		.loc 1 264 28 view .LVU13
  88 0016 9268     		ldr	r2, [r2, #8]
  89              	.LVL3:
 265:Core/Src/system_stm32f4xx.c ****   /* HCLK frequency */
 266:Core/Src/system_stm32f4xx.c ****   SystemCoreClock >>= tmp;
  90              		.loc 1 266 3 is_stmt 1 view .LVU14
  91              		.loc 1 266 19 is_stmt 0 view .LVU15
  92 0018 1349     		ldr	r1, .L12+12
 264:Core/Src/system_stm32f4xx.c ****   /* HCLK frequency */
  93              		.loc 1 264 52 view .LVU16
  94 001a C2F30312 		ubfx	r2, r2, #4, #4
  95              	.LVL4:
 264:Core/Src/system_stm32f4xx.c ****   /* HCLK frequency */
  96              		.loc 1 264 7 view .LVU17
  97 001e 825C     		ldrb	r2, [r0, r2]	@ zero_extendqisi2
  98              		.loc 1 266 19 view .LVU18
  99 0020 D340     		lsrs	r3, r3, r2
 100 0022 0B60     		str	r3, [r1]
 267:Core/Src/system_stm32f4xx.c **** }
 101              		.loc 1 267 1 view .LVU19
 102 0024 7047     		bx	lr
 103              	.LVL5:
 104              	.L9:
 228:Core/Src/system_stm32f4xx.c ****   {
 105              		.loc 1 228 3 view .LVU20
 106 0026 114B     		ldr	r3, .L12+16
 107              	.LVL6:
 228:Core/Src/system_stm32f4xx.c ****   {
 108              		.loc 1 228 3 view .LVU21
 109 0028 F3E7     		b	.L6
 110              	.LVL7:
 111              	.L11:
 241:Core/Src/system_stm32f4xx.c ****       pllm = RCC->PLLCFGR & RCC_PLLCFGR_PLLM;
 112              		.loc 1 241 7 is_stmt 1 view .LVU22
 241:Core/Src/system_stm32f4xx.c ****       pllm = RCC->PLLCFGR & RCC_PLLCFGR_PLLM;
 113              		.loc 1 241 23 is_stmt 0 view .LVU23
 114 002a 5368     		ldr	r3, [r2, #4]
 115              	.LVL8:
 242:Core/Src/system_stm32f4xx.c ****       
 116              		.loc 1 242 7 is_stmt 1 view .LVU24
 242:Core/Src/system_stm32f4xx.c ****       
 117              		.loc 1 242 17 is_stmt 0 view .LVU25
 118 002c 5168     		ldr	r1, [r2, #4]
 244:Core/Src/system_stm32f4xx.c ****       {
 119              		.loc 1 244 10 view .LVU26
 120 002e 13F4800F 		tst	r3, #4194304
 242:Core/Src/system_stm32f4xx.c ****       
 121              		.loc 1 242 12 view .LVU27
 122 0032 01F03F01 		and	r1, r1, #63
 123              	.LVL9:
 244:Core/Src/system_stm32f4xx.c ****       {
 124              		.loc 1 244 7 is_stmt 1 view .LVU28
ARM GAS  /tmp/ccalmQss.s 			page 8


 247:Core/Src/system_stm32f4xx.c ****       }
 125              		.loc 1 247 9 view .LVU29
 252:Core/Src/system_stm32f4xx.c ****       }
 126              		.loc 1 252 9 view .LVU30
 247:Core/Src/system_stm32f4xx.c ****       }
 127              		.loc 1 247 44 is_stmt 0 view .LVU31
 128 0036 5368     		ldr	r3, [r2, #4]
 129              	.LVL10:
 247:Core/Src/system_stm32f4xx.c ****       }
 130              		.loc 1 247 29 view .LVU32
 131 0038 14BF     		ite	ne
 132 003a 0C4A     		ldrne	r2, .L12+16
 252:Core/Src/system_stm32f4xx.c ****       }
 133              		.loc 1 252 29 view .LVU33
 134 003c 084A     		ldreq	r2, .L12+4
 135 003e B2FBF1F1 		udiv	r1, r2, r1
 136              	.LVL11:
 255:Core/Src/system_stm32f4xx.c ****       SystemCoreClock = pllvco/pllp;
 137              		.loc 1 255 20 view .LVU34
 138 0042 064A     		ldr	r2, .L12
 139 0044 5268     		ldr	r2, [r2, #4]
 255:Core/Src/system_stm32f4xx.c ****       SystemCoreClock = pllvco/pllp;
 140              		.loc 1 255 50 view .LVU35
 141 0046 C2F30142 		ubfx	r2, r2, #16, #2
 252:Core/Src/system_stm32f4xx.c ****       }
 142              		.loc 1 252 74 view .LVU36
 143 004a C3F38813 		ubfx	r3, r3, #6, #9
 255:Core/Src/system_stm32f4xx.c ****       SystemCoreClock = pllvco/pllp;
 144              		.loc 1 255 56 view .LVU37
 145 004e 0132     		adds	r2, r2, #1
 252:Core/Src/system_stm32f4xx.c ****       }
 146              		.loc 1 252 16 view .LVU38
 147 0050 01FB03F3 		mul	r3, r1, r3
 148              	.LVL12:
 255:Core/Src/system_stm32f4xx.c ****       SystemCoreClock = pllvco/pllp;
 149              		.loc 1 255 7 is_stmt 1 view .LVU39
 256:Core/Src/system_stm32f4xx.c ****       break;
 150              		.loc 1 256 7 view .LVU40
 255:Core/Src/system_stm32f4xx.c ****       SystemCoreClock = pllvco/pllp;
 151              		.loc 1 255 12 is_stmt 0 view .LVU41
 152 0054 5200     		lsls	r2, r2, #1
 256:Core/Src/system_stm32f4xx.c ****       break;
 153              		.loc 1 256 31 view .LVU42
 154 0056 B3FBF2F3 		udiv	r3, r3, r2
 155              	.LVL13:
 257:Core/Src/system_stm32f4xx.c ****     default:
 156              		.loc 1 257 7 is_stmt 1 view .LVU43
 157 005a DAE7     		b	.L6
 158              	.L13:
 159              		.align	2
 160              	.L12:
 161 005c 00380240 		.word	1073887232
 162 0060 0024F400 		.word	16000000
 163 0064 00000000 		.word	.LANCHOR1
 164 0068 00000000 		.word	.LANCHOR0
 165 006c 001BB700 		.word	12000000
 166              		.cfi_endproc
ARM GAS  /tmp/ccalmQss.s 			page 9


 167              	.LFE236:
 169              		.global	APBPrescTable
 170              		.global	AHBPrescTable
 171              		.global	SystemCoreClock
 172              		.section	.data.SystemCoreClock,"aw"
 173              		.align	2
 174              		.set	.LANCHOR0,. + 0
 177              	SystemCoreClock:
 178 0000 0024F400 		.word	16000000
 179              		.section	.rodata.AHBPrescTable,"a"
 180              		.align	2
 181              		.set	.LANCHOR1,. + 0
 184              	AHBPrescTable:
 185 0000 00000000 		.ascii	"\000\000\000\000\000\000\000\000\001\002\003\004\006"
 185      00000000 
 185      01020304 
 185      06
 186 000d 070809   		.ascii	"\007\010\011"
 187              		.section	.rodata.APBPrescTable,"a"
 188              		.align	2
 191              	APBPrescTable:
 192 0000 00000000 		.ascii	"\000\000\000\000\001\002\003\004"
 192      01020304 
 193              		.text
 194              	.Letext0:
 195              		.file 2 "/opt/gcc-arm-none-eabi-10.3-2021.10/arm-none-eabi/include/machine/_default_types.h"
 196              		.file 3 "/opt/gcc-arm-none-eabi-10.3-2021.10/arm-none-eabi/include/sys/_stdint.h"
 197              		.file 4 "Drivers/CMSIS/Include/core_cm4.h"
 198              		.file 5 "Drivers/CMSIS/Device/ST/STM32F4xx/Include/system_stm32f4xx.h"
 199              		.file 6 "Drivers/CMSIS/Device/ST/STM32F4xx/Include/stm32f407xx.h"
ARM GAS  /tmp/ccalmQss.s 			page 10


DEFINED SYMBOLS
                            *ABS*:0000000000000000 system_stm32f4xx.c
     /tmp/ccalmQss.s:20     .text.SystemInit:0000000000000000 $t
     /tmp/ccalmQss.s:27     .text.SystemInit:0000000000000000 SystemInit
     /tmp/ccalmQss.s:46     .text.SystemInit:0000000000000010 $d
     /tmp/ccalmQss.s:51     .text.SystemCoreClockUpdate:0000000000000000 $t
     /tmp/ccalmQss.s:58     .text.SystemCoreClockUpdate:0000000000000000 SystemCoreClockUpdate
     /tmp/ccalmQss.s:161    .text.SystemCoreClockUpdate:000000000000005c $d
     /tmp/ccalmQss.s:191    .rodata.APBPrescTable:0000000000000000 APBPrescTable
     /tmp/ccalmQss.s:184    .rodata.AHBPrescTable:0000000000000000 AHBPrescTable
     /tmp/ccalmQss.s:177    .data.SystemCoreClock:0000000000000000 SystemCoreClock
     /tmp/ccalmQss.s:173    .data.SystemCoreClock:0000000000000000 $d
     /tmp/ccalmQss.s:180    .rodata.AHBPrescTable:0000000000000000 $d
     /tmp/ccalmQss.s:188    .rodata.APBPrescTable:0000000000000000 $d

NO UNDEFINED SYMBOLS
