ARM GAS  /tmp/ccknl8lR.s 			page 1


   1              		.cpu cortex-m4
   2              		.arch armv7e-m
   3              		.fpu fpv4-sp-d16
   4              		.eabi_attribute 27, 1
   5              		.eabi_attribute 28, 1
   6              		.eabi_attribute 20, 1
   7              		.eabi_attribute 21, 1
   8              		.eabi_attribute 23, 3
   9              		.eabi_attribute 24, 1
  10              		.eabi_attribute 25, 1
  11              		.eabi_attribute 26, 1
  12              		.eabi_attribute 30, 2
  13              		.eabi_attribute 34, 1
  14              		.eabi_attribute 18, 4
  15              		.file	"usb_device.c"
  16              		.text
  17              	.Ltext0:
  18              		.cfi_sections	.debug_frame
  19              		.section	.text.MX_USB_DEVICE_Init,"ax",%progbits
  20              		.align	1
  21              		.p2align 2,,3
  22              		.global	MX_USB_DEVICE_Init
  23              		.syntax unified
  24              		.thumb
  25              		.thumb_func
  27              	MX_USB_DEVICE_Init:
  28              	.LFB245:
  29              		.file 1 "USB_DEVICE/App/usb_device.c"
   1:USB_DEVICE/App/usb_device.c **** /* USER CODE BEGIN Header */
   2:USB_DEVICE/App/usb_device.c **** /**
   3:USB_DEVICE/App/usb_device.c ****   ******************************************************************************
   4:USB_DEVICE/App/usb_device.c ****   * @file           : usb_device.c
   5:USB_DEVICE/App/usb_device.c ****   * @version        : v1.0_Cube
   6:USB_DEVICE/App/usb_device.c ****   * @brief          : This file implements the USB Device
   7:USB_DEVICE/App/usb_device.c ****   ******************************************************************************
   8:USB_DEVICE/App/usb_device.c ****   * @attention
   9:USB_DEVICE/App/usb_device.c ****   *
  10:USB_DEVICE/App/usb_device.c ****   * Copyright (c) 2022 STMicroelectronics.
  11:USB_DEVICE/App/usb_device.c ****   * All rights reserved.
  12:USB_DEVICE/App/usb_device.c ****   *
  13:USB_DEVICE/App/usb_device.c ****   * This software is licensed under terms that can be found in the LICENSE file
  14:USB_DEVICE/App/usb_device.c ****   * in the root directory of this software component.
  15:USB_DEVICE/App/usb_device.c ****   * If no LICENSE file comes with this software, it is provided AS-IS.
  16:USB_DEVICE/App/usb_device.c ****   *
  17:USB_DEVICE/App/usb_device.c ****   ******************************************************************************
  18:USB_DEVICE/App/usb_device.c ****   */
  19:USB_DEVICE/App/usb_device.c **** /* USER CODE END Header */
  20:USB_DEVICE/App/usb_device.c **** 
  21:USB_DEVICE/App/usb_device.c **** /* Includes ------------------------------------------------------------------*/
  22:USB_DEVICE/App/usb_device.c **** 
  23:USB_DEVICE/App/usb_device.c **** #include "usb_device.h"
  24:USB_DEVICE/App/usb_device.c **** #include "usbd_core.h"
  25:USB_DEVICE/App/usb_device.c **** #include "usbd_desc.h"
  26:USB_DEVICE/App/usb_device.c **** #include "usbd_cdc.h"
  27:USB_DEVICE/App/usb_device.c **** #include "usbd_cdc_if.h"
  28:USB_DEVICE/App/usb_device.c **** 
  29:USB_DEVICE/App/usb_device.c **** /* USER CODE BEGIN Includes */
ARM GAS  /tmp/ccknl8lR.s 			page 2


  30:USB_DEVICE/App/usb_device.c **** 
  31:USB_DEVICE/App/usb_device.c **** /* USER CODE END Includes */
  32:USB_DEVICE/App/usb_device.c **** 
  33:USB_DEVICE/App/usb_device.c **** /* USER CODE BEGIN PV */
  34:USB_DEVICE/App/usb_device.c **** /* Private variables ---------------------------------------------------------*/
  35:USB_DEVICE/App/usb_device.c **** 
  36:USB_DEVICE/App/usb_device.c **** /* USER CODE END PV */
  37:USB_DEVICE/App/usb_device.c **** 
  38:USB_DEVICE/App/usb_device.c **** /* USER CODE BEGIN PFP */
  39:USB_DEVICE/App/usb_device.c **** /* Private function prototypes -----------------------------------------------*/
  40:USB_DEVICE/App/usb_device.c **** 
  41:USB_DEVICE/App/usb_device.c **** /* USER CODE END PFP */
  42:USB_DEVICE/App/usb_device.c **** 
  43:USB_DEVICE/App/usb_device.c **** /* USB Device Core handle declaration. */
  44:USB_DEVICE/App/usb_device.c **** USBD_HandleTypeDef hUsbDeviceFS;
  45:USB_DEVICE/App/usb_device.c **** 
  46:USB_DEVICE/App/usb_device.c **** /*
  47:USB_DEVICE/App/usb_device.c ****  * -- Insert your variables declaration here --
  48:USB_DEVICE/App/usb_device.c ****  */
  49:USB_DEVICE/App/usb_device.c **** /* USER CODE BEGIN 0 */
  50:USB_DEVICE/App/usb_device.c **** 
  51:USB_DEVICE/App/usb_device.c **** /* USER CODE END 0 */
  52:USB_DEVICE/App/usb_device.c **** 
  53:USB_DEVICE/App/usb_device.c **** /*
  54:USB_DEVICE/App/usb_device.c ****  * -- Insert your external function declaration here --
  55:USB_DEVICE/App/usb_device.c ****  */
  56:USB_DEVICE/App/usb_device.c **** /* USER CODE BEGIN 1 */
  57:USB_DEVICE/App/usb_device.c **** 
  58:USB_DEVICE/App/usb_device.c **** /* USER CODE END 1 */
  59:USB_DEVICE/App/usb_device.c **** 
  60:USB_DEVICE/App/usb_device.c **** /**
  61:USB_DEVICE/App/usb_device.c ****   * Init USB device Library, add supported class and start the library
  62:USB_DEVICE/App/usb_device.c ****   * @retval None
  63:USB_DEVICE/App/usb_device.c ****   */
  64:USB_DEVICE/App/usb_device.c **** void MX_USB_DEVICE_Init(void)
  65:USB_DEVICE/App/usb_device.c **** {
  30              		.loc 1 65 1 view -0
  31              		.cfi_startproc
  32              		@ args = 0, pretend = 0, frame = 0
  33              		@ frame_needed = 0, uses_anonymous_args = 0
  66:USB_DEVICE/App/usb_device.c ****   /* USER CODE BEGIN USB_DEVICE_Init_PreTreatment */
  67:USB_DEVICE/App/usb_device.c **** 
  68:USB_DEVICE/App/usb_device.c ****   /* USER CODE END USB_DEVICE_Init_PreTreatment */
  69:USB_DEVICE/App/usb_device.c **** 
  70:USB_DEVICE/App/usb_device.c ****   /* Init Device Library, add supported class and start the library. */
  71:USB_DEVICE/App/usb_device.c ****   if (USBD_Init(&hUsbDeviceFS, &FS_Desc, DEVICE_FS) != USBD_OK)
  34              		.loc 1 71 3 view .LVU1
  65:USB_DEVICE/App/usb_device.c ****   /* USER CODE BEGIN USB_DEVICE_Init_PreTreatment */
  35              		.loc 1 65 1 is_stmt 0 view .LVU2
  36 0000 08B5     		push	{r3, lr}
  37              		.cfi_def_cfa_offset 8
  38              		.cfi_offset 3, -8
  39              		.cfi_offset 14, -4
  40              		.loc 1 71 7 view .LVU3
  41 0002 1849     		ldr	r1, .L21
  42 0004 1848     		ldr	r0, .L21+4
  43 0006 0022     		movs	r2, #0
ARM GAS  /tmp/ccknl8lR.s 			page 3


  44 0008 FFF7FEFF 		bl	USBD_Init
  45              	.LVL0:
  46              		.loc 1 71 6 view .LVU4
  47 000c 70B9     		cbnz	r0, .L17
  72:USB_DEVICE/App/usb_device.c ****   {
  73:USB_DEVICE/App/usb_device.c ****     Error_Handler();
  74:USB_DEVICE/App/usb_device.c ****   }
  75:USB_DEVICE/App/usb_device.c ****   if (USBD_RegisterClass(&hUsbDeviceFS, &USBD_CDC) != USBD_OK)
  48              		.loc 1 75 3 is_stmt 1 view .LVU5
  49              		.loc 1 75 7 is_stmt 0 view .LVU6
  50 000e 1749     		ldr	r1, .L21+8
  51 0010 1548     		ldr	r0, .L21+4
  52 0012 FFF7FEFF 		bl	USBD_RegisterClass
  53              	.LVL1:
  54              		.loc 1 75 6 view .LVU7
  55 0016 88B9     		cbnz	r0, .L18
  56              	.L3:
  76:USB_DEVICE/App/usb_device.c ****   {
  77:USB_DEVICE/App/usb_device.c ****     Error_Handler();
  78:USB_DEVICE/App/usb_device.c ****   }
  79:USB_DEVICE/App/usb_device.c ****   if (USBD_CDC_RegisterInterface(&hUsbDeviceFS, &USBD_Interface_fops_FS) != USBD_OK)
  57              		.loc 1 79 3 is_stmt 1 view .LVU8
  58              		.loc 1 79 7 is_stmt 0 view .LVU9
  59 0018 1549     		ldr	r1, .L21+12
  60 001a 1348     		ldr	r0, .L21+4
  61 001c FFF7FEFF 		bl	USBD_CDC_RegisterInterface
  62              	.LVL2:
  63              		.loc 1 79 6 view .LVU10
  64 0020 A0B9     		cbnz	r0, .L19
  65              	.L4:
  80:USB_DEVICE/App/usb_device.c ****   {
  81:USB_DEVICE/App/usb_device.c ****     Error_Handler();
  82:USB_DEVICE/App/usb_device.c ****   }
  83:USB_DEVICE/App/usb_device.c ****   if (USBD_Start(&hUsbDeviceFS) != USBD_OK)
  66              		.loc 1 83 3 is_stmt 1 view .LVU11
  67              		.loc 1 83 7 is_stmt 0 view .LVU12
  68 0022 1148     		ldr	r0, .L21+4
  69 0024 FFF7FEFF 		bl	USBD_Start
  70              	.LVL3:
  71              		.loc 1 83 6 view .LVU13
  72 0028 B8B9     		cbnz	r0, .L20
  73              	.L1:
  84:USB_DEVICE/App/usb_device.c ****   {
  85:USB_DEVICE/App/usb_device.c ****     Error_Handler();
  86:USB_DEVICE/App/usb_device.c ****   }
  87:USB_DEVICE/App/usb_device.c **** 
  88:USB_DEVICE/App/usb_device.c ****   /* USER CODE BEGIN USB_DEVICE_Init_PostTreatment */
  89:USB_DEVICE/App/usb_device.c **** 
  90:USB_DEVICE/App/usb_device.c ****   /* USER CODE END USB_DEVICE_Init_PostTreatment */
  91:USB_DEVICE/App/usb_device.c **** }
  74              		.loc 1 91 1 view .LVU14
  75 002a 08BD     		pop	{r3, pc}
  76              	.L17:
  73:USB_DEVICE/App/usb_device.c ****   }
  77              		.loc 1 73 5 is_stmt 1 view .LVU15
  78 002c FFF7FEFF 		bl	Error_Handler
  79              	.LVL4:
ARM GAS  /tmp/ccknl8lR.s 			page 4


  75:USB_DEVICE/App/usb_device.c ****   {
  80              		.loc 1 75 3 view .LVU16
  75:USB_DEVICE/App/usb_device.c ****   {
  81              		.loc 1 75 7 is_stmt 0 view .LVU17
  82 0030 0E49     		ldr	r1, .L21+8
  83 0032 0D48     		ldr	r0, .L21+4
  84 0034 FFF7FEFF 		bl	USBD_RegisterClass
  85              	.LVL5:
  75:USB_DEVICE/App/usb_device.c ****   {
  86              		.loc 1 75 6 view .LVU18
  87 0038 0028     		cmp	r0, #0
  88 003a EDD0     		beq	.L3
  89              	.L18:
  77:USB_DEVICE/App/usb_device.c ****   }
  90              		.loc 1 77 5 is_stmt 1 view .LVU19
  91 003c FFF7FEFF 		bl	Error_Handler
  92              	.LVL6:
  79:USB_DEVICE/App/usb_device.c ****   {
  93              		.loc 1 79 3 view .LVU20
  79:USB_DEVICE/App/usb_device.c ****   {
  94              		.loc 1 79 7 is_stmt 0 view .LVU21
  95 0040 0B49     		ldr	r1, .L21+12
  96 0042 0948     		ldr	r0, .L21+4
  97 0044 FFF7FEFF 		bl	USBD_CDC_RegisterInterface
  98              	.LVL7:
  79:USB_DEVICE/App/usb_device.c ****   {
  99              		.loc 1 79 6 view .LVU22
 100 0048 0028     		cmp	r0, #0
 101 004a EAD0     		beq	.L4
 102              	.L19:
  81:USB_DEVICE/App/usb_device.c ****   }
 103              		.loc 1 81 5 is_stmt 1 view .LVU23
 104 004c FFF7FEFF 		bl	Error_Handler
 105              	.LVL8:
  83:USB_DEVICE/App/usb_device.c ****   {
 106              		.loc 1 83 3 view .LVU24
  83:USB_DEVICE/App/usb_device.c ****   {
 107              		.loc 1 83 7 is_stmt 0 view .LVU25
 108 0050 0548     		ldr	r0, .L21+4
 109 0052 FFF7FEFF 		bl	USBD_Start
 110              	.LVL9:
  83:USB_DEVICE/App/usb_device.c ****   {
 111              		.loc 1 83 6 view .LVU26
 112 0056 0028     		cmp	r0, #0
 113 0058 E7D0     		beq	.L1
 114              	.L20:
  85:USB_DEVICE/App/usb_device.c ****   }
 115              		.loc 1 85 5 is_stmt 1 view .LVU27
 116              		.loc 1 91 1 is_stmt 0 view .LVU28
 117 005a BDE80840 		pop	{r3, lr}
 118              		.cfi_restore 14
 119              		.cfi_restore 3
 120              		.cfi_def_cfa_offset 0
  85:USB_DEVICE/App/usb_device.c ****   }
 121              		.loc 1 85 5 view .LVU29
 122 005e FFF7FEBF 		b	Error_Handler
 123              	.LVL10:
ARM GAS  /tmp/ccknl8lR.s 			page 5


 124              	.L22:
 125 0062 00BF     		.align	2
 126              	.L21:
 127 0064 00000000 		.word	FS_Desc
 128 0068 00000000 		.word	.LANCHOR0
 129 006c 00000000 		.word	USBD_CDC
 130 0070 00000000 		.word	USBD_Interface_fops_FS
 131              		.cfi_endproc
 132              	.LFE245:
 134              		.global	hUsbDeviceFS
 135              		.section	.bss.hUsbDeviceFS,"aw",%nobits
 136              		.align	2
 137              		.set	.LANCHOR0,. + 0
 140              	hUsbDeviceFS:
 141 0000 00000000 		.space	720
 141      00000000 
 141      00000000 
 141      00000000 
 141      00000000 
 142              		.text
 143              	.Letext0:
 144              		.file 2 "/opt/gcc-arm-none-eabi-10.3-2021.10/arm-none-eabi/include/machine/_default_types.h"
 145              		.file 3 "/opt/gcc-arm-none-eabi-10.3-2021.10/arm-none-eabi/include/sys/_stdint.h"
 146              		.file 4 "/opt/gcc-arm-none-eabi-10.3-2021.10/lib/gcc/arm-none-eabi/10.3.1/include/stddef.h"
 147              		.file 5 "Middlewares/ST/STM32_USB_Device_Library/Core/Inc/usbd_def.h"
 148              		.file 6 "Middlewares/ST/STM32_USB_Device_Library/Class/CDC/Inc/usbd_cdc.h"
 149              		.file 7 "USB_DEVICE/App/usbd_desc.h"
 150              		.file 8 "micro-ros/src/install/rmw/include/rmw/rmw/time.h"
 151              		.file 9 "micro-ros/src/install/rmw/include/rmw/rmw/types.h"
 152              		.file 10 "micro-ros/src/install/rmw/include/rmw/rmw/qos_profiles.h"
 153              		.file 11 "USB_DEVICE/App/usbd_cdc_if.h"
 154              		.file 12 "Middlewares/ST/STM32_USB_Device_Library/Core/Inc/usbd_core.h"
 155              		.file 13 "Core/Inc/main.h"
ARM GAS  /tmp/ccknl8lR.s 			page 6


DEFINED SYMBOLS
                            *ABS*:0000000000000000 usb_device.c
     /tmp/ccknl8lR.s:20     .text.MX_USB_DEVICE_Init:0000000000000000 $t
     /tmp/ccknl8lR.s:27     .text.MX_USB_DEVICE_Init:0000000000000000 MX_USB_DEVICE_Init
     /tmp/ccknl8lR.s:127    .text.MX_USB_DEVICE_Init:0000000000000064 $d
     /tmp/ccknl8lR.s:140    .bss.hUsbDeviceFS:0000000000000000 hUsbDeviceFS
     /tmp/ccknl8lR.s:136    .bss.hUsbDeviceFS:0000000000000000 $d

UNDEFINED SYMBOLS
USBD_Init
USBD_RegisterClass
USBD_CDC_RegisterInterface
USBD_Start
Error_Handler
FS_Desc
USBD_CDC
USBD_Interface_fops_FS
